[2026-01-29 21:30:14] [DEPLOYMENT] [INFO] Starting communication system deployment
[2026-01-29 21:30:29] [DEPLOYMENT] [INFO] Found 145 agent files
[2026-01-29 21:30:29] [DEPLOYMENT] [INFO] Processing AdvancedMaterialsCorp.Agent.CompositesDevelopment.ps1
[2026-01-29 21:30:29] [DEPLOYMENT] [SUCCESS] Backed up AdvancedMaterialsCorp.Agent.CompositesDevelopment.ps1 to C:\Users\gripa\OneDrive\Desktop\NCC\NCC-Doctrine\backups\communication\AdvancedMaterialsCorp.Agent.CompositesDevelopment.ps1.backup.20260129213029
[2026-01-29 21:30:29] [DEPLOYMENT] [SUCCESS] Successfully integrated communication system into AdvancedMaterialsCorp.Agent.CompositesDevelopment.ps1
[2026-01-29 21:30:29] [DEPLOYMENT] [INFO] Processing AdvancedMaterialsCorp.Agent.InnovationManagement.ps1
[2026-01-29 21:30:29] [DEPLOYMENT] [SUCCESS] Backed up AdvancedMaterialsCorp.Agent.InnovationManagement.ps1 to C:\Users\gripa\OneDrive\Desktop\NCC\NCC-Doctrine\backups\communication\AdvancedMaterialsCorp.Agent.InnovationManagement.ps1.backup.20260129213029
[2026-01-29 21:30:29] [DEPLOYMENT] [SUCCESS] Successfully integrated communication system into AdvancedMaterialsCorp.Agent.InnovationManagement.ps1
[2026-01-29 21:30:29] [DEPLOYMENT] [INFO] Processing AdvancedMaterialsCorp.Agent.MaterialsResearch.ps1
[2026-01-29 21:30:29] [DEPLOYMENT] [SUCCESS] Backed up AdvancedMaterialsCorp.Agent.MaterialsResearch.ps1 to C:\Users\gripa\OneDrive\Desktop\NCC\NCC-Doctrine\backups\communication\AdvancedMaterialsCorp.Agent.MaterialsResearch.ps1.backup.20260129213029
[2026-01-29 21:30:29] [DEPLOYMENT] [SUCCESS] Successfully integrated communication system into AdvancedMaterialsCorp.Agent.MaterialsResearch.ps1
[2026-01-29 21:30:29] [DEPLOYMENT] [INFO] Processing AdvancedMaterialsCorp.Agent.Nanotechnology.ps1
[2026-01-29 21:30:29] [DEPLOYMENT] [SUCCESS] Backed up AdvancedMaterialsCorp.Agent.Nanotechnology.ps1 to C:\Users\gripa\OneDrive\Desktop\NCC\NCC-Doctrine\backups\communication\AdvancedMaterialsCorp.Agent.Nanotechnology.ps1.backup.20260129213029
[2026-01-29 21:30:29] [DEPLOYMENT] [SUCCESS] Successfully integrated communication system into AdvancedMaterialsCorp.Agent.Nanotechnology.ps1
[2026-01-29 21:30:29] [DEPLOYMENT] [INFO] Processing AdvancedMaterialsCorp.Agent.ProcessEngineering.ps1
[2026-01-29 21:30:29] [DEPLOYMENT] [SUCCESS] Backed up AdvancedMaterialsCorp.Agent.ProcessEngineering.ps1 to C:\Users\gripa\OneDrive\Desktop\NCC\NCC-Doctrine\backups\communication\AdvancedMaterialsCorp.Agent.ProcessEngineering.ps1.backup.20260129213029
[2026-01-29 21:30:29] [DEPLOYMENT] [SUCCESS] Successfully integrated communication system into AdvancedMaterialsCorp.Agent.ProcessEngineering.ps1
[2026-01-29 21:30:29] [DEPLOYMENT] [INFO] Processing AdvancedMaterialsCorp.Agent.QualityControl.ps1
[2026-01-29 21:30:29] [DEPLOYMENT] [SUCCESS] Backed up AdvancedMaterialsCorp.Agent.QualityControl.ps1 to C:\Users\gripa\OneDrive\Desktop\NCC\NCC-Doctrine\backups\communication\AdvancedMaterialsCorp.Agent.QualityControl.ps1.backup.20260129213029
[2026-01-29 21:30:29] [DEPLOYMENT] [SUCCESS] Successfully integrated communication system into AdvancedMaterialsCorp.Agent.QualityControl.ps1
[2026-01-29 21:30:29] [DEPLOYMENT] [INFO] Processing AdvancedMaterialsCorp.Agent.SynthesisOptimization.ps1
[2026-01-29 21:30:29] [DEPLOYMENT] [SUCCESS] Backed up AdvancedMaterialsCorp.Agent.SynthesisOptimization.ps1 to C:\Users\gripa\OneDrive\Desktop\NCC\NCC-Doctrine\backups\communication\AdvancedMaterialsCorp.Agent.SynthesisOptimization.ps1.backup.20260129213029
[2026-01-29 21:30:29] [DEPLOYMENT] [SUCCESS] Successfully integrated communication system into AdvancedMaterialsCorp.Agent.SynthesisOptimization.ps1
[2026-01-29 21:30:29] [DEPLOYMENT] [INFO] Processing agents.Activate.ps1
[2026-01-29 21:30:29] [DEPLOYMENT] [SUCCESS] Backed up agents.Activate.ps1 to C:\Users\gripa\OneDrive\Desktop\NCC\NCC-Doctrine\backups\communication\agents.Activate.ps1.backup.20260129213029
[2026-01-29 21:30:29] [DEPLOYMENT] [SUCCESS] Successfully integrated communication system into agents.Activate.ps1
[2026-01-29 21:30:29] [DEPLOYMENT] [INFO] Processing AIEthicsCouncil.Agent.AlignmentResearch.ps1
[2026-01-29 21:30:29] [DEPLOYMENT] [SUCCESS] Backed up AIEthicsCouncil.Agent.AlignmentResearch.ps1 to C:\Users\gripa\OneDrive\Desktop\NCC\NCC-Doctrine\backups\communication\AIEthicsCouncil.Agent.AlignmentResearch.ps1.backup.20260129213029
[2026-01-29 21:30:29] [DEPLOYMENT] [SUCCESS] Successfully integrated communication system into AIEthicsCouncil.Agent.AlignmentResearch.ps1
[2026-01-29 21:30:29] [DEPLOYMENT] [INFO] Processing AIEthicsCouncil.Agent.BiasDetection.ps1
[2026-01-29 21:30:29] [DEPLOYMENT] [SUCCESS] Backed up AIEthicsCouncil.Agent.BiasDetection.ps1 to C:\Users\gripa\OneDrive\Desktop\NCC\NCC-Doctrine\backups\communication\AIEthicsCouncil.Agent.BiasDetection.ps1.backup.20260129213029
[2026-01-29 21:30:29] [DEPLOYMENT] [SUCCESS] Successfully integrated communication system into AIEthicsCouncil.Agent.BiasDetection.ps1
[2026-01-29 21:30:29] [DEPLOYMENT] [INFO] Processing AIEthicsCouncil.Agent.EthicsReview.ps1
[2026-01-29 21:30:29] [DEPLOYMENT] [SUCCESS] Backed up AIEthicsCouncil.Agent.EthicsReview.ps1 to C:\Users\gripa\OneDrive\Desktop\NCC\NCC-Doctrine\backups\communication\AIEthicsCouncil.Agent.EthicsReview.ps1.backup.20260129213029
[2026-01-29 21:30:29] [DEPLOYMENT] [SUCCESS] Successfully integrated communication system into AIEthicsCouncil.Agent.EthicsReview.ps1
[2026-01-29 21:30:30] [DEPLOYMENT] [INFO] Processing AIEthicsCouncil.Agent.GovernanceOversight.ps1
[2026-01-29 21:30:30] [DEPLOYMENT] [SUCCESS] Backed up AIEthicsCouncil.Agent.GovernanceOversight.ps1 to C:\Users\gripa\OneDrive\Desktop\NCC\NCC-Doctrine\backups\communication\AIEthicsCouncil.Agent.GovernanceOversight.ps1.backup.20260129213030
[2026-01-29 21:30:30] [DEPLOYMENT] [SUCCESS] Successfully integrated communication system into AIEthicsCouncil.Agent.GovernanceOversight.ps1
[2026-01-29 21:30:30] [DEPLOYMENT] [INFO] Processing AIEthicsCouncil.Agent.PolicyDevelopment.ps1
[2026-01-29 21:30:30] [DEPLOYMENT] [SUCCESS] Backed up AIEthicsCouncil.Agent.PolicyDevelopment.ps1 to C:\Users\gripa\OneDrive\Desktop\NCC\NCC-Doctrine\backups\communication\AIEthicsCouncil.Agent.PolicyDevelopment.ps1.backup.20260129213030
[2026-01-29 21:30:30] [DEPLOYMENT] [SUCCESS] Successfully integrated communication system into AIEthicsCouncil.Agent.PolicyDevelopment.ps1
[2026-01-29 21:30:30] [DEPLOYMENT] [INFO] Processing AIEthicsCouncil.Agent.SafetyCompliance.ps1
[2026-01-29 21:30:30] [DEPLOYMENT] [SUCCESS] Backed up AIEthicsCouncil.Agent.SafetyCompliance.ps1 to C:\Users\gripa\OneDrive\Desktop\NCC\NCC-Doctrine\backups\communication\AIEthicsCouncil.Agent.SafetyCompliance.ps1.backup.20260129213030
[2026-01-29 21:30:30] [DEPLOYMENT] [SUCCESS] Successfully integrated communication system into AIEthicsCouncil.Agent.SafetyCompliance.ps1
[2026-01-29 21:30:30] [DEPLOYMENT] [INFO] Processing AIEthicsCouncil.Agent.TransparencyMonitoring.ps1
[2026-01-29 21:30:30] [DEPLOYMENT] [SUCCESS] Backed up AIEthicsCouncil.Agent.TransparencyMonitoring.ps1 to C:\Users\gripa\OneDrive\Desktop\NCC\NCC-Doctrine\backups\communication\AIEthicsCouncil.Agent.TransparencyMonitoring.ps1.backup.20260129213030
[2026-01-29 21:30:30] [DEPLOYMENT] [SUCCESS] Successfully integrated communication system into AIEthicsCouncil.Agent.TransparencyMonitoring.ps1
[2026-01-29 21:30:30] [DEPLOYMENT] [INFO] Processing Augmented_Arbitrage_Corp.Agent.Executive.ps1
[2026-01-29 21:30:30] [DEPLOYMENT] [SUCCESS] Backed up Augmented_Arbitrage_Corp.Agent.Executive.ps1 to C:\Users\gripa\OneDrive\Desktop\NCC\NCC-Doctrine\backups\communication\Augmented_Arbitrage_Corp.Agent.Executive.ps1.backup.20260129213030
[2026-01-29 21:30:30] [DEPLOYMENT] [SUCCESS] Successfully integrated communication system into Augmented_Arbitrage_Corp.Agent.Executive.ps1
[2026-01-29 21:30:30] [DEPLOYMENT] [INFO] Processing Augmented_Arbitrage_Corp.Agent.Operational.ps1
[2026-01-29 21:30:30] [DEPLOYMENT] [SUCCESS] Backed up Augmented_Arbitrage_Corp.Agent.Operational.ps1 to C:\Users\gripa\OneDrive\Desktop\NCC\NCC-Doctrine\backups\communication\Augmented_Arbitrage_Corp.Agent.Operational.ps1.backup.20260129213030
[2026-01-29 21:30:30] [DEPLOYMENT] [SUCCESS] Successfully integrated communication system into Augmented_Arbitrage_Corp.Agent.Operational.ps1
[2026-01-29 21:30:30] [DEPLOYMENT] [INFO] Processing BigBrainIntelligence.Agent.Analytical.ps1
[2026-01-29 21:30:30] [DEPLOYMENT] [SUCCESS] Backed up BigBrainIntelligence.Agent.Analytical.ps1 to C:\Users\gripa\OneDrive\Desktop\NCC\NCC-Doctrine\backups\communication\BigBrainIntelligence.Agent.Analytical.ps1.backup.20260129213030
[2026-01-29 21:30:30] [DEPLOYMENT] [SUCCESS] Successfully integrated communication system into BigBrainIntelligence.Agent.Analytical.ps1
[2026-01-29 21:30:30] [DEPLOYMENT] [INFO] Processing BigBrainIntelligence.Agent.Executive.ps1
[2026-01-29 21:30:30] [DEPLOYMENT] [SUCCESS] Backed up BigBrainIntelligence.Agent.Executive.ps1 to C:\Users\gripa\OneDrive\Desktop\NCC\NCC-Doctrine\backups\communication\BigBrainIntelligence.Agent.Executive.ps1.backup.20260129213030
[2026-01-29 21:30:30] [DEPLOYMENT] [SUCCESS] Successfully integrated communication system into BigBrainIntelligence.Agent.Executive.ps1
[2026-01-29 21:30:30] [DEPLOYMENT] [INFO] Processing BigBrainIntelligence.Agent.Innovation.ps1
[2026-01-29 21:30:30] [DEPLOYMENT] [SUCCESS] Backed up BigBrainIntelligence.Agent.Innovation.ps1 to C:\Users\gripa\OneDrive\Desktop\NCC\NCC-Doctrine\backups\communication\BigBrainIntelligence.Agent.Innovation.ps1.backup.20260129213030
[2026-01-29 21:30:30] [DEPLOYMENT] [SUCCESS] Successfully integrated communication system into BigBrainIntelligence.Agent.Innovation.ps1
[2026-01-29 21:30:30] [DEPLOYMENT] [INFO] Processing BigBrainIntelligence.Agent.Integration.ps1
[2026-01-29 21:30:30] [DEPLOYMENT] [SUCCESS] Backed up BigBrainIntelligence.Agent.Integration.ps1 to C:\Users\gripa\OneDrive\Desktop\NCC\NCC-Doctrine\backups\communication\BigBrainIntelligence.Agent.Integration.ps1.backup.20260129213030
[2026-01-29 21:30:30] [DEPLOYMENT] [SUCCESS] Successfully integrated communication system into BigBrainIntelligence.Agent.Integration.ps1
[2026-01-29 21:30:30] [DEPLOYMENT] [INFO] Processing BigBrainIntelligence.Agent.Monitoring.ps1
[2026-01-29 21:30:30] [DEPLOYMENT] [SUCCESS] Backed up BigBrainIntelligence.Agent.Monitoring.ps1 to C:\Users\gripa\OneDrive\Desktop\NCC\NCC-Doctrine\backups\communication\BigBrainIntelligence.Agent.Monitoring.ps1.backup.20260129213030
[2026-01-29 21:30:30] [DEPLOYMENT] [SUCCESS] Successfully integrated communication system into BigBrainIntelligence.Agent.Monitoring.ps1
[2026-01-29 21:30:30] [DEPLOYMENT] [INFO] Processing BigBrainIntelligence.Agent.Operational.ps1
[2026-01-29 21:30:30] [DEPLOYMENT] [SUCCESS] Backed up BigBrainIntelligence.Agent.Operational.ps1 to C:\Users\gripa\OneDrive\Desktop\NCC\NCC-Doctrine\backups\communication\BigBrainIntelligence.Agent.Operational.ps1.backup.20260129213030
[2026-01-29 21:30:30] [DEPLOYMENT] [SUCCESS] Successfully integrated communication system into BigBrainIntelligence.Agent.Operational.ps1
[2026-01-29 21:30:30] [DEPLOYMENT] [INFO] Processing BigBrainIntelligence.Agent.Security.ps1
[2026-01-29 21:30:30] [DEPLOYMENT] [SUCCESS] Backed up BigBrainIntelligence.Agent.Security.ps1 to C:\Users\gripa\OneDrive\Desktop\NCC\NCC-Doctrine\backups\communication\BigBrainIntelligence.Agent.Security.ps1.backup.20260129213030
[2026-01-29 21:30:30] [DEPLOYMENT] [SUCCESS] Successfully integrated communication system into BigBrainIntelligence.Agent.Security.ps1
[2026-01-29 21:30:30] [DEPLOYMENT] [INFO] Processing BiotechCorporation.Agent.ClinicalTrials.ps1
[2026-01-29 21:30:30] [DEPLOYMENT] [SUCCESS] Backed up BiotechCorporation.Agent.ClinicalTrials.ps1 to C:\Users\gripa\OneDrive\Desktop\NCC\NCC-Doctrine\backups\communication\BiotechCorporation.Agent.ClinicalTrials.ps1.backup.20260129213030
[2026-01-29 21:30:30] [DEPLOYMENT] [SUCCESS] Successfully integrated communication system into BiotechCorporation.Agent.ClinicalTrials.ps1
[2026-01-29 21:30:30] [DEPLOYMENT] [INFO] Processing BiotechCorporation.Agent.Research.ps1
[2026-01-29 21:30:30] [DEPLOYMENT] [SUCCESS] Backed up BiotechCorporation.Agent.Research.ps1 to C:\Users\gripa\OneDrive\Desktop\NCC\NCC-Doctrine\backups\communication\BiotechCorporation.Agent.Research.ps1.backup.20260129213030
[2026-01-29 21:30:30] [DEPLOYMENT] [SUCCESS] Successfully integrated communication system into BiotechCorporation.Agent.Research.ps1
[2026-01-29 21:30:30] [DEPLOYMENT] [INFO] Processing BiotechCorporation.Agent.Analytical.ps1
[2026-01-29 21:30:30] [DEPLOYMENT] [SUCCESS] Backed up BiotechCorporation.Agent.Analytical.ps1 to C:\Users\gripa\OneDrive\Desktop\NCC\NCC-Doctrine\backups\communication\BiotechCorporation.Agent.Analytical.ps1.backup.20260129213030
[2026-01-29 21:30:30] [DEPLOYMENT] [SUCCESS] Successfully integrated communication system into BiotechCorporation.Agent.Analytical.ps1
[2026-01-29 21:30:30] [DEPLOYMENT] [INFO] Processing BiotechCorporation.Agent.Executive.ps1
[2026-01-29 21:30:30] [DEPLOYMENT] [SUCCESS] Backed up BiotechCorporation.Agent.Executive.ps1 to C:\Users\gripa\OneDrive\Desktop\NCC\NCC-Doctrine\backups\communication\BiotechCorporation.Agent.Executive.ps1.backup.20260129213030
[2026-01-29 21:30:30] [DEPLOYMENT] [SUCCESS] Successfully integrated communication system into BiotechCorporation.Agent.Executive.ps1
[2026-01-29 21:30:30] [DEPLOYMENT] [INFO] Processing BiotechCorporation.Agent.Innovation.ps1
[2026-01-29 21:30:30] [DEPLOYMENT] [SUCCESS] Backed up BiotechCorporation.Agent.Innovation.ps1 to C:\Users\gripa\OneDrive\Desktop\NCC\NCC-Doctrine\backups\communication\BiotechCorporation.Agent.Innovation.ps1.backup.20260129213030
[2026-01-29 21:30:30] [DEPLOYMENT] [SUCCESS] Successfully integrated communication system into BiotechCorporation.Agent.Innovation.ps1
[2026-01-29 21:30:30] [DEPLOYMENT] [INFO] Processing BiotechCorporation.Agent.Integration.ps1
[2026-01-29 21:30:30] [DEPLOYMENT] [SUCCESS] Backed up BiotechCorporation.Agent.Integration.ps1 to C:\Users\gripa\OneDrive\Desktop\NCC\NCC-Doctrine\backups\communication\BiotechCorporation.Agent.Integration.ps1.backup.20260129213030
[2026-01-29 21:30:30] [DEPLOYMENT] [SUCCESS] Successfully integrated communication system into BiotechCorporation.Agent.Integration.ps1
[2026-01-29 21:30:30] [DEPLOYMENT] [INFO] Processing BiotechCorporation.Agent.Monitoring.ps1
[2026-01-29 21:30:30] [DEPLOYMENT] [SUCCESS] Backed up BiotechCorporation.Agent.Monitoring.ps1 to C:\Users\gripa\OneDrive\Desktop\NCC\NCC-Doctrine\backups\communication\BiotechCorporation.Agent.Monitoring.ps1.backup.20260129213030
[2026-01-29 21:30:30] [DEPLOYMENT] [SUCCESS] Successfully integrated communication system into BiotechCorporation.Agent.Monitoring.ps1
[2026-01-29 21:30:30] [DEPLOYMENT] [INFO] Processing BiotechCorporation.Agent.Operational.ps1
[2026-01-29 21:30:30] [DEPLOYMENT] [SUCCESS] Backed up BiotechCorporation.Agent.Operational.ps1 to C:\Users\gripa\OneDrive\Desktop\NCC\NCC-Doctrine\backups\communication\BiotechCorporation.Agent.Operational.ps1.backup.20260129213030
[2026-01-29 21:30:30] [DEPLOYMENT] [SUCCESS] Successfully integrated communication system into BiotechCorporation.Agent.Operational.ps1
[2026-01-29 21:30:30] [DEPLOYMENT] [INFO] Processing BiotechCorporation.Agent.Security.ps1
[2026-01-29 21:30:30] [DEPLOYMENT] [SUCCESS] Backed up BiotechCorporation.Agent.Security.ps1 to C:\Users\gripa\OneDrive\Desktop\NCC\NCC-Doctrine\backups\communication\BiotechCorporation.Agent.Security.ps1.backup.20260129213030
[2026-01-29 21:30:30] [DEPLOYMENT] [SUCCESS] Successfully integrated communication system into BiotechCorporation.Agent.Security.ps1
[2026-01-29 21:30:30] [DEPLOYMENT] [INFO] Processing CybersecurityCommandCenter.Agent.SecurityMonitoring.ps1
[2026-01-29 21:30:30] [DEPLOYMENT] [SUCCESS] Backed up CybersecurityCommandCenter.Agent.SecurityMonitoring.ps1 to C:\Users\gripa\OneDrive\Desktop\NCC\NCC-Doctrine\backups\communication\CybersecurityCommandCenter.Agent.SecurityMonitoring.ps1.backup.20260129213030
[2026-01-29 21:30:30] [DEPLOYMENT] [SUCCESS] Successfully integrated communication system into CybersecurityCommandCenter.Agent.SecurityMonitoring.ps1
[2026-01-29 21:30:30] [DEPLOYMENT] [INFO] Processing CybersecurityCommandCenter.Agent.ThreatDetection.ps1
[2026-01-29 21:30:30] [DEPLOYMENT] [SUCCESS] Backed up CybersecurityCommandCenter.Agent.ThreatDetection.ps1 to C:\Users\gripa\OneDrive\Desktop\NCC\NCC-Doctrine\backups\communication\CybersecurityCommandCenter.Agent.ThreatDetection.ps1.backup.20260129213030
[2026-01-29 21:30:30] [DEPLOYMENT] [SUCCESS] Successfully integrated communication system into CybersecurityCommandCenter.Agent.ThreatDetection.ps1
[2026-01-29 21:30:30] [DEPLOYMENT] [INFO] Processing DataBrokersDivision.Agent.ComplianceMonitoring.ps1
[2026-01-29 21:30:30] [DEPLOYMENT] [SUCCESS] Backed up DataBrokersDivision.Agent.ComplianceMonitoring.ps1 to C:\Users\gripa\OneDrive\Desktop\NCC\NCC-Doctrine\backups\communication\DataBrokersDivision.Agent.ComplianceMonitoring.ps1.backup.20260129213030
[2026-01-29 21:30:30] [DEPLOYMENT] [SUCCESS] Successfully integrated communication system into DataBrokersDivision.Agent.ComplianceMonitoring.ps1
[2026-01-29 21:30:30] [DEPLOYMENT] [INFO] Processing DataBrokersDivision.Agent.DataAnalysis.ps1
[2026-01-29 21:30:30] [DEPLOYMENT] [SUCCESS] Backed up DataBrokersDivision.Agent.DataAnalysis.ps1 to C:\Users\gripa\OneDrive\Desktop\NCC\NCC-Doctrine\backups\communication\DataBrokersDivision.Agent.DataAnalysis.ps1.backup.20260129213030
[2026-01-29 21:30:30] [DEPLOYMENT] [SUCCESS] Successfully integrated communication system into DataBrokersDivision.Agent.DataAnalysis.ps1
[2026-01-29 21:30:30] [DEPLOYMENT] [INFO] Processing DataBrokersDivision.Agent.DataCollection.ps1
[2026-01-29 21:30:30] [DEPLOYMENT] [SUCCESS] Backed up DataBrokersDivision.Agent.DataCollection.ps1 to C:\Users\gripa\OneDrive\Desktop\NCC\NCC-Doctrine\backups\communication\DataBrokersDivision.Agent.DataCollection.ps1.backup.20260129213030
[2026-01-29 21:30:30] [DEPLOYMENT] [SUCCESS] Successfully integrated communication system into DataBrokersDivision.Agent.DataCollection.ps1
[2026-01-29 21:30:30] [DEPLOYMENT] [INFO] Processing DataBrokersDivision.Agent.IntelligenceGeneration.ps1
[2026-01-29 21:30:30] [DEPLOYMENT] [SUCCESS] Backed up DataBrokersDivision.Agent.IntelligenceGeneration.ps1 to C:\Users\gripa\OneDrive\Desktop\NCC\NCC-Doctrine\backups\communication\DataBrokersDivision.Agent.IntelligenceGeneration.ps1.backup.20260129213030
[2026-01-29 21:30:30] [DEPLOYMENT] [SUCCESS] Successfully integrated communication system into DataBrokersDivision.Agent.IntelligenceGeneration.ps1
[2026-01-29 21:30:30] [DEPLOYMENT] [INFO] Processing DataBrokersDivision.Agent.MarketOperations.ps1
[2026-01-29 21:30:30] [DEPLOYMENT] [SUCCESS] Backed up DataBrokersDivision.Agent.MarketOperations.ps1 to C:\Users\gripa\OneDrive\Desktop\NCC\NCC-Doctrine\backups\communication\DataBrokersDivision.Agent.MarketOperations.ps1.backup.20260129213030
[2026-01-29 21:30:30] [DEPLOYMENT] [SUCCESS] Successfully integrated communication system into DataBrokersDivision.Agent.MarketOperations.ps1
[2026-01-29 21:30:30] [DEPLOYMENT] [INFO] Processing DataBrokersDivision.Agent.PrivacyProtection.ps1
[2026-01-29 21:30:30] [DEPLOYMENT] [SUCCESS] Backed up DataBrokersDivision.Agent.PrivacyProtection.ps1 to C:\Users\gripa\OneDrive\Desktop\NCC\NCC-Doctrine\backups\communication\DataBrokersDivision.Agent.PrivacyProtection.ps1.backup.20260129213030
[2026-01-29 21:30:30] [DEPLOYMENT] [SUCCESS] Successfully integrated communication system into DataBrokersDivision.Agent.PrivacyProtection.ps1
[2026-01-29 21:30:30] [DEPLOYMENT] [INFO] Processing DataBrokersDivision.Agent.SecurityOperations.ps1
[2026-01-29 21:30:30] [DEPLOYMENT] [SUCCESS] Backed up DataBrokersDivision.Agent.SecurityOperations.ps1 to C:\Users\gripa\OneDrive\Desktop\NCC\NCC-Doctrine\backups\communication\DataBrokersDivision.Agent.SecurityOperations.ps1.backup.20260129213030
[2026-01-29 21:30:30] [DEPLOYMENT] [SUCCESS] Successfully integrated communication system into DataBrokersDivision.Agent.SecurityOperations.ps1
[2026-01-29 21:30:30] [DEPLOYMENT] [INFO] Processing DataCentersAgentUniversity.Agent.CertificationManagement.ps1
[2026-01-29 21:30:30] [DEPLOYMENT] [SUCCESS] Backed up DataCentersAgentUniversity.Agent.CertificationManagement.ps1 to C:\Users\gripa\OneDrive\Desktop\NCC\NCC-Doctrine\backups\communication\DataCentersAgentUniversity.Agent.CertificationManagement.ps1.backup.20260129213030
[2026-01-29 21:30:30] [DEPLOYMENT] [SUCCESS] Successfully integrated communication system into DataCentersAgentUniversity.Agent.CertificationManagement.ps1
[2026-01-29 21:30:30] [DEPLOYMENT] [INFO] Processing DataCentersAgentUniversity.Agent.CurriculumDevelopment.ps1
[2026-01-29 21:30:30] [DEPLOYMENT] [SUCCESS] Backed up DataCentersAgentUniversity.Agent.CurriculumDevelopment.ps1 to C:\Users\gripa\OneDrive\Desktop\NCC\NCC-Doctrine\backups\communication\DataCentersAgentUniversity.Agent.CurriculumDevelopment.ps1.backup.20260129213030
[2026-01-29 21:30:30] [DEPLOYMENT] [SUCCESS] Successfully integrated communication system into DataCentersAgentUniversity.Agent.CurriculumDevelopment.ps1
[2026-01-29 21:30:30] [DEPLOYMENT] [INFO] Processing DataCentersAgentUniversity.Agent.FacultySupport.ps1
[2026-01-29 21:30:30] [DEPLOYMENT] [SUCCESS] Backed up DataCentersAgentUniversity.Agent.FacultySupport.ps1 to C:\Users\gripa\OneDrive\Desktop\NCC\NCC-Doctrine\backups\communication\DataCentersAgentUniversity.Agent.FacultySupport.ps1.backup.20260129213030
[2026-01-29 21:30:30] [DEPLOYMENT] [SUCCESS] Successfully integrated communication system into DataCentersAgentUniversity.Agent.FacultySupport.ps1
[2026-01-29 21:30:30] [DEPLOYMENT] [INFO] Processing DataCentersAgentUniversity.Agent.ResearchCoordination.ps1
[2026-01-29 21:30:30] [DEPLOYMENT] [SUCCESS] Backed up DataCentersAgentUniversity.Agent.ResearchCoordination.ps1 to C:\Users\gripa\OneDrive\Desktop\NCC\NCC-Doctrine\backups\communication\DataCentersAgentUniversity.Agent.ResearchCoordination.ps1.backup.20260129213030
[2026-01-29 21:30:30] [DEPLOYMENT] [SUCCESS] Successfully integrated communication system into DataCentersAgentUniversity.Agent.ResearchCoordination.ps1
[2026-01-29 21:30:30] [DEPLOYMENT] [INFO] Processing DataCentersAgentUniversity.Agent.StudentAssessment.ps1
[2026-01-29 21:30:30] [DEPLOYMENT] [SUCCESS] Backed up DataCentersAgentUniversity.Agent.StudentAssessment.ps1 to C:\Users\gripa\OneDrive\Desktop\NCC\NCC-Doctrine\backups\communication\DataCentersAgentUniversity.Agent.StudentAssessment.ps1.backup.20260129213030
[2026-01-29 21:30:30] [DEPLOYMENT] [SUCCESS] Successfully integrated communication system into DataCentersAgentUniversity.Agent.StudentAssessment.ps1
[2026-01-29 21:30:30] [DEPLOYMENT] [INFO] Processing DataCentersAgentUniversity.Agent.TechnologyIntegration.ps1
[2026-01-29 21:30:30] [DEPLOYMENT] [SUCCESS] Backed up DataCentersAgentUniversity.Agent.TechnologyIntegration.ps1 to C:\Users\gripa\OneDrive\Desktop\NCC\NCC-Doctrine\backups\communication\DataCentersAgentUniversity.Agent.TechnologyIntegration.ps1.backup.20260129213030
[2026-01-29 21:30:30] [DEPLOYMENT] [SUCCESS] Successfully integrated communication system into DataCentersAgentUniversity.Agent.TechnologyIntegration.ps1
[2026-01-29 21:30:30] [DEPLOYMENT] [INFO] Processing DataCentersAgentUniversity.Agent.VirtualLearning.ps1
[2026-01-29 21:30:30] [DEPLOYMENT] [SUCCESS] Backed up DataCentersAgentUniversity.Agent.VirtualLearning.ps1 to C:\Users\gripa\OneDrive\Desktop\NCC\NCC-Doctrine\backups\communication\DataCentersAgentUniversity.Agent.VirtualLearning.ps1.backup.20260129213030
[2026-01-29 21:30:30] [DEPLOYMENT] [SUCCESS] Successfully integrated communication system into DataCentersAgentUniversity.Agent.VirtualLearning.ps1
[2026-01-29 21:30:30] [DEPLOYMENT] [INFO] Processing Elite_Trader_Desk.Agent.TradingOperations.ps1
[2026-01-29 21:30:30] [DEPLOYMENT] [SUCCESS] Backed up Elite_Trader_Desk.Agent.TradingOperations.ps1 to C:\Users\gripa\OneDrive\Desktop\NCC\NCC-Doctrine\backups\communication\Elite_Trader_Desk.Agent.TradingOperations.ps1.backup.20260129213030
[2026-01-29 21:30:30] [DEPLOYMENT] [SUCCESS] Successfully integrated communication system into Elite_Trader_Desk.Agent.TradingOperations.ps1
[2026-01-29 21:30:30] [DEPLOYMENT] [INFO] Processing Faraday_Financial_Corp.Agent.FinancialAnalysis.ps1
[2026-01-29 21:30:30] [DEPLOYMENT] [SUCCESS] Backed up Faraday_Financial_Corp.Agent.FinancialAnalysis.ps1 to C:\Users\gripa\OneDrive\Desktop\NCC\NCC-Doctrine\backups\communication\Faraday_Financial_Corp.Agent.FinancialAnalysis.ps1.backup.20260129213030
[2026-01-29 21:30:30] [DEPLOYMENT] [SUCCESS] Successfully integrated communication system into Faraday_Financial_Corp.Agent.FinancialAnalysis.ps1
[2026-01-29 21:30:30] [DEPLOYMENT] [INFO] Processing GlobalLogisticsNetwork.Agent.CustomsCompliance.ps1
[2026-01-29 21:30:30] [DEPLOYMENT] [SUCCESS] Backed up GlobalLogisticsNetwork.Agent.CustomsCompliance.ps1 to C:\Users\gripa\OneDrive\Desktop\NCC\NCC-Doctrine\backups\communication\GlobalLogisticsNetwork.Agent.CustomsCompliance.ps1.backup.20260129213030
[2026-01-29 21:30:30] [DEPLOYMENT] [SUCCESS] Successfully integrated communication system into GlobalLogisticsNetwork.Agent.CustomsCompliance.ps1
[2026-01-29 21:30:30] [DEPLOYMENT] [INFO] Processing GlobalLogisticsNetwork.Agent.DemandForecasting.ps1
[2026-01-29 21:30:30] [DEPLOYMENT] [SUCCESS] Backed up GlobalLogisticsNetwork.Agent.DemandForecasting.ps1 to C:\Users\gripa\OneDrive\Desktop\NCC\NCC-Doctrine\backups\communication\GlobalLogisticsNetwork.Agent.DemandForecasting.ps1.backup.20260129213030
[2026-01-29 21:30:30] [DEPLOYMENT] [SUCCESS] Successfully integrated communication system into GlobalLogisticsNetwork.Agent.DemandForecasting.ps1
[2026-01-29 21:30:30] [DEPLOYMENT] [INFO] Processing GlobalLogisticsNetwork.Agent.InventoryManagement.ps1
[2026-01-29 21:30:30] [DEPLOYMENT] [SUCCESS] Backed up GlobalLogisticsNetwork.Agent.InventoryManagement.ps1 to C:\Users\gripa\OneDrive\Desktop\NCC\NCC-Doctrine\backups\communication\GlobalLogisticsNetwork.Agent.InventoryManagement.ps1.backup.20260129213030
[2026-01-29 21:30:30] [DEPLOYMENT] [SUCCESS] Successfully integrated communication system into GlobalLogisticsNetwork.Agent.InventoryManagement.ps1
[2026-01-29 21:30:30] [DEPLOYMENT] [INFO] Processing GlobalLogisticsNetwork.Agent.RouteOptimization.ps1
[2026-01-29 21:30:30] [DEPLOYMENT] [SUCCESS] Backed up GlobalLogisticsNetwork.Agent.RouteOptimization.ps1 to C:\Users\gripa\OneDrive\Desktop\NCC\NCC-Doctrine\backups\communication\GlobalLogisticsNetwork.Agent.RouteOptimization.ps1.backup.20260129213030
[2026-01-29 21:30:30] [DEPLOYMENT] [SUCCESS] Successfully integrated communication system into GlobalLogisticsNetwork.Agent.RouteOptimization.ps1
[2026-01-29 21:30:30] [DEPLOYMENT] [INFO] Processing GlobalLogisticsNetwork.Agent.SupplyChainMonitoring.ps1
[2026-01-29 21:30:30] [DEPLOYMENT] [SUCCESS] Backed up GlobalLogisticsNetwork.Agent.SupplyChainMonitoring.ps1 to C:\Users\gripa\OneDrive\Desktop\NCC\NCC-Doctrine\backups\communication\GlobalLogisticsNetwork.Agent.SupplyChainMonitoring.ps1.backup.20260129213030
[2026-01-29 21:30:30] [DEPLOYMENT] [SUCCESS] Successfully integrated communication system into GlobalLogisticsNetwork.Agent.SupplyChainMonitoring.ps1
[2026-01-29 21:30:30] [DEPLOYMENT] [INFO] Processing GlobalLogisticsNetwork.Agent.TransportationCoordination.ps1
[2026-01-29 21:30:30] [DEPLOYMENT] [SUCCESS] Backed up GlobalLogisticsNetwork.Agent.TransportationCoordination.ps1 to C:\Users\gripa\OneDrive\Desktop\NCC\NCC-Doctrine\backups\communication\GlobalLogisticsNetwork.Agent.TransportationCoordination.ps1.backup.20260129213030
[2026-01-29 21:30:30] [DEPLOYMENT] [SUCCESS] Successfully integrated communication system into GlobalLogisticsNetwork.Agent.TransportationCoordination.ps1
[2026-01-29 21:30:30] [DEPLOYMENT] [INFO] Processing GlobalLogisticsNetwork.Agent.WarehouseAutomation.ps1
[2026-01-29 21:30:30] [DEPLOYMENT] [SUCCESS] Backed up GlobalLogisticsNetwork.Agent.WarehouseAutomation.ps1 to C:\Users\gripa\OneDrive\Desktop\NCC\NCC-Doctrine\backups\communication\GlobalLogisticsNetwork.Agent.WarehouseAutomation.ps1.backup.20260129213030
[2026-01-29 21:30:30] [DEPLOYMENT] [SUCCESS] Successfully integrated communication system into GlobalLogisticsNetwork.Agent.WarehouseAutomation.ps1
[2026-01-29 21:30:30] [DEPLOYMENT] [INFO] Processing GlobalTalentAcquisition.Agent.HROperations.ps1
[2026-01-29 21:30:30] [DEPLOYMENT] [SUCCESS] Backed up GlobalTalentAcquisition.Agent.HROperations.ps1 to C:\Users\gripa\OneDrive\Desktop\NCC\NCC-Doctrine\backups\communication\GlobalTalentAcquisition.Agent.HROperations.ps1.backup.20260129213030
[2026-01-29 21:30:30] [DEPLOYMENT] [SUCCESS] Successfully integrated communication system into GlobalTalentAcquisition.Agent.HROperations.ps1
[2026-01-29 21:30:30] [DEPLOYMENT] [INFO] Processing GlobalTalentAcquisition.Agent.Analytical.ps1
[2026-01-29 21:30:30] [DEPLOYMENT] [SUCCESS] Backed up GlobalTalentAcquisition.Agent.Analytical.ps1 to C:\Users\gripa\OneDrive\Desktop\NCC\NCC-Doctrine\backups\communication\GlobalTalentAcquisition.Agent.Analytical.ps1.backup.20260129213030
[2026-01-29 21:30:30] [DEPLOYMENT] [SUCCESS] Successfully integrated communication system into GlobalTalentAcquisition.Agent.Analytical.ps1
[2026-01-29 21:30:30] [DEPLOYMENT] [INFO] Processing GlobalTalentAcquisition.Agent.Executive.ps1
[2026-01-29 21:30:30] [DEPLOYMENT] [SUCCESS] Backed up GlobalTalentAcquisition.Agent.Executive.ps1 to C:\Users\gripa\OneDrive\Desktop\NCC\NCC-Doctrine\backups\communication\GlobalTalentAcquisition.Agent.Executive.ps1.backup.20260129213030
[2026-01-29 21:30:30] [DEPLOYMENT] [SUCCESS] Successfully integrated communication system into GlobalTalentAcquisition.Agent.Executive.ps1
[2026-01-29 21:30:30] [DEPLOYMENT] [INFO] Processing GlobalTalentAcquisition.Agent.Innovation.ps1
[2026-01-29 21:30:30] [DEPLOYMENT] [SUCCESS] Backed up GlobalTalentAcquisition.Agent.Innovation.ps1 to C:\Users\gripa\OneDrive\Desktop\NCC\NCC-Doctrine\backups\communication\GlobalTalentAcquisition.Agent.Innovation.ps1.backup.20260129213030
[2026-01-29 21:30:30] [DEPLOYMENT] [SUCCESS] Successfully integrated communication system into GlobalTalentAcquisition.Agent.Innovation.ps1
[2026-01-29 21:30:30] [DEPLOYMENT] [INFO] Processing GlobalTalentAcquisition.Agent.Integration.ps1
[2026-01-29 21:30:30] [DEPLOYMENT] [SUCCESS] Backed up GlobalTalentAcquisition.Agent.Integration.ps1 to C:\Users\gripa\OneDrive\Desktop\NCC\NCC-Doctrine\backups\communication\GlobalTalentAcquisition.Agent.Integration.ps1.backup.20260129213030
[2026-01-29 21:30:30] [DEPLOYMENT] [SUCCESS] Successfully integrated communication system into GlobalTalentAcquisition.Agent.Integration.ps1
[2026-01-29 21:30:30] [DEPLOYMENT] [INFO] Processing GlobalTalentAcquisition.Agent.Monitoring.ps1
[2026-01-29 21:30:30] [DEPLOYMENT] [SUCCESS] Backed up GlobalTalentAcquisition.Agent.Monitoring.ps1 to C:\Users\gripa\OneDrive\Desktop\NCC\NCC-Doctrine\backups\communication\GlobalTalentAcquisition.Agent.Monitoring.ps1.backup.20260129213030
[2026-01-29 21:30:30] [DEPLOYMENT] [SUCCESS] Successfully integrated communication system into GlobalTalentAcquisition.Agent.Monitoring.ps1
[2026-01-29 21:30:30] [DEPLOYMENT] [INFO] Processing GlobalTalentAcquisition.Agent.Operational.ps1
[2026-01-29 21:30:30] [DEPLOYMENT] [SUCCESS] Backed up GlobalTalentAcquisition.Agent.Operational.ps1 to C:\Users\gripa\OneDrive\Desktop\NCC\NCC-Doctrine\backups\communication\GlobalTalentAcquisition.Agent.Operational.ps1.backup.20260129213030
[2026-01-29 21:30:30] [DEPLOYMENT] [SUCCESS] Successfully integrated communication system into GlobalTalentAcquisition.Agent.Operational.ps1
[2026-01-29 21:30:30] [DEPLOYMENT] [INFO] Processing GlobalTalentAcquisition.Agent.Security.ps1
[2026-01-29 21:30:30] [DEPLOYMENT] [SUCCESS] Backed up GlobalTalentAcquisition.Agent.Security.ps1 to C:\Users\gripa\OneDrive\Desktop\NCC\NCC-Doctrine\backups\communication\GlobalTalentAcquisition.Agent.Security.ps1.backup.20260129213030
[2026-01-29 21:30:30] [DEPLOYMENT] [SUCCESS] Successfully integrated communication system into GlobalTalentAcquisition.Agent.Security.ps1
[2026-01-29 21:30:30] [DEPLOYMENT] [INFO] Processing HedgeFundDivision.Agent.MarketAnalysis.ps1
[2026-01-29 21:30:30] [DEPLOYMENT] [SUCCESS] Backed up HedgeFundDivision.Agent.MarketAnalysis.ps1 to C:\Users\gripa\OneDrive\Desktop\NCC\NCC-Doctrine\backups\communication\HedgeFundDivision.Agent.MarketAnalysis.ps1.backup.20260129213030
[2026-01-29 21:30:30] [DEPLOYMENT] [SUCCESS] Successfully integrated communication system into HedgeFundDivision.Agent.MarketAnalysis.ps1
[2026-01-29 21:30:30] [DEPLOYMENT] [INFO] Processing HedgeFundDivision.Agent.PerformanceMonitoring.ps1
[2026-01-29 21:30:30] [DEPLOYMENT] [SUCCESS] Backed up HedgeFundDivision.Agent.PerformanceMonitoring.ps1 to C:\Users\gripa\OneDrive\Desktop\NCC\NCC-Doctrine\backups\communication\HedgeFundDivision.Agent.PerformanceMonitoring.ps1.backup.20260129213030
[2026-01-29 21:30:30] [DEPLOYMENT] [SUCCESS] Successfully integrated communication system into HedgeFundDivision.Agent.PerformanceMonitoring.ps1
[2026-01-29 21:30:30] [DEPLOYMENT] [INFO] Processing HedgeFundDivision.Agent.PortfolioOptimization.ps1
[2026-01-29 21:30:30] [DEPLOYMENT] [SUCCESS] Backed up HedgeFundDivision.Agent.PortfolioOptimization.ps1 to C:\Users\gripa\OneDrive\Desktop\NCC\NCC-Doctrine\backups\communication\HedgeFundDivision.Agent.PortfolioOptimization.ps1.backup.20260129213030
[2026-01-29 21:30:30] [DEPLOYMENT] [SUCCESS] Successfully integrated communication system into HedgeFundDivision.Agent.PortfolioOptimization.ps1
[2026-01-29 21:30:30] [DEPLOYMENT] [INFO] Processing HedgeFundDivision.Agent.QuantitativeTrading.ps1
[2026-01-29 21:30:30] [DEPLOYMENT] [SUCCESS] Backed up HedgeFundDivision.Agent.QuantitativeTrading.ps1 to C:\Users\gripa\OneDrive\Desktop\NCC\NCC-Doctrine\backups\communication\HedgeFundDivision.Agent.QuantitativeTrading.ps1.backup.20260129213030
[2026-01-29 21:30:30] [DEPLOYMENT] [SUCCESS] Successfully integrated communication system into HedgeFundDivision.Agent.QuantitativeTrading.ps1
[2026-01-29 21:30:30] [DEPLOYMENT] [INFO] Processing HedgeFundDivision.Agent.RegulatoryCompliance.ps1
[2026-01-29 21:30:30] [DEPLOYMENT] [SUCCESS] Backed up HedgeFundDivision.Agent.RegulatoryCompliance.ps1 to C:\Users\gripa\OneDrive\Desktop\NCC\NCC-Doctrine\backups\communication\HedgeFundDivision.Agent.RegulatoryCompliance.ps1.backup.20260129213030
[2026-01-29 21:30:30] [DEPLOYMENT] [SUCCESS] Successfully integrated communication system into HedgeFundDivision.Agent.RegulatoryCompliance.ps1
[2026-01-29 21:30:30] [DEPLOYMENT] [INFO] Processing HedgeFundDivision.Agent.RiskManagement.ps1
[2026-01-29 21:30:30] [DEPLOYMENT] [SUCCESS] Backed up HedgeFundDivision.Agent.RiskManagement.ps1 to C:\Users\gripa\OneDrive\Desktop\NCC\NCC-Doctrine\backups\communication\HedgeFundDivision.Agent.RiskManagement.ps1.backup.20260129213030
[2026-01-29 21:30:30] [DEPLOYMENT] [SUCCESS] Successfully integrated communication system into HedgeFundDivision.Agent.RiskManagement.ps1
[2026-01-29 21:30:30] [DEPLOYMENT] [INFO] Processing HedgeFundDivision.Agent.StrategyDevelopment.ps1
[2026-01-29 21:30:30] [DEPLOYMENT] [SUCCESS] Backed up HedgeFundDivision.Agent.StrategyDevelopment.ps1 to C:\Users\gripa\OneDrive\Desktop\NCC\NCC-Doctrine\backups\communication\HedgeFundDivision.Agent.StrategyDevelopment.ps1.backup.20260129213030
[2026-01-29 21:30:30] [DEPLOYMENT] [SUCCESS] Successfully integrated communication system into HedgeFundDivision.Agent.StrategyDevelopment.ps1
[2026-01-29 21:30:30] [DEPLOYMENT] [INFO] Processing Hedge_Fund.Agent.InvestmentManagement.ps1
[2026-01-29 21:30:30] [DEPLOYMENT] [SUCCESS] Backed up Hedge_Fund.Agent.InvestmentManagement.ps1 to C:\Users\gripa\OneDrive\Desktop\NCC\NCC-Doctrine\backups\communication\Hedge_Fund.Agent.InvestmentManagement.ps1.backup.20260129213030
[2026-01-29 21:30:30] [DEPLOYMENT] [SUCCESS] Successfully integrated communication system into Hedge_Fund.Agent.InvestmentManagement.ps1
[2026-01-29 21:30:30] [DEPLOYMENT] [INFO] Processing InnovationLabsDivision.Agent.RDOperations.ps1
[2026-01-29 21:30:30] [DEPLOYMENT] [SUCCESS] Backed up InnovationLabsDivision.Agent.RDOperations.ps1 to C:\Users\gripa\OneDrive\Desktop\NCC\NCC-Doctrine\backups\communication\InnovationLabsDivision.Agent.RDOperations.ps1.backup.20260129213030
[2026-01-29 21:30:30] [DEPLOYMENT] [SUCCESS] Successfully integrated communication system into InnovationLabsDivision.Agent.RDOperations.ps1
[2026-01-29 21:30:30] [DEPLOYMENT] [INFO] Processing InnovationLabsDivision.Agent.Analytical.ps1
[2026-01-29 21:30:30] [DEPLOYMENT] [SUCCESS] Backed up InnovationLabsDivision.Agent.Analytical.ps1 to C:\Users\gripa\OneDrive\Desktop\NCC\NCC-Doctrine\backups\communication\InnovationLabsDivision.Agent.Analytical.ps1.backup.20260129213030
[2026-01-29 21:30:30] [DEPLOYMENT] [SUCCESS] Successfully integrated communication system into InnovationLabsDivision.Agent.Analytical.ps1
[2026-01-29 21:30:30] [DEPLOYMENT] [INFO] Processing InnovationLabsDivision.Agent.Executive.ps1
[2026-01-29 21:30:30] [DEPLOYMENT] [SUCCESS] Backed up InnovationLabsDivision.Agent.Executive.ps1 to C:\Users\gripa\OneDrive\Desktop\NCC\NCC-Doctrine\backups\communication\InnovationLabsDivision.Agent.Executive.ps1.backup.20260129213030
[2026-01-29 21:30:30] [DEPLOYMENT] [SUCCESS] Successfully integrated communication system into InnovationLabsDivision.Agent.Executive.ps1
[2026-01-29 21:30:30] [DEPLOYMENT] [INFO] Processing InnovationLabsDivision.Agent.Innovation.ps1
[2026-01-29 21:30:30] [DEPLOYMENT] [SUCCESS] Backed up InnovationLabsDivision.Agent.Innovation.ps1 to C:\Users\gripa\OneDrive\Desktop\NCC\NCC-Doctrine\backups\communication\InnovationLabsDivision.Agent.Innovation.ps1.backup.20260129213030
[2026-01-29 21:30:30] [DEPLOYMENT] [SUCCESS] Successfully integrated communication system into InnovationLabsDivision.Agent.Innovation.ps1
[2026-01-29 21:30:30] [DEPLOYMENT] [INFO] Processing InnovationLabsDivision.Agent.Integration.ps1
[2026-01-29 21:30:30] [DEPLOYMENT] [SUCCESS] Backed up InnovationLabsDivision.Agent.Integration.ps1 to C:\Users\gripa\OneDrive\Desktop\NCC\NCC-Doctrine\backups\communication\InnovationLabsDivision.Agent.Integration.ps1.backup.20260129213030
[2026-01-29 21:30:30] [DEPLOYMENT] [SUCCESS] Successfully integrated communication system into InnovationLabsDivision.Agent.Integration.ps1
[2026-01-29 21:30:30] [DEPLOYMENT] [INFO] Processing InnovationLabsDivision.Agent.Monitoring.ps1
[2026-01-29 21:30:30] [DEPLOYMENT] [SUCCESS] Backed up InnovationLabsDivision.Agent.Monitoring.ps1 to C:\Users\gripa\OneDrive\Desktop\NCC\NCC-Doctrine\backups\communication\InnovationLabsDivision.Agent.Monitoring.ps1.backup.20260129213030
[2026-01-29 21:30:30] [DEPLOYMENT] [SUCCESS] Successfully integrated communication system into InnovationLabsDivision.Agent.Monitoring.ps1
[2026-01-29 21:30:30] [DEPLOYMENT] [INFO] Processing InnovationLabsDivision.Agent.Operational.ps1
[2026-01-29 21:30:30] [DEPLOYMENT] [SUCCESS] Backed up InnovationLabsDivision.Agent.Operational.ps1 to C:\Users\gripa\OneDrive\Desktop\NCC\NCC-Doctrine\backups\communication\InnovationLabsDivision.Agent.Operational.ps1.backup.20260129213030
[2026-01-29 21:30:30] [DEPLOYMENT] [SUCCESS] Successfully integrated communication system into InnovationLabsDivision.Agent.Operational.ps1
[2026-01-29 21:30:30] [DEPLOYMENT] [INFO] Processing InnovationLabsDivision.Agent.Security.ps1
[2026-01-29 21:30:30] [DEPLOYMENT] [SUCCESS] Backed up InnovationLabsDivision.Agent.Security.ps1 to C:\Users\gripa\OneDrive\Desktop\NCC\NCC-Doctrine\backups\communication\InnovationLabsDivision.Agent.Security.ps1.backup.20260129213030
[2026-01-29 21:30:30] [DEPLOYMENT] [SUCCESS] Successfully integrated communication system into InnovationLabsDivision.Agent.Security.ps1
[2026-01-29 21:30:30] [DEPLOYMENT] [INFO] Processing IntegratedInsuranceCorp.Agent.InsuranceOperations.ps1
[2026-01-29 21:30:30] [DEPLOYMENT] [SUCCESS] Backed up IntegratedInsuranceCorp.Agent.InsuranceOperations.ps1 to C:\Users\gripa\OneDrive\Desktop\NCC\NCC-Doctrine\backups\communication\IntegratedInsuranceCorp.Agent.InsuranceOperations.ps1.backup.20260129213030
[2026-01-29 21:30:30] [DEPLOYMENT] [SUCCESS] Successfully integrated communication system into IntegratedInsuranceCorp.Agent.InsuranceOperations.ps1
[2026-01-29 21:30:30] [DEPLOYMENT] [INFO] Processing IntegratedInsuranceCorp.Agent.Analytical.ps1
[2026-01-29 21:30:30] [DEPLOYMENT] [SUCCESS] Backed up IntegratedInsuranceCorp.Agent.Analytical.ps1 to C:\Users\gripa\OneDrive\Desktop\NCC\NCC-Doctrine\backups\communication\IntegratedInsuranceCorp.Agent.Analytical.ps1.backup.20260129213030
[2026-01-29 21:30:30] [DEPLOYMENT] [SUCCESS] Successfully integrated communication system into IntegratedInsuranceCorp.Agent.Analytical.ps1
[2026-01-29 21:30:30] [DEPLOYMENT] [INFO] Processing IntegratedInsuranceCorp.Agent.Executive.ps1
[2026-01-29 21:30:30] [DEPLOYMENT] [SUCCESS] Backed up IntegratedInsuranceCorp.Agent.Executive.ps1 to C:\Users\gripa\OneDrive\Desktop\NCC\NCC-Doctrine\backups\communication\IntegratedInsuranceCorp.Agent.Executive.ps1.backup.20260129213030
[2026-01-29 21:30:30] [DEPLOYMENT] [SUCCESS] Successfully integrated communication system into IntegratedInsuranceCorp.Agent.Executive.ps1
[2026-01-29 21:30:30] [DEPLOYMENT] [INFO] Processing IntegratedInsuranceCorp.Agent.Innovation.ps1
[2026-01-29 21:30:30] [DEPLOYMENT] [SUCCESS] Backed up IntegratedInsuranceCorp.Agent.Innovation.ps1 to C:\Users\gripa\OneDrive\Desktop\NCC\NCC-Doctrine\backups\communication\IntegratedInsuranceCorp.Agent.Innovation.ps1.backup.20260129213030
[2026-01-29 21:30:30] [DEPLOYMENT] [SUCCESS] Successfully integrated communication system into IntegratedInsuranceCorp.Agent.Innovation.ps1
[2026-01-29 21:30:30] [DEPLOYMENT] [INFO] Processing IntegratedInsuranceCorp.Agent.Integration.ps1
[2026-01-29 21:30:30] [DEPLOYMENT] [SUCCESS] Backed up IntegratedInsuranceCorp.Agent.Integration.ps1 to C:\Users\gripa\OneDrive\Desktop\NCC\NCC-Doctrine\backups\communication\IntegratedInsuranceCorp.Agent.Integration.ps1.backup.20260129213030
[2026-01-29 21:30:30] [DEPLOYMENT] [SUCCESS] Successfully integrated communication system into IntegratedInsuranceCorp.Agent.Integration.ps1
[2026-01-29 21:30:30] [DEPLOYMENT] [INFO] Processing IntegratedInsuranceCorp.Agent.Monitoring.ps1
[2026-01-29 21:30:30] [DEPLOYMENT] [SUCCESS] Backed up IntegratedInsuranceCorp.Agent.Monitoring.ps1 to C:\Users\gripa\OneDrive\Desktop\NCC\NCC-Doctrine\backups\communication\IntegratedInsuranceCorp.Agent.Monitoring.ps1.backup.20260129213030
[2026-01-29 21:30:30] [DEPLOYMENT] [SUCCESS] Successfully integrated communication system into IntegratedInsuranceCorp.Agent.Monitoring.ps1
[2026-01-29 21:30:30] [DEPLOYMENT] [INFO] Processing IntegratedInsuranceCorp.Agent.Operational.ps1
[2026-01-29 21:30:30] [DEPLOYMENT] [SUCCESS] Backed up IntegratedInsuranceCorp.Agent.Operational.ps1 to C:\Users\gripa\OneDrive\Desktop\NCC\NCC-Doctrine\backups\communication\IntegratedInsuranceCorp.Agent.Operational.ps1.backup.20260129213030
[2026-01-29 21:30:31] [DEPLOYMENT] [SUCCESS] Successfully integrated communication system into IntegratedInsuranceCorp.Agent.Operational.ps1
[2026-01-29 21:30:31] [DEPLOYMENT] [INFO] Processing IntegratedInsuranceCorp.Agent.Security.ps1
[2026-01-29 21:30:31] [DEPLOYMENT] [SUCCESS] Backed up IntegratedInsuranceCorp.Agent.Security.ps1 to C:\Users\gripa\OneDrive\Desktop\NCC\NCC-Doctrine\backups\communication\IntegratedInsuranceCorp.Agent.Security.ps1.backup.20260129213031
[2026-01-29 21:30:31] [DEPLOYMENT] [SUCCESS] Successfully integrated communication system into IntegratedInsuranceCorp.Agent.Security.ps1
[2026-01-29 21:30:31] [DEPLOYMENT] [INFO] Processing InternationalOperationsDivision.Agent.GlobalOperations.ps1
[2026-01-29 21:30:31] [DEPLOYMENT] [SUCCESS] Backed up InternationalOperationsDivision.Agent.GlobalOperations.ps1 to C:\Users\gripa\OneDrive\Desktop\NCC\NCC-Doctrine\backups\communication\InternationalOperationsDivision.Agent.GlobalOperations.ps1.backup.20260129213031
[2026-01-29 21:30:31] [DEPLOYMENT] [SUCCESS] Successfully integrated communication system into InternationalOperationsDivision.Agent.GlobalOperations.ps1
[2026-01-29 21:30:31] [DEPLOYMENT] [INFO] Processing InternationalOperationsDivision.Agent.Analytical.ps1
[2026-01-29 21:30:31] [DEPLOYMENT] [SUCCESS] Backed up InternationalOperationsDivision.Agent.Analytical.ps1 to C:\Users\gripa\OneDrive\Desktop\NCC\NCC-Doctrine\backups\communication\InternationalOperationsDivision.Agent.Analytical.ps1.backup.20260129213031
[2026-01-29 21:30:31] [DEPLOYMENT] [SUCCESS] Successfully integrated communication system into InternationalOperationsDivision.Agent.Analytical.ps1
[2026-01-29 21:30:31] [DEPLOYMENT] [INFO] Processing InternationalOperationsDivision.Agent.Executive.ps1
[2026-01-29 21:30:31] [DEPLOYMENT] [SUCCESS] Backed up InternationalOperationsDivision.Agent.Executive.ps1 to C:\Users\gripa\OneDrive\Desktop\NCC\NCC-Doctrine\backups\communication\InternationalOperationsDivision.Agent.Executive.ps1.backup.20260129213031
[2026-01-29 21:30:31] [DEPLOYMENT] [SUCCESS] Successfully integrated communication system into InternationalOperationsDivision.Agent.Executive.ps1
[2026-01-29 21:30:31] [DEPLOYMENT] [INFO] Processing InternationalOperationsDivision.Agent.Innovation.ps1
[2026-01-29 21:30:31] [DEPLOYMENT] [SUCCESS] Backed up InternationalOperationsDivision.Agent.Innovation.ps1 to C:\Users\gripa\OneDrive\Desktop\NCC\NCC-Doctrine\backups\communication\InternationalOperationsDivision.Agent.Innovation.ps1.backup.20260129213031
[2026-01-29 21:30:31] [DEPLOYMENT] [SUCCESS] Successfully integrated communication system into InternationalOperationsDivision.Agent.Innovation.ps1
[2026-01-29 21:30:31] [DEPLOYMENT] [INFO] Processing InternationalOperationsDivision.Agent.Integration.ps1
[2026-01-29 21:30:31] [DEPLOYMENT] [SUCCESS] Backed up InternationalOperationsDivision.Agent.Integration.ps1 to C:\Users\gripa\OneDrive\Desktop\NCC\NCC-Doctrine\backups\communication\InternationalOperationsDivision.Agent.Integration.ps1.backup.20260129213031
[2026-01-29 21:30:31] [DEPLOYMENT] [SUCCESS] Successfully integrated communication system into InternationalOperationsDivision.Agent.Integration.ps1
[2026-01-29 21:30:31] [DEPLOYMENT] [INFO] Processing InternationalOperationsDivision.Agent.Monitoring.ps1
[2026-01-29 21:30:31] [DEPLOYMENT] [SUCCESS] Backed up InternationalOperationsDivision.Agent.Monitoring.ps1 to C:\Users\gripa\OneDrive\Desktop\NCC\NCC-Doctrine\backups\communication\InternationalOperationsDivision.Agent.Monitoring.ps1.backup.20260129213031
[2026-01-29 21:30:31] [DEPLOYMENT] [SUCCESS] Successfully integrated communication system into InternationalOperationsDivision.Agent.Monitoring.ps1
[2026-01-29 21:30:31] [DEPLOYMENT] [INFO] Processing InternationalOperationsDivision.Agent.Operational.ps1
[2026-01-29 21:30:31] [DEPLOYMENT] [SUCCESS] Backed up InternationalOperationsDivision.Agent.Operational.ps1 to C:\Users\gripa\OneDrive\Desktop\NCC\NCC-Doctrine\backups\communication\InternationalOperationsDivision.Agent.Operational.ps1.backup.20260129213031
[2026-01-29 21:30:31] [DEPLOYMENT] [SUCCESS] Successfully integrated communication system into InternationalOperationsDivision.Agent.Operational.ps1
[2026-01-29 21:30:31] [DEPLOYMENT] [INFO] Processing InternationalOperationsDivision.Agent.Security.ps1
[2026-01-29 21:30:31] [DEPLOYMENT] [SUCCESS] Backed up InternationalOperationsDivision.Agent.Security.ps1 to C:\Users\gripa\OneDrive\Desktop\NCC\NCC-Doctrine\backups\communication\InternationalOperationsDivision.Agent.Security.ps1.backup.20260129213031
[2026-01-29 21:30:31] [DEPLOYMENT] [SUCCESS] Successfully integrated communication system into InternationalOperationsDivision.Agent.Security.ps1
[2026-01-29 21:30:31] [DEPLOYMENT] [INFO] Processing Ludwig_Law_Corp.Agent.LegalAnalysis.ps1
[2026-01-29 21:30:31] [DEPLOYMENT] [SUCCESS] Backed up Ludwig_Law_Corp.Agent.LegalAnalysis.ps1 to C:\Users\gripa\OneDrive\Desktop\NCC\NCC-Doctrine\backups\communication\Ludwig_Law_Corp.Agent.LegalAnalysis.ps1.backup.20260129213031
[2026-01-29 21:30:31] [DEPLOYMENT] [SUCCESS] Successfully integrated communication system into Ludwig_Law_Corp.Agent.LegalAnalysis.ps1
[2026-01-29 21:30:31] [DEPLOYMENT] [INFO] Processing Ludwig_Law_Corp.Agent.Analytical.ps1
[2026-01-29 21:30:31] [DEPLOYMENT] [SUCCESS] Backed up Ludwig_Law_Corp.Agent.Analytical.ps1 to C:\Users\gripa\OneDrive\Desktop\NCC\NCC-Doctrine\backups\communication\Ludwig_Law_Corp.Agent.Analytical.ps1.backup.20260129213031
[2026-01-29 21:30:31] [DEPLOYMENT] [SUCCESS] Successfully integrated communication system into Ludwig_Law_Corp.Agent.Analytical.ps1
[2026-01-29 21:30:31] [DEPLOYMENT] [INFO] Processing Ludwig_Law_Corp.Agent.Executive.ps1
[2026-01-29 21:30:31] [DEPLOYMENT] [SUCCESS] Backed up Ludwig_Law_Corp.Agent.Executive.ps1 to C:\Users\gripa\OneDrive\Desktop\NCC\NCC-Doctrine\backups\communication\Ludwig_Law_Corp.Agent.Executive.ps1.backup.20260129213031
[2026-01-29 21:30:31] [DEPLOYMENT] [SUCCESS] Successfully integrated communication system into Ludwig_Law_Corp.Agent.Executive.ps1
[2026-01-29 21:30:31] [DEPLOYMENT] [INFO] Processing Ludwig_Law_Corp.Agent.Innovation.ps1
[2026-01-29 21:30:31] [DEPLOYMENT] [SUCCESS] Backed up Ludwig_Law_Corp.Agent.Innovation.ps1 to C:\Users\gripa\OneDrive\Desktop\NCC\NCC-Doctrine\backups\communication\Ludwig_Law_Corp.Agent.Innovation.ps1.backup.20260129213031
[2026-01-29 21:30:31] [DEPLOYMENT] [SUCCESS] Successfully integrated communication system into Ludwig_Law_Corp.Agent.Innovation.ps1
[2026-01-29 21:30:31] [DEPLOYMENT] [INFO] Processing Ludwig_Law_Corp.Agent.Integration.ps1
[2026-01-29 21:30:31] [DEPLOYMENT] [SUCCESS] Backed up Ludwig_Law_Corp.Agent.Integration.ps1 to C:\Users\gripa\OneDrive\Desktop\NCC\NCC-Doctrine\backups\communication\Ludwig_Law_Corp.Agent.Integration.ps1.backup.20260129213031
[2026-01-29 21:30:31] [DEPLOYMENT] [SUCCESS] Successfully integrated communication system into Ludwig_Law_Corp.Agent.Integration.ps1
[2026-01-29 21:30:31] [DEPLOYMENT] [INFO] Processing Ludwig_Law_Corp.Agent.Monitoring.ps1
[2026-01-29 21:30:31] [DEPLOYMENT] [SUCCESS] Backed up Ludwig_Law_Corp.Agent.Monitoring.ps1 to C:\Users\gripa\OneDrive\Desktop\NCC\NCC-Doctrine\backups\communication\Ludwig_Law_Corp.Agent.Monitoring.ps1.backup.20260129213031
[2026-01-29 21:30:31] [DEPLOYMENT] [SUCCESS] Successfully integrated communication system into Ludwig_Law_Corp.Agent.Monitoring.ps1
[2026-01-29 21:30:31] [DEPLOYMENT] [INFO] Processing Ludwig_Law_Corp.Agent.Operational.ps1
[2026-01-29 21:30:31] [DEPLOYMENT] [SUCCESS] Backed up Ludwig_Law_Corp.Agent.Operational.ps1 to C:\Users\gripa\OneDrive\Desktop\NCC\NCC-Doctrine\backups\communication\Ludwig_Law_Corp.Agent.Operational.ps1.backup.20260129213031
[2026-01-29 21:30:31] [DEPLOYMENT] [SUCCESS] Successfully integrated communication system into Ludwig_Law_Corp.Agent.Operational.ps1
[2026-01-29 21:30:31] [DEPLOYMENT] [INFO] Processing Ludwig_Law_Corp.Agent.Security.ps1
[2026-01-29 21:30:31] [DEPLOYMENT] [SUCCESS] Backed up Ludwig_Law_Corp.Agent.Security.ps1 to C:\Users\gripa\OneDrive\Desktop\NCC\NCC-Doctrine\backups\communication\Ludwig_Law_Corp.Agent.Security.ps1.backup.20260129213031
[2026-01-29 21:30:31] [DEPLOYMENT] [SUCCESS] Successfully integrated communication system into Ludwig_Law_Corp.Agent.Security.ps1
[2026-01-29 21:30:31] [DEPLOYMENT] [INFO] Processing MediaCorp.Agent.Analytical.ps1
[2026-01-29 21:30:31] [DEPLOYMENT] [SUCCESS] Backed up MediaCorp.Agent.Analytical.ps1 to C:\Users\gripa\OneDrive\Desktop\NCC\NCC-Doctrine\backups\communication\MediaCorp.Agent.Analytical.ps1.backup.20260129213031
[2026-01-29 21:30:31] [DEPLOYMENT] [SUCCESS] Successfully integrated communication system into MediaCorp.Agent.Analytical.ps1
[2026-01-29 21:30:31] [DEPLOYMENT] [INFO] Processing MediaCorp.Agent.Executive.ps1
[2026-01-29 21:30:31] [DEPLOYMENT] [SUCCESS] Backed up MediaCorp.Agent.Executive.ps1 to C:\Users\gripa\OneDrive\Desktop\NCC\NCC-Doctrine\backups\communication\MediaCorp.Agent.Executive.ps1.backup.20260129213031
[2026-01-29 21:30:31] [DEPLOYMENT] [SUCCESS] Successfully integrated communication system into MediaCorp.Agent.Executive.ps1
[2026-01-29 21:30:31] [DEPLOYMENT] [INFO] Processing MediaCorp.Agent.Innovation.ps1
[2026-01-29 21:30:31] [DEPLOYMENT] [SUCCESS] Backed up MediaCorp.Agent.Innovation.ps1 to C:\Users\gripa\OneDrive\Desktop\NCC\NCC-Doctrine\backups\communication\MediaCorp.Agent.Innovation.ps1.backup.20260129213031
[2026-01-29 21:30:31] [DEPLOYMENT] [SUCCESS] Successfully integrated communication system into MediaCorp.Agent.Innovation.ps1
[2026-01-29 21:30:31] [DEPLOYMENT] [INFO] Processing MediaCorp.Agent.Integration.ps1
[2026-01-29 21:30:31] [DEPLOYMENT] [SUCCESS] Backed up MediaCorp.Agent.Integration.ps1 to C:\Users\gripa\OneDrive\Desktop\NCC\NCC-Doctrine\backups\communication\MediaCorp.Agent.Integration.ps1.backup.20260129213031
[2026-01-29 21:30:31] [DEPLOYMENT] [SUCCESS] Successfully integrated communication system into MediaCorp.Agent.Integration.ps1
[2026-01-29 21:30:31] [DEPLOYMENT] [INFO] Processing MediaCorp.Agent.Monitoring.ps1
[2026-01-29 21:30:31] [DEPLOYMENT] [SUCCESS] Backed up MediaCorp.Agent.Monitoring.ps1 to C:\Users\gripa\OneDrive\Desktop\NCC\NCC-Doctrine\backups\communication\MediaCorp.Agent.Monitoring.ps1.backup.20260129213031
[2026-01-29 21:30:31] [DEPLOYMENT] [SUCCESS] Successfully integrated communication system into MediaCorp.Agent.Monitoring.ps1
[2026-01-29 21:30:31] [DEPLOYMENT] [INFO] Processing MediaCorp.Agent.Operational.ps1
[2026-01-29 21:30:31] [DEPLOYMENT] [SUCCESS] Backed up MediaCorp.Agent.Operational.ps1 to C:\Users\gripa\OneDrive\Desktop\NCC\NCC-Doctrine\backups\communication\MediaCorp.Agent.Operational.ps1.backup.20260129213031
[2026-01-29 21:30:31] [DEPLOYMENT] [SUCCESS] Successfully integrated communication system into MediaCorp.Agent.Operational.ps1
[2026-01-29 21:30:31] [DEPLOYMENT] [INFO] Processing MediaCorp.Agent.Security.ps1
[2026-01-29 21:30:31] [DEPLOYMENT] [SUCCESS] Backed up MediaCorp.Agent.Security.ps1 to C:\Users\gripa\OneDrive\Desktop\NCC\NCC-Doctrine\backups\communication\MediaCorp.Agent.Security.ps1.backup.20260129213031
[2026-01-29 21:30:31] [DEPLOYMENT] [SUCCESS] Successfully integrated communication system into MediaCorp.Agent.Security.ps1
[2026-01-29 21:30:31] [DEPLOYMENT] [INFO] Processing QuantumComputingDivision.Agent.QuantumResearch.ps1
[2026-01-29 21:30:31] [DEPLOYMENT] [SUCCESS] Backed up QuantumComputingDivision.Agent.QuantumResearch.ps1 to C:\Users\gripa\OneDrive\Desktop\NCC\NCC-Doctrine\backups\communication\QuantumComputingDivision.Agent.QuantumResearch.ps1.backup.20260129213031
[2026-01-29 21:30:31] [DEPLOYMENT] [SUCCESS] Successfully integrated communication system into QuantumComputingDivision.Agent.QuantumResearch.ps1
[2026-01-29 21:30:31] [DEPLOYMENT] [INFO] Processing QuantumComputingDivision.Agent.Analytical.ps1
[2026-01-29 21:30:31] [DEPLOYMENT] [SUCCESS] Backed up QuantumComputingDivision.Agent.Analytical.ps1 to C:\Users\gripa\OneDrive\Desktop\NCC\NCC-Doctrine\backups\communication\QuantumComputingDivision.Agent.Analytical.ps1.backup.20260129213031
[2026-01-29 21:30:31] [DEPLOYMENT] [SUCCESS] Successfully integrated communication system into QuantumComputingDivision.Agent.Analytical.ps1
[2026-01-29 21:30:31] [DEPLOYMENT] [INFO] Processing QuantumComputingDivision.Agent.Executive.ps1
[2026-01-29 21:30:31] [DEPLOYMENT] [SUCCESS] Backed up QuantumComputingDivision.Agent.Executive.ps1 to C:\Users\gripa\OneDrive\Desktop\NCC\NCC-Doctrine\backups\communication\QuantumComputingDivision.Agent.Executive.ps1.backup.20260129213031
[2026-01-29 21:30:31] [DEPLOYMENT] [SUCCESS] Successfully integrated communication system into QuantumComputingDivision.Agent.Executive.ps1
[2026-01-29 21:30:31] [DEPLOYMENT] [INFO] Processing QuantumComputingDivision.Agent.Innovation.ps1
[2026-01-29 21:30:31] [DEPLOYMENT] [SUCCESS] Backed up QuantumComputingDivision.Agent.Innovation.ps1 to C:\Users\gripa\OneDrive\Desktop\NCC\NCC-Doctrine\backups\communication\QuantumComputingDivision.Agent.Innovation.ps1.backup.20260129213031
[2026-01-29 21:30:31] [DEPLOYMENT] [SUCCESS] Successfully integrated communication system into QuantumComputingDivision.Agent.Innovation.ps1
[2026-01-29 21:30:31] [DEPLOYMENT] [INFO] Processing QuantumComputingDivision.Agent.Integration.ps1
[2026-01-29 21:30:31] [DEPLOYMENT] [SUCCESS] Backed up QuantumComputingDivision.Agent.Integration.ps1 to C:\Users\gripa\OneDrive\Desktop\NCC\NCC-Doctrine\backups\communication\QuantumComputingDivision.Agent.Integration.ps1.backup.20260129213031
[2026-01-29 21:30:31] [DEPLOYMENT] [SUCCESS] Successfully integrated communication system into QuantumComputingDivision.Agent.Integration.ps1
[2026-01-29 21:30:31] [DEPLOYMENT] [INFO] Processing QuantumComputingDivision.Agent.Monitoring.ps1
[2026-01-29 21:30:31] [DEPLOYMENT] [SUCCESS] Backed up QuantumComputingDivision.Agent.Monitoring.ps1 to C:\Users\gripa\OneDrive\Desktop\NCC\NCC-Doctrine\backups\communication\QuantumComputingDivision.Agent.Monitoring.ps1.backup.20260129213031
[2026-01-29 21:30:31] [DEPLOYMENT] [SUCCESS] Successfully integrated communication system into QuantumComputingDivision.Agent.Monitoring.ps1
[2026-01-29 21:30:31] [DEPLOYMENT] [INFO] Processing QuantumComputingDivision.Agent.Operational.ps1
[2026-01-29 21:30:31] [DEPLOYMENT] [SUCCESS] Backed up QuantumComputingDivision.Agent.Operational.ps1 to C:\Users\gripa\OneDrive\Desktop\NCC\NCC-Doctrine\backups\communication\QuantumComputingDivision.Agent.Operational.ps1.backup.20260129213031
[2026-01-29 21:30:31] [DEPLOYMENT] [SUCCESS] Successfully integrated communication system into QuantumComputingDivision.Agent.Operational.ps1
[2026-01-29 21:30:31] [DEPLOYMENT] [INFO] Processing QuantumComputingDivision.Agent.Security.ps1
[2026-01-29 21:30:31] [DEPLOYMENT] [SUCCESS] Backed up QuantumComputingDivision.Agent.Security.ps1 to C:\Users\gripa\OneDrive\Desktop\NCC\NCC-Doctrine\backups\communication\QuantumComputingDivision.Agent.Security.ps1.backup.20260129213031
[2026-01-29 21:30:31] [DEPLOYMENT] [SUCCESS] Successfully integrated communication system into QuantumComputingDivision.Agent.Security.ps1
[2026-01-29 21:30:31] [DEPLOYMENT] [INFO] Processing ResonanceEnergyCorp.Agent.EnergyOperations.ps1
[2026-01-29 21:30:31] [DEPLOYMENT] [SUCCESS] Backed up ResonanceEnergyCorp.Agent.EnergyOperations.ps1 to C:\Users\gripa\OneDrive\Desktop\NCC\NCC-Doctrine\backups\communication\ResonanceEnergyCorp.Agent.EnergyOperations.ps1.backup.20260129213031
[2026-01-29 21:30:31] [DEPLOYMENT] [SUCCESS] Successfully integrated communication system into ResonanceEnergyCorp.Agent.EnergyOperations.ps1
[2026-01-29 21:30:31] [DEPLOYMENT] [INFO] Processing ResonanceEnergyCorp.Agent.Analytical.ps1
[2026-01-29 21:30:31] [DEPLOYMENT] [SUCCESS] Backed up ResonanceEnergyCorp.Agent.Analytical.ps1 to C:\Users\gripa\OneDrive\Desktop\NCC\NCC-Doctrine\backups\communication\ResonanceEnergyCorp.Agent.Analytical.ps1.backup.20260129213031
[2026-01-29 21:30:31] [DEPLOYMENT] [SUCCESS] Successfully integrated communication system into ResonanceEnergyCorp.Agent.Analytical.ps1
[2026-01-29 21:30:31] [DEPLOYMENT] [INFO] Processing ResonanceEnergyCorp.Agent.Executive.ps1
[2026-01-29 21:30:31] [DEPLOYMENT] [SUCCESS] Backed up ResonanceEnergyCorp.Agent.Executive.ps1 to C:\Users\gripa\OneDrive\Desktop\NCC\NCC-Doctrine\backups\communication\ResonanceEnergyCorp.Agent.Executive.ps1.backup.20260129213031
[2026-01-29 21:30:31] [DEPLOYMENT] [SUCCESS] Successfully integrated communication system into ResonanceEnergyCorp.Agent.Executive.ps1
[2026-01-29 21:30:31] [DEPLOYMENT] [INFO] Processing ResonanceEnergyCorp.Agent.Innovation.ps1
[2026-01-29 21:30:31] [DEPLOYMENT] [SUCCESS] Backed up ResonanceEnergyCorp.Agent.Innovation.ps1 to C:\Users\gripa\OneDrive\Desktop\NCC\NCC-Doctrine\backups\communication\ResonanceEnergyCorp.Agent.Innovation.ps1.backup.20260129213031
[2026-01-29 21:30:31] [DEPLOYMENT] [SUCCESS] Successfully integrated communication system into ResonanceEnergyCorp.Agent.Innovation.ps1
[2026-01-29 21:30:31] [DEPLOYMENT] [INFO] Processing ResonanceEnergyCorp.Agent.Integration.ps1
[2026-01-29 21:30:31] [DEPLOYMENT] [SUCCESS] Backed up ResonanceEnergyCorp.Agent.Integration.ps1 to C:\Users\gripa\OneDrive\Desktop\NCC\NCC-Doctrine\backups\communication\ResonanceEnergyCorp.Agent.Integration.ps1.backup.20260129213031
[2026-01-29 21:30:31] [DEPLOYMENT] [SUCCESS] Successfully integrated communication system into ResonanceEnergyCorp.Agent.Integration.ps1
[2026-01-29 21:30:31] [DEPLOYMENT] [INFO] Processing ResonanceEnergyCorp.Agent.Monitoring.ps1
[2026-01-29 21:30:31] [DEPLOYMENT] [SUCCESS] Backed up ResonanceEnergyCorp.Agent.Monitoring.ps1 to C:\Users\gripa\OneDrive\Desktop\NCC\NCC-Doctrine\backups\communication\ResonanceEnergyCorp.Agent.Monitoring.ps1.backup.20260129213031
[2026-01-29 21:30:31] [DEPLOYMENT] [SUCCESS] Successfully integrated communication system into ResonanceEnergyCorp.Agent.Monitoring.ps1
[2026-01-29 21:30:31] [DEPLOYMENT] [INFO] Processing ResonanceEnergyCorp.Agent.Operational.ps1
[2026-01-29 21:30:31] [DEPLOYMENT] [SUCCESS] Backed up ResonanceEnergyCorp.Agent.Operational.ps1 to C:\Users\gripa\OneDrive\Desktop\NCC\NCC-Doctrine\backups\communication\ResonanceEnergyCorp.Agent.Operational.ps1.backup.20260129213031
[2026-01-29 21:30:31] [DEPLOYMENT] [SUCCESS] Successfully integrated communication system into ResonanceEnergyCorp.Agent.Operational.ps1
[2026-01-29 21:30:31] [DEPLOYMENT] [INFO] Processing ResonanceEnergyCorp.Agent.Security.ps1
[2026-01-29 21:30:31] [DEPLOYMENT] [SUCCESS] Backed up ResonanceEnergyCorp.Agent.Security.ps1 to C:\Users\gripa\OneDrive\Desktop\NCC\NCC-Doctrine\backups\communication\ResonanceEnergyCorp.Agent.Security.ps1.backup.20260129213031
[2026-01-29 21:30:31] [DEPLOYMENT] [SUCCESS] Successfully integrated communication system into ResonanceEnergyCorp.Agent.Security.ps1
[2026-01-29 21:30:31] [DEPLOYMENT] [INFO] Processing RoboticsAutomationDivision.Agent.RoboticsOperations.ps1
[2026-01-29 21:30:31] [DEPLOYMENT] [SUCCESS] Backed up RoboticsAutomationDivision.Agent.RoboticsOperations.ps1 to C:\Users\gripa\OneDrive\Desktop\NCC\NCC-Doctrine\backups\communication\RoboticsAutomationDivision.Agent.RoboticsOperations.ps1.backup.20260129213031
[2026-01-29 21:30:31] [DEPLOYMENT] [SUCCESS] Successfully integrated communication system into RoboticsAutomationDivision.Agent.RoboticsOperations.ps1
[2026-01-29 21:30:31] [DEPLOYMENT] [INFO] Processing RoboticsAutomationDivision.Agent.Analytical.ps1
[2026-01-29 21:30:31] [DEPLOYMENT] [SUCCESS] Backed up RoboticsAutomationDivision.Agent.Analytical.ps1 to C:\Users\gripa\OneDrive\Desktop\NCC\NCC-Doctrine\backups\communication\RoboticsAutomationDivision.Agent.Analytical.ps1.backup.20260129213031
[2026-01-29 21:30:31] [DEPLOYMENT] [SUCCESS] Successfully integrated communication system into RoboticsAutomationDivision.Agent.Analytical.ps1
[2026-01-29 21:30:31] [DEPLOYMENT] [INFO] Processing RoboticsAutomationDivision.Agent.Executive.ps1
[2026-01-29 21:30:31] [DEPLOYMENT] [SUCCESS] Backed up RoboticsAutomationDivision.Agent.Executive.ps1 to C:\Users\gripa\OneDrive\Desktop\NCC\NCC-Doctrine\backups\communication\RoboticsAutomationDivision.Agent.Executive.ps1.backup.20260129213031
[2026-01-29 21:30:31] [DEPLOYMENT] [SUCCESS] Successfully integrated communication system into RoboticsAutomationDivision.Agent.Executive.ps1
[2026-01-29 21:30:31] [DEPLOYMENT] [INFO] Processing RoboticsAutomationDivision.Agent.Innovation.ps1
[2026-01-29 21:30:31] [DEPLOYMENT] [SUCCESS] Backed up RoboticsAutomationDivision.Agent.Innovation.ps1 to C:\Users\gripa\OneDrive\Desktop\NCC\NCC-Doctrine\backups\communication\RoboticsAutomationDivision.Agent.Innovation.ps1.backup.20260129213031
[2026-01-29 21:30:31] [DEPLOYMENT] [SUCCESS] Successfully integrated communication system into RoboticsAutomationDivision.Agent.Innovation.ps1
[2026-01-29 21:30:31] [DEPLOYMENT] [INFO] Processing RoboticsAutomationDivision.Agent.Integration.ps1
[2026-01-29 21:30:31] [DEPLOYMENT] [SUCCESS] Backed up RoboticsAutomationDivision.Agent.Integration.ps1 to C:\Users\gripa\OneDrive\Desktop\NCC\NCC-Doctrine\backups\communication\RoboticsAutomationDivision.Agent.Integration.ps1.backup.20260129213031
[2026-01-29 21:30:31] [DEPLOYMENT] [SUCCESS] Successfully integrated communication system into RoboticsAutomationDivision.Agent.Integration.ps1
[2026-01-29 21:30:31] [DEPLOYMENT] [INFO] Processing RoboticsAutomationDivision.Agent.Monitoring.ps1
[2026-01-29 21:30:31] [DEPLOYMENT] [SUCCESS] Backed up RoboticsAutomationDivision.Agent.Monitoring.ps1 to C:\Users\gripa\OneDrive\Desktop\NCC\NCC-Doctrine\backups\communication\RoboticsAutomationDivision.Agent.Monitoring.ps1.backup.20260129213031
[2026-01-29 21:30:31] [DEPLOYMENT] [SUCCESS] Successfully integrated communication system into RoboticsAutomationDivision.Agent.Monitoring.ps1
[2026-01-29 21:30:31] [DEPLOYMENT] [INFO] Processing RoboticsAutomationDivision.Agent.Operational.ps1
[2026-01-29 21:30:31] [DEPLOYMENT] [SUCCESS] Backed up RoboticsAutomationDivision.Agent.Operational.ps1 to C:\Users\gripa\OneDrive\Desktop\NCC\NCC-Doctrine\backups\communication\RoboticsAutomationDivision.Agent.Operational.ps1.backup.20260129213031
[2026-01-29 21:30:31] [DEPLOYMENT] [SUCCESS] Successfully integrated communication system into RoboticsAutomationDivision.Agent.Operational.ps1
[2026-01-29 21:30:31] [DEPLOYMENT] [INFO] Processing RoboticsAutomationDivision.Agent.Security.ps1
[2026-01-29 21:30:31] [DEPLOYMENT] [SUCCESS] Backed up RoboticsAutomationDivision.Agent.Security.ps1 to C:\Users\gripa\OneDrive\Desktop\NCC\NCC-Doctrine\backups\communication\RoboticsAutomationDivision.Agent.Security.ps1.backup.20260129213031
[2026-01-29 21:30:31] [DEPLOYMENT] [SUCCESS] Successfully integrated communication system into RoboticsAutomationDivision.Agent.Security.ps1
[2026-01-29 21:30:31] [DEPLOYMENT] [INFO] Processing SpaceOperationsDivision.Agent.SpaceOperations.ps1
[2026-01-29 21:30:31] [DEPLOYMENT] [SUCCESS] Backed up SpaceOperationsDivision.Agent.SpaceOperations.ps1 to C:\Users\gripa\OneDrive\Desktop\NCC\NCC-Doctrine\backups\communication\SpaceOperationsDivision.Agent.SpaceOperations.ps1.backup.20260129213031
[2026-01-29 21:30:31] [DEPLOYMENT] [SUCCESS] Successfully integrated communication system into SpaceOperationsDivision.Agent.SpaceOperations.ps1
[2026-01-29 21:30:31] [DEPLOYMENT] [INFO] Processing SpaceOperationsDivision.Agent.Analytical.ps1
[2026-01-29 21:30:31] [DEPLOYMENT] [SUCCESS] Backed up SpaceOperationsDivision.Agent.Analytical.ps1 to C:\Users\gripa\OneDrive\Desktop\NCC\NCC-Doctrine\backups\communication\SpaceOperationsDivision.Agent.Analytical.ps1.backup.20260129213031
[2026-01-29 21:30:31] [DEPLOYMENT] [SUCCESS] Successfully integrated communication system into SpaceOperationsDivision.Agent.Analytical.ps1
[2026-01-29 21:30:31] [DEPLOYMENT] [INFO] Processing SpaceOperationsDivision.Agent.Executive.ps1
[2026-01-29 21:30:31] [DEPLOYMENT] [SUCCESS] Backed up SpaceOperationsDivision.Agent.Executive.ps1 to C:\Users\gripa\OneDrive\Desktop\NCC\NCC-Doctrine\backups\communication\SpaceOperationsDivision.Agent.Executive.ps1.backup.20260129213031
[2026-01-29 21:30:31] [DEPLOYMENT] [SUCCESS] Successfully integrated communication system into SpaceOperationsDivision.Agent.Executive.ps1
[2026-01-29 21:30:31] [DEPLOYMENT] [INFO] Processing SpaceOperationsDivision.Agent.Innovation.ps1
[2026-01-29 21:30:31] [DEPLOYMENT] [SUCCESS] Backed up SpaceOperationsDivision.Agent.Innovation.ps1 to C:\Users\gripa\OneDrive\Desktop\NCC\NCC-Doctrine\backups\communication\SpaceOperationsDivision.Agent.Innovation.ps1.backup.20260129213031
[2026-01-29 21:30:31] [DEPLOYMENT] [SUCCESS] Successfully integrated communication system into SpaceOperationsDivision.Agent.Innovation.ps1
[2026-01-29 21:30:31] [DEPLOYMENT] [INFO] Processing SpaceOperationsDivision.Agent.Integration.ps1
[2026-01-29 21:30:31] [DEPLOYMENT] [SUCCESS] Backed up SpaceOperationsDivision.Agent.Integration.ps1 to C:\Users\gripa\OneDrive\Desktop\NCC\NCC-Doctrine\backups\communication\SpaceOperationsDivision.Agent.Integration.ps1.backup.20260129213031
[2026-01-29 21:30:31] [DEPLOYMENT] [SUCCESS] Successfully integrated communication system into SpaceOperationsDivision.Agent.Integration.ps1
[2026-01-29 21:30:31] [DEPLOYMENT] [INFO] Processing SpaceOperationsDivision.Agent.Monitoring.ps1
[2026-01-29 21:30:31] [DEPLOYMENT] [SUCCESS] Backed up SpaceOperationsDivision.Agent.Monitoring.ps1 to C:\Users\gripa\OneDrive\Desktop\NCC\NCC-Doctrine\backups\communication\SpaceOperationsDivision.Agent.Monitoring.ps1.backup.20260129213031
[2026-01-29 21:30:31] [DEPLOYMENT] [SUCCESS] Successfully integrated communication system into SpaceOperationsDivision.Agent.Monitoring.ps1
[2026-01-29 21:30:31] [DEPLOYMENT] [INFO] Processing SpaceOperationsDivision.Agent.Operational.ps1
[2026-01-29 21:30:31] [DEPLOYMENT] [SUCCESS] Backed up SpaceOperationsDivision.Agent.Operational.ps1 to C:\Users\gripa\OneDrive\Desktop\NCC\NCC-Doctrine\backups\communication\SpaceOperationsDivision.Agent.Operational.ps1.backup.20260129213031
[2026-01-29 21:30:31] [DEPLOYMENT] [SUCCESS] Successfully integrated communication system into SpaceOperationsDivision.Agent.Operational.ps1
[2026-01-29 21:30:31] [DEPLOYMENT] [INFO] Processing SpaceOperationsDivision.Agent.Security.ps1
[2026-01-29 21:30:31] [DEPLOYMENT] [SUCCESS] Backed up SpaceOperationsDivision.Agent.Security.ps1 to C:\Users\gripa\OneDrive\Desktop\NCC\NCC-Doctrine\backups\communication\SpaceOperationsDivision.Agent.Security.ps1.backup.20260129213031
[2026-01-29 21:30:31] [DEPLOYMENT] [SUCCESS] Successfully integrated communication system into SpaceOperationsDivision.Agent.Security.ps1
[2026-01-29 21:30:31] [DEPLOYMENT] [SUCCESS] Deployment completed: 145/145 agents successfully updated
