[2026-01-29 17:38:25] [AAC-ENTERPRISE-INIT] üè¢ INITIALIZING AAC ENTERPRISE INTEGRATION SYSTEM üè¢
[2026-01-29 17:38:25] [AAC-ENTERPRISE-INIT] Initializing individual AAC systems...
[2026-01-29 17:38:25] [AAC-ENTERPRISE-ERROR] Failed to initialize Agent Tracking: At C:\Users\gripa\OneDrive\Desktop\NCC\NCC-Doctrine\Scripts\AAC.AgentTracking.ps1:168 char:46
+     Write-AACLog "Message sent from $From to $To: $Subject" "INFO"
+                                              ~~~~
Variable reference is not valid. ':' was not followed by a valid variable name character. Consider using ${} to delimit the name.
[2026-01-29 17:38:25] [AAC-ENTERPRISE-ERROR] Failed to initialize HR Database: At C:\Users\gripa\OneDrive\Desktop\NCC\NCC-Doctrine\Scripts\AAC.HRDatabase.ps1:346 char:45
+     Write-AACLog "Training record added for $EmployeeId: $TrainingPro ...
+                                             ~~~~~~~~~~~~
Variable reference is not valid. ':' was not followed by a valid variable name character. Consider using ${} to delimit the name.
[2026-01-29 17:38:25] [AAC-ENTERPRISE-ERROR] Failed to initialize Information System: At C:\Users\gripa\OneDrive\Desktop\NCC\NCC-Doctrine\Scripts\AAC.InformationSystem.ps1:115 char:64
+ ...  Write-AACLog "üî• INITIALIZING AAC INFORMATION PRODUCTION & DISTRIB ...
+                                                                 ~
The ampersand (&) character is not allowed. The & operator is reserved for future use; wrap an ampersand in double quotation marks ("&") to pass it as part of a string.

At C:\Users\gripa\OneDrive\Desktop\NCC\NCC-Doctrine\Scripts\AAC.InformationSystem.ps1:363 char:46
+     Write-AACLog "AAC Information Production & Distribution System in ...
+                                              ~
The ampersand (&) character is not allowed. The & operator is reserved for future use; wrap an ampersand in double quotation marks ("&") to pass it as part of a string.

At C:\Users\gripa\OneDrive\Desktop\NCC\NCC-Doctrine\Scripts\AAC.InformationSystem.ps1:429 char:40
+ Write-Host "AAC Information Production & Distribution System" -Foregr ...
+                                        ~
The ampersand (&) character is not allowed. The & operator is reserved for future use; wrap an ampersand in double quotation marks ("&") to pass it as part of a string.

At C:\Users\gripa\OneDrive\Desktop\NCC\NCC-Doctrine\Scripts\AAC.InformationSystem.ps1:259 char:33
+ function Distribute-Information {
+                                 ~
Missing closing '}' in statement block or type definition.
[2026-01-29 17:38:26] [AAC-ENTERPRISE-SUCCESS] Email System initialized
[2026-01-29 17:38:26] [AAC-ENTERPRISE-SUCCESS] AAC Enterprise Integration System initialized successfully
[2026-01-29 17:38:44] [AAC-ENTERPRISE-INIT] üè¢ INITIALIZING AAC ENTERPRISE INTEGRATION SYSTEM üè¢
[2026-01-29 17:38:44] [AAC-ENTERPRISE-INIT] Initializing individual AAC systems...
[2026-01-29 17:38:46] [AAC-ENTERPRISE-SUCCESS] Agent Tracking system initialized
[2026-01-29 17:38:46] [AAC-ENTERPRISE-SUCCESS] HR Database system initialized
[2026-01-29 17:38:47] [AAC-ENTERPRISE-ERROR] Failed to initialize Information System: At C:\Users\gripa\OneDrive\Desktop\NCC\NCC-Doctrine\Scripts\AAC.InformationSystem.ps1:363 char:46
+     Write-AACLog "AAC Information Production & Distribution System in ...
+                                              ~
The ampersand (&) character is not allowed. The & operator is reserved for future use; wrap an ampersand in double quotation marks ("&") to pass it as part of a string.

At C:\Users\gripa\OneDrive\Desktop\NCC\NCC-Doctrine\Scripts\AAC.InformationSystem.ps1:429 char:40
+ Write-Host "AAC Information Production && Distribution System" -Foreg ...
+                                        ~~
The token '&&' is not a valid statement separator in this version.

At C:\Users\gripa\OneDrive\Desktop\NCC\NCC-Doctrine\Scripts\AAC.InformationSystem.ps1:259 char:33
+ function Distribute-Information {
+                                 ~
Missing closing '}' in statement block or type definition.
[2026-01-29 17:38:47] [AAC-ENTERPRISE-SUCCESS] Email System initialized
[2026-01-29 17:38:47] [AAC-ENTERPRISE-SUCCESS] AAC Enterprise Integration System initialized successfully
[2026-01-29 17:38:57] [AAC-ENTERPRISE-INIT] üè¢ INITIALIZING AAC ENTERPRISE INTEGRATION SYSTEM üè¢
[2026-01-29 17:38:57] [AAC-ENTERPRISE-INIT] Initializing individual AAC systems...
[2026-01-29 17:38:59] [AAC-ENTERPRISE-SUCCESS] Agent Tracking system initialized
[2026-01-29 17:38:59] [AAC-ENTERPRISE-SUCCESS] HR Database system initialized
[2026-01-29 17:38:59] [AAC-ENTERPRISE-ERROR] Failed to initialize Information System: At C:\Users\gripa\OneDrive\Desktop\NCC\NCC-Doctrine\Scripts\AAC.InformationSystem.ps1:259 char:33
+ function Distribute-Information {
+                                 ~
Missing closing '}' in statement block or type definition.
[2026-01-29 17:39:00] [AAC-ENTERPRISE-SUCCESS] Email System initialized
[2026-01-29 17:39:00] [AAC-ENTERPRISE-SUCCESS] AAC Enterprise Integration System initialized successfully
[2026-01-29 17:39:05] [AAC-ENTERPRISE-INIT] üè¢ INITIALIZING AAC ENTERPRISE INTEGRATION SYSTEM üè¢
[2026-01-29 17:39:05] [AAC-ENTERPRISE-INIT] Initializing individual AAC systems...
[2026-01-29 17:39:07] [AAC-ENTERPRISE-SUCCESS] Agent Tracking system initialized
[2026-01-29 17:39:07] [AAC-ENTERPRISE-SUCCESS] HR Database system initialized
[2026-01-29 17:39:07] [AAC-ENTERPRISE-ERROR] Failed to initialize Information System: At C:\Users\gripa\OneDrive\Desktop\NCC\NCC-Doctrine\Scripts\AAC.InformationSystem.ps1:259 char:33
+ function Distribute-Information {
+                                 ~
Missing closing '}' in statement block or type definition.
[2026-01-29 17:39:08] [AAC-ENTERPRISE-SUCCESS] Email System initialized
[2026-01-29 17:39:08] [AAC-ENTERPRISE-SUCCESS] AAC Enterprise Integration System initialized successfully
[2026-01-29 17:39:56] [AAC-ENTERPRISE-INIT] üè¢ INITIALIZING AAC ENTERPRISE INTEGRATION SYSTEM üè¢
[2026-01-29 17:39:56] [AAC-ENTERPRISE-INIT] Initializing individual AAC systems...
[2026-01-29 17:39:57] [AAC-ENTERPRISE-SUCCESS] Agent Tracking system initialized
[2026-01-29 17:39:58] [AAC-ENTERPRISE-SUCCESS] HR Database system initialized
[2026-01-29 17:39:59] [AAC-ENTERPRISE-SUCCESS] Information System initialized
[2026-01-29 17:39:59] [AAC-ENTERPRISE-SUCCESS] Email System initialized
[2026-01-29 17:39:59] [AAC-ENTERPRISE-SUCCESS] AAC Enterprise Integration System initialized successfully
[2026-01-29 17:40:05] [AAC-ENTERPRISE-START] ‚ñ∂Ô∏è STARTING ALL AAC SYSTEMS ‚ñ∂Ô∏è
[2026-01-29 17:40:05] [AAC-ENTERPRISE-START] Starting EmailSystem...
[2026-01-29 17:40:05] [AAC-ENTERPRISE-SUCCESS] EmailSystem started successfully
[2026-01-29 17:40:05] [AAC-ENTERPRISE-START] Starting HRDatabase...
[2026-01-29 17:40:05] [AAC-ENTERPRISE-SUCCESS] HRDatabase started successfully
[2026-01-29 17:40:05] [AAC-ENTERPRISE-START] Starting AgentTracking...
[2026-01-29 17:40:05] [AAC-ENTERPRISE-SUCCESS] AgentTracking started successfully
[2026-01-29 17:40:05] [AAC-ENTERPRISE-START] Starting InformationSystem...
[2026-01-29 17:40:05] [AAC-ENTERPRISE-SUCCESS] InformationSystem started successfully
[2026-01-29 17:40:05] [AAC-ENTERPRISE-SUCCESS] All AAC systems started
[2026-01-29 17:40:07] [AAC-ENTERPRISE-TEST] üß™ TESTING AAC SYSTEMS INTEGRATION üß™
[2026-01-29 17:40:11] [AAC-ENTERPRISE-WARNING] System integration testing completed: 0/5 tests passed
[2026-01-29 17:40:14] [AAC-ENTERPRISE-ä] ü
[2026-01-29 17:40:14] [AAC-ENTERPRISE-SUCCESS] AAC Daily report generated successfully: C:\Users\gripa\OneDrive\Desktop\NCC\NCC-Doctrine\Scripts\..\data\AAC_Daily_Report_20260129_174014.json
