2026-01-28 18:15:39.856 [error] Error: Unable to read file 'c:\Users\gripa\OneDrive\Desktop\NCC\NCC-Doctrine\CCD\Backups\package.json' (Error: Unable to resolve nonexistent file 'c:\Users\gripa\OneDrive\Desktop\NCC\NCC-Doctrine\CCD\Backups\package.json')
    at Qh.G (file:///c:/Users/gripa/OneDrive/Desktop/NCC/NCC-Doctrine/CCD%20VS%20EDITION/.vscode-test/vscode-win32-x64-archive-1.108.2/resources/app/out/vs/code/electron-utility/sharedProcess/sharedProcessMain.js:74:90094)
    at Qh.F (file:///c:/Users/gripa/OneDrive/Desktop/NCC/NCC-Doctrine/CCD%20VS%20EDITION/.vscode-test/vscode-win32-x64-archive-1.108.2/resources/app/out/vs/code/electron-utility/sharedProcess/sharedProcessMain.js:74:89919)
    at async Qh.C (file:///c:/Users/gripa/OneDrive/Desktop/NCC/NCC-Doctrine/CCD%20VS%20EDITION/.vscode-test/vscode-win32-x64-archive-1.108.2/resources/app/out/vs/code/electron-utility/sharedProcess/sharedProcessMain.js:74:89291)
    at async $a.t (file:///c:/Users/gripa/OneDrive/Desktop/NCC/NCC-Doctrine/CCD%20VS%20EDITION/.vscode-test/vscode-win32-x64-archive-1.108.2/resources/app/out/vs/code/electron-utility/sharedProcess/sharedProcessMain.js:74:46040)
    at async $a.scanExtension (file:///c:/Users/gripa/OneDrive/Desktop/NCC/NCC-Doctrine/CCD%20VS%20EDITION/.vscode-test/vscode-win32-x64-archive-1.108.2/resources/app/out/vs/code/electron-utility/sharedProcess/sharedProcessMain.js:74:44547)
    at async Promise.all (index 0)
    at async $a.q (file:///c:/Users/gripa/OneDrive/Desktop/NCC/NCC-Doctrine/CCD%20VS%20EDITION/.vscode-test/vscode-win32-x64-archive-1.108.2/resources/app/out/vs/code/electron-utility/sharedProcess/sharedProcessMain.js:74:42973)
    at async Sf.scanAllUserExtensions (file:///c:/Users/gripa/OneDrive/Desktop/NCC/NCC-Doctrine/CCD%20VS%20EDITION/.vscode-test/vscode-win32-x64-archive-1.108.2/resources/app/out/vs/code/electron-utility/sharedProcess/sharedProcessMain.js:74:35833)
    at async Hh.scanAllUserExtensions (file:///c:/Users/gripa/OneDrive/Desktop/NCC/NCC-Doctrine/CCD%20VS%20EDITION/.vscode-test/vscode-win32-x64-archive-1.108.2/resources/app/out/vs/code/electron-utility/sharedProcess/sharedProcessMain.js:74:69942)
    at async i7.H (file:///c:/Users/gripa/OneDrive/Desktop/NCC/NCC-Doctrine/CCD%20VS%20EDITION/.vscode-test/vscode-win32-x64-archive-1.108.2/resources/app/out/vs/code/electron-utility/sharedProcess/sharedProcessMain.js:74:59756)
    at async i7.r (file:///c:/Users/gripa/OneDrive/Desktop/NCC/NCC-Doctrine/CCD%20VS%20EDITION/.vscode-test/vscode-win32-x64-archive-1.108.2/resources/app/out/vs/code/electron-utility/sharedProcess/sharedProcessMain.js:74:57651)
2026-01-28 18:15:39.860 [error] Error: Unable to read file 'c:\Users\gripa\OneDrive\Desktop\NCC\NCC-Doctrine\CCD\Cache\package.json' (Error: Unable to resolve nonexistent file 'c:\Users\gripa\OneDrive\Desktop\NCC\NCC-Doctrine\CCD\Cache\package.json')
    at Qh.G (file:///c:/Users/gripa/OneDrive/Desktop/NCC/NCC-Doctrine/CCD%20VS%20EDITION/.vscode-test/vscode-win32-x64-archive-1.108.2/resources/app/out/vs/code/electron-utility/sharedProcess/sharedProcessMain.js:74:90094)
    at Qh.F (file:///c:/Users/gripa/OneDrive/Desktop/NCC/NCC-Doctrine/CCD%20VS%20EDITION/.vscode-test/vscode-win32-x64-archive-1.108.2/resources/app/out/vs/code/electron-utility/sharedProcess/sharedProcessMain.js:74:89919)
    at async Qh.C (file:///c:/Users/gripa/OneDrive/Desktop/NCC/NCC-Doctrine/CCD%20VS%20EDITION/.vscode-test/vscode-win32-x64-archive-1.108.2/resources/app/out/vs/code/electron-utility/sharedProcess/sharedProcessMain.js:74:89291)
    at async $a.t (file:///c:/Users/gripa/OneDrive/Desktop/NCC/NCC-Doctrine/CCD%20VS%20EDITION/.vscode-test/vscode-win32-x64-archive-1.108.2/resources/app/out/vs/code/electron-utility/sharedProcess/sharedProcessMain.js:74:46040)
    at async $a.scanExtension (file:///c:/Users/gripa/OneDrive/Desktop/NCC/NCC-Doctrine/CCD%20VS%20EDITION/.vscode-test/vscode-win32-x64-archive-1.108.2/resources/app/out/vs/code/electron-utility/sharedProcess/sharedProcessMain.js:74:44547)
    at async Promise.all (index 2)
    at async $a.q (file:///c:/Users/gripa/OneDrive/Desktop/NCC/NCC-Doctrine/CCD%20VS%20EDITION/.vscode-test/vscode-win32-x64-archive-1.108.2/resources/app/out/vs/code/electron-utility/sharedProcess/sharedProcessMain.js:74:42973)
    at async Sf.scanAllUserExtensions (file:///c:/Users/gripa/OneDrive/Desktop/NCC/NCC-Doctrine/CCD%20VS%20EDITION/.vscode-test/vscode-win32-x64-archive-1.108.2/resources/app/out/vs/code/electron-utility/sharedProcess/sharedProcessMain.js:74:35833)
    at async Hh.scanAllUserExtensions (file:///c:/Users/gripa/OneDrive/Desktop/NCC/NCC-Doctrine/CCD%20VS%20EDITION/.vscode-test/vscode-win32-x64-archive-1.108.2/resources/app/out/vs/code/electron-utility/sharedProcess/sharedProcessMain.js:74:69942)
    at async i7.H (file:///c:/Users/gripa/OneDrive/Desktop/NCC/NCC-Doctrine/CCD%20VS%20EDITION/.vscode-test/vscode-win32-x64-archive-1.108.2/resources/app/out/vs/code/electron-utility/sharedProcess/sharedProcessMain.js:74:59756)
    at async i7.r (file:///c:/Users/gripa/OneDrive/Desktop/NCC/NCC-Doctrine/CCD%20VS%20EDITION/.vscode-test/vscode-win32-x64-archive-1.108.2/resources/app/out/vs/code/electron-utility/sharedProcess/sharedProcessMain.js:74:57651)
2026-01-28 18:15:39.861 [error] Error: Unable to read file 'c:\Users\gripa\OneDrive\Desktop\NCC\NCC-Doctrine\CCD\blob_storage\package.json' (Error: Unable to resolve nonexistent file 'c:\Users\gripa\OneDrive\Desktop\NCC\NCC-Doctrine\CCD\blob_storage\package.json')
    at Qh.G (file:///c:/Users/gripa/OneDrive/Desktop/NCC/NCC-Doctrine/CCD%20VS%20EDITION/.vscode-test/vscode-win32-x64-archive-1.108.2/resources/app/out/vs/code/electron-utility/sharedProcess/sharedProcessMain.js:74:90094)
    at Qh.F (file:///c:/Users/gripa/OneDrive/Desktop/NCC/NCC-Doctrine/CCD%20VS%20EDITION/.vscode-test/vscode-win32-x64-archive-1.108.2/resources/app/out/vs/code/electron-utility/sharedProcess/sharedProcessMain.js:74:89919)
    at async Qh.C (file:///c:/Users/gripa/OneDrive/Desktop/NCC/NCC-Doctrine/CCD%20VS%20EDITION/.vscode-test/vscode-win32-x64-archive-1.108.2/resources/app/out/vs/code/electron-utility/sharedProcess/sharedProcessMain.js:74:89291)
    at async $a.t (file:///c:/Users/gripa/OneDrive/Desktop/NCC/NCC-Doctrine/CCD%20VS%20EDITION/.vscode-test/vscode-win32-x64-archive-1.108.2/resources/app/out/vs/code/electron-utility/sharedProcess/sharedProcessMain.js:74:46040)
    at async $a.scanExtension (file:///c:/Users/gripa/OneDrive/Desktop/NCC/NCC-Doctrine/CCD%20VS%20EDITION/.vscode-test/vscode-win32-x64-archive-1.108.2/resources/app/out/vs/code/electron-utility/sharedProcess/sharedProcessMain.js:74:44547)
    at async Promise.all (index 1)
    at async $a.q (file:///c:/Users/gripa/OneDrive/Desktop/NCC/NCC-Doctrine/CCD%20VS%20EDITION/.vscode-test/vscode-win32-x64-archive-1.108.2/resources/app/out/vs/code/electron-utility/sharedProcess/sharedProcessMain.js:74:42973)
    at async Sf.scanAllUserExtensions (file:///c:/Users/gripa/OneDrive/Desktop/NCC/NCC-Doctrine/CCD%20VS%20EDITION/.vscode-test/vscode-win32-x64-archive-1.108.2/resources/app/out/vs/code/electron-utility/sharedProcess/sharedProcessMain.js:74:35833)
    at async Hh.scanAllUserExtensions (file:///c:/Users/gripa/OneDrive/Desktop/NCC/NCC-Doctrine/CCD%20VS%20EDITION/.vscode-test/vscode-win32-x64-archive-1.108.2/resources/app/out/vs/code/electron-utility/sharedProcess/sharedProcessMain.js:74:69942)
    at async i7.H (file:///c:/Users/gripa/OneDrive/Desktop/NCC/NCC-Doctrine/CCD%20VS%20EDITION/.vscode-test/vscode-win32-x64-archive-1.108.2/resources/app/out/vs/code/electron-utility/sharedProcess/sharedProcessMain.js:74:59756)
    at async i7.r (file:///c:/Users/gripa/OneDrive/Desktop/NCC/NCC-Doctrine/CCD%20VS%20EDITION/.vscode-test/vscode-win32-x64-archive-1.108.2/resources/app/out/vs/code/electron-utility/sharedProcess/sharedProcessMain.js:74:57651)
2026-01-28 18:15:39.861 [error] Error: Unable to read file 'c:\Users\gripa\OneDrive\Desktop\NCC\NCC-Doctrine\CCD\CachedData\package.json' (Error: Unable to resolve nonexistent file 'c:\Users\gripa\OneDrive\Desktop\NCC\NCC-Doctrine\CCD\CachedData\package.json')
    at Qh.G (file:///c:/Users/gripa/OneDrive/Desktop/NCC/NCC-Doctrine/CCD%20VS%20EDITION/.vscode-test/vscode-win32-x64-archive-1.108.2/resources/app/out/vs/code/electron-utility/sharedProcess/sharedProcessMain.js:74:90094)
    at Qh.F (file:///c:/Users/gripa/OneDrive/Desktop/NCC/NCC-Doctrine/CCD%20VS%20EDITION/.vscode-test/vscode-win32-x64-archive-1.108.2/resources/app/out/vs/code/electron-utility/sharedProcess/sharedProcessMain.js:74:89919)
    at async Qh.C (file:///c:/Users/gripa/OneDrive/Desktop/NCC/NCC-Doctrine/CCD%20VS%20EDITION/.vscode-test/vscode-win32-x64-archive-1.108.2/resources/app/out/vs/code/electron-utility/sharedProcess/sharedProcessMain.js:74:89291)
    at async $a.t (file:///c:/Users/gripa/OneDrive/Desktop/NCC/NCC-Doctrine/CCD%20VS%20EDITION/.vscode-test/vscode-win32-x64-archive-1.108.2/resources/app/out/vs/code/electron-utility/sharedProcess/sharedProcessMain.js:74:46040)
    at async $a.scanExtension (file:///c:/Users/gripa/OneDrive/Desktop/NCC/NCC-Doctrine/CCD%20VS%20EDITION/.vscode-test/vscode-win32-x64-archive-1.108.2/resources/app/out/vs/code/electron-utility/sharedProcess/sharedProcessMain.js:74:44547)
    at async Promise.all (index 3)
    at async $a.q (file:///c:/Users/gripa/OneDrive/Desktop/NCC/NCC-Doctrine/CCD%20VS%20EDITION/.vscode-test/vscode-win32-x64-archive-1.108.2/resources/app/out/vs/code/electron-utility/sharedProcess/sharedProcessMain.js:74:42973)
    at async Sf.scanAllUserExtensions (file:///c:/Users/gripa/OneDrive/Desktop/NCC/NCC-Doctrine/CCD%20VS%20EDITION/.vscode-test/vscode-win32-x64-archive-1.108.2/resources/app/out/vs/code/electron-utility/sharedProcess/sharedProcessMain.js:74:35833)
    at async Hh.scanAllUserExtensions (file:///c:/Users/gripa/OneDrive/Desktop/NCC/NCC-Doctrine/CCD%20VS%20EDITION/.vscode-test/vscode-win32-x64-archive-1.108.2/resources/app/out/vs/code/electron-utility/sharedProcess/sharedProcessMain.js:74:69942)
    at async i7.H (file:///c:/Users/gripa/OneDrive/Desktop/NCC/NCC-Doctrine/CCD%20VS%20EDITION/.vscode-test/vscode-win32-x64-archive-1.108.2/resources/app/out/vs/code/electron-utility/sharedProcess/sharedProcessMain.js:74:59756)
    at async i7.r (file:///c:/Users/gripa/OneDrive/Desktop/NCC/NCC-Doctrine/CCD%20VS%20EDITION/.vscode-test/vscode-win32-x64-archive-1.108.2/resources/app/out/vs/code/electron-utility/sharedProcess/sharedProcessMain.js:74:57651)
2026-01-28 18:15:39.862 [error] Error: Unable to read file 'c:\Users\gripa\OneDrive\Desktop\NCC\NCC-Doctrine\CCD\CachedProfilesData\package.json' (Error: Unable to resolve nonexistent file 'c:\Users\gripa\OneDrive\Desktop\NCC\NCC-Doctrine\CCD\CachedProfilesData\package.json')
    at Qh.G (file:///c:/Users/gripa/OneDrive/Desktop/NCC/NCC-Doctrine/CCD%20VS%20EDITION/.vscode-test/vscode-win32-x64-archive-1.108.2/resources/app/out/vs/code/electron-utility/sharedProcess/sharedProcessMain.js:74:90094)
    at Qh.F (file:///c:/Users/gripa/OneDrive/Desktop/NCC/NCC-Doctrine/CCD%20VS%20EDITION/.vscode-test/vscode-win32-x64-archive-1.108.2/resources/app/out/vs/code/electron-utility/sharedProcess/sharedProcessMain.js:74:89919)
    at async Qh.C (file:///c:/Users/gripa/OneDrive/Desktop/NCC/NCC-Doctrine/CCD%20VS%20EDITION/.vscode-test/vscode-win32-x64-archive-1.108.2/resources/app/out/vs/code/electron-utility/sharedProcess/sharedProcessMain.js:74:89291)
    at async $a.t (file:///c:/Users/gripa/OneDrive/Desktop/NCC/NCC-Doctrine/CCD%20VS%20EDITION/.vscode-test/vscode-win32-x64-archive-1.108.2/resources/app/out/vs/code/electron-utility/sharedProcess/sharedProcessMain.js:74:46040)
    at async $a.scanExtension (file:///c:/Users/gripa/OneDrive/Desktop/NCC/NCC-Doctrine/CCD%20VS%20EDITION/.vscode-test/vscode-win32-x64-archive-1.108.2/resources/app/out/vs/code/electron-utility/sharedProcess/sharedProcessMain.js:74:44547)
    at async Promise.all (index 4)
    at async $a.q (file:///c:/Users/gripa/OneDrive/Desktop/NCC/NCC-Doctrine/CCD%20VS%20EDITION/.vscode-test/vscode-win32-x64-archive-1.108.2/resources/app/out/vs/code/electron-utility/sharedProcess/sharedProcessMain.js:74:42973)
    at async Sf.scanAllUserExtensions (file:///c:/Users/gripa/OneDrive/Desktop/NCC/NCC-Doctrine/CCD%20VS%20EDITION/.vscode-test/vscode-win32-x64-archive-1.108.2/resources/app/out/vs/code/electron-utility/sharedProcess/sharedProcessMain.js:74:35833)
    at async Hh.scanAllUserExtensions (file:///c:/Users/gripa/OneDrive/Desktop/NCC/NCC-Doctrine/CCD%20VS%20EDITION/.vscode-test/vscode-win32-x64-archive-1.108.2/resources/app/out/vs/code/electron-utility/sharedProcess/sharedProcessMain.js:74:69942)
    at async i7.H (file:///c:/Users/gripa/OneDrive/Desktop/NCC/NCC-Doctrine/CCD%20VS%20EDITION/.vscode-test/vscode-win32-x64-archive-1.108.2/resources/app/out/vs/code/electron-utility/sharedProcess/sharedProcessMain.js:74:59756)
    at async i7.r (file:///c:/Users/gripa/OneDrive/Desktop/NCC/NCC-Doctrine/CCD%20VS%20EDITION/.vscode-test/vscode-win32-x64-archive-1.108.2/resources/app/out/vs/code/electron-utility/sharedProcess/sharedProcessMain.js:74:57651)
2026-01-28 18:15:39.862 [error] Error: Unable to read file 'c:\Users\gripa\OneDrive\Desktop\NCC\NCC-Doctrine\CCD\Code Cache\package.json' (Error: Unable to resolve nonexistent file 'c:\Users\gripa\OneDrive\Desktop\NCC\NCC-Doctrine\CCD\Code Cache\package.json')
    at Qh.G (file:///c:/Users/gripa/OneDrive/Desktop/NCC/NCC-Doctrine/CCD%20VS%20EDITION/.vscode-test/vscode-win32-x64-archive-1.108.2/resources/app/out/vs/code/electron-utility/sharedProcess/sharedProcessMain.js:74:90094)
    at Qh.F (file:///c:/Users/gripa/OneDrive/Desktop/NCC/NCC-Doctrine/CCD%20VS%20EDITION/.vscode-test/vscode-win32-x64-archive-1.108.2/resources/app/out/vs/code/electron-utility/sharedProcess/sharedProcessMain.js:74:89919)
    at async Qh.C (file:///c:/Users/gripa/OneDrive/Desktop/NCC/NCC-Doctrine/CCD%20VS%20EDITION/.vscode-test/vscode-win32-x64-archive-1.108.2/resources/app/out/vs/code/electron-utility/sharedProcess/sharedProcessMain.js:74:89291)
    at async $a.t (file:///c:/Users/gripa/OneDrive/Desktop/NCC/NCC-Doctrine/CCD%20VS%20EDITION/.vscode-test/vscode-win32-x64-archive-1.108.2/resources/app/out/vs/code/electron-utility/sharedProcess/sharedProcessMain.js:74:46040)
    at async $a.scanExtension (file:///c:/Users/gripa/OneDrive/Desktop/NCC/NCC-Doctrine/CCD%20VS%20EDITION/.vscode-test/vscode-win32-x64-archive-1.108.2/resources/app/out/vs/code/electron-utility/sharedProcess/sharedProcessMain.js:74:44547)
    at async Promise.all (index 5)
    at async $a.q (file:///c:/Users/gripa/OneDrive/Desktop/NCC/NCC-Doctrine/CCD%20VS%20EDITION/.vscode-test/vscode-win32-x64-archive-1.108.2/resources/app/out/vs/code/electron-utility/sharedProcess/sharedProcessMain.js:74:42973)
    at async Sf.scanAllUserExtensions (file:///c:/Users/gripa/OneDrive/Desktop/NCC/NCC-Doctrine/CCD%20VS%20EDITION/.vscode-test/vscode-win32-x64-archive-1.108.2/resources/app/out/vs/code/electron-utility/sharedProcess/sharedProcessMain.js:74:35833)
    at async Hh.scanAllUserExtensions (file:///c:/Users/gripa/OneDrive/Desktop/NCC/NCC-Doctrine/CCD%20VS%20EDITION/.vscode-test/vscode-win32-x64-archive-1.108.2/resources/app/out/vs/code/electron-utility/sharedProcess/sharedProcessMain.js:74:69942)
    at async i7.H (file:///c:/Users/gripa/OneDrive/Desktop/NCC/NCC-Doctrine/CCD%20VS%20EDITION/.vscode-test/vscode-win32-x64-archive-1.108.2/resources/app/out/vs/code/electron-utility/sharedProcess/sharedProcessMain.js:74:59756)
    at async i7.r (file:///c:/Users/gripa/OneDrive/Desktop/NCC/NCC-Doctrine/CCD%20VS%20EDITION/.vscode-test/vscode-win32-x64-archive-1.108.2/resources/app/out/vs/code/electron-utility/sharedProcess/sharedProcessMain.js:74:57651)
2026-01-28 18:15:39.862 [error] Error: Unable to read file 'c:\Users\gripa\OneDrive\Desktop\NCC\NCC-Doctrine\CCD\Crashpad\package.json' (Error: Unable to resolve nonexistent file 'c:\Users\gripa\OneDrive\Desktop\NCC\NCC-Doctrine\CCD\Crashpad\package.json')
    at Qh.G (file:///c:/Users/gripa/OneDrive/Desktop/NCC/NCC-Doctrine/CCD%20VS%20EDITION/.vscode-test/vscode-win32-x64-archive-1.108.2/resources/app/out/vs/code/electron-utility/sharedProcess/sharedProcessMain.js:74:90094)
    at Qh.F (file:///c:/Users/gripa/OneDrive/Desktop/NCC/NCC-Doctrine/CCD%20VS%20EDITION/.vscode-test/vscode-win32-x64-archive-1.108.2/resources/app/out/vs/code/electron-utility/sharedProcess/sharedProcessMain.js:74:89919)
    at async Qh.C (file:///c:/Users/gripa/OneDrive/Desktop/NCC/NCC-Doctrine/CCD%20VS%20EDITION/.vscode-test/vscode-win32-x64-archive-1.108.2/resources/app/out/vs/code/electron-utility/sharedProcess/sharedProcessMain.js:74:89291)
    at async $a.t (file:///c:/Users/gripa/OneDrive/Desktop/NCC/NCC-Doctrine/CCD%20VS%20EDITION/.vscode-test/vscode-win32-x64-archive-1.108.2/resources/app/out/vs/code/electron-utility/sharedProcess/sharedProcessMain.js:74:46040)
    at async $a.scanExtension (file:///c:/Users/gripa/OneDrive/Desktop/NCC/NCC-Doctrine/CCD%20VS%20EDITION/.vscode-test/vscode-win32-x64-archive-1.108.2/resources/app/out/vs/code/electron-utility/sharedProcess/sharedProcessMain.js:74:44547)
    at async Promise.all (index 7)
    at async $a.q (file:///c:/Users/gripa/OneDrive/Desktop/NCC/NCC-Doctrine/CCD%20VS%20EDITION/.vscode-test/vscode-win32-x64-archive-1.108.2/resources/app/out/vs/code/electron-utility/sharedProcess/sharedProcessMain.js:74:42973)
    at async Sf.scanAllUserExtensions (file:///c:/Users/gripa/OneDrive/Desktop/NCC/NCC-Doctrine/CCD%20VS%20EDITION/.vscode-test/vscode-win32-x64-archive-1.108.2/resources/app/out/vs/code/electron-utility/sharedProcess/sharedProcessMain.js:74:35833)
    at async Hh.scanAllUserExtensions (file:///c:/Users/gripa/OneDrive/Desktop/NCC/NCC-Doctrine/CCD%20VS%20EDITION/.vscode-test/vscode-win32-x64-archive-1.108.2/resources/app/out/vs/code/electron-utility/sharedProcess/sharedProcessMain.js:74:69942)
    at async i7.H (file:///c:/Users/gripa/OneDrive/Desktop/NCC/NCC-Doctrine/CCD%20VS%20EDITION/.vscode-test/vscode-win32-x64-archive-1.108.2/resources/app/out/vs/code/electron-utility/sharedProcess/sharedProcessMain.js:74:59756)
    at async i7.r (file:///c:/Users/gripa/OneDrive/Desktop/NCC/NCC-Doctrine/CCD%20VS%20EDITION/.vscode-test/vscode-win32-x64-archive-1.108.2/resources/app/out/vs/code/electron-utility/sharedProcess/sharedProcessMain.js:74:57651)
2026-01-28 18:15:39.863 [error] Error: Unable to read file 'c:\Users\gripa\OneDrive\Desktop\NCC\NCC-Doctrine\CCD\DawnGraphiteCache\package.json' (Error: Unable to resolve nonexistent file 'c:\Users\gripa\OneDrive\Desktop\NCC\NCC-Doctrine\CCD\DawnGraphiteCache\package.json')
    at Qh.G (file:///c:/Users/gripa/OneDrive/Desktop/NCC/NCC-Doctrine/CCD%20VS%20EDITION/.vscode-test/vscode-win32-x64-archive-1.108.2/resources/app/out/vs/code/electron-utility/sharedProcess/sharedProcessMain.js:74:90094)
    at Qh.F (file:///c:/Users/gripa/OneDrive/Desktop/NCC/NCC-Doctrine/CCD%20VS%20EDITION/.vscode-test/vscode-win32-x64-archive-1.108.2/resources/app/out/vs/code/electron-utility/sharedProcess/sharedProcessMain.js:74:89919)
    at async Qh.C (file:///c:/Users/gripa/OneDrive/Desktop/NCC/NCC-Doctrine/CCD%20VS%20EDITION/.vscode-test/vscode-win32-x64-archive-1.108.2/resources/app/out/vs/code/electron-utility/sharedProcess/sharedProcessMain.js:74:89291)
    at async $a.t (file:///c:/Users/gripa/OneDrive/Desktop/NCC/NCC-Doctrine/CCD%20VS%20EDITION/.vscode-test/vscode-win32-x64-archive-1.108.2/resources/app/out/vs/code/electron-utility/sharedProcess/sharedProcessMain.js:74:46040)
    at async $a.scanExtension (file:///c:/Users/gripa/OneDrive/Desktop/NCC/NCC-Doctrine/CCD%20VS%20EDITION/.vscode-test/vscode-win32-x64-archive-1.108.2/resources/app/out/vs/code/electron-utility/sharedProcess/sharedProcessMain.js:74:44547)
    at async Promise.all (index 8)
    at async $a.q (file:///c:/Users/gripa/OneDrive/Desktop/NCC/NCC-Doctrine/CCD%20VS%20EDITION/.vscode-test/vscode-win32-x64-archive-1.108.2/resources/app/out/vs/code/electron-utility/sharedProcess/sharedProcessMain.js:74:42973)
    at async Sf.scanAllUserExtensions (file:///c:/Users/gripa/OneDrive/Desktop/NCC/NCC-Doctrine/CCD%20VS%20EDITION/.vscode-test/vscode-win32-x64-archive-1.108.2/resources/app/out/vs/code/electron-utility/sharedProcess/sharedProcessMain.js:74:35833)
    at async Hh.scanAllUserExtensions (file:///c:/Users/gripa/OneDrive/Desktop/NCC/NCC-Doctrine/CCD%20VS%20EDITION/.vscode-test/vscode-win32-x64-archive-1.108.2/resources/app/out/vs/code/electron-utility/sharedProcess/sharedProcessMain.js:74:69942)
    at async i7.H (file:///c:/Users/gripa/OneDrive/Desktop/NCC/NCC-Doctrine/CCD%20VS%20EDITION/.vscode-test/vscode-win32-x64-archive-1.108.2/resources/app/out/vs/code/electron-utility/sharedProcess/sharedProcessMain.js:74:59756)
    at async i7.r (file:///c:/Users/gripa/OneDrive/Desktop/NCC/NCC-Doctrine/CCD%20VS%20EDITION/.vscode-test/vscode-win32-x64-archive-1.108.2/resources/app/out/vs/code/electron-utility/sharedProcess/sharedProcessMain.js:74:57651)
2026-01-28 18:15:39.866 [error] Error: Unable to read file 'c:\Users\gripa\OneDrive\Desktop\NCC\NCC-Doctrine\CCD\DawnWebGPUCache\package.json' (Error: Unable to resolve nonexistent file 'c:\Users\gripa\OneDrive\Desktop\NCC\NCC-Doctrine\CCD\DawnWebGPUCache\package.json')
    at Qh.G (file:///c:/Users/gripa/OneDrive/Desktop/NCC/NCC-Doctrine/CCD%20VS%20EDITION/.vscode-test/vscode-win32-x64-archive-1.108.2/resources/app/out/vs/code/electron-utility/sharedProcess/sharedProcessMain.js:74:90094)
    at Qh.F (file:///c:/Users/gripa/OneDrive/Desktop/NCC/NCC-Doctrine/CCD%20VS%20EDITION/.vscode-test/vscode-win32-x64-archive-1.108.2/resources/app/out/vs/code/electron-utility/sharedProcess/sharedProcessMain.js:74:89919)
    at async Qh.C (file:///c:/Users/gripa/OneDrive/Desktop/NCC/NCC-Doctrine/CCD%20VS%20EDITION/.vscode-test/vscode-win32-x64-archive-1.108.2/resources/app/out/vs/code/electron-utility/sharedProcess/sharedProcessMain.js:74:89291)
    at async $a.t (file:///c:/Users/gripa/OneDrive/Desktop/NCC/NCC-Doctrine/CCD%20VS%20EDITION/.vscode-test/vscode-win32-x64-archive-1.108.2/resources/app/out/vs/code/electron-utility/sharedProcess/sharedProcessMain.js:74:46040)
    at async $a.scanExtension (file:///c:/Users/gripa/OneDrive/Desktop/NCC/NCC-Doctrine/CCD%20VS%20EDITION/.vscode-test/vscode-win32-x64-archive-1.108.2/resources/app/out/vs/code/electron-utility/sharedProcess/sharedProcessMain.js:74:44547)
    at async Promise.all (index 9)
    at async $a.q (file:///c:/Users/gripa/OneDrive/Desktop/NCC/NCC-Doctrine/CCD%20VS%20EDITION/.vscode-test/vscode-win32-x64-archive-1.108.2/resources/app/out/vs/code/electron-utility/sharedProcess/sharedProcessMain.js:74:42973)
    at async Sf.scanAllUserExtensions (file:///c:/Users/gripa/OneDrive/Desktop/NCC/NCC-Doctrine/CCD%20VS%20EDITION/.vscode-test/vscode-win32-x64-archive-1.108.2/resources/app/out/vs/code/electron-utility/sharedProcess/sharedProcessMain.js:74:35833)
    at async Hh.scanAllUserExtensions (file:///c:/Users/gripa/OneDrive/Desktop/NCC/NCC-Doctrine/CCD%20VS%20EDITION/.vscode-test/vscode-win32-x64-archive-1.108.2/resources/app/out/vs/code/electron-utility/sharedProcess/sharedProcessMain.js:74:69942)
    at async i7.H (file:///c:/Users/gripa/OneDrive/Desktop/NCC/NCC-Doctrine/CCD%20VS%20EDITION/.vscode-test/vscode-win32-x64-archive-1.108.2/resources/app/out/vs/code/electron-utility/sharedProcess/sharedProcessMain.js:74:59756)
    at async i7.r (file:///c:/Users/gripa/OneDrive/Desktop/NCC/NCC-Doctrine/CCD%20VS%20EDITION/.vscode-test/vscode-win32-x64-archive-1.108.2/resources/app/out/vs/code/electron-utility/sharedProcess/sharedProcessMain.js:74:57651)
2026-01-28 18:15:39.866 [error] Error: Unable to read file 'c:\Users\gripa\OneDrive\Desktop\NCC\NCC-Doctrine\CCD\GPUCache\package.json' (Error: Unable to resolve nonexistent file 'c:\Users\gripa\OneDrive\Desktop\NCC\NCC-Doctrine\CCD\GPUCache\package.json')
    at Qh.G (file:///c:/Users/gripa/OneDrive/Desktop/NCC/NCC-Doctrine/CCD%20VS%20EDITION/.vscode-test/vscode-win32-x64-archive-1.108.2/resources/app/out/vs/code/electron-utility/sharedProcess/sharedProcessMain.js:74:90094)
    at Qh.F (file:///c:/Users/gripa/OneDrive/Desktop/NCC/NCC-Doctrine/CCD%20VS%20EDITION/.vscode-test/vscode-win32-x64-archive-1.108.2/resources/app/out/vs/code/electron-utility/sharedProcess/sharedProcessMain.js:74:89919)
    at async Qh.C (file:///c:/Users/gripa/OneDrive/Desktop/NCC/NCC-Doctrine/CCD%20VS%20EDITION/.vscode-test/vscode-win32-x64-archive-1.108.2/resources/app/out/vs/code/electron-utility/sharedProcess/sharedProcessMain.js:74:89291)
    at async $a.t (file:///c:/Users/gripa/OneDrive/Desktop/NCC/NCC-Doctrine/CCD%20VS%20EDITION/.vscode-test/vscode-win32-x64-archive-1.108.2/resources/app/out/vs/code/electron-utility/sharedProcess/sharedProcessMain.js:74:46040)
    at async $a.scanExtension (file:///c:/Users/gripa/OneDrive/Desktop/NCC/NCC-Doctrine/CCD%20VS%20EDITION/.vscode-test/vscode-win32-x64-archive-1.108.2/resources/app/out/vs/code/electron-utility/sharedProcess/sharedProcessMain.js:74:44547)
    at async Promise.all (index 13)
    at async $a.q (file:///c:/Users/gripa/OneDrive/Desktop/NCC/NCC-Doctrine/CCD%20VS%20EDITION/.vscode-test/vscode-win32-x64-archive-1.108.2/resources/app/out/vs/code/electron-utility/sharedProcess/sharedProcessMain.js:74:42973)
    at async Sf.scanAllUserExtensions (file:///c:/Users/gripa/OneDrive/Desktop/NCC/NCC-Doctrine/CCD%20VS%20EDITION/.vscode-test/vscode-win32-x64-archive-1.108.2/resources/app/out/vs/code/electron-utility/sharedProcess/sharedProcessMain.js:74:35833)
    at async Hh.scanAllUserExtensions (file:///c:/Users/gripa/OneDrive/Desktop/NCC/NCC-Doctrine/CCD%20VS%20EDITION/.vscode-test/vscode-win32-x64-archive-1.108.2/resources/app/out/vs/code/electron-utility/sharedProcess/sharedProcessMain.js:74:69942)
    at async i7.H (file:///c:/Users/gripa/OneDrive/Desktop/NCC/NCC-Doctrine/CCD%20VS%20EDITION/.vscode-test/vscode-win32-x64-archive-1.108.2/resources/app/out/vs/code/electron-utility/sharedProcess/sharedProcessMain.js:74:59756)
    at async i7.r (file:///c:/Users/gripa/OneDrive/Desktop/NCC/NCC-Doctrine/CCD%20VS%20EDITION/.vscode-test/vscode-win32-x64-archive-1.108.2/resources/app/out/vs/code/electron-utility/sharedProcess/sharedProcessMain.js:74:57651)
2026-01-28 18:15:39.866 [error] Error: Unable to read file 'c:\Users\gripa\OneDrive\Desktop\NCC\NCC-Doctrine\CCD\Local Storage\package.json' (Error: Unable to resolve nonexistent file 'c:\Users\gripa\OneDrive\Desktop\NCC\NCC-Doctrine\CCD\Local Storage\package.json')
    at Qh.G (file:///c:/Users/gripa/OneDrive/Desktop/NCC/NCC-Doctrine/CCD%20VS%20EDITION/.vscode-test/vscode-win32-x64-archive-1.108.2/resources/app/out/vs/code/electron-utility/sharedProcess/sharedProcessMain.js:74:90094)
    at Qh.F (file:///c:/Users/gripa/OneDrive/Desktop/NCC/NCC-Doctrine/CCD%20VS%20EDITION/.vscode-test/vscode-win32-x64-archive-1.108.2/resources/app/out/vs/code/electron-utility/sharedProcess/sharedProcessMain.js:74:89919)
    at async Qh.C (file:///c:/Users/gripa/OneDrive/Desktop/NCC/NCC-Doctrine/CCD%20VS%20EDITION/.vscode-test/vscode-win32-x64-archive-1.108.2/resources/app/out/vs/code/electron-utility/sharedProcess/sharedProcessMain.js:74:89291)
    at async $a.t (file:///c:/Users/gripa/OneDrive/Desktop/NCC/NCC-Doctrine/CCD%20VS%20EDITION/.vscode-test/vscode-win32-x64-archive-1.108.2/resources/app/out/vs/code/electron-utility/sharedProcess/sharedProcessMain.js:74:46040)
    at async $a.scanExtension (file:///c:/Users/gripa/OneDrive/Desktop/NCC/NCC-Doctrine/CCD%20VS%20EDITION/.vscode-test/vscode-win32-x64-archive-1.108.2/resources/app/out/vs/code/electron-utility/sharedProcess/sharedProcessMain.js:74:44547)
    at async Promise.all (index 15)
    at async $a.q (file:///c:/Users/gripa/OneDrive/Desktop/NCC/NCC-Doctrine/CCD%20VS%20EDITION/.vscode-test/vscode-win32-x64-archive-1.108.2/resources/app/out/vs/code/electron-utility/sharedProcess/sharedProcessMain.js:74:42973)
    at async Sf.scanAllUserExtensions (file:///c:/Users/gripa/OneDrive/Desktop/NCC/NCC-Doctrine/CCD%20VS%20EDITION/.vscode-test/vscode-win32-x64-archive-1.108.2/resources/app/out/vs/code/electron-utility/sharedProcess/sharedProcessMain.js:74:35833)
    at async Hh.scanAllUserExtensions (file:///c:/Users/gripa/OneDrive/Desktop/NCC/NCC-Doctrine/CCD%20VS%20EDITION/.vscode-test/vscode-win32-x64-archive-1.108.2/resources/app/out/vs/code/electron-utility/sharedProcess/sharedProcessMain.js:74:69942)
    at async i7.H (file:///c:/Users/gripa/OneDrive/Desktop/NCC/NCC-Doctrine/CCD%20VS%20EDITION/.vscode-test/vscode-win32-x64-archive-1.108.2/resources/app/out/vs/code/electron-utility/sharedProcess/sharedProcessMain.js:74:59756)
    at async i7.r (file:///c:/Users/gripa/OneDrive/Desktop/NCC/NCC-Doctrine/CCD%20VS%20EDITION/.vscode-test/vscode-win32-x64-archive-1.108.2/resources/app/out/vs/code/electron-utility/sharedProcess/sharedProcessMain.js:74:57651)
2026-01-28 18:15:39.867 [error] Error: Unable to read file 'c:\Users\gripa\OneDrive\Desktop\NCC\NCC-Doctrine\CCD\logs\package.json' (Error: Unable to resolve nonexistent file 'c:\Users\gripa\OneDrive\Desktop\NCC\NCC-Doctrine\CCD\logs\package.json')
    at Qh.G (file:///c:/Users/gripa/OneDrive/Desktop/NCC/NCC-Doctrine/CCD%20VS%20EDITION/.vscode-test/vscode-win32-x64-archive-1.108.2/resources/app/out/vs/code/electron-utility/sharedProcess/sharedProcessMain.js:74:90094)
    at Qh.F (file:///c:/Users/gripa/OneDrive/Desktop/NCC/NCC-Doctrine/CCD%20VS%20EDITION/.vscode-test/vscode-win32-x64-archive-1.108.2/resources/app/out/vs/code/electron-utility/sharedProcess/sharedProcessMain.js:74:89919)
    at async Qh.C (file:///c:/Users/gripa/OneDrive/Desktop/NCC/NCC-Doctrine/CCD%20VS%20EDITION/.vscode-test/vscode-win32-x64-archive-1.108.2/resources/app/out/vs/code/electron-utility/sharedProcess/sharedProcessMain.js:74:89291)
    at async $a.t (file:///c:/Users/gripa/OneDrive/Desktop/NCC/NCC-Doctrine/CCD%20VS%20EDITION/.vscode-test/vscode-win32-x64-archive-1.108.2/resources/app/out/vs/code/electron-utility/sharedProcess/sharedProcessMain.js:74:46040)
    at async $a.scanExtension (file:///c:/Users/gripa/OneDrive/Desktop/NCC/NCC-Doctrine/CCD%20VS%20EDITION/.vscode-test/vscode-win32-x64-archive-1.108.2/resources/app/out/vs/code/electron-utility/sharedProcess/sharedProcessMain.js:74:44547)
    at async Promise.all (index 16)
    at async $a.q (file:///c:/Users/gripa/OneDrive/Desktop/NCC/NCC-Doctrine/CCD%20VS%20EDITION/.vscode-test/vscode-win32-x64-archive-1.108.2/resources/app/out/vs/code/electron-utility/sharedProcess/sharedProcessMain.js:74:42973)
    at async Sf.scanAllUserExtensions (file:///c:/Users/gripa/OneDrive/Desktop/NCC/NCC-Doctrine/CCD%20VS%20EDITION/.vscode-test/vscode-win32-x64-archive-1.108.2/resources/app/out/vs/code/electron-utility/sharedProcess/sharedProcessMain.js:74:35833)
    at async Hh.scanAllUserExtensions (file:///c:/Users/gripa/OneDrive/Desktop/NCC/NCC-Doctrine/CCD%20VS%20EDITION/.vscode-test/vscode-win32-x64-archive-1.108.2/resources/app/out/vs/code/electron-utility/sharedProcess/sharedProcessMain.js:74:69942)
    at async i7.H (file:///c:/Users/gripa/OneDrive/Desktop/NCC/NCC-Doctrine/CCD%20VS%20EDITION/.vscode-test/vscode-win32-x64-archive-1.108.2/resources/app/out/vs/code/electron-utility/sharedProcess/sharedProcessMain.js:74:59756)
    at async i7.r (file:///c:/Users/gripa/OneDrive/Desktop/NCC/NCC-Doctrine/CCD%20VS%20EDITION/.vscode-test/vscode-win32-x64-archive-1.108.2/resources/app/out/vs/code/electron-utility/sharedProcess/sharedProcessMain.js:74:57651)
2026-01-28 18:15:39.867 [error] Error: Unable to read file 'c:\Users\gripa\OneDrive\Desktop\NCC\NCC-Doctrine\CCD\Network\package.json' (Error: Unable to resolve nonexistent file 'c:\Users\gripa\OneDrive\Desktop\NCC\NCC-Doctrine\CCD\Network\package.json')
    at Qh.G (file:///c:/Users/gripa/OneDrive/Desktop/NCC/NCC-Doctrine/CCD%20VS%20EDITION/.vscode-test/vscode-win32-x64-archive-1.108.2/resources/app/out/vs/code/electron-utility/sharedProcess/sharedProcessMain.js:74:90094)
    at Qh.F (file:///c:/Users/gripa/OneDrive/Desktop/NCC/NCC-Doctrine/CCD%20VS%20EDITION/.vscode-test/vscode-win32-x64-archive-1.108.2/resources/app/out/vs/code/electron-utility/sharedProcess/sharedProcessMain.js:74:89919)
    at async Qh.C (file:///c:/Users/gripa/OneDrive/Desktop/NCC/NCC-Doctrine/CCD%20VS%20EDITION/.vscode-test/vscode-win32-x64-archive-1.108.2/resources/app/out/vs/code/electron-utility/sharedProcess/sharedProcessMain.js:74:89291)
    at async $a.t (file:///c:/Users/gripa/OneDrive/Desktop/NCC/NCC-Doctrine/CCD%20VS%20EDITION/.vscode-test/vscode-win32-x64-archive-1.108.2/resources/app/out/vs/code/electron-utility/sharedProcess/sharedProcessMain.js:74:46040)
    at async $a.scanExtension (file:///c:/Users/gripa/OneDrive/Desktop/NCC/NCC-Doctrine/CCD%20VS%20EDITION/.vscode-test/vscode-win32-x64-archive-1.108.2/resources/app/out/vs/code/electron-utility/sharedProcess/sharedProcessMain.js:74:44547)
    at async Promise.all (index 18)
    at async $a.q (file:///c:/Users/gripa/OneDrive/Desktop/NCC/NCC-Doctrine/CCD%20VS%20EDITION/.vscode-test/vscode-win32-x64-archive-1.108.2/resources/app/out/vs/code/electron-utility/sharedProcess/sharedProcessMain.js:74:42973)
    at async Sf.scanAllUserExtensions (file:///c:/Users/gripa/OneDrive/Desktop/NCC/NCC-Doctrine/CCD%20VS%20EDITION/.vscode-test/vscode-win32-x64-archive-1.108.2/resources/app/out/vs/code/electron-utility/sharedProcess/sharedProcessMain.js:74:35833)
    at async Hh.scanAllUserExtensions (file:///c:/Users/gripa/OneDrive/Desktop/NCC/NCC-Doctrine/CCD%20VS%20EDITION/.vscode-test/vscode-win32-x64-archive-1.108.2/resources/app/out/vs/code/electron-utility/sharedProcess/sharedProcessMain.js:74:69942)
    at async i7.H (file:///c:/Users/gripa/OneDrive/Desktop/NCC/NCC-Doctrine/CCD%20VS%20EDITION/.vscode-test/vscode-win32-x64-archive-1.108.2/resources/app/out/vs/code/electron-utility/sharedProcess/sharedProcessMain.js:74:59756)
    at async i7.r (file:///c:/Users/gripa/OneDrive/Desktop/NCC/NCC-Doctrine/CCD%20VS%20EDITION/.vscode-test/vscode-win32-x64-archive-1.108.2/resources/app/out/vs/code/electron-utility/sharedProcess/sharedProcessMain.js:74:57651)
2026-01-28 18:15:39.867 [error] Error: Unable to read file 'c:\Users\gripa\OneDrive\Desktop\NCC\NCC-Doctrine\CCD\Shared Dictionary\package.json' (Error: Unable to resolve nonexistent file 'c:\Users\gripa\OneDrive\Desktop\NCC\NCC-Doctrine\CCD\Shared Dictionary\package.json')
    at Qh.G (file:///c:/Users/gripa/OneDrive/Desktop/NCC/NCC-Doctrine/CCD%20VS%20EDITION/.vscode-test/vscode-win32-x64-archive-1.108.2/resources/app/out/vs/code/electron-utility/sharedProcess/sharedProcessMain.js:74:90094)
    at Qh.F (file:///c:/Users/gripa/OneDrive/Desktop/NCC/NCC-Doctrine/CCD%20VS%20EDITION/.vscode-test/vscode-win32-x64-archive-1.108.2/resources/app/out/vs/code/electron-utility/sharedProcess/sharedProcessMain.js:74:89919)
    at async Qh.C (file:///c:/Users/gripa/OneDrive/Desktop/NCC/NCC-Doctrine/CCD%20VS%20EDITION/.vscode-test/vscode-win32-x64-archive-1.108.2/resources/app/out/vs/code/electron-utility/sharedProcess/sharedProcessMain.js:74:89291)
    at async $a.t (file:///c:/Users/gripa/OneDrive/Desktop/NCC/NCC-Doctrine/CCD%20VS%20EDITION/.vscode-test/vscode-win32-x64-archive-1.108.2/resources/app/out/vs/code/electron-utility/sharedProcess/sharedProcessMain.js:74:46040)
    at async $a.scanExtension (file:///c:/Users/gripa/OneDrive/Desktop/NCC/NCC-Doctrine/CCD%20VS%20EDITION/.vscode-test/vscode-win32-x64-archive-1.108.2/resources/app/out/vs/code/electron-utility/sharedProcess/sharedProcessMain.js:74:44547)
    at async Promise.all (index 19)
    at async $a.q (file:///c:/Users/gripa/OneDrive/Desktop/NCC/NCC-Doctrine/CCD%20VS%20EDITION/.vscode-test/vscode-win32-x64-archive-1.108.2/resources/app/out/vs/code/electron-utility/sharedProcess/sharedProcessMain.js:74:42973)
    at async Sf.scanAllUserExtensions (file:///c:/Users/gripa/OneDrive/Desktop/NCC/NCC-Doctrine/CCD%20VS%20EDITION/.vscode-test/vscode-win32-x64-archive-1.108.2/resources/app/out/vs/code/electron-utility/sharedProcess/sharedProcessMain.js:74:35833)
    at async Hh.scanAllUserExtensions (file:///c:/Users/gripa/OneDrive/Desktop/NCC/NCC-Doctrine/CCD%20VS%20EDITION/.vscode-test/vscode-win32-x64-archive-1.108.2/resources/app/out/vs/code/electron-utility/sharedProcess/sharedProcessMain.js:74:69942)
    at async i7.H (file:///c:/Users/gripa/OneDrive/Desktop/NCC/NCC-Doctrine/CCD%20VS%20EDITION/.vscode-test/vscode-win32-x64-archive-1.108.2/resources/app/out/vs/code/electron-utility/sharedProcess/sharedProcessMain.js:74:59756)
    at async i7.r (file:///c:/Users/gripa/OneDrive/Desktop/NCC/NCC-Doctrine/CCD%20VS%20EDITION/.vscode-test/vscode-win32-x64-archive-1.108.2/resources/app/out/vs/code/electron-utility/sharedProcess/sharedProcessMain.js:74:57651)
2026-01-28 18:15:39.868 [error] Error: Unable to read file 'c:\Users\gripa\OneDrive\Desktop\NCC\NCC-Doctrine\CCD\User\package.json' (Error: Unable to resolve nonexistent file 'c:\Users\gripa\OneDrive\Desktop\NCC\NCC-Doctrine\CCD\User\package.json')
    at Qh.G (file:///c:/Users/gripa/OneDrive/Desktop/NCC/NCC-Doctrine/CCD%20VS%20EDITION/.vscode-test/vscode-win32-x64-archive-1.108.2/resources/app/out/vs/code/electron-utility/sharedProcess/sharedProcessMain.js:74:90094)
    at Qh.F (file:///c:/Users/gripa/OneDrive/Desktop/NCC/NCC-Doctrine/CCD%20VS%20EDITION/.vscode-test/vscode-win32-x64-archive-1.108.2/resources/app/out/vs/code/electron-utility/sharedProcess/sharedProcessMain.js:74:89919)
    at async Qh.C (file:///c:/Users/gripa/OneDrive/Desktop/NCC/NCC-Doctrine/CCD%20VS%20EDITION/.vscode-test/vscode-win32-x64-archive-1.108.2/resources/app/out/vs/code/electron-utility/sharedProcess/sharedProcessMain.js:74:89291)
    at async $a.t (file:///c:/Users/gripa/OneDrive/Desktop/NCC/NCC-Doctrine/CCD%20VS%20EDITION/.vscode-test/vscode-win32-x64-archive-1.108.2/resources/app/out/vs/code/electron-utility/sharedProcess/sharedProcessMain.js:74:46040)
    at async $a.scanExtension (file:///c:/Users/gripa/OneDrive/Desktop/NCC/NCC-Doctrine/CCD%20VS%20EDITION/.vscode-test/vscode-win32-x64-archive-1.108.2/resources/app/out/vs/code/electron-utility/sharedProcess/sharedProcessMain.js:74:44547)
    at async Promise.all (index 20)
    at async $a.q (file:///c:/Users/gripa/OneDrive/Desktop/NCC/NCC-Doctrine/CCD%20VS%20EDITION/.vscode-test/vscode-win32-x64-archive-1.108.2/resources/app/out/vs/code/electron-utility/sharedProcess/sharedProcessMain.js:74:42973)
    at async Sf.scanAllUserExtensions (file:///c:/Users/gripa/OneDrive/Desktop/NCC/NCC-Doctrine/CCD%20VS%20EDITION/.vscode-test/vscode-win32-x64-archive-1.108.2/resources/app/out/vs/code/electron-utility/sharedProcess/sharedProcessMain.js:74:35833)
    at async Hh.scanAllUserExtensions (file:///c:/Users/gripa/OneDrive/Desktop/NCC/NCC-Doctrine/CCD%20VS%20EDITION/.vscode-test/vscode-win32-x64-archive-1.108.2/resources/app/out/vs/code/electron-utility/sharedProcess/sharedProcessMain.js:74:69942)
    at async i7.H (file:///c:/Users/gripa/OneDrive/Desktop/NCC/NCC-Doctrine/CCD%20VS%20EDITION/.vscode-test/vscode-win32-x64-archive-1.108.2/resources/app/out/vs/code/electron-utility/sharedProcess/sharedProcessMain.js:74:59756)
    at async i7.r (file:///c:/Users/gripa/OneDrive/Desktop/NCC/NCC-Doctrine/CCD%20VS%20EDITION/.vscode-test/vscode-win32-x64-archive-1.108.2/resources/app/out/vs/code/electron-utility/sharedProcess/sharedProcessMain.js:74:57651)
2026-01-28 18:15:39.897 [error] Error: Unable to read file 'c:\Users\gripa\OneDrive\Desktop\NCC\NCC-Doctrine\CCD\Backups\package.json' (Error: Unable to resolve nonexistent file 'c:\Users\gripa\OneDrive\Desktop\NCC\NCC-Doctrine\CCD\Backups\package.json')
    at Qh.G (file:///c:/Users/gripa/OneDrive/Desktop/NCC/NCC-Doctrine/CCD%20VS%20EDITION/.vscode-test/vscode-win32-x64-archive-1.108.2/resources/app/out/vs/code/electron-utility/sharedProcess/sharedProcessMain.js:74:90094)
    at Qh.F (file:///c:/Users/gripa/OneDrive/Desktop/NCC/NCC-Doctrine/CCD%20VS%20EDITION/.vscode-test/vscode-win32-x64-archive-1.108.2/resources/app/out/vs/code/electron-utility/sharedProcess/sharedProcessMain.js:74:89919)
    at async Qh.C (file:///c:/Users/gripa/OneDrive/Desktop/NCC/NCC-Doctrine/CCD%20VS%20EDITION/.vscode-test/vscode-win32-x64-archive-1.108.2/resources/app/out/vs/code/electron-utility/sharedProcess/sharedProcessMain.js:74:89291)
    at async $a.t (file:///c:/Users/gripa/OneDrive/Desktop/NCC/NCC-Doctrine/CCD%20VS%20EDITION/.vscode-test/vscode-win32-x64-archive-1.108.2/resources/app/out/vs/code/electron-utility/sharedProcess/sharedProcessMain.js:74:46040)
    at async $a.scanExtension (file:///c:/Users/gripa/OneDrive/Desktop/NCC/NCC-Doctrine/CCD%20VS%20EDITION/.vscode-test/vscode-win32-x64-archive-1.108.2/resources/app/out/vs/code/electron-utility/sharedProcess/sharedProcessMain.js:74:44547)
    at async Promise.all (index 0)
    at async $a.q (file:///c:/Users/gripa/OneDrive/Desktop/NCC/NCC-Doctrine/CCD%20VS%20EDITION/.vscode-test/vscode-win32-x64-archive-1.108.2/resources/app/out/vs/code/electron-utility/sharedProcess/sharedProcessMain.js:74:42973)
    at async Sf.scanAllUserExtensions (file:///c:/Users/gripa/OneDrive/Desktop/NCC/NCC-Doctrine/CCD%20VS%20EDITION/.vscode-test/vscode-win32-x64-archive-1.108.2/resources/app/out/vs/code/electron-utility/sharedProcess/sharedProcessMain.js:74:35833)
    at async Hh.I (file:///c:/Users/gripa/OneDrive/Desktop/NCC/NCC-Doctrine/CCD%20VS%20EDITION/.vscode-test/vscode-win32-x64-archive-1.108.2/resources/app/out/vs/code/electron-utility/sharedProcess/sharedProcessMain.js:74:76491)
    at async Hh.cleanUp (file:///c:/Users/gripa/OneDrive/Desktop/NCC/NCC-Doctrine/CCD%20VS%20EDITION/.vscode-test/vscode-win32-x64-archive-1.108.2/resources/app/out/vs/code/electron-utility/sharedProcess/sharedProcessMain.js:74:69343)
    at async Wh.cleanUp (file:///c:/Users/gripa/OneDrive/Desktop/NCC/NCC-Doctrine/CCD%20VS%20EDITION/.vscode-test/vscode-win32-x64-archive-1.108.2/resources/app/out/vs/code/electron-utility/sharedProcess/sharedProcessMain.js:74:63745)
2026-01-28 18:15:39.897 [error] Error: Unable to read file 'c:\Users\gripa\OneDrive\Desktop\NCC\NCC-Doctrine\CCD\blob_storage\package.json' (Error: Unable to resolve nonexistent file 'c:\Users\gripa\OneDrive\Desktop\NCC\NCC-Doctrine\CCD\blob_storage\package.json')
    at Qh.G (file:///c:/Users/gripa/OneDrive/Desktop/NCC/NCC-Doctrine/CCD%20VS%20EDITION/.vscode-test/vscode-win32-x64-archive-1.108.2/resources/app/out/vs/code/electron-utility/sharedProcess/sharedProcessMain.js:74:90094)
    at Qh.F (file:///c:/Users/gripa/OneDrive/Desktop/NCC/NCC-Doctrine/CCD%20VS%20EDITION/.vscode-test/vscode-win32-x64-archive-1.108.2/resources/app/out/vs/code/electron-utility/sharedProcess/sharedProcessMain.js:74:89919)
    at async Qh.C (file:///c:/Users/gripa/OneDrive/Desktop/NCC/NCC-Doctrine/CCD%20VS%20EDITION/.vscode-test/vscode-win32-x64-archive-1.108.2/resources/app/out/vs/code/electron-utility/sharedProcess/sharedProcessMain.js:74:89291)
    at async $a.t (file:///c:/Users/gripa/OneDrive/Desktop/NCC/NCC-Doctrine/CCD%20VS%20EDITION/.vscode-test/vscode-win32-x64-archive-1.108.2/resources/app/out/vs/code/electron-utility/sharedProcess/sharedProcessMain.js:74:46040)
    at async $a.scanExtension (file:///c:/Users/gripa/OneDrive/Desktop/NCC/NCC-Doctrine/CCD%20VS%20EDITION/.vscode-test/vscode-win32-x64-archive-1.108.2/resources/app/out/vs/code/electron-utility/sharedProcess/sharedProcessMain.js:74:44547)
    at async Promise.all (index 1)
    at async $a.q (file:///c:/Users/gripa/OneDrive/Desktop/NCC/NCC-Doctrine/CCD%20VS%20EDITION/.vscode-test/vscode-win32-x64-archive-1.108.2/resources/app/out/vs/code/electron-utility/sharedProcess/sharedProcessMain.js:74:42973)
    at async Sf.scanAllUserExtensions (file:///c:/Users/gripa/OneDrive/Desktop/NCC/NCC-Doctrine/CCD%20VS%20EDITION/.vscode-test/vscode-win32-x64-archive-1.108.2/resources/app/out/vs/code/electron-utility/sharedProcess/sharedProcessMain.js:74:35833)
    at async Hh.I (file:///c:/Users/gripa/OneDrive/Desktop/NCC/NCC-Doctrine/CCD%20VS%20EDITION/.vscode-test/vscode-win32-x64-archive-1.108.2/resources/app/out/vs/code/electron-utility/sharedProcess/sharedProcessMain.js:74:76491)
    at async Hh.cleanUp (file:///c:/Users/gripa/OneDrive/Desktop/NCC/NCC-Doctrine/CCD%20VS%20EDITION/.vscode-test/vscode-win32-x64-archive-1.108.2/resources/app/out/vs/code/electron-utility/sharedProcess/sharedProcessMain.js:74:69343)
    at async Wh.cleanUp (file:///c:/Users/gripa/OneDrive/Desktop/NCC/NCC-Doctrine/CCD%20VS%20EDITION/.vscode-test/vscode-win32-x64-archive-1.108.2/resources/app/out/vs/code/electron-utility/sharedProcess/sharedProcessMain.js:74:63745)
2026-01-28 18:15:39.897 [error] Error: Unable to read file 'c:\Users\gripa\OneDrive\Desktop\NCC\NCC-Doctrine\CCD\CachedData\package.json' (Error: Unable to resolve nonexistent file 'c:\Users\gripa\OneDrive\Desktop\NCC\NCC-Doctrine\CCD\CachedData\package.json')
    at Qh.G (file:///c:/Users/gripa/OneDrive/Desktop/NCC/NCC-Doctrine/CCD%20VS%20EDITION/.vscode-test/vscode-win32-x64-archive-1.108.2/resources/app/out/vs/code/electron-utility/sharedProcess/sharedProcessMain.js:74:90094)
    at Qh.F (file:///c:/Users/gripa/OneDrive/Desktop/NCC/NCC-Doctrine/CCD%20VS%20EDITION/.vscode-test/vscode-win32-x64-archive-1.108.2/resources/app/out/vs/code/electron-utility/sharedProcess/sharedProcessMain.js:74:89919)
    at async Qh.C (file:///c:/Users/gripa/OneDrive/Desktop/NCC/NCC-Doctrine/CCD%20VS%20EDITION/.vscode-test/vscode-win32-x64-archive-1.108.2/resources/app/out/vs/code/electron-utility/sharedProcess/sharedProcessMain.js:74:89291)
    at async $a.t (file:///c:/Users/gripa/OneDrive/Desktop/NCC/NCC-Doctrine/CCD%20VS%20EDITION/.vscode-test/vscode-win32-x64-archive-1.108.2/resources/app/out/vs/code/electron-utility/sharedProcess/sharedProcessMain.js:74:46040)
    at async $a.scanExtension (file:///c:/Users/gripa/OneDrive/Desktop/NCC/NCC-Doctrine/CCD%20VS%20EDITION/.vscode-test/vscode-win32-x64-archive-1.108.2/resources/app/out/vs/code/electron-utility/sharedProcess/sharedProcessMain.js:74:44547)
    at async Promise.all (index 3)
    at async $a.q (file:///c:/Users/gripa/OneDrive/Desktop/NCC/NCC-Doctrine/CCD%20VS%20EDITION/.vscode-test/vscode-win32-x64-archive-1.108.2/resources/app/out/vs/code/electron-utility/sharedProcess/sharedProcessMain.js:74:42973)
    at async Sf.scanAllUserExtensions (file:///c:/Users/gripa/OneDrive/Desktop/NCC/NCC-Doctrine/CCD%20VS%20EDITION/.vscode-test/vscode-win32-x64-archive-1.108.2/resources/app/out/vs/code/electron-utility/sharedProcess/sharedProcessMain.js:74:35833)
    at async Hh.I (file:///c:/Users/gripa/OneDrive/Desktop/NCC/NCC-Doctrine/CCD%20VS%20EDITION/.vscode-test/vscode-win32-x64-archive-1.108.2/resources/app/out/vs/code/electron-utility/sharedProcess/sharedProcessMain.js:74:76491)
    at async Hh.cleanUp (file:///c:/Users/gripa/OneDrive/Desktop/NCC/NCC-Doctrine/CCD%20VS%20EDITION/.vscode-test/vscode-win32-x64-archive-1.108.2/resources/app/out/vs/code/electron-utility/sharedProcess/sharedProcessMain.js:74:69343)
    at async Wh.cleanUp (file:///c:/Users/gripa/OneDrive/Desktop/NCC/NCC-Doctrine/CCD%20VS%20EDITION/.vscode-test/vscode-win32-x64-archive-1.108.2/resources/app/out/vs/code/electron-utility/sharedProcess/sharedProcessMain.js:74:63745)
2026-01-28 18:15:39.898 [error] Error: Unable to read file 'c:\Users\gripa\OneDrive\Desktop\NCC\NCC-Doctrine\CCD\Code Cache\package.json' (Error: Unable to resolve nonexistent file 'c:\Users\gripa\OneDrive\Desktop\NCC\NCC-Doctrine\CCD\Code Cache\package.json')
    at Qh.G (file:///c:/Users/gripa/OneDrive/Desktop/NCC/NCC-Doctrine/CCD%20VS%20EDITION/.vscode-test/vscode-win32-x64-archive-1.108.2/resources/app/out/vs/code/electron-utility/sharedProcess/sharedProcessMain.js:74:90094)
    at Qh.F (file:///c:/Users/gripa/OneDrive/Desktop/NCC/NCC-Doctrine/CCD%20VS%20EDITION/.vscode-test/vscode-win32-x64-archive-1.108.2/resources/app/out/vs/code/electron-utility/sharedProcess/sharedProcessMain.js:74:89919)
    at async Qh.C (file:///c:/Users/gripa/OneDrive/Desktop/NCC/NCC-Doctrine/CCD%20VS%20EDITION/.vscode-test/vscode-win32-x64-archive-1.108.2/resources/app/out/vs/code/electron-utility/sharedProcess/sharedProcessMain.js:74:89291)
    at async $a.t (file:///c:/Users/gripa/OneDrive/Desktop/NCC/NCC-Doctrine/CCD%20VS%20EDITION/.vscode-test/vscode-win32-x64-archive-1.108.2/resources/app/out/vs/code/electron-utility/sharedProcess/sharedProcessMain.js:74:46040)
    at async $a.scanExtension (file:///c:/Users/gripa/OneDrive/Desktop/NCC/NCC-Doctrine/CCD%20VS%20EDITION/.vscode-test/vscode-win32-x64-archive-1.108.2/resources/app/out/vs/code/electron-utility/sharedProcess/sharedProcessMain.js:74:44547)
    at async Promise.all (index 5)
    at async $a.q (file:///c:/Users/gripa/OneDrive/Desktop/NCC/NCC-Doctrine/CCD%20VS%20EDITION/.vscode-test/vscode-win32-x64-archive-1.108.2/resources/app/out/vs/code/electron-utility/sharedProcess/sharedProcessMain.js:74:42973)
    at async Sf.scanAllUserExtensions (file:///c:/Users/gripa/OneDrive/Desktop/NCC/NCC-Doctrine/CCD%20VS%20EDITION/.vscode-test/vscode-win32-x64-archive-1.108.2/resources/app/out/vs/code/electron-utility/sharedProcess/sharedProcessMain.js:74:35833)
    at async Hh.I (file:///c:/Users/gripa/OneDrive/Desktop/NCC/NCC-Doctrine/CCD%20VS%20EDITION/.vscode-test/vscode-win32-x64-archive-1.108.2/resources/app/out/vs/code/electron-utility/sharedProcess/sharedProcessMain.js:74:76491)
    at async Hh.cleanUp (file:///c:/Users/gripa/OneDrive/Desktop/NCC/NCC-Doctrine/CCD%20VS%20EDITION/.vscode-test/vscode-win32-x64-archive-1.108.2/resources/app/out/vs/code/electron-utility/sharedProcess/sharedProcessMain.js:74:69343)
    at async Wh.cleanUp (file:///c:/Users/gripa/OneDrive/Desktop/NCC/NCC-Doctrine/CCD%20VS%20EDITION/.vscode-test/vscode-win32-x64-archive-1.108.2/resources/app/out/vs/code/electron-utility/sharedProcess/sharedProcessMain.js:74:63745)
2026-01-28 18:15:39.898 [error] Error: Unable to read file 'c:\Users\gripa\OneDrive\Desktop\NCC\NCC-Doctrine\CCD\Cache\package.json' (Error: Unable to resolve nonexistent file 'c:\Users\gripa\OneDrive\Desktop\NCC\NCC-Doctrine\CCD\Cache\package.json')
    at Qh.G (file:///c:/Users/gripa/OneDrive/Desktop/NCC/NCC-Doctrine/CCD%20VS%20EDITION/.vscode-test/vscode-win32-x64-archive-1.108.2/resources/app/out/vs/code/electron-utility/sharedProcess/sharedProcessMain.js:74:90094)
    at Qh.F (file:///c:/Users/gripa/OneDrive/Desktop/NCC/NCC-Doctrine/CCD%20VS%20EDITION/.vscode-test/vscode-win32-x64-archive-1.108.2/resources/app/out/vs/code/electron-utility/sharedProcess/sharedProcessMain.js:74:89919)
    at async Qh.C (file:///c:/Users/gripa/OneDrive/Desktop/NCC/NCC-Doctrine/CCD%20VS%20EDITION/.vscode-test/vscode-win32-x64-archive-1.108.2/resources/app/out/vs/code/electron-utility/sharedProcess/sharedProcessMain.js:74:89291)
    at async $a.t (file:///c:/Users/gripa/OneDrive/Desktop/NCC/NCC-Doctrine/CCD%20VS%20EDITION/.vscode-test/vscode-win32-x64-archive-1.108.2/resources/app/out/vs/code/electron-utility/sharedProcess/sharedProcessMain.js:74:46040)
    at async $a.scanExtension (file:///c:/Users/gripa/OneDrive/Desktop/NCC/NCC-Doctrine/CCD%20VS%20EDITION/.vscode-test/vscode-win32-x64-archive-1.108.2/resources/app/out/vs/code/electron-utility/sharedProcess/sharedProcessMain.js:74:44547)
    at async Promise.all (index 2)
    at async $a.q (file:///c:/Users/gripa/OneDrive/Desktop/NCC/NCC-Doctrine/CCD%20VS%20EDITION/.vscode-test/vscode-win32-x64-archive-1.108.2/resources/app/out/vs/code/electron-utility/sharedProcess/sharedProcessMain.js:74:42973)
    at async Sf.scanAllUserExtensions (file:///c:/Users/gripa/OneDrive/Desktop/NCC/NCC-Doctrine/CCD%20VS%20EDITION/.vscode-test/vscode-win32-x64-archive-1.108.2/resources/app/out/vs/code/electron-utility/sharedProcess/sharedProcessMain.js:74:35833)
    at async Hh.I (file:///c:/Users/gripa/OneDrive/Desktop/NCC/NCC-Doctrine/CCD%20VS%20EDITION/.vscode-test/vscode-win32-x64-archive-1.108.2/resources/app/out/vs/code/electron-utility/sharedProcess/sharedProcessMain.js:74:76491)
    at async Hh.cleanUp (file:///c:/Users/gripa/OneDrive/Desktop/NCC/NCC-Doctrine/CCD%20VS%20EDITION/.vscode-test/vscode-win32-x64-archive-1.108.2/resources/app/out/vs/code/electron-utility/sharedProcess/sharedProcessMain.js:74:69343)
    at async Wh.cleanUp (file:///c:/Users/gripa/OneDrive/Desktop/NCC/NCC-Doctrine/CCD%20VS%20EDITION/.vscode-test/vscode-win32-x64-archive-1.108.2/resources/app/out/vs/code/electron-utility/sharedProcess/sharedProcessMain.js:74:63745)
2026-01-28 18:15:39.898 [error] Error: Unable to read file 'c:\Users\gripa\OneDrive\Desktop\NCC\NCC-Doctrine\CCD\Crashpad\package.json' (Error: Unable to resolve nonexistent file 'c:\Users\gripa\OneDrive\Desktop\NCC\NCC-Doctrine\CCD\Crashpad\package.json')
    at Qh.G (file:///c:/Users/gripa/OneDrive/Desktop/NCC/NCC-Doctrine/CCD%20VS%20EDITION/.vscode-test/vscode-win32-x64-archive-1.108.2/resources/app/out/vs/code/electron-utility/sharedProcess/sharedProcessMain.js:74:90094)
    at Qh.F (file:///c:/Users/gripa/OneDrive/Desktop/NCC/NCC-Doctrine/CCD%20VS%20EDITION/.vscode-test/vscode-win32-x64-archive-1.108.2/resources/app/out/vs/code/electron-utility/sharedProcess/sharedProcessMain.js:74:89919)
    at async Qh.C (file:///c:/Users/gripa/OneDrive/Desktop/NCC/NCC-Doctrine/CCD%20VS%20EDITION/.vscode-test/vscode-win32-x64-archive-1.108.2/resources/app/out/vs/code/electron-utility/sharedProcess/sharedProcessMain.js:74:89291)
    at async $a.t (file:///c:/Users/gripa/OneDrive/Desktop/NCC/NCC-Doctrine/CCD%20VS%20EDITION/.vscode-test/vscode-win32-x64-archive-1.108.2/resources/app/out/vs/code/electron-utility/sharedProcess/sharedProcessMain.js:74:46040)
    at async $a.scanExtension (file:///c:/Users/gripa/OneDrive/Desktop/NCC/NCC-Doctrine/CCD%20VS%20EDITION/.vscode-test/vscode-win32-x64-archive-1.108.2/resources/app/out/vs/code/electron-utility/sharedProcess/sharedProcessMain.js:74:44547)
    at async Promise.all (index 7)
    at async $a.q (file:///c:/Users/gripa/OneDrive/Desktop/NCC/NCC-Doctrine/CCD%20VS%20EDITION/.vscode-test/vscode-win32-x64-archive-1.108.2/resources/app/out/vs/code/electron-utility/sharedProcess/sharedProcessMain.js:74:42973)
    at async Sf.scanAllUserExtensions (file:///c:/Users/gripa/OneDrive/Desktop/NCC/NCC-Doctrine/CCD%20VS%20EDITION/.vscode-test/vscode-win32-x64-archive-1.108.2/resources/app/out/vs/code/electron-utility/sharedProcess/sharedProcessMain.js:74:35833)
    at async Hh.I (file:///c:/Users/gripa/OneDrive/Desktop/NCC/NCC-Doctrine/CCD%20VS%20EDITION/.vscode-test/vscode-win32-x64-archive-1.108.2/resources/app/out/vs/code/electron-utility/sharedProcess/sharedProcessMain.js:74:76491)
    at async Hh.cleanUp (file:///c:/Users/gripa/OneDrive/Desktop/NCC/NCC-Doctrine/CCD%20VS%20EDITION/.vscode-test/vscode-win32-x64-archive-1.108.2/resources/app/out/vs/code/electron-utility/sharedProcess/sharedProcessMain.js:74:69343)
    at async Wh.cleanUp (file:///c:/Users/gripa/OneDrive/Desktop/NCC/NCC-Doctrine/CCD%20VS%20EDITION/.vscode-test/vscode-win32-x64-archive-1.108.2/resources/app/out/vs/code/electron-utility/sharedProcess/sharedProcessMain.js:74:63745)
2026-01-28 18:15:39.899 [error] Error: Unable to read file 'c:\Users\gripa\OneDrive\Desktop\NCC\NCC-Doctrine\CCD\CachedProfilesData\package.json' (Error: Unable to resolve nonexistent file 'c:\Users\gripa\OneDrive\Desktop\NCC\NCC-Doctrine\CCD\CachedProfilesData\package.json')
    at Qh.G (file:///c:/Users/gripa/OneDrive/Desktop/NCC/NCC-Doctrine/CCD%20VS%20EDITION/.vscode-test/vscode-win32-x64-archive-1.108.2/resources/app/out/vs/code/electron-utility/sharedProcess/sharedProcessMain.js:74:90094)
    at Qh.F (file:///c:/Users/gripa/OneDrive/Desktop/NCC/NCC-Doctrine/CCD%20VS%20EDITION/.vscode-test/vscode-win32-x64-archive-1.108.2/resources/app/out/vs/code/electron-utility/sharedProcess/sharedProcessMain.js:74:89919)
    at async Qh.C (file:///c:/Users/gripa/OneDrive/Desktop/NCC/NCC-Doctrine/CCD%20VS%20EDITION/.vscode-test/vscode-win32-x64-archive-1.108.2/resources/app/out/vs/code/electron-utility/sharedProcess/sharedProcessMain.js:74:89291)
    at async $a.t (file:///c:/Users/gripa/OneDrive/Desktop/NCC/NCC-Doctrine/CCD%20VS%20EDITION/.vscode-test/vscode-win32-x64-archive-1.108.2/resources/app/out/vs/code/electron-utility/sharedProcess/sharedProcessMain.js:74:46040)
    at async $a.scanExtension (file:///c:/Users/gripa/OneDrive/Desktop/NCC/NCC-Doctrine/CCD%20VS%20EDITION/.vscode-test/vscode-win32-x64-archive-1.108.2/resources/app/out/vs/code/electron-utility/sharedProcess/sharedProcessMain.js:74:44547)
    at async Promise.all (index 4)
    at async $a.q (file:///c:/Users/gripa/OneDrive/Desktop/NCC/NCC-Doctrine/CCD%20VS%20EDITION/.vscode-test/vscode-win32-x64-archive-1.108.2/resources/app/out/vs/code/electron-utility/sharedProcess/sharedProcessMain.js:74:42973)
    at async Sf.scanAllUserExtensions (file:///c:/Users/gripa/OneDrive/Desktop/NCC/NCC-Doctrine/CCD%20VS%20EDITION/.vscode-test/vscode-win32-x64-archive-1.108.2/resources/app/out/vs/code/electron-utility/sharedProcess/sharedProcessMain.js:74:35833)
    at async Hh.I (file:///c:/Users/gripa/OneDrive/Desktop/NCC/NCC-Doctrine/CCD%20VS%20EDITION/.vscode-test/vscode-win32-x64-archive-1.108.2/resources/app/out/vs/code/electron-utility/sharedProcess/sharedProcessMain.js:74:76491)
    at async Hh.cleanUp (file:///c:/Users/gripa/OneDrive/Desktop/NCC/NCC-Doctrine/CCD%20VS%20EDITION/.vscode-test/vscode-win32-x64-archive-1.108.2/resources/app/out/vs/code/electron-utility/sharedProcess/sharedProcessMain.js:74:69343)
    at async Wh.cleanUp (file:///c:/Users/gripa/OneDrive/Desktop/NCC/NCC-Doctrine/CCD%20VS%20EDITION/.vscode-test/vscode-win32-x64-archive-1.108.2/resources/app/out/vs/code/electron-utility/sharedProcess/sharedProcessMain.js:74:63745)
2026-01-28 18:15:39.899 [error] Error: Unable to read file 'c:\Users\gripa\OneDrive\Desktop\NCC\NCC-Doctrine\CCD\DawnGraphiteCache\package.json' (Error: Unable to resolve nonexistent file 'c:\Users\gripa\OneDrive\Desktop\NCC\NCC-Doctrine\CCD\DawnGraphiteCache\package.json')
    at Qh.G (file:///c:/Users/gripa/OneDrive/Desktop/NCC/NCC-Doctrine/CCD%20VS%20EDITION/.vscode-test/vscode-win32-x64-archive-1.108.2/resources/app/out/vs/code/electron-utility/sharedProcess/sharedProcessMain.js:74:90094)
    at Qh.F (file:///c:/Users/gripa/OneDrive/Desktop/NCC/NCC-Doctrine/CCD%20VS%20EDITION/.vscode-test/vscode-win32-x64-archive-1.108.2/resources/app/out/vs/code/electron-utility/sharedProcess/sharedProcessMain.js:74:89919)
    at async Qh.C (file:///c:/Users/gripa/OneDrive/Desktop/NCC/NCC-Doctrine/CCD%20VS%20EDITION/.vscode-test/vscode-win32-x64-archive-1.108.2/resources/app/out/vs/code/electron-utility/sharedProcess/sharedProcessMain.js:74:89291)
    at async $a.t (file:///c:/Users/gripa/OneDrive/Desktop/NCC/NCC-Doctrine/CCD%20VS%20EDITION/.vscode-test/vscode-win32-x64-archive-1.108.2/resources/app/out/vs/code/electron-utility/sharedProcess/sharedProcessMain.js:74:46040)
    at async $a.scanExtension (file:///c:/Users/gripa/OneDrive/Desktop/NCC/NCC-Doctrine/CCD%20VS%20EDITION/.vscode-test/vscode-win32-x64-archive-1.108.2/resources/app/out/vs/code/electron-utility/sharedProcess/sharedProcessMain.js:74:44547)
    at async Promise.all (index 8)
    at async $a.q (file:///c:/Users/gripa/OneDrive/Desktop/NCC/NCC-Doctrine/CCD%20VS%20EDITION/.vscode-test/vscode-win32-x64-archive-1.108.2/resources/app/out/vs/code/electron-utility/sharedProcess/sharedProcessMain.js:74:42973)
    at async Sf.scanAllUserExtensions (file:///c:/Users/gripa/OneDrive/Desktop/NCC/NCC-Doctrine/CCD%20VS%20EDITION/.vscode-test/vscode-win32-x64-archive-1.108.2/resources/app/out/vs/code/electron-utility/sharedProcess/sharedProcessMain.js:74:35833)
    at async Hh.I (file:///c:/Users/gripa/OneDrive/Desktop/NCC/NCC-Doctrine/CCD%20VS%20EDITION/.vscode-test/vscode-win32-x64-archive-1.108.2/resources/app/out/vs/code/electron-utility/sharedProcess/sharedProcessMain.js:74:76491)
    at async Hh.cleanUp (file:///c:/Users/gripa/OneDrive/Desktop/NCC/NCC-Doctrine/CCD%20VS%20EDITION/.vscode-test/vscode-win32-x64-archive-1.108.2/resources/app/out/vs/code/electron-utility/sharedProcess/sharedProcessMain.js:74:69343)
    at async Wh.cleanUp (file:///c:/Users/gripa/OneDrive/Desktop/NCC/NCC-Doctrine/CCD%20VS%20EDITION/.vscode-test/vscode-win32-x64-archive-1.108.2/resources/app/out/vs/code/electron-utility/sharedProcess/sharedProcessMain.js:74:63745)
2026-01-28 18:15:39.899 [error] Error: Unable to read file 'c:\Users\gripa\OneDrive\Desktop\NCC\NCC-Doctrine\CCD\DawnWebGPUCache\package.json' (Error: Unable to resolve nonexistent file 'c:\Users\gripa\OneDrive\Desktop\NCC\NCC-Doctrine\CCD\DawnWebGPUCache\package.json')
    at Qh.G (file:///c:/Users/gripa/OneDrive/Desktop/NCC/NCC-Doctrine/CCD%20VS%20EDITION/.vscode-test/vscode-win32-x64-archive-1.108.2/resources/app/out/vs/code/electron-utility/sharedProcess/sharedProcessMain.js:74:90094)
    at Qh.F (file:///c:/Users/gripa/OneDrive/Desktop/NCC/NCC-Doctrine/CCD%20VS%20EDITION/.vscode-test/vscode-win32-x64-archive-1.108.2/resources/app/out/vs/code/electron-utility/sharedProcess/sharedProcessMain.js:74:89919)
    at async Qh.C (file:///c:/Users/gripa/OneDrive/Desktop/NCC/NCC-Doctrine/CCD%20VS%20EDITION/.vscode-test/vscode-win32-x64-archive-1.108.2/resources/app/out/vs/code/electron-utility/sharedProcess/sharedProcessMain.js:74:89291)
    at async $a.t (file:///c:/Users/gripa/OneDrive/Desktop/NCC/NCC-Doctrine/CCD%20VS%20EDITION/.vscode-test/vscode-win32-x64-archive-1.108.2/resources/app/out/vs/code/electron-utility/sharedProcess/sharedProcessMain.js:74:46040)
    at async $a.scanExtension (file:///c:/Users/gripa/OneDrive/Desktop/NCC/NCC-Doctrine/CCD%20VS%20EDITION/.vscode-test/vscode-win32-x64-archive-1.108.2/resources/app/out/vs/code/electron-utility/sharedProcess/sharedProcessMain.js:74:44547)
    at async Promise.all (index 9)
    at async $a.q (file:///c:/Users/gripa/OneDrive/Desktop/NCC/NCC-Doctrine/CCD%20VS%20EDITION/.vscode-test/vscode-win32-x64-archive-1.108.2/resources/app/out/vs/code/electron-utility/sharedProcess/sharedProcessMain.js:74:42973)
    at async Sf.scanAllUserExtensions (file:///c:/Users/gripa/OneDrive/Desktop/NCC/NCC-Doctrine/CCD%20VS%20EDITION/.vscode-test/vscode-win32-x64-archive-1.108.2/resources/app/out/vs/code/electron-utility/sharedProcess/sharedProcessMain.js:74:35833)
    at async Hh.I (file:///c:/Users/gripa/OneDrive/Desktop/NCC/NCC-Doctrine/CCD%20VS%20EDITION/.vscode-test/vscode-win32-x64-archive-1.108.2/resources/app/out/vs/code/electron-utility/sharedProcess/sharedProcessMain.js:74:76491)
    at async Hh.cleanUp (file:///c:/Users/gripa/OneDrive/Desktop/NCC/NCC-Doctrine/CCD%20VS%20EDITION/.vscode-test/vscode-win32-x64-archive-1.108.2/resources/app/out/vs/code/electron-utility/sharedProcess/sharedProcessMain.js:74:69343)
    at async Wh.cleanUp (file:///c:/Users/gripa/OneDrive/Desktop/NCC/NCC-Doctrine/CCD%20VS%20EDITION/.vscode-test/vscode-win32-x64-archive-1.108.2/resources/app/out/vs/code/electron-utility/sharedProcess/sharedProcessMain.js:74:63745)
2026-01-28 18:15:39.899 [error] Error: Unable to read file 'c:\Users\gripa\OneDrive\Desktop\NCC\NCC-Doctrine\CCD\GPUCache\package.json' (Error: Unable to resolve nonexistent file 'c:\Users\gripa\OneDrive\Desktop\NCC\NCC-Doctrine\CCD\GPUCache\package.json')
    at Qh.G (file:///c:/Users/gripa/OneDrive/Desktop/NCC/NCC-Doctrine/CCD%20VS%20EDITION/.vscode-test/vscode-win32-x64-archive-1.108.2/resources/app/out/vs/code/electron-utility/sharedProcess/sharedProcessMain.js:74:90094)
    at Qh.F (file:///c:/Users/gripa/OneDrive/Desktop/NCC/NCC-Doctrine/CCD%20VS%20EDITION/.vscode-test/vscode-win32-x64-archive-1.108.2/resources/app/out/vs/code/electron-utility/sharedProcess/sharedProcessMain.js:74:89919)
    at async Qh.C (file:///c:/Users/gripa/OneDrive/Desktop/NCC/NCC-Doctrine/CCD%20VS%20EDITION/.vscode-test/vscode-win32-x64-archive-1.108.2/resources/app/out/vs/code/electron-utility/sharedProcess/sharedProcessMain.js:74:89291)
    at async $a.t (file:///c:/Users/gripa/OneDrive/Desktop/NCC/NCC-Doctrine/CCD%20VS%20EDITION/.vscode-test/vscode-win32-x64-archive-1.108.2/resources/app/out/vs/code/electron-utility/sharedProcess/sharedProcessMain.js:74:46040)
    at async $a.scanExtension (file:///c:/Users/gripa/OneDrive/Desktop/NCC/NCC-Doctrine/CCD%20VS%20EDITION/.vscode-test/vscode-win32-x64-archive-1.108.2/resources/app/out/vs/code/electron-utility/sharedProcess/sharedProcessMain.js:74:44547)
    at async Promise.all (index 13)
    at async $a.q (file:///c:/Users/gripa/OneDrive/Desktop/NCC/NCC-Doctrine/CCD%20VS%20EDITION/.vscode-test/vscode-win32-x64-archive-1.108.2/resources/app/out/vs/code/electron-utility/sharedProcess/sharedProcessMain.js:74:42973)
    at async Sf.scanAllUserExtensions (file:///c:/Users/gripa/OneDrive/Desktop/NCC/NCC-Doctrine/CCD%20VS%20EDITION/.vscode-test/vscode-win32-x64-archive-1.108.2/resources/app/out/vs/code/electron-utility/sharedProcess/sharedProcessMain.js:74:35833)
    at async Hh.I (file:///c:/Users/gripa/OneDrive/Desktop/NCC/NCC-Doctrine/CCD%20VS%20EDITION/.vscode-test/vscode-win32-x64-archive-1.108.2/resources/app/out/vs/code/electron-utility/sharedProcess/sharedProcessMain.js:74:76491)
    at async Hh.cleanUp (file:///c:/Users/gripa/OneDrive/Desktop/NCC/NCC-Doctrine/CCD%20VS%20EDITION/.vscode-test/vscode-win32-x64-archive-1.108.2/resources/app/out/vs/code/electron-utility/sharedProcess/sharedProcessMain.js:74:69343)
    at async Wh.cleanUp (file:///c:/Users/gripa/OneDrive/Desktop/NCC/NCC-Doctrine/CCD%20VS%20EDITION/.vscode-test/vscode-win32-x64-archive-1.108.2/resources/app/out/vs/code/electron-utility/sharedProcess/sharedProcessMain.js:74:63745)
2026-01-28 18:15:39.900 [error] Error: Unable to read file 'c:\Users\gripa\OneDrive\Desktop\NCC\NCC-Doctrine\CCD\Local Storage\package.json' (Error: Unable to resolve nonexistent file 'c:\Users\gripa\OneDrive\Desktop\NCC\NCC-Doctrine\CCD\Local Storage\package.json')
    at Qh.G (file:///c:/Users/gripa/OneDrive/Desktop/NCC/NCC-Doctrine/CCD%20VS%20EDITION/.vscode-test/vscode-win32-x64-archive-1.108.2/resources/app/out/vs/code/electron-utility/sharedProcess/sharedProcessMain.js:74:90094)
    at Qh.F (file:///c:/Users/gripa/OneDrive/Desktop/NCC/NCC-Doctrine/CCD%20VS%20EDITION/.vscode-test/vscode-win32-x64-archive-1.108.2/resources/app/out/vs/code/electron-utility/sharedProcess/sharedProcessMain.js:74:89919)
    at async Qh.C (file:///c:/Users/gripa/OneDrive/Desktop/NCC/NCC-Doctrine/CCD%20VS%20EDITION/.vscode-test/vscode-win32-x64-archive-1.108.2/resources/app/out/vs/code/electron-utility/sharedProcess/sharedProcessMain.js:74:89291)
    at async $a.t (file:///c:/Users/gripa/OneDrive/Desktop/NCC/NCC-Doctrine/CCD%20VS%20EDITION/.vscode-test/vscode-win32-x64-archive-1.108.2/resources/app/out/vs/code/electron-utility/sharedProcess/sharedProcessMain.js:74:46040)
    at async $a.scanExtension (file:///c:/Users/gripa/OneDrive/Desktop/NCC/NCC-Doctrine/CCD%20VS%20EDITION/.vscode-test/vscode-win32-x64-archive-1.108.2/resources/app/out/vs/code/electron-utility/sharedProcess/sharedProcessMain.js:74:44547)
    at async Promise.all (index 15)
    at async $a.q (file:///c:/Users/gripa/OneDrive/Desktop/NCC/NCC-Doctrine/CCD%20VS%20EDITION/.vscode-test/vscode-win32-x64-archive-1.108.2/resources/app/out/vs/code/electron-utility/sharedProcess/sharedProcessMain.js:74:42973)
    at async Sf.scanAllUserExtensions (file:///c:/Users/gripa/OneDrive/Desktop/NCC/NCC-Doctrine/CCD%20VS%20EDITION/.vscode-test/vscode-win32-x64-archive-1.108.2/resources/app/out/vs/code/electron-utility/sharedProcess/sharedProcessMain.js:74:35833)
    at async Hh.I (file:///c:/Users/gripa/OneDrive/Desktop/NCC/NCC-Doctrine/CCD%20VS%20EDITION/.vscode-test/vscode-win32-x64-archive-1.108.2/resources/app/out/vs/code/electron-utility/sharedProcess/sharedProcessMain.js:74:76491)
    at async Hh.cleanUp (file:///c:/Users/gripa/OneDrive/Desktop/NCC/NCC-Doctrine/CCD%20VS%20EDITION/.vscode-test/vscode-win32-x64-archive-1.108.2/resources/app/out/vs/code/electron-utility/sharedProcess/sharedProcessMain.js:74:69343)
    at async Wh.cleanUp (file:///c:/Users/gripa/OneDrive/Desktop/NCC/NCC-Doctrine/CCD%20VS%20EDITION/.vscode-test/vscode-win32-x64-archive-1.108.2/resources/app/out/vs/code/electron-utility/sharedProcess/sharedProcessMain.js:74:63745)
2026-01-28 18:15:39.901 [error] Error: Unable to read file 'c:\Users\gripa\OneDrive\Desktop\NCC\NCC-Doctrine\CCD\logs\package.json' (Error: Unable to resolve nonexistent file 'c:\Users\gripa\OneDrive\Desktop\NCC\NCC-Doctrine\CCD\logs\package.json')
    at Qh.G (file:///c:/Users/gripa/OneDrive/Desktop/NCC/NCC-Doctrine/CCD%20VS%20EDITION/.vscode-test/vscode-win32-x64-archive-1.108.2/resources/app/out/vs/code/electron-utility/sharedProcess/sharedProcessMain.js:74:90094)
    at Qh.F (file:///c:/Users/gripa/OneDrive/Desktop/NCC/NCC-Doctrine/CCD%20VS%20EDITION/.vscode-test/vscode-win32-x64-archive-1.108.2/resources/app/out/vs/code/electron-utility/sharedProcess/sharedProcessMain.js:74:89919)
    at async Qh.C (file:///c:/Users/gripa/OneDrive/Desktop/NCC/NCC-Doctrine/CCD%20VS%20EDITION/.vscode-test/vscode-win32-x64-archive-1.108.2/resources/app/out/vs/code/electron-utility/sharedProcess/sharedProcessMain.js:74:89291)
    at async $a.t (file:///c:/Users/gripa/OneDrive/Desktop/NCC/NCC-Doctrine/CCD%20VS%20EDITION/.vscode-test/vscode-win32-x64-archive-1.108.2/resources/app/out/vs/code/electron-utility/sharedProcess/sharedProcessMain.js:74:46040)
    at async $a.scanExtension (file:///c:/Users/gripa/OneDrive/Desktop/NCC/NCC-Doctrine/CCD%20VS%20EDITION/.vscode-test/vscode-win32-x64-archive-1.108.2/resources/app/out/vs/code/electron-utility/sharedProcess/sharedProcessMain.js:74:44547)
    at async Promise.all (index 16)
    at async $a.q (file:///c:/Users/gripa/OneDrive/Desktop/NCC/NCC-Doctrine/CCD%20VS%20EDITION/.vscode-test/vscode-win32-x64-archive-1.108.2/resources/app/out/vs/code/electron-utility/sharedProcess/sharedProcessMain.js:74:42973)
    at async Sf.scanAllUserExtensions (file:///c:/Users/gripa/OneDrive/Desktop/NCC/NCC-Doctrine/CCD%20VS%20EDITION/.vscode-test/vscode-win32-x64-archive-1.108.2/resources/app/out/vs/code/electron-utility/sharedProcess/sharedProcessMain.js:74:35833)
    at async Hh.I (file:///c:/Users/gripa/OneDrive/Desktop/NCC/NCC-Doctrine/CCD%20VS%20EDITION/.vscode-test/vscode-win32-x64-archive-1.108.2/resources/app/out/vs/code/electron-utility/sharedProcess/sharedProcessMain.js:74:76491)
    at async Hh.cleanUp (file:///c:/Users/gripa/OneDrive/Desktop/NCC/NCC-Doctrine/CCD%20VS%20EDITION/.vscode-test/vscode-win32-x64-archive-1.108.2/resources/app/out/vs/code/electron-utility/sharedProcess/sharedProcessMain.js:74:69343)
    at async Wh.cleanUp (file:///c:/Users/gripa/OneDrive/Desktop/NCC/NCC-Doctrine/CCD%20VS%20EDITION/.vscode-test/vscode-win32-x64-archive-1.108.2/resources/app/out/vs/code/electron-utility/sharedProcess/sharedProcessMain.js:74:63745)
2026-01-28 18:15:39.905 [error] Error: Unable to read file 'c:\Users\gripa\OneDrive\Desktop\NCC\NCC-Doctrine\CCD\Shared Dictionary\package.json' (Error: Unable to resolve nonexistent file 'c:\Users\gripa\OneDrive\Desktop\NCC\NCC-Doctrine\CCD\Shared Dictionary\package.json')
    at Qh.G (file:///c:/Users/gripa/OneDrive/Desktop/NCC/NCC-Doctrine/CCD%20VS%20EDITION/.vscode-test/vscode-win32-x64-archive-1.108.2/resources/app/out/vs/code/electron-utility/sharedProcess/sharedProcessMain.js:74:90094)
    at Qh.F (file:///c:/Users/gripa/OneDrive/Desktop/NCC/NCC-Doctrine/CCD%20VS%20EDITION/.vscode-test/vscode-win32-x64-archive-1.108.2/resources/app/out/vs/code/electron-utility/sharedProcess/sharedProcessMain.js:74:89919)
    at async Qh.C (file:///c:/Users/gripa/OneDrive/Desktop/NCC/NCC-Doctrine/CCD%20VS%20EDITION/.vscode-test/vscode-win32-x64-archive-1.108.2/resources/app/out/vs/code/electron-utility/sharedProcess/sharedProcessMain.js:74:89291)
    at async $a.t (file:///c:/Users/gripa/OneDrive/Desktop/NCC/NCC-Doctrine/CCD%20VS%20EDITION/.vscode-test/vscode-win32-x64-archive-1.108.2/resources/app/out/vs/code/electron-utility/sharedProcess/sharedProcessMain.js:74:46040)
    at async $a.scanExtension (file:///c:/Users/gripa/OneDrive/Desktop/NCC/NCC-Doctrine/CCD%20VS%20EDITION/.vscode-test/vscode-win32-x64-archive-1.108.2/resources/app/out/vs/code/electron-utility/sharedProcess/sharedProcessMain.js:74:44547)
    at async Promise.all (index 19)
    at async $a.q (file:///c:/Users/gripa/OneDrive/Desktop/NCC/NCC-Doctrine/CCD%20VS%20EDITION/.vscode-test/vscode-win32-x64-archive-1.108.2/resources/app/out/vs/code/electron-utility/sharedProcess/sharedProcessMain.js:74:42973)
    at async Sf.scanAllUserExtensions (file:///c:/Users/gripa/OneDrive/Desktop/NCC/NCC-Doctrine/CCD%20VS%20EDITION/.vscode-test/vscode-win32-x64-archive-1.108.2/resources/app/out/vs/code/electron-utility/sharedProcess/sharedProcessMain.js:74:35833)
    at async Hh.I (file:///c:/Users/gripa/OneDrive/Desktop/NCC/NCC-Doctrine/CCD%20VS%20EDITION/.vscode-test/vscode-win32-x64-archive-1.108.2/resources/app/out/vs/code/electron-utility/sharedProcess/sharedProcessMain.js:74:76491)
    at async Hh.cleanUp (file:///c:/Users/gripa/OneDrive/Desktop/NCC/NCC-Doctrine/CCD%20VS%20EDITION/.vscode-test/vscode-win32-x64-archive-1.108.2/resources/app/out/vs/code/electron-utility/sharedProcess/sharedProcessMain.js:74:69343)
    at async Wh.cleanUp (file:///c:/Users/gripa/OneDrive/Desktop/NCC/NCC-Doctrine/CCD%20VS%20EDITION/.vscode-test/vscode-win32-x64-archive-1.108.2/resources/app/out/vs/code/electron-utility/sharedProcess/sharedProcessMain.js:74:63745)
2026-01-28 18:15:39.905 [error] Error: Unable to read file 'c:\Users\gripa\OneDrive\Desktop\NCC\NCC-Doctrine\CCD\Network\package.json' (Error: Unable to resolve nonexistent file 'c:\Users\gripa\OneDrive\Desktop\NCC\NCC-Doctrine\CCD\Network\package.json')
    at Qh.G (file:///c:/Users/gripa/OneDrive/Desktop/NCC/NCC-Doctrine/CCD%20VS%20EDITION/.vscode-test/vscode-win32-x64-archive-1.108.2/resources/app/out/vs/code/electron-utility/sharedProcess/sharedProcessMain.js:74:90094)
    at Qh.F (file:///c:/Users/gripa/OneDrive/Desktop/NCC/NCC-Doctrine/CCD%20VS%20EDITION/.vscode-test/vscode-win32-x64-archive-1.108.2/resources/app/out/vs/code/electron-utility/sharedProcess/sharedProcessMain.js:74:89919)
    at async Qh.C (file:///c:/Users/gripa/OneDrive/Desktop/NCC/NCC-Doctrine/CCD%20VS%20EDITION/.vscode-test/vscode-win32-x64-archive-1.108.2/resources/app/out/vs/code/electron-utility/sharedProcess/sharedProcessMain.js:74:89291)
    at async $a.t (file:///c:/Users/gripa/OneDrive/Desktop/NCC/NCC-Doctrine/CCD%20VS%20EDITION/.vscode-test/vscode-win32-x64-archive-1.108.2/resources/app/out/vs/code/electron-utility/sharedProcess/sharedProcessMain.js:74:46040)
    at async $a.scanExtension (file:///c:/Users/gripa/OneDrive/Desktop/NCC/NCC-Doctrine/CCD%20VS%20EDITION/.vscode-test/vscode-win32-x64-archive-1.108.2/resources/app/out/vs/code/electron-utility/sharedProcess/sharedProcessMain.js:74:44547)
    at async Promise.all (index 18)
    at async $a.q (file:///c:/Users/gripa/OneDrive/Desktop/NCC/NCC-Doctrine/CCD%20VS%20EDITION/.vscode-test/vscode-win32-x64-archive-1.108.2/resources/app/out/vs/code/electron-utility/sharedProcess/sharedProcessMain.js:74:42973)
    at async Sf.scanAllUserExtensions (file:///c:/Users/gripa/OneDrive/Desktop/NCC/NCC-Doctrine/CCD%20VS%20EDITION/.vscode-test/vscode-win32-x64-archive-1.108.2/resources/app/out/vs/code/electron-utility/sharedProcess/sharedProcessMain.js:74:35833)
    at async Hh.I (file:///c:/Users/gripa/OneDrive/Desktop/NCC/NCC-Doctrine/CCD%20VS%20EDITION/.vscode-test/vscode-win32-x64-archive-1.108.2/resources/app/out/vs/code/electron-utility/sharedProcess/sharedProcessMain.js:74:76491)
    at async Hh.cleanUp (file:///c:/Users/gripa/OneDrive/Desktop/NCC/NCC-Doctrine/CCD%20VS%20EDITION/.vscode-test/vscode-win32-x64-archive-1.108.2/resources/app/out/vs/code/electron-utility/sharedProcess/sharedProcessMain.js:74:69343)
    at async Wh.cleanUp (file:///c:/Users/gripa/OneDrive/Desktop/NCC/NCC-Doctrine/CCD%20VS%20EDITION/.vscode-test/vscode-win32-x64-archive-1.108.2/resources/app/out/vs/code/electron-utility/sharedProcess/sharedProcessMain.js:74:63745)
2026-01-28 18:15:39.905 [error] Error: Unable to read file 'c:\Users\gripa\OneDrive\Desktop\NCC\NCC-Doctrine\CCD\User\package.json' (Error: Unable to resolve nonexistent file 'c:\Users\gripa\OneDrive\Desktop\NCC\NCC-Doctrine\CCD\User\package.json')
    at Qh.G (file:///c:/Users/gripa/OneDrive/Desktop/NCC/NCC-Doctrine/CCD%20VS%20EDITION/.vscode-test/vscode-win32-x64-archive-1.108.2/resources/app/out/vs/code/electron-utility/sharedProcess/sharedProcessMain.js:74:90094)
    at Qh.F (file:///c:/Users/gripa/OneDrive/Desktop/NCC/NCC-Doctrine/CCD%20VS%20EDITION/.vscode-test/vscode-win32-x64-archive-1.108.2/resources/app/out/vs/code/electron-utility/sharedProcess/sharedProcessMain.js:74:89919)
    at async Qh.C (file:///c:/Users/gripa/OneDrive/Desktop/NCC/NCC-Doctrine/CCD%20VS%20EDITION/.vscode-test/vscode-win32-x64-archive-1.108.2/resources/app/out/vs/code/electron-utility/sharedProcess/sharedProcessMain.js:74:89291)
    at async $a.t (file:///c:/Users/gripa/OneDrive/Desktop/NCC/NCC-Doctrine/CCD%20VS%20EDITION/.vscode-test/vscode-win32-x64-archive-1.108.2/resources/app/out/vs/code/electron-utility/sharedProcess/sharedProcessMain.js:74:46040)
    at async $a.scanExtension (file:///c:/Users/gripa/OneDrive/Desktop/NCC/NCC-Doctrine/CCD%20VS%20EDITION/.vscode-test/vscode-win32-x64-archive-1.108.2/resources/app/out/vs/code/electron-utility/sharedProcess/sharedProcessMain.js:74:44547)
    at async Promise.all (index 20)
    at async $a.q (file:///c:/Users/gripa/OneDrive/Desktop/NCC/NCC-Doctrine/CCD%20VS%20EDITION/.vscode-test/vscode-win32-x64-archive-1.108.2/resources/app/out/vs/code/electron-utility/sharedProcess/sharedProcessMain.js:74:42973)
    at async Sf.scanAllUserExtensions (file:///c:/Users/gripa/OneDrive/Desktop/NCC/NCC-Doctrine/CCD%20VS%20EDITION/.vscode-test/vscode-win32-x64-archive-1.108.2/resources/app/out/vs/code/electron-utility/sharedProcess/sharedProcessMain.js:74:35833)
    at async Hh.I (file:///c:/Users/gripa/OneDrive/Desktop/NCC/NCC-Doctrine/CCD%20VS%20EDITION/.vscode-test/vscode-win32-x64-archive-1.108.2/resources/app/out/vs/code/electron-utility/sharedProcess/sharedProcessMain.js:74:76491)
    at async Hh.cleanUp (file:///c:/Users/gripa/OneDrive/Desktop/NCC/NCC-Doctrine/CCD%20VS%20EDITION/.vscode-test/vscode-win32-x64-archive-1.108.2/resources/app/out/vs/code/electron-utility/sharedProcess/sharedProcessMain.js:74:69343)
    at async Wh.cleanUp (file:///c:/Users/gripa/OneDrive/Desktop/NCC/NCC-Doctrine/CCD%20VS%20EDITION/.vscode-test/vscode-win32-x64-archive-1.108.2/resources/app/out/vs/code/electron-utility/sharedProcess/sharedProcessMain.js:74:63745)
