[2026-01-29 20:41:27] [NCC-DATA] [TestDivision] [INFO] Initializing Universal Data Repository for TestDivision...
[2026-01-29 20:41:27] [NCC-DATA] [TestDivision] [INFO] Created directory: C:\Users\gripa\OneDrive\Desktop\NCC\NCC-Doctrine\data\raw
[2026-01-29 20:41:27] [NCC-DATA] [TestDivision] [INFO] Created directory: C:\Users\gripa\OneDrive\Desktop\NCC\NCC-Doctrine\data\config
[2026-01-29 20:41:27] [NCC-DATA] [TestDivision] [INFO] Created directory: C:\Users\gripa\OneDrive\Desktop\NCC\NCC-Doctrine\data\analytics
[2026-01-29 20:41:27] [NCC-DATA] [TestDivision] [INFO] Created directory: C:\Users\gripa\OneDrive\Desktop\NCC\NCC-Doctrine\data\archive
[2026-01-29 20:41:27] [NCC-DATA] [TestDivision] [INFO] Created directory: C:\Users\gripa\OneDrive\Desktop\NCC\NCC-Doctrine\data\backup
[2026-01-29 20:41:27] [NCC-DATA] [TestDivision] [INFO] Created directory: C:\Users\gripa\OneDrive\Desktop\NCC\NCC-Doctrine\data\temp
[2026-01-29 20:41:27] [NCC-DATA] [TestDivision] [INFO] Created directory: C:\Users\gripa\OneDrive\Desktop\NCC\NCC-Doctrine\data\processed
[2026-01-29 20:41:27] [NCC-DATA] [TestDivision] [SUCCESS] Data repository initialization completed for TestDivision
[2026-01-29 20:45:19] [NCC-DATA] [TestDivision] [INFO] Validating data integrity for TestDivision...
[2026-01-29 20:45:19] [NCC-DATA] [TestDivision] [SUCCESS] Data validation completed - Status: PASS, Issues: 0
[2026-01-29 20:45:48] [NCC-DATA] [TestDivision] [INFO] Creating data repository backup for TestDivision...
[2026-01-29 20:50:24] [NCC-DATA] [TestDivision] [INFO] Initializing Universal Data Repository for TestDivision...
[2026-01-29 20:50:24] [NCC-DATA] [TestDivision] [SUCCESS] Data repository initialization completed for TestDivision
[2026-01-29 20:51:59] [NCC-DATA] [TestDivision] [INFO] Validating data integrity for TestDivision...
[2026-01-29 20:52:00] [NCC-DATA] [TestDivision] [SUCCESS] Data validation completed - Status: PASS, Issues: 0
[2026-01-29 20:52:26] [NCC-DATA] [TestDivision] [INFO] Initializing Universal Data Repository for TestDivision...
[2026-01-29 20:52:26] [NCC-DATA] [TestDivision] [SUCCESS] Data repository initialization completed for TestDivision
[2026-01-29 20:53:45] [NCC-DATA] [TestDivision] [INFO] Initializing Universal Data Repository for TestDivision...
[2026-01-29 20:53:45] [NCC-DATA] [TestDivision] [SUCCESS] Data repository initialization completed for TestDivision
