[2026-01-29 01:14:11] [AAC-INIT] 🔥 INITIALIZING AAC HIGH-SPEED SIMULATION ENGINE 🔥
[2026-01-29 01:14:11] [AAC-INIT] Simulated Years: 100 | Speed: 1000x | Starting Capital: $1000
[2026-01-29 01:14:11] [AAC-SUCCESS] AAC Simulation Engine initialized - Ready for high-speed execution
[2026-01-29 01:14:11] [AAC-INIT] Starting continuous high-speed simulation mode
[2026-01-29 01:14:11] [AAC-INIT] 🚀 STARTING HIGH-SPEED SIMULATION: 100 cycles at 1000x speed
[2026-01-29 01:14:11] [AAC-INFO] Cycle 100 | Portfolio: $7632181.81 | Return: 7632.1818x | Market: crash | Best: High-Frequency Momentum
[2026-01-29 01:14:11] [AAC-SUCCESS] 🏁 HIGH-SPEED SIMULATION COMPLETE: 7632.18x return | Best Strategy: High-Frequency Momentum
[2026-01-29 01:14:12] [AAC-INIT] 🚀 STARTING HIGH-SPEED SIMULATION: 100 cycles at 1000x speed
[2026-01-29 01:14:12] [AAC-INFO] Cycle 100 | Portfolio: $103860303504222 | Return: 103860303504.222x | Market: sideways | Best: High-Frequency Momentum
[2026-01-29 01:14:12] [AAC-SUCCESS] 🏁 HIGH-SPEED SIMULATION COMPLETE: 103860303504.22x return | Best Strategy: High-Frequency Momentum
[2026-01-29 01:14:13] [AAC-INIT] 🚀 STARTING HIGH-SPEED SIMULATION: 100 cycles at 1000x speed
[2026-01-29 01:14:13] [AAC-INFO] Cycle 100 | Portfolio: $1.41760942768585E+25 | Return: 1.41760942768585E+22x | Market: recovery | Best: High-Frequency Momentum
[2026-01-29 01:14:13] [AAC-SUCCESS] 🏁 HIGH-SPEED SIMULATION COMPLETE: 1.41760942768585E+22x return | Best Strategy: High-Frequency Momentum
[2026-01-29 01:14:14] [AAC-INIT] 🚀 STARTING HIGH-SPEED SIMULATION: 100 cycles at 1000x speed
[2026-01-29 01:14:14] [AAC-INFO] Cycle 100 | Portfolio: $1.0912235305148E+28 | Return: 1.0912235305148E+25x | Market: sideways | Best: High-Frequency Momentum
[2026-01-29 01:14:14] [AAC-SUCCESS] 🏁 HIGH-SPEED SIMULATION COMPLETE: 1.0912235305148E+25x return | Best Strategy: High-Frequency Momentum
[2026-01-29 01:14:15] [AAC-INIT] 🚀 STARTING HIGH-SPEED SIMULATION: 100 cycles at 1000x speed
[2026-01-29 01:14:15] [AAC-INFO] Cycle 100 | Portfolio: $1.86738225039085E+30 | Return: 1.86738225039085E+27x | Market: bull | Best: High-Frequency Momentum
[2026-01-29 01:14:15] [AAC-SUCCESS] 🏁 HIGH-SPEED SIMULATION COMPLETE: 1.86738225039085E+27x return | Best Strategy: High-Frequency Momentum
[2026-01-29 01:14:16] [AAC-INIT] 🚀 STARTING HIGH-SPEED SIMULATION: 100 cycles at 1000x speed
[2026-01-29 01:14:16] [AAC-INFO] Cycle 100 | Portfolio: $4.3373816265942E+42 | Return: 4.3373816265942E+39x | Market: recovery | Best: High-Frequency Momentum
[2026-01-29 01:14:16] [AAC-SUCCESS] 🏁 HIGH-SPEED SIMULATION COMPLETE: 4.3373816265942E+39x return | Best Strategy: High-Frequency Momentum
[2026-01-29 01:14:17] [AAC-INIT] 🚀 STARTING HIGH-SPEED SIMULATION: 100 cycles at 1000x speed
[2026-01-29 01:14:17] [AAC-INFO] Cycle 100 | Portfolio: $4.07555139387976E+36 | Return: 4.07555139387976E+33x | Market: bear | Best: High-Frequency Momentum
[2026-01-29 01:14:17] [AAC-SUCCESS] 🏁 HIGH-SPEED SIMULATION COMPLETE: 4.07555139387976E+33x return | Best Strategy: High-Frequency Momentum
[2026-01-29 01:14:18] [AAC-INIT] 🚀 STARTING HIGH-SPEED SIMULATION: 100 cycles at 1000x speed
[2026-01-29 01:14:18] [AAC-INFO] Cycle 100 | Portfolio: $1.85421247299868E+39 | Return: 1.85421247299868E+36x | Market: crash | Best: High-Frequency Momentum
[2026-01-29 01:14:18] [AAC-SUCCESS] 🏁 HIGH-SPEED SIMULATION COMPLETE: 1.85421247299868E+36x return | Best Strategy: High-Frequency Momentum
[2026-01-29 01:14:19] [AAC-INIT] 🚀 STARTING HIGH-SPEED SIMULATION: 100 cycles at 1000x speed
[2026-01-29 01:14:19] [AAC-INFO] Cycle 100 | Portfolio: $2.16065071485612E+46 | Return: 2.16065071485612E+43x | Market: bull | Best: High-Frequency Momentum
[2026-01-29 01:14:19] [AAC-SUCCESS] 🏁 HIGH-SPEED SIMULATION COMPLETE: 2.16065071485612E+43x return | Best Strategy: High-Frequency Momentum
[2026-01-29 01:14:20] [AAC-INIT] 🚀 STARTING HIGH-SPEED SIMULATION: 100 cycles at 1000x speed
[2026-01-29 01:14:20] [AAC-INFO] Cycle 100 | Portfolio: $1.21169826962337E+53 | Return: 1.21169826962337E+50x | Market: volatile | Best: High-Frequency Momentum
[2026-01-29 01:14:20] [AAC-SUCCESS] 🏁 HIGH-SPEED SIMULATION COMPLETE: 1.21169826962337E+50x return | Best Strategy: High-Frequency Momentum
[2026-01-29 01:14:21] [AAC-INIT] 🚀 STARTING HIGH-SPEED SIMULATION: 100 cycles at 1000x speed
[2026-01-29 01:14:21] [AAC-INFO] Cycle 100 | Portfolio: $6.34442074486056E+55 | Return: 6.34442074486056E+52x | Market: volatile | Best: High-Frequency Momentum
[2026-01-29 01:14:21] [AAC-SUCCESS] 🏁 HIGH-SPEED SIMULATION COMPLETE: 6.34442074486056E+52x return | Best Strategy: High-Frequency Momentum
[2026-01-29 01:14:22] [AAC-INIT] 🚀 STARTING HIGH-SPEED SIMULATION: 100 cycles at 1000x speed
[2026-01-29 01:14:22] [AAC-INFO] Cycle 100 | Portfolio: $2.6884531351339E+63 | Return: 2.6884531351339E+60x | Market: bear | Best: High-Frequency Momentum
[2026-01-29 01:14:22] [AAC-SUCCESS] 🏁 HIGH-SPEED SIMULATION COMPLETE: 2.6884531351339E+60x return | Best Strategy: High-Frequency Momentum
[2026-01-29 01:14:23] [AAC-INIT] 🚀 STARTING HIGH-SPEED SIMULATION: 100 cycles at 1000x speed
[2026-01-29 01:14:23] [AAC-INFO] Cycle 100 | Portfolio: $1.17257993605039E+62 | Return: 1.17257993605039E+59x | Market: bear | Best: High-Frequency Momentum
[2026-01-29 01:14:23] [AAC-SUCCESS] 🏁 HIGH-SPEED SIMULATION COMPLETE: 1.17257993605039E+59x return | Best Strategy: High-Frequency Momentum
[2026-01-29 01:14:24] [AAC-INIT] 🚀 STARTING HIGH-SPEED SIMULATION: 100 cycles at 1000x speed
[2026-01-29 01:14:24] [AAC-INFO] Cycle 100 | Portfolio: $3.32939093552418E+54 | Return: 3.32939093552418E+51x | Market: crash | Best: High-Frequency Momentum
[2026-01-29 01:14:24] [AAC-SUCCESS] 🏁 HIGH-SPEED SIMULATION COMPLETE: 3.32939093552418E+51x return | Best Strategy: High-Frequency Momentum
[2026-01-29 01:14:25] [AAC-INIT] 🚀 STARTING HIGH-SPEED SIMULATION: 100 cycles at 1000x speed
[2026-01-29 01:14:25] [AAC-INFO] Cycle 100 | Portfolio: $1.93367361033947E+66 | Return: 1.93367361033947E+63x | Market: bull | Best: High-Frequency Momentum
[2026-01-29 01:14:25] [AAC-SUCCESS] 🏁 HIGH-SPEED SIMULATION COMPLETE: 1.93367361033947E+63x return | Best Strategy: High-Frequency Momentum
[2026-01-29 01:14:26] [AAC-INIT] 🚀 STARTING HIGH-SPEED SIMULATION: 100 cycles at 1000x speed
[2026-01-29 01:14:26] [AAC-INFO] Cycle 100 | Portfolio: $5.07105401847078E+72 | Return: 5.07105401847078E+69x | Market: bear | Best: High-Frequency Momentum
[2026-01-29 01:14:26] [AAC-SUCCESS] 🏁 HIGH-SPEED SIMULATION COMPLETE: 5.07105401847078E+69x return | Best Strategy: High-Frequency Momentum
[2026-01-29 01:14:27] [AAC-INIT] 🚀 STARTING HIGH-SPEED SIMULATION: 100 cycles at 1000x speed
[2026-01-29 01:14:27] [AAC-INFO] Cycle 100 | Portfolio: $1.96611260117522E+74 | Return: 1.96611260117522E+71x | Market: sideways | Best: High-Frequency Momentum
[2026-01-29 01:14:27] [AAC-SUCCESS] 🏁 HIGH-SPEED SIMULATION COMPLETE: 1.96611260117522E+71x return | Best Strategy: High-Frequency Momentum
[2026-01-29 01:14:28] [AAC-INIT] 🚀 STARTING HIGH-SPEED SIMULATION: 100 cycles at 1000x speed
[2026-01-29 01:14:28] [AAC-INFO] Cycle 100 | Portfolio: $1.61392506820255E+85 | Return: 1.61392506820255E+82x | Market: recovery | Best: High-Frequency Momentum
[2026-01-29 01:14:28] [AAC-SUCCESS] 🏁 HIGH-SPEED SIMULATION COMPLETE: 1.61392506820255E+82x return | Best Strategy: High-Frequency Momentum
[2026-01-29 01:14:29] [AAC-INIT] 🚀 STARTING HIGH-SPEED SIMULATION: 100 cycles at 1000x speed
[2026-01-29 01:14:29] [AAC-INFO] Cycle 100 | Portfolio: $6.45482319182002E+90 | Return: 6.45482319182002E+87x | Market: sideways | Best: High-Frequency Momentum
[2026-01-29 01:14:29] [AAC-SUCCESS] 🏁 HIGH-SPEED SIMULATION COMPLETE: 6.45482319182002E+87x return | Best Strategy: High-Frequency Momentum
[2026-01-29 01:14:30] [AAC-INIT] 🚀 STARTING HIGH-SPEED SIMULATION: 100 cycles at 1000x speed
[2026-01-29 01:14:30] [AAC-INFO] Cycle 100 | Portfolio: $1.66572225355692E+92 | Return: 1.66572225355692E+89x | Market: crash | Best: High-Frequency Momentum
[2026-01-29 01:14:30] [AAC-SUCCESS] 🏁 HIGH-SPEED SIMULATION COMPLETE: 1.66572225355692E+89x return | Best Strategy: High-Frequency Momentum
[2026-01-29 01:14:31] [AAC-INIT] 🚀 STARTING HIGH-SPEED SIMULATION: 100 cycles at 1000x speed
[2026-01-29 01:14:31] [AAC-INFO] Cycle 100 | Portfolio: $1.05270512294143E+97 | Return: 1.05270512294143E+94x | Market: bear | Best: High-Frequency Momentum
[2026-01-29 01:14:31] [AAC-SUCCESS] 🏁 HIGH-SPEED SIMULATION COMPLETE: 1.05270512294143E+94x return | Best Strategy: High-Frequency Momentum
[2026-01-29 01:14:32] [AAC-INIT] 🚀 STARTING HIGH-SPEED SIMULATION: 100 cycles at 1000x speed
[2026-01-29 01:14:32] [AAC-INFO] Cycle 100 | Portfolio: $1.82598963535208E+110 | Return: 1.82598963535208E+107x | Market: sideways | Best: High-Frequency Momentum
[2026-01-29 01:14:32] [AAC-SUCCESS] 🏁 HIGH-SPEED SIMULATION COMPLETE: 1.82598963535208E+107x return | Best Strategy: High-Frequency Momentum
[2026-01-29 01:14:33] [AAC-INIT] 🚀 STARTING HIGH-SPEED SIMULATION: 100 cycles at 1000x speed
[2026-01-29 01:14:33] [AAC-INFO] Cycle 100 | Portfolio: $4.90213653971706E+111 | Return: 4.90213653971706E+108x | Market: recovery | Best: High-Frequency Momentum
[2026-01-29 01:14:33] [AAC-SUCCESS] 🏁 HIGH-SPEED SIMULATION COMPLETE: 4.90213653971706E+108x return | Best Strategy: High-Frequency Momentum
[2026-01-29 01:14:34] [AAC-INIT] 🚀 STARTING HIGH-SPEED SIMULATION: 100 cycles at 1000x speed
[2026-01-29 01:14:34] [AAC-INFO] Cycle 100 | Portfolio: $3.20546814588033E+106 | Return: 3.20546814588033E+103x | Market: crash | Best: High-Frequency Momentum
[2026-01-29 01:14:34] [AAC-SUCCESS] 🏁 HIGH-SPEED SIMULATION COMPLETE: 3.20546814588033E+103x return | Best Strategy: High-Frequency Momentum
[2026-01-29 01:14:35] [AAC-INIT] 🚀 STARTING HIGH-SPEED SIMULATION: 100 cycles at 1000x speed
[2026-01-29 01:14:35] [AAC-INFO] Cycle 100 | Portfolio: $8.91245767864803E+113 | Return: 8.91245767864803E+110x | Market: recovery | Best: High-Frequency Momentum
[2026-01-29 01:14:35] [AAC-SUCCESS] 🏁 HIGH-SPEED SIMULATION COMPLETE: 8.91245767864803E+110x return | Best Strategy: High-Frequency Momentum
[2026-01-29 01:14:36] [AAC-INIT] 🚀 STARTING HIGH-SPEED SIMULATION: 100 cycles at 1000x speed
[2026-01-29 01:14:36] [AAC-INFO] Cycle 100 | Portfolio: $3.25434305116433E+123 | Return: 3.25434305116433E+120x | Market: crash | Best: High-Frequency Momentum
[2026-01-29 01:14:36] [AAC-SUCCESS] 🏁 HIGH-SPEED SIMULATION COMPLETE: 3.25434305116433E+120x return | Best Strategy: High-Frequency Momentum
[2026-01-29 01:14:37] [AAC-INIT] 🚀 STARTING HIGH-SPEED SIMULATION: 100 cycles at 1000x speed
[2026-01-29 01:14:37] [AAC-INFO] Cycle 100 | Portfolio: $6.24446058886671E+114 | Return: 6.24446058886671E+111x | Market: bear | Best: High-Frequency Momentum
[2026-01-29 01:14:37] [AAC-SUCCESS] 🏁 HIGH-SPEED SIMULATION COMPLETE: 6.24446058886671E+111x return | Best Strategy: High-Frequency Momentum
[2026-01-29 01:14:38] [AAC-INIT] 🚀 STARTING HIGH-SPEED SIMULATION: 100 cycles at 1000x speed
[2026-01-29 01:14:38] [AAC-INFO] Cycle 100 | Portfolio: $1.86311471661584E+127 | Return: 1.86311471661584E+124x | Market: crash | Best: High-Frequency Momentum
[2026-01-29 01:14:38] [AAC-SUCCESS] 🏁 HIGH-SPEED SIMULATION COMPLETE: 1.86311471661584E+124x return | Best Strategy: High-Frequency Momentum
[2026-01-29 01:14:39] [AAC-INIT] 🚀 STARTING HIGH-SPEED SIMULATION: 100 cycles at 1000x speed
[2026-01-29 01:14:39] [AAC-INFO] Cycle 100 | Portfolio: $5.51769922121989E+136 | Return: 5.51769922121989E+133x | Market: recovery | Best: High-Frequency Momentum
[2026-01-29 01:14:39] [AAC-SUCCESS] 🏁 HIGH-SPEED SIMULATION COMPLETE: 5.51769922121989E+133x return | Best Strategy: High-Frequency Momentum
[2026-01-29 01:14:40] [AAC-INIT] 🚀 STARTING HIGH-SPEED SIMULATION: 100 cycles at 1000x speed
[2026-01-29 01:14:40] [AAC-INFO] Cycle 100 | Portfolio: $3.87917278518399E+121 | Return: 3.87917278518399E+118x | Market: crash | Best: High-Frequency Momentum
[2026-01-29 01:14:40] [AAC-SUCCESS] 🏁 HIGH-SPEED SIMULATION COMPLETE: 3.87917278518399E+118x return | Best Strategy: High-Frequency Momentum
[2026-01-29 01:14:41] [AAC-INIT] 🚀 STARTING HIGH-SPEED SIMULATION: 100 cycles at 1000x speed
[2026-01-29 01:14:41] [AAC-INFO] Cycle 100 | Portfolio: $3.92970747094587E+131 | Return: 3.92970747094587E+128x | Market: crash | Best: High-Frequency Momentum
[2026-01-29 01:14:41] [AAC-SUCCESS] 🏁 HIGH-SPEED SIMULATION COMPLETE: 3.92970747094587E+128x return | Best Strategy: High-Frequency Momentum
[2026-01-29 01:14:42] [AAC-INIT] 🚀 STARTING HIGH-SPEED SIMULATION: 100 cycles at 1000x speed
[2026-01-29 01:14:42] [AAC-INFO] Cycle 100 | Portfolio: $5.02340945330466E+124 | Return: 5.02340945330466E+121x | Market: bear | Best: High-Frequency Momentum
[2026-01-29 01:14:42] [AAC-SUCCESS] 🏁 HIGH-SPEED SIMULATION COMPLETE: 5.02340945330466E+121x return | Best Strategy: High-Frequency Momentum
[2026-01-29 01:14:43] [AAC-INIT] 🚀 STARTING HIGH-SPEED SIMULATION: 100 cycles at 1000x speed
[2026-01-29 01:14:44] [AAC-INFO] Cycle 100 | Portfolio: $5.13669624043491E+122 | Return: 5.13669624043491E+119x | Market: sideways | Best: High-Frequency Momentum
[2026-01-29 01:14:44] [AAC-SUCCESS] 🏁 HIGH-SPEED SIMULATION COMPLETE: 5.13669624043491E+119x return | Best Strategy: High-Frequency Momentum
[2026-01-29 01:14:45] [AAC-INIT] 🚀 STARTING HIGH-SPEED SIMULATION: 100 cycles at 1000x speed
[2026-01-29 01:14:45] [AAC-INFO] Cycle 100 | Portfolio: $8.034869276531E+129 | Return: 8.034869276531E+126x | Market: volatile | Best: High-Frequency Momentum
[2026-01-29 01:14:45] [AAC-SUCCESS] 🏁 HIGH-SPEED SIMULATION COMPLETE: 8.034869276531E+126x return | Best Strategy: High-Frequency Momentum
[2026-01-29 01:14:46] [AAC-INIT] 🚀 STARTING HIGH-SPEED SIMULATION: 100 cycles at 1000x speed
[2026-01-29 01:14:46] [AAC-INFO] Cycle 100 | Portfolio: $5.87315052104783E+135 | Return: 5.87315052104783E+132x | Market: recovery | Best: High-Frequency Momentum
[2026-01-29 01:14:46] [AAC-SUCCESS] 🏁 HIGH-SPEED SIMULATION COMPLETE: 5.87315052104783E+132x return | Best Strategy: High-Frequency Momentum
[2026-01-29 01:14:47] [AAC-INIT] 🚀 STARTING HIGH-SPEED SIMULATION: 100 cycles at 1000x speed
[2026-01-29 01:14:47] [AAC-INFO] Cycle 100 | Portfolio: $4.00879599952335E+145 | Return: 4.00879599952335E+142x | Market: bull | Best: High-Frequency Momentum
[2026-01-29 01:14:47] [AAC-SUCCESS] 🏁 HIGH-SPEED SIMULATION COMPLETE: 4.00879599952335E+142x return | Best Strategy: High-Frequency Momentum
[2026-01-29 01:14:48] [AAC-INIT] 🚀 STARTING HIGH-SPEED SIMULATION: 100 cycles at 1000x speed
[2026-01-29 01:14:48] [AAC-INFO] Cycle 100 | Portfolio: $1.60410346958177E+148 | Return: 1.60410346958177E+145x | Market: bear | Best: High-Frequency Momentum
[2026-01-29 01:14:48] [AAC-SUCCESS] 🏁 HIGH-SPEED SIMULATION COMPLETE: 1.60410346958177E+145x return | Best Strategy: High-Frequency Momentum
[2026-01-29 01:14:49] [AAC-INIT] 🚀 STARTING HIGH-SPEED SIMULATION: 100 cycles at 1000x speed
[2026-01-29 01:14:49] [AAC-INFO] Cycle 100 | Portfolio: $6.69351000413422E+161 | Return: 6.69351000413422E+158x | Market: crash | Best: High-Frequency Momentum
[2026-01-29 01:14:49] [AAC-SUCCESS] 🏁 HIGH-SPEED SIMULATION COMPLETE: 6.69351000413422E+158x return | Best Strategy: High-Frequency Momentum
[2026-01-29 01:14:50] [AAC-INIT] 🚀 STARTING HIGH-SPEED SIMULATION: 100 cycles at 1000x speed
[2026-01-29 01:14:50] [AAC-INFO] Cycle 100 | Portfolio: $7.02982649732564E+163 | Return: 7.02982649732564E+160x | Market: recovery | Best: High-Frequency Momentum
[2026-01-29 01:14:50] [AAC-SUCCESS] 🏁 HIGH-SPEED SIMULATION COMPLETE: 7.02982649732564E+160x return | Best Strategy: High-Frequency Momentum
[2026-01-29 01:14:51] [AAC-INIT] 🚀 STARTING HIGH-SPEED SIMULATION: 100 cycles at 1000x speed
[2026-01-29 01:14:51] [AAC-INFO] Cycle 100 | Portfolio: $1.88871862570501E+166 | Return: 1.88871862570501E+163x | Market: recovery | Best: High-Frequency Momentum
[2026-01-29 01:14:51] [AAC-SUCCESS] 🏁 HIGH-SPEED SIMULATION COMPLETE: 1.88871862570501E+163x return | Best Strategy: High-Frequency Momentum
[2026-01-29 01:14:52] [AAC-INIT] 🚀 STARTING HIGH-SPEED SIMULATION: 100 cycles at 1000x speed
[2026-01-29 01:14:52] [AAC-INFO] Cycle 100 | Portfolio: $9.52923417757175E+179 | Return: 9.52923417757175E+176x | Market: volatile | Best: High-Frequency Momentum
[2026-01-29 01:14:52] [AAC-SUCCESS] 🏁 HIGH-SPEED SIMULATION COMPLETE: 9.52923417757175E+176x return | Best Strategy: High-Frequency Momentum
[2026-01-29 01:14:53] [AAC-INIT] 🚀 STARTING HIGH-SPEED SIMULATION: 100 cycles at 1000x speed
[2026-01-29 01:14:53] [AAC-INFO] Cycle 100 | Portfolio: $1.38431612902039E+189 | Return: 1.38431612902039E+186x | Market: sideways | Best: High-Frequency Momentum
[2026-01-29 01:14:53] [AAC-SUCCESS] 🏁 HIGH-SPEED SIMULATION COMPLETE: 1.38431612902039E+186x return | Best Strategy: High-Frequency Momentum
[2026-01-29 01:14:54] [AAC-INIT] 🚀 STARTING HIGH-SPEED SIMULATION: 100 cycles at 1000x speed
[2026-01-29 01:14:54] [AAC-INFO] Cycle 100 | Portfolio: $6.669163020559E+198 | Return: 6.669163020559E+195x | Market: recovery | Best: High-Frequency Momentum
[2026-01-29 01:14:54] [AAC-SUCCESS] 🏁 HIGH-SPEED SIMULATION COMPLETE: 6.669163020559E+195x return | Best Strategy: High-Frequency Momentum
[2026-01-29 01:14:55] [AAC-INIT] 🚀 STARTING HIGH-SPEED SIMULATION: 100 cycles at 1000x speed
[2026-01-29 01:14:55] [AAC-INFO] Cycle 100 | Portfolio: $6.02524610049152E+203 | Return: 6.02524610049152E+200x | Market: volatile | Best: High-Frequency Momentum
[2026-01-29 01:14:55] [AAC-SUCCESS] 🏁 HIGH-SPEED SIMULATION COMPLETE: 6.02524610049152E+200x return | Best Strategy: High-Frequency Momentum
[2026-01-29 01:14:56] [AAC-INIT] 🚀 STARTING HIGH-SPEED SIMULATION: 100 cycles at 1000x speed
[2026-01-29 01:14:56] [AAC-INFO] Cycle 100 | Portfolio: $6.4872520594864E+212 | Return: 6.4872520594864E+209x | Market: volatile | Best: High-Frequency Momentum
[2026-01-29 01:14:56] [AAC-SUCCESS] 🏁 HIGH-SPEED SIMULATION COMPLETE: 6.4872520594864E+209x return | Best Strategy: High-Frequency Momentum
[2026-01-29 01:23:36] [AAC-INIT] 🚀 STARTING HIGH-SPEED SIMULATION: 1000 cycles at 1000x speed
[2026-01-29 01:23:36] [AAC-INFO] Cycle 100 | Portfolio: $1404.01 | Return: 1.404x | Market: sideways | Best: Event-Driven Catalyst
[2026-01-29 01:23:36] [AAC-INFO] Cycle 200 | Portfolio: $5.34990561274314E+18 | Return: 5.34990561274314E+15x | Market: recovery | Best: Quantum Arbitrage
[2026-01-29 01:23:36] [AAC-INFO] Cycle 300 | Portfolio: $1.50851399773447E+23 | Return: 1.50851399773447E+20x | Market: recovery | Best: Quantum Arbitrage
[2026-01-29 01:23:36] [AAC-INFO] Cycle 400 | Portfolio: $1.27480219719709E+33 | Return: 1.27480219719709E+30x | Market: bull | Best: High-Frequency Momentum
[2026-01-29 01:23:36] [AAC-INFO] Cycle 500 | Portfolio: $3.00353053582562E+41 | Return: 3.00353053582562E+38x | Market: recovery | Best: High-Frequency Momentum
[2026-01-29 01:23:36] [AAC-INFO] Cycle 600 | Portfolio: $1.74444367963404E+53 | Return: 1.74444367963404E+50x | Market: recovery | Best: High-Frequency Momentum
[2026-01-29 01:23:36] [AAC-INFO] Cycle 700 | Portfolio: $6.96955917129098E+54 | Return: 6.96955917129098E+51x | Market: bear | Best: High-Frequency Momentum
[2026-01-29 01:23:36] [AAC-INFO] Cycle 800 | Portfolio: $6.36837105641291E+61 | Return: 6.36837105641291E+58x | Market: crash | Best: High-Frequency Momentum
[2026-01-29 01:23:36] [AAC-INFO] Cycle 900 | Portfolio: $8.75337082296247E+52 | Return: 8.75337082296247E+49x | Market: crash | Best: High-Frequency Momentum
[2026-01-29 01:23:36] [AAC-INFO] Cycle 1000 | Portfolio: $5.17553406405457E+55 | Return: 5.17553406405457E+52x | Market: bull | Best: High-Frequency Momentum
[2026-01-29 01:23:36] [AAC-SUCCESS] 🏁 HIGH-SPEED SIMULATION COMPLETE: 5.17553406405457E+52x return | Best Strategy: High-Frequency Momentum
[2026-01-29 01:23:36] [AAC-SUCCESS] Simulation results saved to C:\Users\gripa\OneDrive\Desktop\NCC\NCC-Doctrine\Scripts\..\data\aac_simulation_results.json
[2026-01-29 01:24:34] [AAC-INIT] 🚀 STARTING HIGH-SPEED SIMULATION: 1000 cycles at 1000x speed
[2026-01-29 01:24:34] [AAC-INFO] Cycle 100 | Portfolio: $8.90375441106978E+63 | Return: 8.90375441106978E+60x | Market: bear | Best: High-Frequency Momentum
[2026-01-29 01:24:34] [AAC-INFO] Cycle 200 | Portfolio: $4.56183951182956E+64 | Return: 4.56183951182956E+61x | Market: recovery | Best: High-Frequency Momentum
[2026-01-29 01:24:34] [AAC-INFO] Cycle 300 | Portfolio: $1.20421240117454E+71 | Return: 1.20421240117454E+68x | Market: bear | Best: High-Frequency Momentum
[2026-01-29 01:24:34] [AAC-INFO] Cycle 400 | Portfolio: $3.26659176400024E+87 | Return: 3.26659176400024E+84x | Market: recovery | Best: High-Frequency Momentum
[2026-01-29 01:24:34] [AAC-INFO] Cycle 500 | Portfolio: $2.1788510522553E+90 | Return: 2.1788510522553E+87x | Market: bear | Best: High-Frequency Momentum
[2026-01-29 01:24:34] [AAC-INFO] Cycle 600 | Portfolio: $1.72804643351769E+92 | Return: 1.72804643351769E+89x | Market: volatile | Best: High-Frequency Momentum
[2026-01-29 01:24:34] [AAC-INFO] Cycle 700 | Portfolio: $2.37178756726962E+103 | Return: 2.37178756726962E+100x | Market: bear | Best: High-Frequency Momentum
[2026-01-29 01:24:34] [AAC-INFO] Cycle 800 | Portfolio: $1.65415645928045E+106 | Return: 1.65415645928045E+103x | Market: bull | Best: High-Frequency Momentum
[2026-01-29 01:24:34] [AAC-INFO] Cycle 900 | Portfolio: $2.00500856563385E+111 | Return: 2.00500856563385E+108x | Market: recovery | Best: High-Frequency Momentum
[2026-01-29 01:24:34] [AAC-INFO] Cycle 1000 | Portfolio: $2.12418747561812E+121 | Return: 2.12418747561812E+118x | Market: bull | Best: High-Frequency Momentum
[2026-01-29 01:24:34] [AAC-SUCCESS] 🏁 HIGH-SPEED SIMULATION COMPLETE: 2.12418747561812E+118x return | Best Strategy: High-Frequency Momentum
[2026-01-29 01:24:34] [AAC-SUCCESS] Simulation results saved to C:\Users\gripa\OneDrive\Desktop\NCC\NCC-Doctrine\Scripts\..\data\aac_simulation_results.json
[2026-01-29 01:26:20] [AAC-INIT] 🚀 STARTING HIGH-SPEED SIMULATION: 1000 cycles at 1000x speed
[2026-01-29 01:26:20] [AAC-INFO] Cycle 100 | Portfolio: $2.08780096449355E+113 | Return: 2.08780096449355E+110x | Market: bear | Best: High-Frequency Momentum
[2026-01-29 01:26:20] [AAC-INFO] Cycle 200 | Portfolio: $3.41565370062558E+111 | Return: 3.41565370062558E+108x | Market: bull | Best: High-Frequency Momentum
[2026-01-29 01:26:20] [AAC-INFO] Cycle 300 | Portfolio: $6.90228919920611E+117 | Return: 6.90228919920611E+114x | Market: volatile | Best: High-Frequency Momentum
[2026-01-29 01:26:20] [AAC-INFO] Cycle 400 | Portfolio: $4.41704672384724E+128 | Return: 4.41704672384724E+125x | Market: crash | Best: High-Frequency Momentum
[2026-01-29 01:26:20] [AAC-INFO] Cycle 500 | Portfolio: $3.90183328068951E+142 | Return: 3.90183328068951E+139x | Market: recovery | Best: High-Frequency Momentum
[2026-01-29 01:26:20] [AAC-INFO] Cycle 600 | Portfolio: $3.85231131512807E+144 | Return: 3.85231131512807E+141x | Market: bear | Best: High-Frequency Momentum
[2026-01-29 01:26:20] [AAC-INFO] Cycle 700 | Portfolio: $2.33064836618055E+154 | Return: 2.33064836618055E+151x | Market: sideways | Best: High-Frequency Momentum
[2026-01-29 01:26:20] [AAC-INFO] Cycle 800 | Portfolio: $7.39683436082929E+162 | Return: 7.39683436082929E+159x | Market: crash | Best: High-Frequency Momentum
[2026-01-29 01:26:20] [AAC-INFO] Cycle 900 | Portfolio: $3.81248173044448E+144 | Return: 3.81248173044448E+141x | Market: crash | Best: High-Frequency Momentum
[2026-01-29 01:26:20] [AAC-INFO] Cycle 1000 | Portfolio: $6.33958756895757E+141 | Return: 6.33958756895757E+138x | Market: bull | Best: High-Frequency Momentum
[2026-01-29 01:26:20] [AAC-SUCCESS] 🏁 HIGH-SPEED SIMULATION COMPLETE: 6.33958756895757E+138x return | Best Strategy: High-Frequency Momentum
[2026-01-29 01:26:20] [AAC-SUCCESS] Simulation results saved to C:\Users\gripa\OneDrive\Desktop\NCC\NCC-Doctrine\Scripts\..\data\aac_simulation_results.json
