[2026-01-29 00:00:35] [MASTER-BRAIN] [ANALYZE] Initiating NAND Log Storage Analysis
[2026-01-29 00:00:36] [MASTER-BRAIN] [INSIGHT] NCC Operations Memory Analysis - Average: 84.26%, Peak: 84.26%
[2026-01-29 00:00:36] [MASTER-BRAIN] [INSIGHT] NCC Operations CPU Analysis - Average: 25.12%
[2026-01-29 00:00:37] [MASTER-BRAIN] [INSIGHT] AX Agent Activity Analysis:
[2026-01-29 00:00:37] [MASTER-BRAIN] [INSIGHT]   Risk assessment processing: 2 occurrences
[2026-01-29 00:00:37] [MASTER-BRAIN] [INSIGHT]   Cross-departmental coordination: 1 occurrences
[2026-01-29 00:00:37] [MASTER-BRAIN] [INSIGHT]   Performance optimization: 1 occurrences
[2026-01-29 00:00:37] [MASTER-BRAIN] [INSIGHT]   Market intelligence gathering: 1 occurrences
[2026-01-29 00:00:37] [MASTER-BRAIN] [INSIGHT]   Executive decision support: 1 occurrences
[2026-01-29 00:00:37] [MASTER-BRAIN] [COMPLETE] NAND Log Analysis Complete
[2026-01-29 00:00:37] [MASTER-BRAIN] [COMPLETE] Master Brain Storage Analysis Engine execution complete
[2026-01-29 00:00:40] [MASTER-BRAIN] [INFO] No specific operation specified. Running full analysis suite...
[2026-01-29 00:00:40] [MASTER-BRAIN] [ANALYZE] Initiating NAND Log Storage Analysis
[2026-01-29 00:00:41] [MASTER-BRAIN] [INSIGHT] NCC Operations Memory Analysis - Average: 84.26%, Peak: 84.26%
[2026-01-29 00:00:41] [MASTER-BRAIN] [INSIGHT] NCC Operations CPU Analysis - Average: 25.12%
[2026-01-29 00:00:42] [MASTER-BRAIN] [INSIGHT] AX Agent Activity Analysis:
[2026-01-29 00:00:42] [MASTER-BRAIN] [INSIGHT]   Risk assessment processing: 2 occurrences
[2026-01-29 00:00:42] [MASTER-BRAIN] [INSIGHT]   Cross-departmental coordination: 1 occurrences
[2026-01-29 00:00:42] [MASTER-BRAIN] [INSIGHT]   Performance optimization: 1 occurrences
[2026-01-29 00:00:42] [MASTER-BRAIN] [INSIGHT]   Market intelligence gathering: 1 occurrences
[2026-01-29 00:00:42] [MASTER-BRAIN] [INSIGHT]   Executive decision support: 1 occurrences
[2026-01-29 00:00:42] [MASTER-BRAIN] [COMPLETE] NAND Log Analysis Complete
[2026-01-29 00:00:42] [MASTER-BRAIN] [MONITOR] Initiating Storage Health Monitoring
[2026-01-29 00:00:42] [MASTER-BRAIN] [HEALTH] Data File: budgets.json - Size: 0.55 KB - Modified: 01/28/2026 23:37:22
[2026-01-29 00:00:42] [MASTER-BRAIN] [HEALTH] Data File: ledger.json - Size: 1.41 KB - Modified: 01/28/2026 23:24:50
[2026-01-29 00:00:42] [MASTER-BRAIN] [HEALTH] Data File: projects.json - Size: 3.65 KB - Modified: 01/28/2026 22:16:08
[2026-01-29 00:00:42] [MASTER-BRAIN] [HEALTH] Data File: settings.json - Size: 0.43 KB - Modified: 01/28/2026 23:41:06
[2026-01-29 00:00:42] [MASTER-BRAIN] [SUMMARY] Storage Health Summary - Files: 4 - Total Size: 0.01 MB
[2026-01-29 00:00:42] [MASTER-BRAIN] [HEALTH] Log File: ASG_Activation.log - Size: 0 MB
[2026-01-29 00:00:42] [MASTER-BRAIN] [HEALTH] Log File: AX_Agent_Log.log - Size: 0.1 MB
[2026-01-29 00:00:42] [MASTER-BRAIN] [HEALTH] Log File: Dashboard_Team.log - Size: 0 MB
[2026-01-29 00:00:42] [MASTER-BRAIN] [HEALTH] Log File: Master_Brain_Storage_Analysis.log - Size: 0 MB
[2026-01-29 00:00:42] [MASTER-BRAIN] [HEALTH] Log File: NCC_Continuous_Operations.log - Size: 0.34 MB
[2026-01-29 00:00:42] [MASTER-BRAIN] [OPTIMIZE] Initiating Storage Performance Optimization
[2026-01-29 00:00:43] [MASTER-BRAIN] [WARNING] Missing required fields in settings: compliance_level, operational_efficiency, ai_performance, security_score
[2026-01-29 00:00:44] [MASTER-BRAIN] [OPTIMIZE] Detected 34 potential duplicate log entries - consider log deduplication
[2026-01-29 00:00:44] [MASTER-BRAIN] [FORTRESS] Activating Faraday Fortress Security Protocols
[2026-01-29 00:00:44] [MASTER-BRAIN] [WARNING] Security Check FAILED: aac_growth_simulation_results.json - Excessive permissions detected
[2026-01-29 00:00:44] [MASTER-BRAIN] [WARNING] Entropy Check: aac_growth_simulation_results.json has low entropy - consider encryption
[2026-01-29 00:00:44] [MASTER-BRAIN] [WARNING] Security Check FAILED: aac_simulation_results.json - Excessive permissions detected
[2026-01-29 00:00:45] [MASTER-BRAIN] [WARNING] Entropy Check: aac_simulation_results.json has low entropy - consider encryption
[2026-01-29 00:00:45] [MASTER-BRAIN] [WARNING] Security Check FAILED: az_ncl_department_scan_report.json - Excessive permissions detected
[2026-01-29 00:00:45] [MASTER-BRAIN] [WARNING] Entropy Check: az_ncl_department_scan_report.json has low entropy - consider encryption
[2026-01-29 00:00:45] [MASTER-BRAIN] [WARNING] Security Check FAILED: budgets.json - Excessive permissions detected
[2026-01-29 00:00:45] [MASTER-BRAIN] [WARNING] Entropy Check: budgets.json has low entropy - consider encryption
[2026-01-29 00:00:45] [MASTER-BRAIN] [WARNING] Security Check FAILED: dashboard_status.json - Excessive permissions detected
[2026-01-29 00:00:45] [MASTER-BRAIN] [WARNING] Entropy Check: dashboard_status.json has low entropy - consider encryption
[2026-01-29 00:00:45] [MASTER-BRAIN] [WARNING] Security Check FAILED: dashboard_team.json - Excessive permissions detected
[2026-01-29 00:00:45] [MASTER-BRAIN] [WARNING] Entropy Check: dashboard_team.json has low entropy - consider encryption
[2026-01-29 00:00:45] [MASTER-BRAIN] [WARNING] Security Check FAILED: ledger.json - Excessive permissions detected
[2026-01-29 00:00:45] [MASTER-BRAIN] [WARNING] Entropy Check: ledger.json has low entropy - consider encryption
[2026-01-29 00:00:45] [MASTER-BRAIN] [WARNING] Security Check FAILED: ncc_employee_database.json - Excessive permissions detected
[2026-01-29 00:00:45] [MASTER-BRAIN] [WARNING] Entropy Check: ncc_employee_database.json has low entropy - consider encryption
[2026-01-29 00:00:45] [MASTER-BRAIN] [WARNING] Security Check FAILED: projects.json - Excessive permissions detected
[2026-01-29 00:00:45] [MASTER-BRAIN] [WARNING] Entropy Check: projects.json has low entropy - consider encryption
[2026-01-29 00:00:45] [MASTER-BRAIN] [WARNING] Security Check FAILED: settings.json - Excessive permissions detected
[2026-01-29 00:00:45] [MASTER-BRAIN] [WARNING] Entropy Check: settings.json has low entropy - consider encryption
[2026-01-29 00:00:45] [MASTER-BRAIN] [SUMMARY] Faraday Fortress Security Score: 0% (0/10 checks passed)
[2026-01-29 00:00:45] [MASTER-BRAIN] [COMPLETE] Master Brain Storage Analysis Engine execution complete
[2026-01-29 01:15:38] [MASTER-BRAIN] [INFO] No specific operation specified. Running full analysis suite...
[2026-01-29 01:15:38] [MASTER-BRAIN] [ANALYZE] Initiating NAND Log Storage Analysis
[2026-01-29 01:15:41] [MASTER-BRAIN] [INSIGHT] AX Agent Activity Analysis:
[2026-01-29 01:15:42] [MASTER-BRAIN] [INSIGHT]   Compliance monitoring: 2 occurrences
[2026-01-29 01:15:42] [MASTER-BRAIN] [INSIGHT]   Performance optimization: 1 occurrences
[2026-01-29 01:15:42] [MASTER-BRAIN] [INSIGHT]   Resource allocation optimization: 1 occurrences
[2026-01-29 01:15:42] [MASTER-BRAIN] [INSIGHT]   Risk assessment processing: 1 occurrences
[2026-01-29 01:15:42] [MASTER-BRAIN] [INSIGHT]   Strategic analysis execution: 1 occurrences
[2026-01-29 01:15:42] [MASTER-BRAIN] [COMPLETE] NAND Log Analysis Complete
[2026-01-29 01:15:42] [MASTER-BRAIN] [MONITOR] Initiating Storage Health Monitoring
[2026-01-29 01:15:42] [MASTER-BRAIN] [HEALTH] Data File: budgets.json - Size: 0.55 KB - Modified: 01/28/2026 23:37:22
[2026-01-29 01:15:42] [MASTER-BRAIN] [HEALTH] Data File: ledger.json - Size: 1.41 KB - Modified: 01/28/2026 23:24:50
[2026-01-29 01:15:42] [MASTER-BRAIN] [HEALTH] Data File: projects.json - Size: 3.65 KB - Modified: 01/28/2026 22:16:08
[2026-01-29 01:15:42] [MASTER-BRAIN] [HEALTH] Data File: settings.json - Size: 0.33 KB - Modified: 01/29/2026 01:15:36
[2026-01-29 01:15:42] [MASTER-BRAIN] [SUMMARY] Storage Health Summary - Files: 4 - Total Size: 0.01 MB
[2026-01-29 01:15:42] [MASTER-BRAIN] [HEALTH] Log File: AAC_Simulation.log - Size: 0.02 MB
[2026-01-29 01:15:42] [MASTER-BRAIN] [HEALTH] Log File: ASG_Activation.log - Size: 0 MB
[2026-01-29 01:15:42] [MASTER-BRAIN] [HEALTH] Log File: AX_Agent_Log.log - Size: 0.18 MB
[2026-01-29 01:15:42] [MASTER-BRAIN] [HEALTH] Log File: Dashboard_Team.log - Size: 0 MB
[2026-01-29 01:15:42] [MASTER-BRAIN] [HEALTH] Log File: Framework_Protocols.log - Size: 0 MB
[2026-01-29 01:15:42] [MASTER-BRAIN] [HEALTH] Log File: integration_results.log - Size: 0.02 MB
[2026-01-29 01:15:42] [MASTER-BRAIN] [HEALTH] Log File: Master_Brain_Storage_Analysis.log - Size: 0.01 MB
[2026-01-29 01:15:42] [MASTER-BRAIN] [HEALTH] Log File: NCC_Continuous_Operations.log - Size: 1.58 MB
[2026-01-29 01:15:42] [MASTER-BRAIN] [HEALTH] Log File: ncc_organizational_audit_2026-01-29.log - Size: 0 MB
[2026-01-29 01:15:42] [MASTER-BRAIN] [HEALTH] Log File: Protocol_Verification.log - Size: 0 MB
[2026-01-29 01:15:42] [MASTER-BRAIN] [OPTIMIZE] Initiating Storage Performance Optimization
[2026-01-29 01:15:43] [MASTER-BRAIN] [WARNING] Missing required fields in settings: compliance_level, operational_efficiency, ai_performance, security_score
[2026-01-29 01:15:43] [MASTER-BRAIN] [FORTRESS] Activating Faraday Fortress Security Protocols
[2026-01-29 01:15:44] [MASTER-BRAIN] [WARNING] Security Check FAILED: aac_growth_simulation_results.json - Excessive permissions detected
[2026-01-29 01:15:44] [MASTER-BRAIN] [WARNING] Entropy Check: aac_growth_simulation_results.json has low entropy - consider encryption
[2026-01-29 01:15:44] [MASTER-BRAIN] [WARNING] Security Check FAILED: aac_simulation_results.json - Excessive permissions detected
[2026-01-29 01:15:44] [MASTER-BRAIN] [WARNING] Entropy Check: aac_simulation_results.json has low entropy - consider encryption
[2026-01-29 01:15:44] [MASTER-BRAIN] [WARNING] Security Check FAILED: aac_simulation_state.json - Excessive permissions detected
[2026-01-29 01:15:44] [MASTER-BRAIN] [WARNING] Entropy Check: aac_simulation_state.json has low entropy - consider encryption
[2026-01-29 01:15:44] [MASTER-BRAIN] [WARNING] Security Check FAILED: az_ncl_department_scan_report.json - Excessive permissions detected
[2026-01-29 01:15:44] [MASTER-BRAIN] [WARNING] Entropy Check: az_ncl_department_scan_report.json has low entropy - consider encryption
[2026-01-29 01:15:44] [MASTER-BRAIN] [WARNING] Security Check FAILED: budgets.json - Excessive permissions detected
[2026-01-29 01:15:44] [MASTER-BRAIN] [WARNING] Entropy Check: budgets.json has low entropy - consider encryption
[2026-01-29 01:15:44] [MASTER-BRAIN] [WARNING] Security Check FAILED: dashboard_status.json - Excessive permissions detected
[2026-01-29 01:15:44] [MASTER-BRAIN] [WARNING] Entropy Check: dashboard_status.json has low entropy - consider encryption
[2026-01-29 01:15:44] [MASTER-BRAIN] [WARNING] Security Check FAILED: dashboard_team.json - Excessive permissions detected
[2026-01-29 01:15:44] [MASTER-BRAIN] [WARNING] Entropy Check: dashboard_team.json has low entropy - consider encryption
[2026-01-29 01:15:44] [MASTER-BRAIN] [WARNING] Security Check FAILED: ledger.json - Excessive permissions detected
[2026-01-29 01:15:44] [MASTER-BRAIN] [WARNING] Entropy Check: ledger.json has low entropy - consider encryption
[2026-01-29 01:15:44] [MASTER-BRAIN] [WARNING] Security Check FAILED: ncc_banking_system.json - Excessive permissions detected
[2026-01-29 01:15:44] [MASTER-BRAIN] [WARNING] Entropy Check: ncc_banking_system.json has low entropy - consider encryption
[2026-01-29 01:15:44] [MASTER-BRAIN] [WARNING] Security Check FAILED: ncc_employee_database.json - Excessive permissions detected
[2026-01-29 01:15:44] [MASTER-BRAIN] [WARNING] Entropy Check: ncc_employee_database.json has low entropy - consider encryption
[2026-01-29 01:15:44] [MASTER-BRAIN] [WARNING] Security Check FAILED: ncc_financial_oversight_committee.json - Excessive permissions detected
[2026-01-29 01:15:44] [MASTER-BRAIN] [WARNING] Entropy Check: ncc_financial_oversight_committee.json has low entropy - consider encryption
[2026-01-29 01:15:44] [MASTER-BRAIN] [WARNING] Security Check FAILED: ncc_international_accounting_system.json - Excessive permissions detected
[2026-01-29 01:15:44] [MASTER-BRAIN] [WARNING] Entropy Check: ncc_international_accounting_system.json has low entropy - consider encryption
[2026-01-29 01:15:44] [MASTER-BRAIN] [WARNING] Security Check FAILED: projects.json - Excessive permissions detected
[2026-01-29 01:15:44] [MASTER-BRAIN] [WARNING] Entropy Check: projects.json has low entropy - consider encryption
[2026-01-29 01:15:44] [MASTER-BRAIN] [WARNING] Security Check FAILED: settings.json - Excessive permissions detected
[2026-01-29 01:15:44] [MASTER-BRAIN] [WARNING] Entropy Check: settings.json has low entropy - consider encryption
[2026-01-29 01:15:44] [MASTER-BRAIN] [SUMMARY] Faraday Fortress Security Score: 0% (0/14 checks passed)
[2026-01-29 01:15:44] [MASTER-BRAIN] [COMPLETE] Master Brain Storage Analysis Engine execution complete
[2026-01-29 01:20:59] [MASTER-BRAIN] [INFO] No specific operation specified. Running full analysis suite...
[2026-01-29 01:20:59] [MASTER-BRAIN] [ANALYZE] Initiating NAND Log Storage Analysis
[2026-01-29 01:21:00] [MASTER-BRAIN] [INSIGHT] AX Agent Activity Analysis:
[2026-01-29 01:21:01] [MASTER-BRAIN] [INSIGHT]   Compliance monitoring: 2 occurrences
[2026-01-29 01:21:01] [MASTER-BRAIN] [INSIGHT]   Strategic analysis execution: 2 occurrences
[2026-01-29 01:21:01] [MASTER-BRAIN] [INSIGHT]   Cross-departmental coordination: 1 occurrences
[2026-01-29 01:21:01] [MASTER-BRAIN] [INSIGHT]   Performance optimization: 1 occurrences
[2026-01-29 01:21:01] [MASTER-BRAIN] [COMPLETE] NAND Log Analysis Complete
[2026-01-29 01:21:01] [MASTER-BRAIN] [MONITOR] Initiating Storage Health Monitoring
[2026-01-29 01:21:01] [MASTER-BRAIN] [HEALTH] Data File: budgets.json - Size: 0.55 KB - Modified: 01/28/2026 23:37:22
[2026-01-29 01:21:01] [MASTER-BRAIN] [HEALTH] Data File: ledger.json - Size: 1.41 KB - Modified: 01/28/2026 23:24:50
[2026-01-29 01:21:01] [MASTER-BRAIN] [HEALTH] Data File: projects.json - Size: 3.65 KB - Modified: 01/28/2026 22:16:08
[2026-01-29 01:21:01] [MASTER-BRAIN] [HEALTH] Data File: settings.json - Size: 0.33 KB - Modified: 01/29/2026 01:20:54
[2026-01-29 01:21:01] [MASTER-BRAIN] [SUMMARY] Storage Health Summary - Files: 4 - Total Size: 0.01 MB
[2026-01-29 01:21:01] [MASTER-BRAIN] [HEALTH] Log File: AAC_Simulation.log - Size: 0.02 MB
[2026-01-29 01:21:01] [MASTER-BRAIN] [HEALTH] Log File: ASG_Activation.log - Size: 0 MB
[2026-01-29 01:21:01] [MASTER-BRAIN] [HEALTH] Log File: AX_Agent_Log.log - Size: 0.19 MB
[2026-01-29 01:21:01] [MASTER-BRAIN] [HEALTH] Log File: Dashboard_Team.log - Size: 0 MB
[2026-01-29 01:21:01] [MASTER-BRAIN] [HEALTH] Log File: Framework_Protocols.log - Size: 0 MB
[2026-01-29 01:21:01] [MASTER-BRAIN] [HEALTH] Log File: integration_results.log - Size: 0.02 MB
[2026-01-29 01:21:01] [MASTER-BRAIN] [HEALTH] Log File: Master_Brain_Storage_Analysis.log - Size: 0.01 MB
[2026-01-29 01:21:01] [MASTER-BRAIN] [HEALTH] Log File: NCC_Continuous_Operations.log - Size: 1.72 MB
[2026-01-29 01:21:01] [MASTER-BRAIN] [HEALTH] Log File: ncc_organizational_audit_2026-01-29.log - Size: 0.01 MB
[2026-01-29 01:21:01] [MASTER-BRAIN] [HEALTH] Log File: Protocol_Verification.log - Size: 0.01 MB
[2026-01-29 01:21:01] [MASTER-BRAIN] [OPTIMIZE] Initiating Storage Performance Optimization
[2026-01-29 01:21:02] [MASTER-BRAIN] [WARNING] Missing required fields in settings: compliance_level, operational_efficiency, ai_performance, security_score
[2026-01-29 01:21:03] [MASTER-BRAIN] [FORTRESS] Activating Faraday Fortress Security Protocols
[2026-01-29 01:21:04] [MASTER-BRAIN] [WARNING] Security Check FAILED: aac_growth_simulation_results.json - Excessive permissions detected
[2026-01-29 01:21:04] [MASTER-BRAIN] [WARNING] Entropy Check: aac_growth_simulation_results.json has low entropy - consider encryption
[2026-01-29 01:21:04] [MASTER-BRAIN] [WARNING] Security Check FAILED: aac_simulation_results.json - Excessive permissions detected
[2026-01-29 01:21:04] [MASTER-BRAIN] [WARNING] Entropy Check: aac_simulation_results.json has low entropy - consider encryption
[2026-01-29 01:21:04] [MASTER-BRAIN] [WARNING] Security Check FAILED: aac_simulation_state.json - Excessive permissions detected
[2026-01-29 01:21:04] [MASTER-BRAIN] [WARNING] Entropy Check: aac_simulation_state.json has low entropy - consider encryption
[2026-01-29 01:21:04] [MASTER-BRAIN] [WARNING] Security Check FAILED: az_ncl_department_scan_report.json - Excessive permissions detected
[2026-01-29 01:21:04] [MASTER-BRAIN] [WARNING] Entropy Check: az_ncl_department_scan_report.json has low entropy - consider encryption
[2026-01-29 01:21:04] [MASTER-BRAIN] [WARNING] Security Check FAILED: budgets.json - Excessive permissions detected
[2026-01-29 01:21:04] [MASTER-BRAIN] [WARNING] Entropy Check: budgets.json has low entropy - consider encryption
[2026-01-29 01:21:04] [MASTER-BRAIN] [WARNING] Security Check FAILED: dashboard_status.json - Excessive permissions detected
[2026-01-29 01:21:04] [MASTER-BRAIN] [WARNING] Entropy Check: dashboard_status.json has low entropy - consider encryption
[2026-01-29 01:21:04] [MASTER-BRAIN] [WARNING] Security Check FAILED: dashboard_team.json - Excessive permissions detected
[2026-01-29 01:21:04] [MASTER-BRAIN] [WARNING] Entropy Check: dashboard_team.json has low entropy - consider encryption
[2026-01-29 01:21:04] [MASTER-BRAIN] [WARNING] Security Check FAILED: ledger.json - Excessive permissions detected
[2026-01-29 01:21:04] [MASTER-BRAIN] [WARNING] Entropy Check: ledger.json has low entropy - consider encryption
[2026-01-29 01:21:04] [MASTER-BRAIN] [WARNING] Security Check FAILED: ncc_banking_system.json - Excessive permissions detected
[2026-01-29 01:21:04] [MASTER-BRAIN] [WARNING] Entropy Check: ncc_banking_system.json has low entropy - consider encryption
[2026-01-29 01:21:04] [MASTER-BRAIN] [WARNING] Security Check FAILED: ncc_employee_database.json - Excessive permissions detected
[2026-01-29 01:21:04] [MASTER-BRAIN] [WARNING] Entropy Check: ncc_employee_database.json has low entropy - consider encryption
[2026-01-29 01:21:04] [MASTER-BRAIN] [WARNING] Security Check FAILED: ncc_financial_oversight_committee.json - Excessive permissions detected
[2026-01-29 01:21:04] [MASTER-BRAIN] [WARNING] Entropy Check: ncc_financial_oversight_committee.json has low entropy - consider encryption
[2026-01-29 01:21:04] [MASTER-BRAIN] [WARNING] Security Check FAILED: ncc_international_accounting_system.json - Excessive permissions detected
[2026-01-29 01:21:04] [MASTER-BRAIN] [WARNING] Entropy Check: ncc_international_accounting_system.json has low entropy - consider encryption
[2026-01-29 01:21:04] [MASTER-BRAIN] [WARNING] Security Check FAILED: projects.json - Excessive permissions detected
[2026-01-29 01:21:04] [MASTER-BRAIN] [WARNING] Entropy Check: projects.json has low entropy - consider encryption
[2026-01-29 01:21:04] [MASTER-BRAIN] [WARNING] Security Check FAILED: settings.json - Excessive permissions detected
[2026-01-29 01:21:04] [MASTER-BRAIN] [WARNING] Entropy Check: settings.json has low entropy - consider encryption
[2026-01-29 01:21:04] [MASTER-BRAIN] [SUMMARY] Faraday Fortress Security Score: 0% (0/14 checks passed)
[2026-01-29 01:21:04] [MASTER-BRAIN] [COMPLETE] Master Brain Storage Analysis Engine execution complete
[2026-01-29 01:26:23] [MASTER-BRAIN] [INFO] No specific operation specified. Running full analysis suite...
[2026-01-29 01:26:23] [MASTER-BRAIN] [ANALYZE] Initiating NAND Log Storage Analysis
[2026-01-29 01:26:23] [MASTER-BRAIN] [INSIGHT] AX Agent Activity Analysis:
[2026-01-29 01:26:24] [MASTER-BRAIN] [INSIGHT]   Compliance monitoring: 2 occurrences
[2026-01-29 01:26:24] [MASTER-BRAIN] [INSIGHT]   Market intelligence gathering: 1 occurrences
[2026-01-29 01:26:24] [MASTER-BRAIN] [INSIGHT]   Resource allocation optimization: 1 occurrences
[2026-01-29 01:26:24] [MASTER-BRAIN] [INSIGHT]   Risk assessment processing: 1 occurrences
[2026-01-29 01:26:24] [MASTER-BRAIN] [INSIGHT]   Strategic analysis execution: 1 occurrences
[2026-01-29 01:26:24] [MASTER-BRAIN] [COMPLETE] NAND Log Analysis Complete
[2026-01-29 01:26:24] [MASTER-BRAIN] [MONITOR] Initiating Storage Health Monitoring
[2026-01-29 01:26:24] [MASTER-BRAIN] [HEALTH] Data File: budgets.json - Size: 0.55 KB - Modified: 01/28/2026 23:37:22
[2026-01-29 01:26:24] [MASTER-BRAIN] [HEALTH] Data File: ledger.json - Size: 1.41 KB - Modified: 01/28/2026 23:24:50
[2026-01-29 01:26:24] [MASTER-BRAIN] [HEALTH] Data File: projects.json - Size: 3.65 KB - Modified: 01/28/2026 22:16:08
[2026-01-29 01:26:24] [MASTER-BRAIN] [HEALTH] Data File: settings.json - Size: 0.55 KB - Modified: 01/29/2026 01:26:16
[2026-01-29 01:26:24] [MASTER-BRAIN] [SUMMARY] Storage Health Summary - Files: 4 - Total Size: 0.01 MB
[2026-01-29 01:26:24] [MASTER-BRAIN] [HEALTH] Log File: AAC_Simulation.log - Size: 0.02 MB
[2026-01-29 01:26:24] [MASTER-BRAIN] [HEALTH] Log File: ASG_Activation.log - Size: 0 MB
[2026-01-29 01:26:24] [MASTER-BRAIN] [HEALTH] Log File: AX_Agent_Log.log - Size: 0.19 MB
[2026-01-29 01:26:24] [MASTER-BRAIN] [HEALTH] Log File: Dashboard_Team.log - Size: 0 MB
[2026-01-29 01:26:24] [MASTER-BRAIN] [HEALTH] Log File: Framework_Protocols.log - Size: 0 MB
[2026-01-29 01:26:24] [MASTER-BRAIN] [HEALTH] Log File: integration_results.log - Size: 0.02 MB
[2026-01-29 01:26:24] [MASTER-BRAIN] [HEALTH] Log File: Master_Brain_Storage_Analysis.log - Size: 0.02 MB
[2026-01-29 01:26:24] [MASTER-BRAIN] [HEALTH] Log File: NCC_Continuous_Operations.log - Size: 1.86 MB
[2026-01-29 01:26:24] [MASTER-BRAIN] [HEALTH] Log File: ncc_organizational_audit_2026-01-29.log - Size: 0.01 MB
[2026-01-29 01:26:24] [MASTER-BRAIN] [HEALTH] Log File: Protocol_Verification.log - Size: 0.01 MB
[2026-01-29 01:26:24] [MASTER-BRAIN] [OPTIMIZE] Initiating Storage Performance Optimization
[2026-01-29 01:26:25] [MASTER-BRAIN] [WARNING] Missing required fields in settings: compliance_level, operational_efficiency, ai_performance, security_score
[2026-01-29 01:26:25] [MASTER-BRAIN] [OPTIMIZE] Detected 25 potential duplicate log entries - consider log deduplication
[2026-01-29 01:26:25] [MASTER-BRAIN] [FORTRESS] Activating Faraday Fortress Security Protocols
[2026-01-29 01:26:26] [MASTER-BRAIN] [WARNING] Security Check FAILED: aac_growth_simulation_results.json - Excessive permissions detected
[2026-01-29 01:26:26] [MASTER-BRAIN] [WARNING] Entropy Check: aac_growth_simulation_results.json has low entropy - consider encryption
[2026-01-29 01:26:26] [MASTER-BRAIN] [WARNING] Security Check FAILED: aac_simulation_results.json - Excessive permissions detected
[2026-01-29 01:26:26] [MASTER-BRAIN] [WARNING] Entropy Check: aac_simulation_results.json has low entropy - consider encryption
[2026-01-29 01:26:26] [MASTER-BRAIN] [WARNING] Security Check FAILED: aac_simulation_state.json - Excessive permissions detected
[2026-01-29 01:26:26] [MASTER-BRAIN] [WARNING] Entropy Check: aac_simulation_state.json has low entropy - consider encryption
[2026-01-29 01:26:26] [MASTER-BRAIN] [WARNING] Security Check FAILED: az_ncl_department_scan_report.json - Excessive permissions detected
[2026-01-29 01:26:26] [MASTER-BRAIN] [WARNING] Entropy Check: az_ncl_department_scan_report.json has low entropy - consider encryption
[2026-01-29 01:26:26] [MASTER-BRAIN] [WARNING] Security Check FAILED: budgets.json - Excessive permissions detected
[2026-01-29 01:26:26] [MASTER-BRAIN] [WARNING] Entropy Check: budgets.json has low entropy - consider encryption
[2026-01-29 01:26:26] [MASTER-BRAIN] [WARNING] Security Check FAILED: dashboard_status.json - Excessive permissions detected
[2026-01-29 01:26:26] [MASTER-BRAIN] [WARNING] Entropy Check: dashboard_status.json has low entropy - consider encryption
[2026-01-29 01:26:26] [MASTER-BRAIN] [WARNING] Security Check FAILED: dashboard_team.json - Excessive permissions detected
[2026-01-29 01:26:26] [MASTER-BRAIN] [WARNING] Entropy Check: dashboard_team.json has low entropy - consider encryption
[2026-01-29 01:26:26] [MASTER-BRAIN] [WARNING] Security Check FAILED: ledger.json - Excessive permissions detected
[2026-01-29 01:26:26] [MASTER-BRAIN] [WARNING] Entropy Check: ledger.json has low entropy - consider encryption
[2026-01-29 01:26:26] [MASTER-BRAIN] [WARNING] Security Check FAILED: lfg_launch_audit_results.json - Excessive permissions detected
[2026-01-29 01:26:26] [MASTER-BRAIN] [WARNING] Entropy Check: lfg_launch_audit_results.json has low entropy - consider encryption
[2026-01-29 01:26:26] [MASTER-BRAIN] [WARNING] Security Check FAILED: ncc_banking_system.json - Excessive permissions detected
[2026-01-29 01:26:26] [MASTER-BRAIN] [WARNING] Entropy Check: ncc_banking_system.json has low entropy - consider encryption
[2026-01-29 01:26:26] [MASTER-BRAIN] [WARNING] Security Check FAILED: ncc_employee_database.json - Excessive permissions detected
[2026-01-29 01:26:26] [MASTER-BRAIN] [WARNING] Entropy Check: ncc_employee_database.json has low entropy - consider encryption
[2026-01-29 01:26:26] [MASTER-BRAIN] [WARNING] Security Check FAILED: ncc_financial_oversight_committee.json - Excessive permissions detected
[2026-01-29 01:26:26] [MASTER-BRAIN] [WARNING] Entropy Check: ncc_financial_oversight_committee.json has low entropy - consider encryption
[2026-01-29 01:26:26] [MASTER-BRAIN] [WARNING] Security Check FAILED: ncc_international_accounting_system.json - Excessive permissions detected
[2026-01-29 01:26:26] [MASTER-BRAIN] [WARNING] Entropy Check: ncc_international_accounting_system.json has low entropy - consider encryption
[2026-01-29 01:26:26] [MASTER-BRAIN] [WARNING] Security Check FAILED: projects.json - Excessive permissions detected
[2026-01-29 01:26:26] [MASTER-BRAIN] [WARNING] Entropy Check: projects.json has low entropy - consider encryption
[2026-01-29 01:26:26] [MASTER-BRAIN] [WARNING] Security Check FAILED: settings.json - Excessive permissions detected
[2026-01-29 01:26:26] [MASTER-BRAIN] [WARNING] Entropy Check: settings.json has low entropy - consider encryption
[2026-01-29 01:26:26] [MASTER-BRAIN] [SUMMARY] Faraday Fortress Security Score: 0% (0/15 checks passed)
[2026-01-29 01:26:26] [MASTER-BRAIN] [COMPLETE] Master Brain Storage Analysis Engine execution complete
[2026-01-29 02:44:35] [MASTER-BRAIN] [INFO] No specific operation specified. Running full analysis suite...
[2026-01-29 02:44:35] [MASTER-BRAIN] [ANALYZE] Initiating NAND Log Storage Analysis
[2026-01-29 02:44:36] [MASTER-BRAIN] [INSIGHT] AX Agent Activity Analysis:
[2026-01-29 02:44:36] [MASTER-BRAIN] [INSIGHT]   Executive decision support: 2 occurrences
[2026-01-29 02:44:36] [MASTER-BRAIN] [INSIGHT]   Strategic analysis execution: 2 occurrences
[2026-01-29 02:44:36] [MASTER-BRAIN] [INSIGHT]   Compliance monitoring: 1 occurrences
[2026-01-29 02:44:36] [MASTER-BRAIN] [INSIGHT]   Risk assessment processing: 1 occurrences
[2026-01-29 02:44:36] [MASTER-BRAIN] [COMPLETE] NAND Log Analysis Complete
[2026-01-29 02:44:36] [MASTER-BRAIN] [MONITOR] Initiating Storage Health Monitoring
[2026-01-29 02:44:36] [MASTER-BRAIN] [HEALTH] Data File: budgets.json - Size: 0.55 KB - Modified: 01/28/2026 23:37:22
[2026-01-29 02:44:36] [MASTER-BRAIN] [HEALTH] Data File: ledger.json - Size: 1.41 KB - Modified: 01/28/2026 23:24:50
[2026-01-29 02:44:36] [MASTER-BRAIN] [HEALTH] Data File: projects.json - Size: 3.65 KB - Modified: 01/28/2026 22:16:08
[2026-01-29 02:44:36] [MASTER-BRAIN] [HEALTH] Data File: settings.json - Size: 1.19 KB - Modified: 01/29/2026 02:40:38
[2026-01-29 02:44:36] [MASTER-BRAIN] [SUMMARY] Storage Health Summary - Files: 4 - Total Size: 0.01 MB
[2026-01-29 02:44:36] [MASTER-BRAIN] [HEALTH] Log File: AAC_Simulation.log - Size: 0.02 MB
[2026-01-29 02:44:36] [MASTER-BRAIN] [HEALTH] Log File: ASG_Activation.log - Size: 0 MB
[2026-01-29 02:44:36] [MASTER-BRAIN] [HEALTH] Log File: AX_Agent_Log.log - Size: 0.56 MB
[2026-01-29 02:44:36] [MASTER-BRAIN] [HEALTH] Log File: az_audit_reports.log - Size: 0.37 MB
[2026-01-29 02:44:36] [MASTER-BRAIN] [HEALTH] Log File: BBIC_Continuous.log - Size: 0 MB
[2026-01-29 02:44:36] [MASTER-BRAIN] [HEALTH] Log File: BBIC_Intelligence.log - Size: 0.02 MB
[2026-01-29 02:44:36] [MASTER-BRAIN] [HEALTH] Log File: BBIC_Trends.log - Size: 0.02 MB
[2026-01-29 02:44:36] [MASTER-BRAIN] [HEALTH] Log File: board_meeting_results.log - Size: 0.1 MB
[2026-01-29 02:44:36] [MASTER-BRAIN] [HEALTH] Log File: Dashboard_Team.log - Size: 0 MB
[2026-01-29 02:44:36] [MASTER-BRAIN] [HEALTH] Log File: Framework_Protocols.log - Size: 0 MB
[2026-01-29 02:44:36] [MASTER-BRAIN] [HEALTH] Log File: integration_results.log - Size: 0.15 MB
[2026-01-29 02:44:36] [MASTER-BRAIN] [HEALTH] Log File: Master_Brain_Storage_Analysis.log - Size: 0.03 MB
[2026-01-29 02:44:36] [MASTER-BRAIN] [HEALTH] Log File: NCC_Continuous_Operations.log - Size: 13.33 MB
[2026-01-29 02:44:36] [MASTER-BRAIN] [HEALTH] Log File: NCC_Modernized_Cycles.log - Size: 0.13 MB
[2026-01-29 02:44:36] [MASTER-BRAIN] [HEALTH] Log File: ncc_organizational_audit_2026-01-29.log - Size: 0.01 MB
[2026-01-29 02:44:36] [MASTER-BRAIN] [HEALTH] Log File: NCC_Protocol_Updates.log - Size: 0.05 MB
[2026-01-29 02:44:36] [MASTER-BRAIN] [HEALTH] Log File: Protocol_Verification.log - Size: 0.01 MB
[2026-01-29 02:44:36] [MASTER-BRAIN] [OPTIMIZE] Initiating Storage Performance Optimization
[2026-01-29 02:44:37] [MASTER-BRAIN] [WARNING] Missing required fields in settings: compliance_level, operational_efficiency, ai_performance, security_score
[2026-01-29 02:44:37] [MASTER-BRAIN] [OPTIMIZE] Detected 101 potential duplicate log entries - consider log deduplication
[2026-01-29 02:44:37] [MASTER-BRAIN] [FORTRESS] Activating Faraday Fortress Security Protocols
[2026-01-29 02:44:38] [MASTER-BRAIN] [WARNING] Security Check FAILED: aac_growth_simulation_results.json - Excessive permissions detected
[2026-01-29 02:44:38] [MASTER-BRAIN] [WARNING] Entropy Check: aac_growth_simulation_results.json has low entropy - consider encryption
[2026-01-29 02:44:38] [MASTER-BRAIN] [WARNING] Security Check FAILED: aac_simulation_results.json - Excessive permissions detected
[2026-01-29 02:44:38] [MASTER-BRAIN] [WARNING] Entropy Check: aac_simulation_results.json has low entropy - consider encryption
[2026-01-29 02:44:38] [MASTER-BRAIN] [WARNING] Security Check FAILED: aac_simulation_state.json - Excessive permissions detected
[2026-01-29 02:44:38] [MASTER-BRAIN] [WARNING] Entropy Check: aac_simulation_state.json has low entropy - consider encryption
[2026-01-29 02:44:38] [MASTER-BRAIN] [WARNING] Security Check FAILED: ax_comprehensive_audit_000000.json - Excessive permissions detected
[2026-01-29 02:44:38] [MASTER-BRAIN] [WARNING] Entropy Check: ax_comprehensive_audit_000000.json has low entropy - consider encryption
[2026-01-29 02:44:38] [MASTER-BRAIN] [WARNING] Security Check FAILED: ax_comprehensive_audit_000001.json - Excessive permissions detected
[2026-01-29 02:44:38] [MASTER-BRAIN] [WARNING] Entropy Check: ax_comprehensive_audit_000001.json has low entropy - consider encryption
[2026-01-29 02:44:38] [MASTER-BRAIN] [WARNING] Security Check FAILED: ax_comprehensive_audit_000002.json - Excessive permissions detected
[2026-01-29 02:44:38] [MASTER-BRAIN] [WARNING] Entropy Check: ax_comprehensive_audit_000002.json has low entropy - consider encryption
[2026-01-29 02:44:38] [MASTER-BRAIN] [WARNING] Security Check FAILED: ax_comprehensive_audit_000003.json - Excessive permissions detected
[2026-01-29 02:44:38] [MASTER-BRAIN] [WARNING] Entropy Check: ax_comprehensive_audit_000003.json has low entropy - consider encryption
[2026-01-29 02:44:38] [MASTER-BRAIN] [WARNING] Security Check FAILED: ax_comprehensive_audit_000004.json - Excessive permissions detected
[2026-01-29 02:44:38] [MASTER-BRAIN] [WARNING] Entropy Check: ax_comprehensive_audit_000004.json has low entropy - consider encryption
[2026-01-29 02:44:38] [MASTER-BRAIN] [WARNING] Security Check FAILED: ax_comprehensive_audit_000005.json - Excessive permissions detected
[2026-01-29 02:44:38] [MASTER-BRAIN] [WARNING] Entropy Check: ax_comprehensive_audit_000005.json has low entropy - consider encryption
[2026-01-29 02:44:38] [MASTER-BRAIN] [WARNING] Security Check FAILED: ax_comprehensive_audit_000006.json - Excessive permissions detected
[2026-01-29 02:44:38] [MASTER-BRAIN] [WARNING] Entropy Check: ax_comprehensive_audit_000006.json has low entropy - consider encryption
[2026-01-29 02:44:38] [MASTER-BRAIN] [WARNING] Security Check FAILED: ax_comprehensive_audit_000007.json - Excessive permissions detected
[2026-01-29 02:44:38] [MASTER-BRAIN] [WARNING] Entropy Check: ax_comprehensive_audit_000007.json has low entropy - consider encryption
[2026-01-29 02:44:38] [MASTER-BRAIN] [WARNING] Security Check FAILED: ax_comprehensive_audit_000008.json - Excessive permissions detected
[2026-01-29 02:44:38] [MASTER-BRAIN] [WARNING] Entropy Check: ax_comprehensive_audit_000008.json has low entropy - consider encryption
[2026-01-29 02:44:38] [MASTER-BRAIN] [WARNING] Security Check FAILED: ax_latest_audit.json - Excessive permissions detected
[2026-01-29 02:44:38] [MASTER-BRAIN] [WARNING] Entropy Check: ax_latest_audit.json has low entropy - consider encryption
[2026-01-29 02:44:38] [MASTER-BRAIN] [WARNING] Security Check FAILED: az_ncl_department_scan_report.json - Excessive permissions detected
[2026-01-29 02:44:38] [MASTER-BRAIN] [WARNING] Entropy Check: az_ncl_department_scan_report.json has low entropy - consider encryption
[2026-01-29 02:44:38] [MASTER-BRAIN] [WARNING] Security Check FAILED: bbic_dashboard_data.json - Excessive permissions detected
[2026-01-29 02:44:38] [MASTER-BRAIN] [WARNING] Entropy Check: bbic_dashboard_data.json has low entropy - consider encryption
[2026-01-29 02:44:38] [MASTER-BRAIN] [WARNING] Security Check FAILED: bbic_data_techniques_bulletin.json - Excessive permissions detected
[2026-01-29 02:44:38] [MASTER-BRAIN] [WARNING] Entropy Check: bbic_data_techniques_bulletin.json has low entropy - consider encryption
[2026-01-29 02:44:38] [MASTER-BRAIN] [WARNING] Security Check FAILED: budgets.json - Excessive permissions detected
[2026-01-29 02:44:38] [MASTER-BRAIN] [WARNING] Entropy Check: budgets.json has low entropy - consider encryption
[2026-01-29 02:44:38] [MASTER-BRAIN] [WARNING] Security Check FAILED: dashboard_status.json - Excessive permissions detected
[2026-01-29 02:44:38] [MASTER-BRAIN] [WARNING] Entropy Check: dashboard_status.json has low entropy - consider encryption
[2026-01-29 02:44:38] [MASTER-BRAIN] [WARNING] Security Check FAILED: dashboard_team.json - Excessive permissions detected
[2026-01-29 02:44:38] [MASTER-BRAIN] [WARNING] Entropy Check: dashboard_team.json has low entropy - consider encryption
[2026-01-29 02:44:38] [MASTER-BRAIN] [WARNING] Security Check FAILED: hr_evolution_report_000000.json - Excessive permissions detected
[2026-01-29 02:44:38] [MASTER-BRAIN] [WARNING] Entropy Check: hr_evolution_report_000000.json has low entropy - consider encryption
[2026-01-29 02:44:38] [MASTER-BRAIN] [WARNING] Security Check FAILED: hr_evolution_report_000001.json - Excessive permissions detected
[2026-01-29 02:44:38] [MASTER-BRAIN] [WARNING] Entropy Check: hr_evolution_report_000001.json has low entropy - consider encryption
[2026-01-29 02:44:38] [MASTER-BRAIN] [WARNING] Security Check FAILED: hr_evolution_report_000002.json - Excessive permissions detected
[2026-01-29 02:44:38] [MASTER-BRAIN] [WARNING] Entropy Check: hr_evolution_report_000002.json has low entropy - consider encryption
[2026-01-29 02:44:38] [MASTER-BRAIN] [WARNING] Security Check FAILED: hr_evolution_report_000003.json - Excessive permissions detected
[2026-01-29 02:44:38] [MASTER-BRAIN] [WARNING] Entropy Check: hr_evolution_report_000003.json has low entropy - consider encryption
[2026-01-29 02:44:38] [MASTER-BRAIN] [WARNING] Security Check FAILED: hr_evolution_report_000004.json - Excessive permissions detected
[2026-01-29 02:44:38] [MASTER-BRAIN] [WARNING] Entropy Check: hr_evolution_report_000004.json has low entropy - consider encryption
[2026-01-29 02:44:38] [MASTER-BRAIN] [WARNING] Security Check FAILED: hr_evolution_report_000005.json - Excessive permissions detected
[2026-01-29 02:44:38] [MASTER-BRAIN] [WARNING] Entropy Check: hr_evolution_report_000005.json has low entropy - consider encryption
[2026-01-29 02:44:38] [MASTER-BRAIN] [WARNING] Security Check FAILED: hr_evolution_report_000006.json - Excessive permissions detected
[2026-01-29 02:44:38] [MASTER-BRAIN] [WARNING] Entropy Check: hr_evolution_report_000006.json has low entropy - consider encryption
[2026-01-29 02:44:38] [MASTER-BRAIN] [WARNING] Security Check FAILED: hr_evolution_report_000007.json - Excessive permissions detected
[2026-01-29 02:44:38] [MASTER-BRAIN] [WARNING] Entropy Check: hr_evolution_report_000007.json has low entropy - consider encryption
[2026-01-29 02:44:38] [MASTER-BRAIN] [WARNING] Security Check FAILED: hr_evolution_report_000008.json - Excessive permissions detected
[2026-01-29 02:44:38] [MASTER-BRAIN] [WARNING] Entropy Check: hr_evolution_report_000008.json has low entropy - consider encryption
[2026-01-29 02:44:38] [MASTER-BRAIN] [WARNING] Security Check FAILED: ledger.json - Excessive permissions detected
[2026-01-29 02:44:38] [MASTER-BRAIN] [WARNING] Entropy Check: ledger.json has low entropy - consider encryption
[2026-01-29 02:44:38] [MASTER-BRAIN] [WARNING] Security Check FAILED: lfg_launch_audit_results.json - Excessive permissions detected
[2026-01-29 02:44:38] [MASTER-BRAIN] [WARNING] Entropy Check: lfg_launch_audit_results.json has low entropy - consider encryption
[2026-01-29 02:44:38] [MASTER-BRAIN] [WARNING] Security Check FAILED: mmc_dashboard_status.json - Excessive permissions detected
[2026-01-29 02:44:38] [MASTER-BRAIN] [WARNING] Entropy Check: mmc_dashboard_status.json has low entropy - consider encryption
[2026-01-29 02:44:38] [MASTER-BRAIN] [WARNING] Security Check FAILED: modernized_dashboard_status.json - Excessive permissions detected
[2026-01-29 02:44:38] [MASTER-BRAIN] [WARNING] Entropy Check: modernized_dashboard_status.json has low entropy - consider encryption
[2026-01-29 02:44:38] [MASTER-BRAIN] [WARNING] Security Check FAILED: ncc_banking_system.json - Excessive permissions detected
[2026-01-29 02:44:38] [MASTER-BRAIN] [WARNING] Entropy Check: ncc_banking_system.json has low entropy - consider encryption
[2026-01-29 02:44:38] [MASTER-BRAIN] [WARNING] Security Check FAILED: ncc_efficiency_optimization_results.json - Excessive permissions detected
[2026-01-29 02:44:38] [MASTER-BRAIN] [WARNING] Entropy Check: ncc_efficiency_optimization_results.json has low entropy - consider encryption
[2026-01-29 02:44:38] [MASTER-BRAIN] [WARNING] Security Check FAILED: ncc_employee_database.json - Excessive permissions detected
[2026-01-29 02:44:38] [MASTER-BRAIN] [WARNING] Entropy Check: ncc_employee_database.json has low entropy - consider encryption
[2026-01-29 02:44:38] [MASTER-BRAIN] [WARNING] Security Check FAILED: ncc_financial_oversight_committee.json - Excessive permissions detected
[2026-01-29 02:44:38] [MASTER-BRAIN] [WARNING] Entropy Check: ncc_financial_oversight_committee.json has low entropy - consider encryption
[2026-01-29 02:44:38] [MASTER-BRAIN] [WARNING] Security Check FAILED: ncc_international_accounting_system.json - Excessive permissions detected
[2026-01-29 02:44:38] [MASTER-BRAIN] [WARNING] Entropy Check: ncc_international_accounting_system.json has low entropy - consider encryption
[2026-01-29 02:44:38] [MASTER-BRAIN] [WARNING] Security Check FAILED: ncc_pizza_party_results.json - Excessive permissions detected
[2026-01-29 02:44:38] [MASTER-BRAIN] [WARNING] Entropy Check: ncc_pizza_party_results.json has low entropy - consider encryption
[2026-01-29 02:44:38] [MASTER-BRAIN] [WARNING] Security Check FAILED: projects.json - Excessive permissions detected
[2026-01-29 02:44:38] [MASTER-BRAIN] [WARNING] Entropy Check: projects.json has low entropy - consider encryption
[2026-01-29 02:44:38] [MASTER-BRAIN] [WARNING] Security Check FAILED: settings.json - Excessive permissions detected
[2026-01-29 02:44:38] [MASTER-BRAIN] [WARNING] Entropy Check: settings.json has low entropy - consider encryption
[2026-01-29 02:44:38] [MASTER-BRAIN] [SUMMARY] Faraday Fortress Security Score: 0% (0/40 checks passed)
[2026-01-29 02:44:38] [MASTER-BRAIN] [COMPLETE] Master Brain Storage Analysis Engine execution complete
[2026-01-29 02:44:46] [MASTER-BRAIN] [OPTIMIZE] Initiating Storage Performance Optimization
[2026-01-29 02:44:47] [MASTER-BRAIN] [WARNING] Missing required fields in settings: compliance_level, operational_efficiency, ai_performance, security_score
[2026-01-29 02:44:47] [MASTER-BRAIN] [OPTIMIZE] Detected 101 potential duplicate log entries - consider log deduplication
[2026-01-29 02:44:47] [MASTER-BRAIN] [COMPLETE] Master Brain Storage Analysis Engine execution complete
