[2026-01-29 21:40:33] [SECURITY-10] [SecurityFramework] [SUCCESS] Created security directory: logs
[2026-01-29 21:40:33] [SECURITY-10] [SecurityFramework] [SUCCESS] Created security directory: config
[2026-01-29 21:40:33] [SECURITY-10] [SecurityFramework] [SUCCESS] Created security directory: certificates
[2026-01-29 21:40:33] [SECURITY-10] [SecurityFramework] [SUCCESS] Created security directory: keys
[2026-01-29 21:40:33] [SECURITY-10] [SecurityFramework] [SUCCESS] Created security directory: audit
[2026-01-29 21:40:33] [SECURITY-10] [SecurityFramework] [SUCCESS] Created security directory: quarantine
[2026-01-29 21:40:33] [SECURITY-10] [SecurityFramework] [SUCCESS] Created security directory: backups
[2026-01-29 21:40:33] [SECURITY-10] [SecurityFramework] [INFO] Generating master encryption keys...
[2026-01-29 21:40:33] [SECURITY-10] [SecurityFramework] [SUCCESS] Master keys generated and stored securely
[2026-01-29 21:40:33] [SECURITY-10] [SecurityFramework] [INFO] Initializing certificate authority...
[2026-01-29 21:40:33] [SECURITY-10] [SecurityFramework] [SUCCESS] Certificate authority initialized (simulated)
[2026-01-29 21:40:33] [SECURITY-10] [SecurityFramework] [SUCCESS] Security framework initialization completed
[2026-01-29 21:40:37] [SECURITY-10] [SecurityFramework] [INFO] Deploying security framework to agents...
[2026-01-29 21:40:38] [SECURITY-10] [SecurityFramework] [INFO] Found 8 agents to update
[2026-01-29 21:40:38] [SECURITY-10] [SecurityFramework] [SUCCESS] Updated security for agent: Agents
[2026-01-29 21:40:38] [SECURITY-10] [SecurityFramework] [SUCCESS] Updated security for agent: data
[2026-01-29 21:40:38] [SECURITY-10] [SecurityFramework] [SUCCESS] Updated security for agent: departments
[2026-01-29 21:40:38] [SECURITY-10] [SecurityFramework] [SUCCESS] Updated security for agent: Doctrine
[2026-01-29 21:40:38] [SECURITY-10] [SecurityFramework] [SUCCESS] Updated security for agent: shared_insights
[2026-01-29 21:40:38] [SECURITY-10] [SecurityFramework] [SUCCESS] Updated security for agent: shared_insights
[2026-01-29 21:40:38] [SECURITY-10] [SecurityFramework] [SUCCESS] Updated security for agent: shared_insights
[2026-01-29 21:40:38] [SECURITY-10] [SecurityFramework] [SUCCESS] Updated security for agent: shared_insights
[2026-01-29 21:40:38] [SECURITY-10] [SecurityFramework] [SUCCESS] Security deployment completed: 8/8 agents updated
[2026-01-29 21:40:42] [SECURITY-10] [SecurityFramework] [INFO] Starting security compliance audit...
[2026-01-29 21:40:44] [SECURITY-10] [SecurityFramework] [SUCCESS] Compliance audit completed. Compliant: 8/8
