[2026-01-29 01:13:21] [PROTOCOL-VERIFICATION] [INIT] Starting comprehensive protocol verification
[2026-01-29 01:13:21] [PROTOCOL-FINANCIAL_COMPLIANCE] [INFO] Checking protocol: FINANCIAL_COMPLIANCE
[2026-01-29 01:13:21] [PROTOCOL-FINANCIAL_COMPLIANCE] [SUCCESS] Financial compliance verified
[2026-01-29 01:13:21] [PROTOCOL-AGENT_COMMUNICATION] [INFO] Checking protocol: AGENT_COMMUNICATION
[2026-01-29 01:13:21] [PROTOCOL-AGENT_COMMUNICATION] [SUCCESS] Agent communication protocols active
[2026-01-29 01:13:21] [PROTOCOL-CYCLE_INTEGRITY] [INFO] Checking protocol: CYCLE_INTEGRITY
[2026-01-29 01:13:21] [PROTOCOL-CYCLE_INTEGRITY] [ERROR] Invalid cycle counter in settings | Fix: Reset cycle counter
[2026-01-29 01:13:21] [PROTOCOL-CYCLE_INTEGRITY] [CRITICAL] CRITICAL PROTOCOL FAILURE: CYCLE_INTEGRITY
[2026-01-29 01:13:21] [PROTOCOL-AUDIT_TRAIL] [INFO] Checking protocol: AUDIT_TRAIL
[2026-01-29 01:13:21] [PROTOCOL-AUDIT_TRAIL] [SUCCESS] Audit trail complete and current
[2026-01-29 01:13:21] [PROTOCOL-AZ_PRIME_AUTHORITY] [INFO] Checking protocol: AZ_PRIME_AUTHORITY
[2026-01-29 01:13:21] [PROTOCOL-AZ_PRIME_AUTHORITY] [SUCCESS] AZ PRIME authority properly established
[2026-01-29 01:13:21] [PROTOCOL-DATA_ENCRYPTION] [INFO] Checking protocol: DATA_ENCRYPTION
[2026-01-29 01:13:21] [PROTOCOL-DATA_ENCRYPTION] [SUCCESS] Data encryption standards maintained
[2026-01-29 01:13:21] [PROTOCOL-AAC_SIMULATION_INDEPENDENCE] [INFO] Checking protocol: AAC_SIMULATION_INDEPENDENCE
[2026-01-29 01:13:21] [PROTOCOL-AAC_SIMULATION_INDEPENDENCE] [SUCCESS] AAC operates independently on simulated time
[2026-01-29 01:13:21] [PROTOCOL-VERIFICATION] [ERROR] 1 protocols failed verification
[2026-01-29 01:13:21] [PROTOCOL-VERIFICATION] [ERROR] Failed: CYCLE_INTEGRITY
[2026-01-29 01:13:25] [PROTOCOL-FIX] [INIT] Starting protocol auto-fix process
[2026-01-29 01:13:25] [PROTOCOL-CYCLE_INTEGRITY] [INFO] Attempting auto-fix for CYCLE_INTEGRITY
[2026-01-29 01:13:25] [PROTOCOL-CYCLE_INTEGRITY] [SUCCESS] Cycle integrity restored
[2026-01-29 01:13:25] [PROTOCOL-FIX] [SUCCESS] Auto-fix successful for CYCLE_INTEGRITY
[2026-01-29 01:13:25] [PROTOCOL-FIX] [SUCCESS] Protocol fix process completed
[2026-01-29 01:15:27] [PROTOCOL-VERIFICATION] [INIT] Starting comprehensive protocol verification
[2026-01-29 01:15:27] [PROTOCOL-CYCLE_INTEGRITY] [INFO] Checking protocol: CYCLE_INTEGRITY
[2026-01-29 01:15:27] [PROTOCOL-CYCLE_INTEGRITY] [ERROR] Invalid cycle counter in settings | Fix: Reset cycle counter
[2026-01-29 01:15:27] [PROTOCOL-CYCLE_INTEGRITY] [CRITICAL] CRITICAL PROTOCOL FAILURE: CYCLE_INTEGRITY
[2026-01-29 01:15:27] [PROTOCOL-DATA_ENCRYPTION] [INFO] Checking protocol: DATA_ENCRYPTION
[2026-01-29 01:15:27] [PROTOCOL-DATA_ENCRYPTION] [SUCCESS] Data encryption standards maintained
[2026-01-29 01:15:27] [PROTOCOL-AAC_SIMULATION_INDEPENDENCE] [INFO] Checking protocol: AAC_SIMULATION_INDEPENDENCE
[2026-01-29 01:15:27] [PROTOCOL-AAC_SIMULATION_INDEPENDENCE] [SUCCESS] AAC operates independently on simulated time
[2026-01-29 01:15:27] [PROTOCOL-AGENT_COMMUNICATION] [INFO] Checking protocol: AGENT_COMMUNICATION
[2026-01-29 01:15:27] [PROTOCOL-AGENT_COMMUNICATION] [SUCCESS] Agent communication protocols active
[2026-01-29 01:15:27] [PROTOCOL-FINANCIAL_COMPLIANCE] [INFO] Checking protocol: FINANCIAL_COMPLIANCE
[2026-01-29 01:15:27] [PROTOCOL-FINANCIAL_COMPLIANCE] [SUCCESS] Financial compliance verified
[2026-01-29 01:15:27] [PROTOCOL-AZ_PRIME_AUTHORITY] [INFO] Checking protocol: AZ_PRIME_AUTHORITY
[2026-01-29 01:15:27] [PROTOCOL-AZ_PRIME_AUTHORITY] [SUCCESS] AZ PRIME authority properly established
[2026-01-29 01:15:27] [PROTOCOL-AUDIT_TRAIL] [INFO] Checking protocol: AUDIT_TRAIL
[2026-01-29 01:15:27] [PROTOCOL-AUDIT_TRAIL] [SUCCESS] Audit trail complete and current
[2026-01-29 01:15:27] [PROTOCOL-VERIFICATION] [ERROR] 1 protocols failed verification
[2026-01-29 01:15:27] [PROTOCOL-VERIFICATION] [ERROR] Failed: CYCLE_INTEGRITY
[2026-01-29 01:16:16] [PROTOCOL-VERIFICATION] [INIT] Starting comprehensive protocol verification
[2026-01-29 01:16:16] [PROTOCOL-AUDIT_TRAIL] [INFO] Checking protocol: AUDIT_TRAIL
[2026-01-29 01:16:16] [PROTOCOL-AUDIT_TRAIL] [SUCCESS] Audit trail complete and current
[2026-01-29 01:16:16] [PROTOCOL-AGENT_COMMUNICATION] [INFO] Checking protocol: AGENT_COMMUNICATION
[2026-01-29 01:16:16] [PROTOCOL-AGENT_COMMUNICATION] [SUCCESS] Agent communication protocols active
[2026-01-29 01:16:16] [PROTOCOL-FINANCIAL_COMPLIANCE] [INFO] Checking protocol: FINANCIAL_COMPLIANCE
[2026-01-29 01:16:16] [PROTOCOL-FINANCIAL_COMPLIANCE] [SUCCESS] Financial compliance verified
[2026-01-29 01:16:16] [PROTOCOL-AZ_PRIME_AUTHORITY] [INFO] Checking protocol: AZ_PRIME_AUTHORITY
[2026-01-29 01:16:16] [PROTOCOL-AZ_PRIME_AUTHORITY] [SUCCESS] AZ PRIME authority properly established
[2026-01-29 01:16:16] [PROTOCOL-AAC_SIMULATION_INDEPENDENCE] [INFO] Checking protocol: AAC_SIMULATION_INDEPENDENCE
[2026-01-29 01:16:16] [PROTOCOL-AAC_SIMULATION_INDEPENDENCE] [SUCCESS] AAC operates independently on simulated time
[2026-01-29 01:16:16] [PROTOCOL-DATA_ENCRYPTION] [INFO] Checking protocol: DATA_ENCRYPTION
[2026-01-29 01:16:16] [PROTOCOL-DATA_ENCRYPTION] [SUCCESS] Data encryption standards maintained
[2026-01-29 01:16:16] [PROTOCOL-CYCLE_INTEGRITY] [INFO] Checking protocol: CYCLE_INTEGRITY
[2026-01-29 01:16:16] [PROTOCOL-CYCLE_INTEGRITY] [ERROR] Invalid cycle counter in settings | Fix: Reset cycle counter
[2026-01-29 01:16:16] [PROTOCOL-CYCLE_INTEGRITY] [CRITICAL] CRITICAL PROTOCOL FAILURE: CYCLE_INTEGRITY
[2026-01-29 01:16:16] [PROTOCOL-VERIFICATION] [ERROR] 1 protocols failed verification
[2026-01-29 01:16:16] [PROTOCOL-VERIFICATION] [ERROR] Failed: CYCLE_INTEGRITY
[2026-01-29 01:17:02] [PROTOCOL-VERIFICATION] [INIT] Starting comprehensive protocol verification
[2026-01-29 01:17:02] [PROTOCOL-FINANCIAL_COMPLIANCE] [INFO] Checking protocol: FINANCIAL_COMPLIANCE
[2026-01-29 01:17:02] [PROTOCOL-FINANCIAL_COMPLIANCE] [SUCCESS] Financial compliance verified
[2026-01-29 01:17:02] [PROTOCOL-AGENT_COMMUNICATION] [INFO] Checking protocol: AGENT_COMMUNICATION
[2026-01-29 01:17:02] [PROTOCOL-AGENT_COMMUNICATION] [SUCCESS] Agent communication protocols active
[2026-01-29 01:17:02] [PROTOCOL-DATA_ENCRYPTION] [INFO] Checking protocol: DATA_ENCRYPTION
[2026-01-29 01:17:02] [PROTOCOL-DATA_ENCRYPTION] [SUCCESS] Data encryption standards maintained
[2026-01-29 01:17:02] [PROTOCOL-AUDIT_TRAIL] [INFO] Checking protocol: AUDIT_TRAIL
[2026-01-29 01:17:02] [PROTOCOL-AUDIT_TRAIL] [SUCCESS] Audit trail complete and current
[2026-01-29 01:17:02] [PROTOCOL-AAC_SIMULATION_INDEPENDENCE] [INFO] Checking protocol: AAC_SIMULATION_INDEPENDENCE
[2026-01-29 01:17:02] [PROTOCOL-AAC_SIMULATION_INDEPENDENCE] [SUCCESS] AAC operates independently on simulated time
[2026-01-29 01:17:02] [PROTOCOL-AZ_PRIME_AUTHORITY] [INFO] Checking protocol: AZ_PRIME_AUTHORITY
[2026-01-29 01:17:02] [PROTOCOL-AZ_PRIME_AUTHORITY] [SUCCESS] AZ PRIME authority properly established
[2026-01-29 01:17:02] [PROTOCOL-CYCLE_INTEGRITY] [INFO] Checking protocol: CYCLE_INTEGRITY
[2026-01-29 01:17:02] [PROTOCOL-CYCLE_INTEGRITY] [ERROR] Invalid cycle counter in settings | Fix: Reset cycle counter
[2026-01-29 01:17:02] [PROTOCOL-CYCLE_INTEGRITY] [CRITICAL] CRITICAL PROTOCOL FAILURE: CYCLE_INTEGRITY
[2026-01-29 01:17:02] [PROTOCOL-VERIFICATION] [ERROR] 1 protocols failed verification
[2026-01-29 01:17:02] [PROTOCOL-VERIFICATION] [ERROR] Failed: CYCLE_INTEGRITY
[2026-01-29 01:17:48] [PROTOCOL-VERIFICATION] [INIT] Starting comprehensive protocol verification
[2026-01-29 01:17:48] [PROTOCOL-AAC_SIMULATION_INDEPENDENCE] [INFO] Checking protocol: AAC_SIMULATION_INDEPENDENCE
[2026-01-29 01:17:48] [PROTOCOL-AAC_SIMULATION_INDEPENDENCE] [SUCCESS] AAC operates independently on simulated time
[2026-01-29 01:17:48] [PROTOCOL-AGENT_COMMUNICATION] [INFO] Checking protocol: AGENT_COMMUNICATION
[2026-01-29 01:17:48] [PROTOCOL-AGENT_COMMUNICATION] [SUCCESS] Agent communication protocols active
[2026-01-29 01:17:48] [PROTOCOL-AZ_PRIME_AUTHORITY] [INFO] Checking protocol: AZ_PRIME_AUTHORITY
[2026-01-29 01:17:48] [PROTOCOL-AZ_PRIME_AUTHORITY] [SUCCESS] AZ PRIME authority properly established
[2026-01-29 01:17:48] [PROTOCOL-AUDIT_TRAIL] [INFO] Checking protocol: AUDIT_TRAIL
[2026-01-29 01:17:48] [PROTOCOL-AUDIT_TRAIL] [SUCCESS] Audit trail complete and current
[2026-01-29 01:17:48] [PROTOCOL-DATA_ENCRYPTION] [INFO] Checking protocol: DATA_ENCRYPTION
[2026-01-29 01:17:48] [PROTOCOL-DATA_ENCRYPTION] [SUCCESS] Data encryption standards maintained
[2026-01-29 01:17:48] [PROTOCOL-CYCLE_INTEGRITY] [INFO] Checking protocol: CYCLE_INTEGRITY
[2026-01-29 01:17:48] [PROTOCOL-CYCLE_INTEGRITY] [ERROR] Invalid cycle counter in settings | Fix: Reset cycle counter
[2026-01-29 01:17:48] [PROTOCOL-CYCLE_INTEGRITY] [CRITICAL] CRITICAL PROTOCOL FAILURE: CYCLE_INTEGRITY
[2026-01-29 01:17:48] [PROTOCOL-FINANCIAL_COMPLIANCE] [INFO] Checking protocol: FINANCIAL_COMPLIANCE
[2026-01-29 01:17:48] [PROTOCOL-FINANCIAL_COMPLIANCE] [SUCCESS] Financial compliance verified
[2026-01-29 01:17:48] [PROTOCOL-VERIFICATION] [ERROR] 1 protocols failed verification
[2026-01-29 01:17:48] [PROTOCOL-VERIFICATION] [ERROR] Failed: CYCLE_INTEGRITY
[2026-01-29 01:18:33] [PROTOCOL-VERIFICATION] [INIT] Starting comprehensive protocol verification
[2026-01-29 01:18:33] [PROTOCOL-DATA_ENCRYPTION] [INFO] Checking protocol: DATA_ENCRYPTION
[2026-01-29 01:18:33] [PROTOCOL-DATA_ENCRYPTION] [SUCCESS] Data encryption standards maintained
[2026-01-29 01:18:33] [PROTOCOL-AUDIT_TRAIL] [INFO] Checking protocol: AUDIT_TRAIL
[2026-01-29 01:18:33] [PROTOCOL-AUDIT_TRAIL] [SUCCESS] Audit trail complete and current
[2026-01-29 01:18:33] [PROTOCOL-AGENT_COMMUNICATION] [INFO] Checking protocol: AGENT_COMMUNICATION
[2026-01-29 01:18:33] [PROTOCOL-AGENT_COMMUNICATION] [SUCCESS] Agent communication protocols active
[2026-01-29 01:18:33] [PROTOCOL-AAC_SIMULATION_INDEPENDENCE] [INFO] Checking protocol: AAC_SIMULATION_INDEPENDENCE
[2026-01-29 01:18:33] [PROTOCOL-AAC_SIMULATION_INDEPENDENCE] [SUCCESS] AAC operates independently on simulated time
[2026-01-29 01:18:33] [PROTOCOL-AZ_PRIME_AUTHORITY] [INFO] Checking protocol: AZ_PRIME_AUTHORITY
[2026-01-29 01:18:33] [PROTOCOL-AZ_PRIME_AUTHORITY] [SUCCESS] AZ PRIME authority properly established
[2026-01-29 01:18:33] [PROTOCOL-FINANCIAL_COMPLIANCE] [INFO] Checking protocol: FINANCIAL_COMPLIANCE
[2026-01-29 01:18:33] [PROTOCOL-FINANCIAL_COMPLIANCE] [SUCCESS] Financial compliance verified
[2026-01-29 01:18:33] [PROTOCOL-CYCLE_INTEGRITY] [INFO] Checking protocol: CYCLE_INTEGRITY
[2026-01-29 01:18:33] [PROTOCOL-CYCLE_INTEGRITY] [ERROR] Invalid cycle counter in settings | Fix: Reset cycle counter
[2026-01-29 01:18:33] [PROTOCOL-CYCLE_INTEGRITY] [CRITICAL] CRITICAL PROTOCOL FAILURE: CYCLE_INTEGRITY
[2026-01-29 01:18:33] [PROTOCOL-VERIFICATION] [ERROR] 1 protocols failed verification
[2026-01-29 01:18:33] [PROTOCOL-VERIFICATION] [ERROR] Failed: CYCLE_INTEGRITY
[2026-01-29 01:19:20] [PROTOCOL-VERIFICATION] [INIT] Starting comprehensive protocol verification
[2026-01-29 01:19:20] [PROTOCOL-AGENT_COMMUNICATION] [INFO] Checking protocol: AGENT_COMMUNICATION
[2026-01-29 01:19:20] [PROTOCOL-AGENT_COMMUNICATION] [SUCCESS] Agent communication protocols active
[2026-01-29 01:19:20] [PROTOCOL-FINANCIAL_COMPLIANCE] [INFO] Checking protocol: FINANCIAL_COMPLIANCE
[2026-01-29 01:19:20] [PROTOCOL-FINANCIAL_COMPLIANCE] [SUCCESS] Financial compliance verified
[2026-01-29 01:19:20] [PROTOCOL-CYCLE_INTEGRITY] [INFO] Checking protocol: CYCLE_INTEGRITY
[2026-01-29 01:19:20] [PROTOCOL-CYCLE_INTEGRITY] [ERROR] Invalid cycle counter in settings | Fix: Reset cycle counter
[2026-01-29 01:19:20] [PROTOCOL-CYCLE_INTEGRITY] [CRITICAL] CRITICAL PROTOCOL FAILURE: CYCLE_INTEGRITY
[2026-01-29 01:19:20] [PROTOCOL-DATA_ENCRYPTION] [INFO] Checking protocol: DATA_ENCRYPTION
[2026-01-29 01:19:20] [PROTOCOL-DATA_ENCRYPTION] [SUCCESS] Data encryption standards maintained
[2026-01-29 01:19:20] [PROTOCOL-AAC_SIMULATION_INDEPENDENCE] [INFO] Checking protocol: AAC_SIMULATION_INDEPENDENCE
[2026-01-29 01:19:20] [PROTOCOL-AAC_SIMULATION_INDEPENDENCE] [SUCCESS] AAC operates independently on simulated time
[2026-01-29 01:19:20] [PROTOCOL-AUDIT_TRAIL] [INFO] Checking protocol: AUDIT_TRAIL
[2026-01-29 01:19:20] [PROTOCOL-AUDIT_TRAIL] [SUCCESS] Audit trail complete and current
[2026-01-29 01:19:20] [PROTOCOL-AZ_PRIME_AUTHORITY] [INFO] Checking protocol: AZ_PRIME_AUTHORITY
[2026-01-29 01:19:20] [PROTOCOL-AZ_PRIME_AUTHORITY] [SUCCESS] AZ PRIME authority properly established
[2026-01-29 01:19:20] [PROTOCOL-VERIFICATION] [ERROR] 1 protocols failed verification
[2026-01-29 01:19:20] [PROTOCOL-VERIFICATION] [ERROR] Failed: CYCLE_INTEGRITY
[2026-01-29 01:20:08] [PROTOCOL-VERIFICATION] [INIT] Starting comprehensive protocol verification
[2026-01-29 01:20:08] [PROTOCOL-AZ_PRIME_AUTHORITY] [INFO] Checking protocol: AZ_PRIME_AUTHORITY
[2026-01-29 01:20:08] [PROTOCOL-AZ_PRIME_AUTHORITY] [SUCCESS] AZ PRIME authority properly established
[2026-01-29 01:20:08] [PROTOCOL-AAC_SIMULATION_INDEPENDENCE] [INFO] Checking protocol: AAC_SIMULATION_INDEPENDENCE
[2026-01-29 01:20:08] [PROTOCOL-AAC_SIMULATION_INDEPENDENCE] [SUCCESS] AAC operates independently on simulated time
[2026-01-29 01:20:08] [PROTOCOL-DATA_ENCRYPTION] [INFO] Checking protocol: DATA_ENCRYPTION
[2026-01-29 01:20:08] [PROTOCOL-DATA_ENCRYPTION] [SUCCESS] Data encryption standards maintained
[2026-01-29 01:20:08] [PROTOCOL-AGENT_COMMUNICATION] [INFO] Checking protocol: AGENT_COMMUNICATION
[2026-01-29 01:20:08] [PROTOCOL-AGENT_COMMUNICATION] [SUCCESS] Agent communication protocols active
[2026-01-29 01:20:08] [PROTOCOL-AUDIT_TRAIL] [INFO] Checking protocol: AUDIT_TRAIL
[2026-01-29 01:20:08] [PROTOCOL-AUDIT_TRAIL] [SUCCESS] Audit trail complete and current
[2026-01-29 01:20:08] [PROTOCOL-CYCLE_INTEGRITY] [INFO] Checking protocol: CYCLE_INTEGRITY
[2026-01-29 01:20:08] [PROTOCOL-CYCLE_INTEGRITY] [ERROR] Invalid cycle counter in settings | Fix: Reset cycle counter
[2026-01-29 01:20:08] [PROTOCOL-CYCLE_INTEGRITY] [CRITICAL] CRITICAL PROTOCOL FAILURE: CYCLE_INTEGRITY
[2026-01-29 01:20:08] [PROTOCOL-FINANCIAL_COMPLIANCE] [INFO] Checking protocol: FINANCIAL_COMPLIANCE
[2026-01-29 01:20:08] [PROTOCOL-FINANCIAL_COMPLIANCE] [SUCCESS] Financial compliance verified
[2026-01-29 01:20:08] [PROTOCOL-VERIFICATION] [ERROR] 1 protocols failed verification
[2026-01-29 01:20:08] [PROTOCOL-VERIFICATION] [ERROR] Failed: CYCLE_INTEGRITY
