[2026-01-30 08:28:24] [INFO] [TEAM-TRAINING] NCC Team Training Documentation Distribution System v1.0.0
[2026-01-30 08:28:24] [INFO] [TEAM-TRAINING] Authority: AZ PRIME Command | Generated: January 30, 2026
[2026-01-30 08:28:24] [INFO] [TEAM-TRAINING] Execution started with parameters: {"Distribute":{"IsPresent":true}}
[2026-01-30 08:28:24] [INFO] [TEAM-TRAINING] Starting documentation distribution process...
[2026-01-30 08:28:24] [INFO] [TEAM-TRAINING] Verifying documentation source files...
[2026-01-30 08:28:24] [INFO] [TEAM-TRAINING] Documentation source verification complete
[2026-01-30 08:28:24] [INFO] [TEAM-TRAINING] Discovering agent directories...
[2026-01-30 08:28:24] [INFO] [TEAM-TRAINING] Found agent directory: _enterprise
[2026-01-30 08:28:24] [WARNING] [TEAM-TRAINING] Agent directory not found: _agents
[2026-01-30 08:28:24] [INFO] [TEAM-TRAINING] Found agent directory: agents
[2026-01-30 08:28:24] [INFO] [TEAM-TRAINING] Found agent directory: ADMIN
[2026-01-30 08:28:24] [INFO] [TEAM-TRAINING] Found agent directory: AIEthicsCouncil
[2026-01-30 08:28:24] [INFO] [TEAM-TRAINING] Found agent directory: AIGovernanceCouncil
[2026-01-30 08:28:24] [INFO] [TEAM-TRAINING] Discovered 5 agent directories
[2026-01-30 08:28:24] [INFO] [TEAM-TRAINING] Distributing documentation to agent: _enterprise
[2026-01-30 08:28:24] [INFO] [TEAM-TRAINING] Created .vscode directory for agent: _enterprise
[2026-01-30 08:28:24] [INFO] [TEAM-TRAINING] Copied main documentation to: C:\Users\gripa\OneDrive\Desktop\NCC\NCC-Doctrine\_enterprise\.vscode\README.md
[2026-01-30 08:28:24] [INFO] [TEAM-TRAINING] Copied code snippets to agent: _enterprise
[2026-01-30 08:28:24] [INFO] [TEAM-TRAINING] Created training completion marker for agent: _enterprise
[2026-01-30 08:28:24] [INFO] [TEAM-TRAINING] Distributing documentation to agent: agents
[2026-01-30 08:28:24] [INFO] [TEAM-TRAINING] Created .vscode directory for agent: agents
[2026-01-30 08:28:24] [INFO] [TEAM-TRAINING] Copied main documentation to: C:\Users\gripa\OneDrive\Desktop\NCC\NCC-Doctrine\agents\.vscode\README.md
[2026-01-30 08:28:24] [INFO] [TEAM-TRAINING] Copied code snippets to agent: agents
[2026-01-30 08:28:24] [INFO] [TEAM-TRAINING] Created training completion marker for agent: agents
[2026-01-30 08:28:24] [INFO] [TEAM-TRAINING] Distributing documentation to agent: ADMIN
[2026-01-30 08:28:24] [INFO] [TEAM-TRAINING] Created .vscode directory for agent: ADMIN
[2026-01-30 08:28:24] [INFO] [TEAM-TRAINING] Copied main documentation to: C:\Users\gripa\OneDrive\Desktop\NCC\NCC-Doctrine\ADMIN\.vscode\README.md
[2026-01-30 08:28:24] [INFO] [TEAM-TRAINING] Copied code snippets to agent: ADMIN
[2026-01-30 08:28:24] [INFO] [TEAM-TRAINING] Created training completion marker for agent: ADMIN
[2026-01-30 08:28:24] [INFO] [TEAM-TRAINING] Distributing documentation to agent: AIEthicsCouncil
[2026-01-30 08:28:24] [INFO] [TEAM-TRAINING] Created .vscode directory for agent: AIEthicsCouncil
[2026-01-30 08:28:24] [INFO] [TEAM-TRAINING] Copied main documentation to: C:\Users\gripa\OneDrive\Desktop\NCC\NCC-Doctrine\AIEthicsCouncil\.vscode\README.md
[2026-01-30 08:28:24] [INFO] [TEAM-TRAINING] Copied code snippets to agent: AIEthicsCouncil
[2026-01-30 08:28:24] [INFO] [TEAM-TRAINING] Created training completion marker for agent: AIEthicsCouncil
[2026-01-30 08:28:24] [INFO] [TEAM-TRAINING] Distributing documentation to agent: AIGovernanceCouncil
[2026-01-30 08:28:24] [INFO] [TEAM-TRAINING] Created .vscode directory for agent: AIGovernanceCouncil
[2026-01-30 08:28:24] [INFO] [TEAM-TRAINING] Copied main documentation to: C:\Users\gripa\OneDrive\Desktop\NCC\NCC-Doctrine\AIGovernanceCouncil\.vscode\README.md
[2026-01-30 08:28:24] [INFO] [TEAM-TRAINING] Copied code snippets to agent: AIGovernanceCouncil
[2026-01-30 08:28:24] [INFO] [TEAM-TRAINING] Created training completion marker for agent: AIGovernanceCouncil
[2026-01-30 08:28:24] [INFO] [TEAM-TRAINING] Documentation distribution complete: 5/5 agents successful
[2026-01-30 08:28:24] [INFO] [TEAM-TRAINING] SUCCESS: All agents received documentation distribution
[2026-01-30 08:28:24] [INFO] [TEAM-TRAINING] Execution completed successfully
