[2026-01-30 08:29:06] [INFO] [CONFIG-DRIFT] NCC Configuration Drift Monitoring System v1.0.0
[2026-01-30 08:29:06] [INFO] [CONFIG-DRIFT] Authority: AZ PRIME Command | Generated: January 30, 2026
[2026-01-30 08:29:06] [INFO] [CONFIG-DRIFT] Execution started with parameters: {"AutoRemediate":{"IsPresent":true}}
[2026-01-30 08:29:06] [INFO] [CONFIG-DRIFT] Checking for configuration drift...
[2026-01-30 08:29:07] [INFO] [CONFIG-DRIFT] Configuration drift check completed. Status: Critical (35%)
[2026-01-30 08:29:07] [INFO] [CONFIG-DRIFT] Detecting optimization opportunities...
[2026-01-30 08:29:30] [INFO] [CONFIG-DRIFT] Optimization detection completed. Found 2 opportunities.
[2026-01-30 08:29:30] [INFO] [CONFIG-DRIFT] Starting automatic remediation...
[2026-01-30 08:29:30] [INFO] [CONFIG-DRIFT] Creating configuration backup...
[2026-01-30 08:29:30] [INFO] [CONFIG-DRIFT] Backed up: settings.json
[2026-01-30 08:29:30] [INFO] [CONFIG-DRIFT] Backed up: extensions.json
[2026-01-30 08:29:30] [INFO] [CONFIG-DRIFT] Backed up: tasks.json
[2026-01-30 08:29:30] [INFO] [CONFIG-DRIFT] Backed up: launch.json
[2026-01-30 08:29:30] [INFO] [CONFIG-DRIFT] Configuration backup completed. Files backed up: 4
[2026-01-30 08:29:30] [INFO] [CONFIG-DRIFT] Applied remediation: Added workspace.trust.enabled
[2026-01-30 08:29:30] [INFO] [CONFIG-DRIFT] Applied remediation: Added extensions.showRecommendationsOnlyOnDemand
[2026-01-30 08:29:30] [INFO] [CONFIG-DRIFT] Applied remediation: Added editor.codeActionsOnSave
[2026-01-30 08:29:30] [INFO] [CONFIG-DRIFT] Applied remediation: Added search.maxResults
[2026-01-30 08:29:30] [INFO] [CONFIG-DRIFT] Applied remediation: Added extensions.ignoreRecommendations
[2026-01-30 08:29:30] [INFO] [CONFIG-DRIFT] Applied remediation: Added editor.largeFileOptimizations
[2026-01-30 08:29:30] [INFO] [CONFIG-DRIFT] Applied optimization: editor.minimap.enabled
[2026-01-30 08:29:30] [INFO] [CONFIG-DRIFT] Automatic remediation completed. Applied 8 changes.
[2026-01-30 08:29:30] [INFO] [CONFIG-DRIFT] Configuration monitoring operations completed successfully
