{
  "timestamp": "2026-01-29T01:28:07Z",
  "recommendationsImplemented": 0,
  "status": "BOARD_MEETING_COMPLETE_AZ_IMPLEMENTATION_SUCCESSFUL",
  "azAuditIntegrated": false,
  "departmentsOptimized": 0,
  "cycle": 1,
  "lfg_protocol": "MAXIMUM_EFFICIENCY_ENGAGED"
}
{
  "timestamp": "2026-01-29T01:28:18Z",
  "recommendationsImplemented": 0,
  "status": "BOARD_MEETING_COMPLETE_AZ_IMPLEMENTATION_SUCCESSFUL",
  "azAuditIntegrated": false,
  "departmentsOptimized": 0,
  "cycle": 2,
  "lfg_protocol": "MAXIMUM_EFFICIENCY_ENGAGED"
}
{
  "timestamp": "2026-01-29T01:28:30Z",
  "recommendationsImplemented": 0,
  "status": "BOARD_MEETING_COMPLETE_AZ_IMPLEMENTATION_SUCCESSFUL",
  "azAuditIntegrated": false,
  "departmentsOptimized": 0,
  "cycle": 3,
  "lfg_protocol": "MAXIMUM_EFFICIENCY_ENGAGED"
}
{
  "timestamp": "2026-01-29T01:28:40Z",
  "recommendationsImplemented": 0,
  "status": "BOARD_MEETING_COMPLETE_AZ_IMPLEMENTATION_SUCCESSFUL",
  "azAuditIntegrated": false,
  "departmentsOptimized": 0,
  "cycle": 4,
  "lfg_protocol": "MAXIMUM_EFFICIENCY_ENGAGED"
}
{
  "timestamp": "2026-01-29T01:28:50Z",
  "recommendationsImplemented": 0,
  "status": "BOARD_MEETING_COMPLETE_AZ_IMPLEMENTATION_SUCCESSFUL",
  "azAuditIntegrated": false,
  "departmentsOptimized": 0,
  "cycle": 5,
  "lfg_protocol": "MAXIMUM_EFFICIENCY_ENGAGED"
}
{
  "timestamp": "2026-01-29T01:29:00Z",
  "recommendationsImplemented": 0,
  "status": "BOARD_MEETING_COMPLETE_AZ_IMPLEMENTATION_SUCCESSFUL",
  "azAuditIntegrated": false,
  "departmentsOptimized": 0,
  "cycle": 6,
  "lfg_protocol": "MAXIMUM_EFFICIENCY_ENGAGED"
}
{
  "timestamp": "2026-01-29T01:29:10Z",
  "recommendationsImplemented": 0,
  "status": "BOARD_MEETING_COMPLETE_AZ_IMPLEMENTATION_SUCCESSFUL",
  "azAuditIntegrated": false,
  "departmentsOptimized": 0,
  "cycle": 7,
  "lfg_protocol": "MAXIMUM_EFFICIENCY_ENGAGED"
}
{
  "timestamp": "2026-01-29T01:29:20Z",
  "recommendationsImplemented": 0,
  "status": "BOARD_MEETING_COMPLETE_AZ_IMPLEMENTATION_SUCCESSFUL",
  "azAuditIntegrated": false,
  "departmentsOptimized": 0,
  "cycle": 8,
  "lfg_protocol": "MAXIMUM_EFFICIENCY_ENGAGED"
}
{
  "timestamp": "2026-01-29T01:29:30Z",
  "recommendationsImplemented": 0,
  "status": "BOARD_MEETING_COMPLETE_AZ_IMPLEMENTATION_SUCCESSFUL",
  "azAuditIntegrated": false,
  "departmentsOptimized": 0,
  "cycle": 9,
  "lfg_protocol": "MAXIMUM_EFFICIENCY_ENGAGED"
}
{
  "timestamp": "2026-01-29T01:29:40Z",
  "recommendationsImplemented": 0,
  "status": "BOARD_MEETING_COMPLETE_AZ_IMPLEMENTATION_SUCCESSFUL",
  "azAuditIntegrated": false,
  "departmentsOptimized": 0,
  "cycle": 10,
  "lfg_protocol": "MAXIMUM_EFFICIENCY_ENGAGED"
}
{
  "timestamp": "2026-01-29T01:29:50Z",
  "recommendationsImplemented": 0,
  "status": "BOARD_MEETING_COMPLETE_AZ_IMPLEMENTATION_SUCCESSFUL",
  "azAuditIntegrated": false,
  "departmentsOptimized": 0,
  "cycle": 11,
  "lfg_protocol": "MAXIMUM_EFFICIENCY_ENGAGED"
}
{
  "timestamp": "2026-01-29T01:30:01Z",
  "recommendationsImplemented": 0,
  "status": "BOARD_MEETING_COMPLETE_AZ_IMPLEMENTATION_SUCCESSFUL",
  "azAuditIntegrated": false,
  "departmentsOptimized": 0,
  "cycle": 12,
  "lfg_protocol": "MAXIMUM_EFFICIENCY_ENGAGED"
}
{
  "recommendationsImplemented": 0,
  "departmentsOptimized": 0,
  "azAuditIntegrated": false,
  "status": "BOARD_MEETING_COMPLETE_AZ_IMPLEMENTATION_SUCCESSFUL",
  "timestamp": "2026-01-29T01:32:13Z",
  "lfg_protocol": "MAXIMUM_EFFICIENCY_ENGAGED",
  "cycle": 1
}
{
  "recommendationsImplemented": 0,
  "azAuditIntegrated": false,
  "timestamp": "2026-01-29T01:36:57Z",
  "departmentsOptimized": 0,
  "lfg_protocol": "MAXIMUM_EFFICIENCY_ENGAGED",
  "status": "BOARD_MEETING_COMPLETE_AZ_IMPLEMENTATION_SUCCESSFUL",
  "cycle": 1
}
{
  "recommendationsImplemented": 0,
  "azAuditIntegrated": false,
  "timestamp": "2026-01-29T01:37:01Z",
  "departmentsOptimized": 0,
  "lfg_protocol": "MAXIMUM_EFFICIENCY_ENGAGED",
  "status": "BOARD_MEETING_COMPLETE_AZ_IMPLEMENTATION_SUCCESSFUL",
  "cycle": 2
}
{
  "recommendationsImplemented": 0,
  "azAuditIntegrated": false,
  "timestamp": "2026-01-29T01:37:04Z",
  "departmentsOptimized": 0,
  "lfg_protocol": "MAXIMUM_EFFICIENCY_ENGAGED",
  "status": "BOARD_MEETING_COMPLETE_AZ_IMPLEMENTATION_SUCCESSFUL",
  "cycle": 3
}
{
  "recommendationsImplemented": 0,
  "azAuditIntegrated": false,
  "timestamp": "2026-01-29T01:37:08Z",
  "departmentsOptimized": 0,
  "lfg_protocol": "MAXIMUM_EFFICIENCY_ENGAGED",
  "status": "BOARD_MEETING_COMPLETE_AZ_IMPLEMENTATION_SUCCESSFUL",
  "cycle": 4
}
{
  "recommendationsImplemented": 0,
  "azAuditIntegrated": false,
  "timestamp": "2026-01-29T01:37:11Z",
  "departmentsOptimized": 0,
  "lfg_protocol": "MAXIMUM_EFFICIENCY_ENGAGED",
  "status": "BOARD_MEETING_COMPLETE_AZ_IMPLEMENTATION_SUCCESSFUL",
  "cycle": 5
}
{
  "recommendationsImplemented": 0,
  "azAuditIntegrated": false,
  "timestamp": "2026-01-29T01:37:14Z",
  "departmentsOptimized": 0,
  "lfg_protocol": "MAXIMUM_EFFICIENCY_ENGAGED",
  "status": "BOARD_MEETING_COMPLETE_AZ_IMPLEMENTATION_SUCCESSFUL",
  "cycle": 6
}
{
  "recommendationsImplemented": 0,
  "azAuditIntegrated": false,
  "timestamp": "2026-01-29T01:37:17Z",
  "departmentsOptimized": 0,
  "lfg_protocol": "MAXIMUM_EFFICIENCY_ENGAGED",
  "status": "BOARD_MEETING_COMPLETE_AZ_IMPLEMENTATION_SUCCESSFUL",
  "cycle": 7
}
{
  "recommendationsImplemented": 0,
  "azAuditIntegrated": false,
  "timestamp": "2026-01-29T01:37:20Z",
  "departmentsOptimized": 0,
  "lfg_protocol": "MAXIMUM_EFFICIENCY_ENGAGED",
  "status": "BOARD_MEETING_COMPLETE_AZ_IMPLEMENTATION_SUCCESSFUL",
  "cycle": 8
}
{
  "recommendationsImplemented": 0,
  "azAuditIntegrated": false,
  "timestamp": "2026-01-29T01:37:23Z",
  "departmentsOptimized": 0,
  "lfg_protocol": "MAXIMUM_EFFICIENCY_ENGAGED",
  "status": "BOARD_MEETING_COMPLETE_AZ_IMPLEMENTATION_SUCCESSFUL",
  "cycle": 9
}
{
  "recommendationsImplemented": 0,
  "azAuditIntegrated": false,
  "timestamp": "2026-01-29T01:37:26Z",
  "departmentsOptimized": 0,
  "lfg_protocol": "MAXIMUM_EFFICIENCY_ENGAGED",
  "status": "BOARD_MEETING_COMPLETE_AZ_IMPLEMENTATION_SUCCESSFUL",
  "cycle": 10
}
{
  "recommendationsImplemented": 0,
  "azAuditIntegrated": false,
  "timestamp": "2026-01-29T01:37:29Z",
  "departmentsOptimized": 0,
  "lfg_protocol": "MAXIMUM_EFFICIENCY_ENGAGED",
  "status": "BOARD_MEETING_COMPLETE_AZ_IMPLEMENTATION_SUCCESSFUL",
  "cycle": 11
}
{
  "recommendationsImplemented": 0,
  "azAuditIntegrated": false,
  "timestamp": "2026-01-29T01:37:32Z",
  "departmentsOptimized": 0,
  "lfg_protocol": "MAXIMUM_EFFICIENCY_ENGAGED",
  "status": "BOARD_MEETING_COMPLETE_AZ_IMPLEMENTATION_SUCCESSFUL",
  "cycle": 12
}
{
  "recommendationsImplemented": 0,
  "azAuditIntegrated": false,
  "timestamp": "2026-01-29T01:37:34Z",
  "departmentsOptimized": 0,
  "lfg_protocol": "MAXIMUM_EFFICIENCY_ENGAGED",
  "status": "BOARD_MEETING_COMPLETE_AZ_IMPLEMENTATION_SUCCESSFUL",
  "cycle": 13
}
{
  "recommendationsImplemented": 0,
  "azAuditIntegrated": false,
  "timestamp": "2026-01-29T01:37:37Z",
  "departmentsOptimized": 0,
  "lfg_protocol": "MAXIMUM_EFFICIENCY_ENGAGED",
  "status": "BOARD_MEETING_COMPLETE_AZ_IMPLEMENTATION_SUCCESSFUL",
  "cycle": 14
}
{
  "recommendationsImplemented": 0,
  "azAuditIntegrated": false,
  "timestamp": "2026-01-29T01:37:40Z",
  "departmentsOptimized": 0,
  "lfg_protocol": "MAXIMUM_EFFICIENCY_ENGAGED",
  "status": "BOARD_MEETING_COMPLETE_AZ_IMPLEMENTATION_SUCCESSFUL",
  "cycle": 15
}
{
  "recommendationsImplemented": 0,
  "azAuditIntegrated": false,
  "timestamp": "2026-01-29T01:37:43Z",
  "departmentsOptimized": 0,
  "lfg_protocol": "MAXIMUM_EFFICIENCY_ENGAGED",
  "status": "BOARD_MEETING_COMPLETE_AZ_IMPLEMENTATION_SUCCESSFUL",
  "cycle": 16
}
{
  "recommendationsImplemented": 0,
  "azAuditIntegrated": false,
  "timestamp": "2026-01-29T01:37:46Z",
  "departmentsOptimized": 0,
  "lfg_protocol": "MAXIMUM_EFFICIENCY_ENGAGED",
  "status": "BOARD_MEETING_COMPLETE_AZ_IMPLEMENTATION_SUCCESSFUL",
  "cycle": 17
}
{
  "recommendationsImplemented": 0,
  "azAuditIntegrated": false,
  "timestamp": "2026-01-29T01:37:49Z",
  "departmentsOptimized": 0,
  "lfg_protocol": "MAXIMUM_EFFICIENCY_ENGAGED",
  "status": "BOARD_MEETING_COMPLETE_AZ_IMPLEMENTATION_SUCCESSFUL",
  "cycle": 18
}
{
  "recommendationsImplemented": 0,
  "azAuditIntegrated": false,
  "timestamp": "2026-01-29T01:37:52Z",
  "departmentsOptimized": 0,
  "lfg_protocol": "MAXIMUM_EFFICIENCY_ENGAGED",
  "status": "BOARD_MEETING_COMPLETE_AZ_IMPLEMENTATION_SUCCESSFUL",
  "cycle": 19
}
{
  "recommendationsImplemented": 0,
  "azAuditIntegrated": false,
  "timestamp": "2026-01-29T01:37:55Z",
  "departmentsOptimized": 0,
  "lfg_protocol": "MAXIMUM_EFFICIENCY_ENGAGED",
  "status": "BOARD_MEETING_COMPLETE_AZ_IMPLEMENTATION_SUCCESSFUL",
  "cycle": 20
}
{
  "recommendationsImplemented": 0,
  "azAuditIntegrated": false,
  "timestamp": "2026-01-29T01:37:58Z",
  "departmentsOptimized": 0,
  "lfg_protocol": "MAXIMUM_EFFICIENCY_ENGAGED",
  "status": "BOARD_MEETING_COMPLETE_AZ_IMPLEMENTATION_SUCCESSFUL",
  "cycle": 21
}
{
  "recommendationsImplemented": 0,
  "azAuditIntegrated": false,
  "timestamp": "2026-01-29T01:38:01Z",
  "departmentsOptimized": 0,
  "lfg_protocol": "MAXIMUM_EFFICIENCY_ENGAGED",
  "status": "BOARD_MEETING_COMPLETE_AZ_IMPLEMENTATION_SUCCESSFUL",
  "cycle": 22
}
{
  "recommendationsImplemented": 0,
  "azAuditIntegrated": false,
  "timestamp": "2026-01-29T01:38:04Z",
  "departmentsOptimized": 0,
  "lfg_protocol": "MAXIMUM_EFFICIENCY_ENGAGED",
  "status": "BOARD_MEETING_COMPLETE_AZ_IMPLEMENTATION_SUCCESSFUL",
  "cycle": 23
}
{
  "recommendationsImplemented": 0,
  "azAuditIntegrated": false,
  "timestamp": "2026-01-29T01:38:07Z",
  "departmentsOptimized": 0,
  "lfg_protocol": "MAXIMUM_EFFICIENCY_ENGAGED",
  "status": "BOARD_MEETING_COMPLETE_AZ_IMPLEMENTATION_SUCCESSFUL",
  "cycle": 24
}
{
  "recommendationsImplemented": 0,
  "azAuditIntegrated": false,
  "timestamp": "2026-01-29T01:38:10Z",
  "departmentsOptimized": 0,
  "lfg_protocol": "MAXIMUM_EFFICIENCY_ENGAGED",
  "status": "BOARD_MEETING_COMPLETE_AZ_IMPLEMENTATION_SUCCESSFUL",
  "cycle": 25
}
{
  "recommendationsImplemented": 0,
  "azAuditIntegrated": false,
  "timestamp": "2026-01-29T01:38:13Z",
  "departmentsOptimized": 0,
  "lfg_protocol": "MAXIMUM_EFFICIENCY_ENGAGED",
  "status": "BOARD_MEETING_COMPLETE_AZ_IMPLEMENTATION_SUCCESSFUL",
  "cycle": 26
}
{
  "recommendationsImplemented": 0,
  "azAuditIntegrated": false,
  "timestamp": "2026-01-29T01:38:16Z",
  "departmentsOptimized": 0,
  "lfg_protocol": "MAXIMUM_EFFICIENCY_ENGAGED",
  "status": "BOARD_MEETING_COMPLETE_AZ_IMPLEMENTATION_SUCCESSFUL",
  "cycle": 27
}
{
  "recommendationsImplemented": 0,
  "azAuditIntegrated": false,
  "timestamp": "2026-01-29T01:38:19Z",
  "departmentsOptimized": 0,
  "lfg_protocol": "MAXIMUM_EFFICIENCY_ENGAGED",
  "status": "BOARD_MEETING_COMPLETE_AZ_IMPLEMENTATION_SUCCESSFUL",
  "cycle": 28
}
{
  "recommendationsImplemented": 0,
  "azAuditIntegrated": false,
  "timestamp": "2026-01-29T01:38:22Z",
  "departmentsOptimized": 0,
  "lfg_protocol": "MAXIMUM_EFFICIENCY_ENGAGED",
  "status": "BOARD_MEETING_COMPLETE_AZ_IMPLEMENTATION_SUCCESSFUL",
  "cycle": 29
}
{
  "recommendationsImplemented": 0,
  "azAuditIntegrated": false,
  "timestamp": "2026-01-29T01:38:25Z",
  "departmentsOptimized": 0,
  "lfg_protocol": "MAXIMUM_EFFICIENCY_ENGAGED",
  "status": "BOARD_MEETING_COMPLETE_AZ_IMPLEMENTATION_SUCCESSFUL",
  "cycle": 30
}
{
  "recommendationsImplemented": 0,
  "azAuditIntegrated": false,
  "timestamp": "2026-01-29T01:38:33Z",
  "departmentsOptimized": 0,
  "lfg_protocol": "MAXIMUM_EFFICIENCY_ENGAGED",
  "status": "BOARD_MEETING_COMPLETE_AZ_IMPLEMENTATION_SUCCESSFUL",
  "cycle": 31
}
{
  "recommendationsImplemented": 0,
  "azAuditIntegrated": false,
  "timestamp": "2026-01-29T01:38:35Z",
  "departmentsOptimized": 0,
  "lfg_protocol": "MAXIMUM_EFFICIENCY_ENGAGED",
  "status": "BOARD_MEETING_COMPLETE_AZ_IMPLEMENTATION_SUCCESSFUL",
  "cycle": 32
}
{
  "recommendationsImplemented": 0,
  "azAuditIntegrated": false,
  "timestamp": "2026-01-29T01:38:38Z",
  "departmentsOptimized": 0,
  "lfg_protocol": "MAXIMUM_EFFICIENCY_ENGAGED",
  "status": "BOARD_MEETING_COMPLETE_AZ_IMPLEMENTATION_SUCCESSFUL",
  "cycle": 33
}
{
  "recommendationsImplemented": 0,
  "azAuditIntegrated": false,
  "timestamp": "2026-01-29T01:38:41Z",
  "departmentsOptimized": 0,
  "lfg_protocol": "MAXIMUM_EFFICIENCY_ENGAGED",
  "status": "BOARD_MEETING_COMPLETE_AZ_IMPLEMENTATION_SUCCESSFUL",
  "cycle": 34
}
{
  "recommendationsImplemented": 0,
  "azAuditIntegrated": false,
  "timestamp": "2026-01-29T01:38:44Z",
  "departmentsOptimized": 0,
  "lfg_protocol": "MAXIMUM_EFFICIENCY_ENGAGED",
  "status": "BOARD_MEETING_COMPLETE_AZ_IMPLEMENTATION_SUCCESSFUL",
  "cycle": 35
}
{
  "recommendationsImplemented": 0,
  "azAuditIntegrated": false,
  "timestamp": "2026-01-29T01:38:47Z",
  "departmentsOptimized": 0,
  "lfg_protocol": "MAXIMUM_EFFICIENCY_ENGAGED",
  "status": "BOARD_MEETING_COMPLETE_AZ_IMPLEMENTATION_SUCCESSFUL",
  "cycle": 36
}
{
  "recommendationsImplemented": 0,
  "azAuditIntegrated": false,
  "timestamp": "2026-01-29T01:38:50Z",
  "departmentsOptimized": 0,
  "lfg_protocol": "MAXIMUM_EFFICIENCY_ENGAGED",
  "status": "BOARD_MEETING_COMPLETE_AZ_IMPLEMENTATION_SUCCESSFUL",
  "cycle": 37
}
{
  "recommendationsImplemented": 0,
  "azAuditIntegrated": false,
  "timestamp": "2026-01-29T01:38:53Z",
  "departmentsOptimized": 0,
  "lfg_protocol": "MAXIMUM_EFFICIENCY_ENGAGED",
  "status": "BOARD_MEETING_COMPLETE_AZ_IMPLEMENTATION_SUCCESSFUL",
  "cycle": 38
}
{
  "recommendationsImplemented": 0,
  "azAuditIntegrated": false,
  "timestamp": "2026-01-29T01:38:56Z",
  "departmentsOptimized": 0,
  "lfg_protocol": "MAXIMUM_EFFICIENCY_ENGAGED",
  "status": "BOARD_MEETING_COMPLETE_AZ_IMPLEMENTATION_SUCCESSFUL",
  "cycle": 39
}
{
  "recommendationsImplemented": 0,
  "azAuditIntegrated": false,
  "timestamp": "2026-01-29T01:38:59Z",
  "departmentsOptimized": 0,
  "lfg_protocol": "MAXIMUM_EFFICIENCY_ENGAGED",
  "status": "BOARD_MEETING_COMPLETE_AZ_IMPLEMENTATION_SUCCESSFUL",
  "cycle": 40
}
{
  "recommendationsImplemented": 0,
  "azAuditIntegrated": false,
  "timestamp": "2026-01-29T01:39:02Z",
  "departmentsOptimized": 0,
  "lfg_protocol": "MAXIMUM_EFFICIENCY_ENGAGED",
  "status": "BOARD_MEETING_COMPLETE_AZ_IMPLEMENTATION_SUCCESSFUL",
  "cycle": 41
}
{
  "recommendationsImplemented": 0,
  "azAuditIntegrated": false,
  "timestamp": "2026-01-29T01:39:05Z",
  "departmentsOptimized": 0,
  "lfg_protocol": "MAXIMUM_EFFICIENCY_ENGAGED",
  "status": "BOARD_MEETING_COMPLETE_AZ_IMPLEMENTATION_SUCCESSFUL",
  "cycle": 42
}
{
  "recommendationsImplemented": 0,
  "azAuditIntegrated": false,
  "timestamp": "2026-01-29T01:39:08Z",
  "departmentsOptimized": 0,
  "lfg_protocol": "MAXIMUM_EFFICIENCY_ENGAGED",
  "status": "BOARD_MEETING_COMPLETE_AZ_IMPLEMENTATION_SUCCESSFUL",
  "cycle": 43
}
{
  "recommendationsImplemented": 0,
  "azAuditIntegrated": false,
  "timestamp": "2026-01-29T01:39:11Z",
  "departmentsOptimized": 0,
  "lfg_protocol": "MAXIMUM_EFFICIENCY_ENGAGED",
  "status": "BOARD_MEETING_COMPLETE_AZ_IMPLEMENTATION_SUCCESSFUL",
  "cycle": 44
}
{
  "recommendationsImplemented": 0,
  "azAuditIntegrated": false,
  "timestamp": "2026-01-29T01:39:14Z",
  "departmentsOptimized": 0,
  "lfg_protocol": "MAXIMUM_EFFICIENCY_ENGAGED",
  "status": "BOARD_MEETING_COMPLETE_AZ_IMPLEMENTATION_SUCCESSFUL",
  "cycle": 45
}
{
  "recommendationsImplemented": 0,
  "azAuditIntegrated": false,
  "timestamp": "2026-01-29T01:39:17Z",
  "departmentsOptimized": 0,
  "lfg_protocol": "MAXIMUM_EFFICIENCY_ENGAGED",
  "status": "BOARD_MEETING_COMPLETE_AZ_IMPLEMENTATION_SUCCESSFUL",
  "cycle": 46
}
{
  "recommendationsImplemented": 0,
  "azAuditIntegrated": false,
  "timestamp": "2026-01-29T01:39:20Z",
  "departmentsOptimized": 0,
  "lfg_protocol": "MAXIMUM_EFFICIENCY_ENGAGED",
  "status": "BOARD_MEETING_COMPLETE_AZ_IMPLEMENTATION_SUCCESSFUL",
  "cycle": 47
}
{
  "recommendationsImplemented": 0,
  "azAuditIntegrated": false,
  "timestamp": "2026-01-29T01:39:23Z",
  "departmentsOptimized": 0,
  "lfg_protocol": "MAXIMUM_EFFICIENCY_ENGAGED",
  "status": "BOARD_MEETING_COMPLETE_AZ_IMPLEMENTATION_SUCCESSFUL",
  "cycle": 48
}
{
  "recommendationsImplemented": 0,
  "azAuditIntegrated": false,
  "timestamp": "2026-01-29T01:39:26Z",
  "departmentsOptimized": 0,
  "lfg_protocol": "MAXIMUM_EFFICIENCY_ENGAGED",
  "status": "BOARD_MEETING_COMPLETE_AZ_IMPLEMENTATION_SUCCESSFUL",
  "cycle": 49
}
{
  "recommendationsImplemented": 0,
  "azAuditIntegrated": false,
  "timestamp": "2026-01-29T01:39:29Z",
  "departmentsOptimized": 0,
  "lfg_protocol": "MAXIMUM_EFFICIENCY_ENGAGED",
  "status": "BOARD_MEETING_COMPLETE_AZ_IMPLEMENTATION_SUCCESSFUL",
  "cycle": 50
}
{
  "recommendationsImplemented": 0,
  "azAuditIntegrated": false,
  "timestamp": "2026-01-29T01:39:32Z",
  "departmentsOptimized": 0,
  "lfg_protocol": "MAXIMUM_EFFICIENCY_ENGAGED",
  "status": "BOARD_MEETING_COMPLETE_AZ_IMPLEMENTATION_SUCCESSFUL",
  "cycle": 51
}
{
  "recommendationsImplemented": 0,
  "azAuditIntegrated": false,
  "timestamp": "2026-01-29T01:39:35Z",
  "departmentsOptimized": 0,
  "lfg_protocol": "MAXIMUM_EFFICIENCY_ENGAGED",
  "status": "BOARD_MEETING_COMPLETE_AZ_IMPLEMENTATION_SUCCESSFUL",
  "cycle": 52
}
{
  "recommendationsImplemented": 0,
  "azAuditIntegrated": false,
  "timestamp": "2026-01-29T01:39:38Z",
  "departmentsOptimized": 0,
  "lfg_protocol": "MAXIMUM_EFFICIENCY_ENGAGED",
  "status": "BOARD_MEETING_COMPLETE_AZ_IMPLEMENTATION_SUCCESSFUL",
  "cycle": 53
}
{
  "recommendationsImplemented": 0,
  "azAuditIntegrated": false,
  "timestamp": "2026-01-29T01:39:41Z",
  "departmentsOptimized": 0,
  "lfg_protocol": "MAXIMUM_EFFICIENCY_ENGAGED",
  "status": "BOARD_MEETING_COMPLETE_AZ_IMPLEMENTATION_SUCCESSFUL",
  "cycle": 54
}
{
  "recommendationsImplemented": 0,
  "azAuditIntegrated": false,
  "timestamp": "2026-01-29T01:39:44Z",
  "departmentsOptimized": 0,
  "lfg_protocol": "MAXIMUM_EFFICIENCY_ENGAGED",
  "status": "BOARD_MEETING_COMPLETE_AZ_IMPLEMENTATION_SUCCESSFUL",
  "cycle": 55
}
{
  "recommendationsImplemented": 0,
  "azAuditIntegrated": false,
  "timestamp": "2026-01-29T01:39:47Z",
  "departmentsOptimized": 0,
  "lfg_protocol": "MAXIMUM_EFFICIENCY_ENGAGED",
  "status": "BOARD_MEETING_COMPLETE_AZ_IMPLEMENTATION_SUCCESSFUL",
  "cycle": 56
}
{
  "recommendationsImplemented": 0,
  "azAuditIntegrated": false,
  "timestamp": "2026-01-29T01:39:50Z",
  "departmentsOptimized": 0,
  "lfg_protocol": "MAXIMUM_EFFICIENCY_ENGAGED",
  "status": "BOARD_MEETING_COMPLETE_AZ_IMPLEMENTATION_SUCCESSFUL",
  "cycle": 57
}
{
  "recommendationsImplemented": 0,
  "azAuditIntegrated": false,
  "timestamp": "2026-01-29T01:39:53Z",
  "departmentsOptimized": 0,
  "lfg_protocol": "MAXIMUM_EFFICIENCY_ENGAGED",
  "status": "BOARD_MEETING_COMPLETE_AZ_IMPLEMENTATION_SUCCESSFUL",
  "cycle": 58
}
{
  "recommendationsImplemented": 0,
  "azAuditIntegrated": false,
  "timestamp": "2026-01-29T01:39:56Z",
  "departmentsOptimized": 0,
  "lfg_protocol": "MAXIMUM_EFFICIENCY_ENGAGED",
  "status": "BOARD_MEETING_COMPLETE_AZ_IMPLEMENTATION_SUCCESSFUL",
  "cycle": 59
}
{
  "recommendationsImplemented": 0,
  "azAuditIntegrated": false,
  "timestamp": "2026-01-29T01:39:59Z",
  "departmentsOptimized": 0,
  "lfg_protocol": "MAXIMUM_EFFICIENCY_ENGAGED",
  "status": "BOARD_MEETING_COMPLETE_AZ_IMPLEMENTATION_SUCCESSFUL",
  "cycle": 60
}
{
  "recommendationsImplemented": 0,
  "azAuditIntegrated": false,
  "timestamp": "2026-01-29T01:40:07Z",
  "departmentsOptimized": 0,
  "lfg_protocol": "MAXIMUM_EFFICIENCY_ENGAGED",
  "status": "BOARD_MEETING_COMPLETE_AZ_IMPLEMENTATION_SUCCESSFUL",
  "cycle": 61
}
{
  "recommendationsImplemented": 0,
  "azAuditIntegrated": false,
  "timestamp": "2026-01-29T01:40:10Z",
  "departmentsOptimized": 0,
  "lfg_protocol": "MAXIMUM_EFFICIENCY_ENGAGED",
  "status": "BOARD_MEETING_COMPLETE_AZ_IMPLEMENTATION_SUCCESSFUL",
  "cycle": 62
}
{
  "recommendationsImplemented": 0,
  "azAuditIntegrated": false,
  "timestamp": "2026-01-29T01:40:13Z",
  "departmentsOptimized": 0,
  "lfg_protocol": "MAXIMUM_EFFICIENCY_ENGAGED",
  "status": "BOARD_MEETING_COMPLETE_AZ_IMPLEMENTATION_SUCCESSFUL",
  "cycle": 63
}
{
  "cycle": 1,
  "timestamp": "2026-01-29T01:41:30Z",
  "lfg_protocol": "MAXIMUM_EFFICIENCY_ENGAGED",
  "status": "BOARD_MEETING_COMPLETE_AZ_IMPLEMENTATION_SUCCESSFUL",
  "azAuditIntegrated": false,
  "recommendationsImplemented": 0,
  "departmentsOptimized": 0
}
{
  "cycle": 1,
  "timestamp": "2026-01-29T01:43:15Z",
  "lfg_protocol": "MAXIMUM_EFFICIENCY_ENGAGED",
  "recommendationsImplemented": 0,
  "departmentsOptimized": 0,
  "status": "BOARD_MEETING_COMPLETE_AZ_IMPLEMENTATION_SUCCESSFUL",
  "azAuditIntegrated": false
}
{
  "cycle": 2,
  "timestamp": "2026-01-29T01:43:20Z",
  "lfg_protocol": "MAXIMUM_EFFICIENCY_ENGAGED",
  "recommendationsImplemented": 0,
  "departmentsOptimized": 0,
  "status": "BOARD_MEETING_COMPLETE_AZ_IMPLEMENTATION_SUCCESSFUL",
  "azAuditIntegrated": false
}
{
  "cycle": 3,
  "timestamp": "2026-01-29T01:43:24Z",
  "lfg_protocol": "MAXIMUM_EFFICIENCY_ENGAGED",
  "recommendationsImplemented": 0,
  "departmentsOptimized": 0,
  "status": "BOARD_MEETING_COMPLETE_AZ_IMPLEMENTATION_SUCCESSFUL",
  "azAuditIntegrated": false
}
{
  "cycle": 4,
  "timestamp": "2026-01-29T01:43:28Z",
  "lfg_protocol": "MAXIMUM_EFFICIENCY_ENGAGED",
  "recommendationsImplemented": 0,
  "departmentsOptimized": 0,
  "status": "BOARD_MEETING_COMPLETE_AZ_IMPLEMENTATION_SUCCESSFUL",
  "azAuditIntegrated": false
}
{
  "cycle": 5,
  "timestamp": "2026-01-29T01:43:32Z",
  "lfg_protocol": "MAXIMUM_EFFICIENCY_ENGAGED",
  "recommendationsImplemented": 0,
  "departmentsOptimized": 0,
  "status": "BOARD_MEETING_COMPLETE_AZ_IMPLEMENTATION_SUCCESSFUL",
  "azAuditIntegrated": false
}
{
  "cycle": 6,
  "timestamp": "2026-01-29T01:43:36Z",
  "lfg_protocol": "MAXIMUM_EFFICIENCY_ENGAGED",
  "recommendationsImplemented": 0,
  "departmentsOptimized": 0,
  "status": "BOARD_MEETING_COMPLETE_AZ_IMPLEMENTATION_SUCCESSFUL",
  "azAuditIntegrated": false
}
{
  "cycle": 7,
  "timestamp": "2026-01-29T01:43:40Z",
  "lfg_protocol": "MAXIMUM_EFFICIENCY_ENGAGED",
  "recommendationsImplemented": 0,
  "departmentsOptimized": 0,
  "status": "BOARD_MEETING_COMPLETE_AZ_IMPLEMENTATION_SUCCESSFUL",
  "azAuditIntegrated": false
}
{
  "cycle": 8,
  "timestamp": "2026-01-29T01:43:44Z",
  "lfg_protocol": "MAXIMUM_EFFICIENCY_ENGAGED",
  "recommendationsImplemented": 0,
  "departmentsOptimized": 0,
  "status": "BOARD_MEETING_COMPLETE_AZ_IMPLEMENTATION_SUCCESSFUL",
  "azAuditIntegrated": false
}
{
  "cycle": 9,
  "timestamp": "2026-01-29T01:43:48Z",
  "lfg_protocol": "MAXIMUM_EFFICIENCY_ENGAGED",
  "recommendationsImplemented": 0,
  "departmentsOptimized": 0,
  "status": "BOARD_MEETING_COMPLETE_AZ_IMPLEMENTATION_SUCCESSFUL",
  "azAuditIntegrated": false
}
{
  "cycle": 10,
  "timestamp": "2026-01-29T01:43:52Z",
  "lfg_protocol": "MAXIMUM_EFFICIENCY_ENGAGED",
  "recommendationsImplemented": 0,
  "departmentsOptimized": 0,
  "status": "BOARD_MEETING_COMPLETE_AZ_IMPLEMENTATION_SUCCESSFUL",
  "azAuditIntegrated": false
}
{
  "cycle": 11,
  "timestamp": "2026-01-29T01:43:56Z",
  "lfg_protocol": "MAXIMUM_EFFICIENCY_ENGAGED",
  "recommendationsImplemented": 0,
  "departmentsOptimized": 0,
  "status": "BOARD_MEETING_COMPLETE_AZ_IMPLEMENTATION_SUCCESSFUL",
  "azAuditIntegrated": false
}
{
  "cycle": 12,
  "timestamp": "2026-01-29T01:44:00Z",
  "lfg_protocol": "MAXIMUM_EFFICIENCY_ENGAGED",
  "recommendationsImplemented": 0,
  "departmentsOptimized": 0,
  "status": "BOARD_MEETING_COMPLETE_AZ_IMPLEMENTATION_SUCCESSFUL",
  "azAuditIntegrated": false
}
{
  "cycle": 13,
  "timestamp": "2026-01-29T01:44:04Z",
  "lfg_protocol": "MAXIMUM_EFFICIENCY_ENGAGED",
  "recommendationsImplemented": 0,
  "departmentsOptimized": 0,
  "status": "BOARD_MEETING_COMPLETE_AZ_IMPLEMENTATION_SUCCESSFUL",
  "azAuditIntegrated": false
}
{
  "cycle": 14,
  "timestamp": "2026-01-29T01:44:08Z",
  "lfg_protocol": "MAXIMUM_EFFICIENCY_ENGAGED",
  "recommendationsImplemented": 0,
  "departmentsOptimized": 0,
  "status": "BOARD_MEETING_COMPLETE_AZ_IMPLEMENTATION_SUCCESSFUL",
  "azAuditIntegrated": false
}
{
  "cycle": 15,
  "timestamp": "2026-01-29T01:44:12Z",
  "lfg_protocol": "MAXIMUM_EFFICIENCY_ENGAGED",
  "recommendationsImplemented": 0,
  "departmentsOptimized": 0,
  "status": "BOARD_MEETING_COMPLETE_AZ_IMPLEMENTATION_SUCCESSFUL",
  "azAuditIntegrated": false
}
{
  "cycle": 16,
  "timestamp": "2026-01-29T01:44:16Z",
  "lfg_protocol": "MAXIMUM_EFFICIENCY_ENGAGED",
  "recommendationsImplemented": 0,
  "departmentsOptimized": 0,
  "status": "BOARD_MEETING_COMPLETE_AZ_IMPLEMENTATION_SUCCESSFUL",
  "azAuditIntegrated": false
}
{
  "cycle": 17,
  "timestamp": "2026-01-29T01:44:20Z",
  "lfg_protocol": "MAXIMUM_EFFICIENCY_ENGAGED",
  "recommendationsImplemented": 0,
  "departmentsOptimized": 0,
  "status": "BOARD_MEETING_COMPLETE_AZ_IMPLEMENTATION_SUCCESSFUL",
  "azAuditIntegrated": false
}
{
  "cycle": 18,
  "timestamp": "2026-01-29T01:44:24Z",
  "lfg_protocol": "MAXIMUM_EFFICIENCY_ENGAGED",
  "recommendationsImplemented": 0,
  "departmentsOptimized": 0,
  "status": "BOARD_MEETING_COMPLETE_AZ_IMPLEMENTATION_SUCCESSFUL",
  "azAuditIntegrated": false
}
{
  "cycle": 19,
  "timestamp": "2026-01-29T01:44:28Z",
  "lfg_protocol": "MAXIMUM_EFFICIENCY_ENGAGED",
  "recommendationsImplemented": 0,
  "departmentsOptimized": 0,
  "status": "BOARD_MEETING_COMPLETE_AZ_IMPLEMENTATION_SUCCESSFUL",
  "azAuditIntegrated": false
}
{
  "cycle": 20,
  "timestamp": "2026-01-29T01:44:32Z",
  "lfg_protocol": "MAXIMUM_EFFICIENCY_ENGAGED",
  "recommendationsImplemented": 0,
  "departmentsOptimized": 0,
  "status": "BOARD_MEETING_COMPLETE_AZ_IMPLEMENTATION_SUCCESSFUL",
  "azAuditIntegrated": false
}
{
  "cycle": 21,
  "timestamp": "2026-01-29T01:44:36Z",
  "lfg_protocol": "MAXIMUM_EFFICIENCY_ENGAGED",
  "recommendationsImplemented": 0,
  "departmentsOptimized": 0,
  "status": "BOARD_MEETING_COMPLETE_AZ_IMPLEMENTATION_SUCCESSFUL",
  "azAuditIntegrated": false
}
{
  "cycle": 22,
  "timestamp": "2026-01-29T01:44:40Z",
  "lfg_protocol": "MAXIMUM_EFFICIENCY_ENGAGED",
  "recommendationsImplemented": 0,
  "departmentsOptimized": 0,
  "status": "BOARD_MEETING_COMPLETE_AZ_IMPLEMENTATION_SUCCESSFUL",
  "azAuditIntegrated": false
}
{
  "cycle": 23,
  "timestamp": "2026-01-29T01:44:44Z",
  "lfg_protocol": "MAXIMUM_EFFICIENCY_ENGAGED",
  "recommendationsImplemented": 0,
  "departmentsOptimized": 0,
  "status": "BOARD_MEETING_COMPLETE_AZ_IMPLEMENTATION_SUCCESSFUL",
  "azAuditIntegrated": false
}
{
  "cycle": 24,
  "timestamp": "2026-01-29T01:44:48Z",
  "lfg_protocol": "MAXIMUM_EFFICIENCY_ENGAGED",
  "recommendationsImplemented": 0,
  "departmentsOptimized": 0,
  "status": "BOARD_MEETING_COMPLETE_AZ_IMPLEMENTATION_SUCCESSFUL",
  "azAuditIntegrated": false
}
{
  "cycle": 25,
  "timestamp": "2026-01-29T01:44:52Z",
  "lfg_protocol": "MAXIMUM_EFFICIENCY_ENGAGED",
  "recommendationsImplemented": 0,
  "departmentsOptimized": 0,
  "status": "BOARD_MEETING_COMPLETE_AZ_IMPLEMENTATION_SUCCESSFUL",
  "azAuditIntegrated": false
}
{
  "cycle": 26,
  "timestamp": "2026-01-29T01:44:56Z",
  "lfg_protocol": "MAXIMUM_EFFICIENCY_ENGAGED",
  "recommendationsImplemented": 0,
  "departmentsOptimized": 0,
  "status": "BOARD_MEETING_COMPLETE_AZ_IMPLEMENTATION_SUCCESSFUL",
  "azAuditIntegrated": false
}
{
  "cycle": 27,
  "timestamp": "2026-01-29T01:45:00Z",
  "lfg_protocol": "MAXIMUM_EFFICIENCY_ENGAGED",
  "recommendationsImplemented": 0,
  "departmentsOptimized": 0,
  "status": "BOARD_MEETING_COMPLETE_AZ_IMPLEMENTATION_SUCCESSFUL",
  "azAuditIntegrated": false
}
{
  "cycle": 28,
  "timestamp": "2026-01-29T01:45:04Z",
  "lfg_protocol": "MAXIMUM_EFFICIENCY_ENGAGED",
  "recommendationsImplemented": 0,
  "departmentsOptimized": 0,
  "status": "BOARD_MEETING_COMPLETE_AZ_IMPLEMENTATION_SUCCESSFUL",
  "azAuditIntegrated": false
}
{
  "recommendationsImplemented": 0,
  "departmentsOptimized": 0,
  "timestamp": "2026-01-29T01:48:44Z",
  "lfg_protocol": "MAXIMUM_EFFICIENCY_ENGAGED",
  "azAuditIntegrated": false,
  "cycle": 1,
  "status": "BOARD_MEETING_COMPLETE_AZ_IMPLEMENTATION_SUCCESSFUL"
}
{
  "recommendationsImplemented": 0,
  "departmentsOptimized": 0,
  "timestamp": "2026-01-29T01:48:49Z",
  "lfg_protocol": "MAXIMUM_EFFICIENCY_ENGAGED",
  "azAuditIntegrated": false,
  "cycle": 2,
  "status": "BOARD_MEETING_COMPLETE_AZ_IMPLEMENTATION_SUCCESSFUL"
}
{
  "recommendationsImplemented": 0,
  "departmentsOptimized": 0,
  "timestamp": "2026-01-29T01:48:53Z",
  "lfg_protocol": "MAXIMUM_EFFICIENCY_ENGAGED",
  "azAuditIntegrated": false,
  "cycle": 3,
  "status": "BOARD_MEETING_COMPLETE_AZ_IMPLEMENTATION_SUCCESSFUL"
}
{
  "recommendationsImplemented": 0,
  "departmentsOptimized": 0,
  "timestamp": "2026-01-29T01:48:57Z",
  "lfg_protocol": "MAXIMUM_EFFICIENCY_ENGAGED",
  "azAuditIntegrated": false,
  "cycle": 4,
  "status": "BOARD_MEETING_COMPLETE_AZ_IMPLEMENTATION_SUCCESSFUL"
}
{
  "recommendationsImplemented": 0,
  "departmentsOptimized": 0,
  "timestamp": "2026-01-29T01:49:01Z",
  "lfg_protocol": "MAXIMUM_EFFICIENCY_ENGAGED",
  "azAuditIntegrated": false,
  "cycle": 5,
  "status": "BOARD_MEETING_COMPLETE_AZ_IMPLEMENTATION_SUCCESSFUL"
}
{
  "recommendationsImplemented": 0,
  "departmentsOptimized": 0,
  "timestamp": "2026-01-29T01:49:05Z",
  "lfg_protocol": "MAXIMUM_EFFICIENCY_ENGAGED",
  "azAuditIntegrated": false,
  "cycle": 6,
  "status": "BOARD_MEETING_COMPLETE_AZ_IMPLEMENTATION_SUCCESSFUL"
}
{
  "recommendationsImplemented": 0,
  "departmentsOptimized": 0,
  "timestamp": "2026-01-29T01:49:09Z",
  "lfg_protocol": "MAXIMUM_EFFICIENCY_ENGAGED",
  "azAuditIntegrated": false,
  "cycle": 7,
  "status": "BOARD_MEETING_COMPLETE_AZ_IMPLEMENTATION_SUCCESSFUL"
}
{
  "recommendationsImplemented": 0,
  "departmentsOptimized": 0,
  "timestamp": "2026-01-29T01:49:13Z",
  "lfg_protocol": "MAXIMUM_EFFICIENCY_ENGAGED",
  "azAuditIntegrated": false,
  "cycle": 8,
  "status": "BOARD_MEETING_COMPLETE_AZ_IMPLEMENTATION_SUCCESSFUL"
}
{
  "recommendationsImplemented": 0,
  "departmentsOptimized": 0,
  "timestamp": "2026-01-29T01:49:17Z",
  "lfg_protocol": "MAXIMUM_EFFICIENCY_ENGAGED",
  "azAuditIntegrated": false,
  "cycle": 9,
  "status": "BOARD_MEETING_COMPLETE_AZ_IMPLEMENTATION_SUCCESSFUL"
}
{
  "recommendationsImplemented": 0,
  "departmentsOptimized": 0,
  "timestamp": "2026-01-29T01:49:21Z",
  "lfg_protocol": "MAXIMUM_EFFICIENCY_ENGAGED",
  "azAuditIntegrated": false,
  "cycle": 10,
  "status": "BOARD_MEETING_COMPLETE_AZ_IMPLEMENTATION_SUCCESSFUL"
}
{
  "recommendationsImplemented": 0,
  "departmentsOptimized": 0,
  "timestamp": "2026-01-29T01:49:25Z",
  "lfg_protocol": "MAXIMUM_EFFICIENCY_ENGAGED",
  "azAuditIntegrated": false,
  "cycle": 11,
  "status": "BOARD_MEETING_COMPLETE_AZ_IMPLEMENTATION_SUCCESSFUL"
}
{
  "recommendationsImplemented": 0,
  "departmentsOptimized": 0,
  "timestamp": "2026-01-29T01:49:29Z",
  "lfg_protocol": "MAXIMUM_EFFICIENCY_ENGAGED",
  "azAuditIntegrated": false,
  "cycle": 12,
  "status": "BOARD_MEETING_COMPLETE_AZ_IMPLEMENTATION_SUCCESSFUL"
}
{
  "recommendationsImplemented": 0,
  "departmentsOptimized": 0,
  "timestamp": "2026-01-29T01:49:33Z",
  "lfg_protocol": "MAXIMUM_EFFICIENCY_ENGAGED",
  "azAuditIntegrated": false,
  "cycle": 13,
  "status": "BOARD_MEETING_COMPLETE_AZ_IMPLEMENTATION_SUCCESSFUL"
}
{
  "recommendationsImplemented": 0,
  "departmentsOptimized": 0,
  "timestamp": "2026-01-29T01:49:37Z",
  "lfg_protocol": "MAXIMUM_EFFICIENCY_ENGAGED",
  "azAuditIntegrated": false,
  "cycle": 14,
  "status": "BOARD_MEETING_COMPLETE_AZ_IMPLEMENTATION_SUCCESSFUL"
}
{
  "recommendationsImplemented": 0,
  "departmentsOptimized": 0,
  "timestamp": "2026-01-29T01:49:41Z",
  "lfg_protocol": "MAXIMUM_EFFICIENCY_ENGAGED",
  "azAuditIntegrated": false,
  "cycle": 15,
  "status": "BOARD_MEETING_COMPLETE_AZ_IMPLEMENTATION_SUCCESSFUL"
}
{
  "recommendationsImplemented": 0,
  "departmentsOptimized": 0,
  "timestamp": "2026-01-29T01:49:45Z",
  "lfg_protocol": "MAXIMUM_EFFICIENCY_ENGAGED",
  "azAuditIntegrated": false,
  "cycle": 16,
  "status": "BOARD_MEETING_COMPLETE_AZ_IMPLEMENTATION_SUCCESSFUL"
}
{
  "recommendationsImplemented": 0,
  "departmentsOptimized": 0,
  "timestamp": "2026-01-29T01:49:48Z",
  "lfg_protocol": "MAXIMUM_EFFICIENCY_ENGAGED",
  "azAuditIntegrated": false,
  "cycle": 17,
  "status": "BOARD_MEETING_COMPLETE_AZ_IMPLEMENTATION_SUCCESSFUL"
}
{
  "recommendationsImplemented": 0,
  "departmentsOptimized": 0,
  "timestamp": "2026-01-29T01:49:52Z",
  "lfg_protocol": "MAXIMUM_EFFICIENCY_ENGAGED",
  "azAuditIntegrated": false,
  "cycle": 18,
  "status": "BOARD_MEETING_COMPLETE_AZ_IMPLEMENTATION_SUCCESSFUL"
}
{
  "recommendationsImplemented": 0,
  "departmentsOptimized": 0,
  "timestamp": "2026-01-29T01:49:56Z",
  "lfg_protocol": "MAXIMUM_EFFICIENCY_ENGAGED",
  "azAuditIntegrated": false,
  "cycle": 19,
  "status": "BOARD_MEETING_COMPLETE_AZ_IMPLEMENTATION_SUCCESSFUL"
}
{
  "recommendationsImplemented": 0,
  "departmentsOptimized": 0,
  "timestamp": "2026-01-29T01:50:00Z",
  "lfg_protocol": "MAXIMUM_EFFICIENCY_ENGAGED",
  "azAuditIntegrated": false,
  "cycle": 20,
  "status": "BOARD_MEETING_COMPLETE_AZ_IMPLEMENTATION_SUCCESSFUL"
}
{
  "recommendationsImplemented": 0,
  "departmentsOptimized": 0,
  "timestamp": "2026-01-29T01:50:04Z",
  "lfg_protocol": "MAXIMUM_EFFICIENCY_ENGAGED",
  "azAuditIntegrated": false,
  "cycle": 21,
  "status": "BOARD_MEETING_COMPLETE_AZ_IMPLEMENTATION_SUCCESSFUL"
}
{
  "recommendationsImplemented": 0,
  "departmentsOptimized": 0,
  "timestamp": "2026-01-29T01:50:09Z",
  "lfg_protocol": "MAXIMUM_EFFICIENCY_ENGAGED",
  "azAuditIntegrated": false,
  "cycle": 22,
  "status": "BOARD_MEETING_COMPLETE_AZ_IMPLEMENTATION_SUCCESSFUL"
}
{
  "recommendationsImplemented": 0,
  "departmentsOptimized": 0,
  "timestamp": "2026-01-29T01:50:13Z",
  "lfg_protocol": "MAXIMUM_EFFICIENCY_ENGAGED",
  "azAuditIntegrated": false,
  "cycle": 23,
  "status": "BOARD_MEETING_COMPLETE_AZ_IMPLEMENTATION_SUCCESSFUL"
}
{
  "recommendationsImplemented": 0,
  "departmentsOptimized": 0,
  "timestamp": "2026-01-29T01:50:17Z",
  "lfg_protocol": "MAXIMUM_EFFICIENCY_ENGAGED",
  "azAuditIntegrated": false,
  "cycle": 24,
  "status": "BOARD_MEETING_COMPLETE_AZ_IMPLEMENTATION_SUCCESSFUL"
}
{
  "recommendationsImplemented": 0,
  "departmentsOptimized": 0,
  "timestamp": "2026-01-29T01:50:21Z",
  "lfg_protocol": "MAXIMUM_EFFICIENCY_ENGAGED",
  "azAuditIntegrated": false,
  "cycle": 25,
  "status": "BOARD_MEETING_COMPLETE_AZ_IMPLEMENTATION_SUCCESSFUL"
}
{
  "recommendationsImplemented": 0,
  "departmentsOptimized": 0,
  "timestamp": "2026-01-29T01:50:25Z",
  "lfg_protocol": "MAXIMUM_EFFICIENCY_ENGAGED",
  "azAuditIntegrated": false,
  "cycle": 26,
  "status": "BOARD_MEETING_COMPLETE_AZ_IMPLEMENTATION_SUCCESSFUL"
}
{
  "azAuditIntegrated": false,
  "timestamp": "2026-01-29T01:51:27Z",
  "lfg_protocol": "MAXIMUM_EFFICIENCY_ENGAGED",
  "cycle": 1,
  "recommendationsImplemented": 0,
  "departmentsOptimized": 0,
  "status": "BOARD_MEETING_COMPLETE_AZ_IMPLEMENTATION_SUCCESSFUL"
}
{
  "azAuditIntegrated": false,
  "timestamp": "2026-01-29T01:51:32Z",
  "lfg_protocol": "MAXIMUM_EFFICIENCY_ENGAGED",
  "cycle": 2,
  "recommendationsImplemented": 0,
  "departmentsOptimized": 0,
  "status": "BOARD_MEETING_COMPLETE_AZ_IMPLEMENTATION_SUCCESSFUL"
}
{
  "azAuditIntegrated": false,
  "timestamp": "2026-01-29T01:51:36Z",
  "lfg_protocol": "MAXIMUM_EFFICIENCY_ENGAGED",
  "cycle": 3,
  "recommendationsImplemented": 0,
  "departmentsOptimized": 0,
  "status": "BOARD_MEETING_COMPLETE_AZ_IMPLEMENTATION_SUCCESSFUL"
}
{
  "azAuditIntegrated": false,
  "timestamp": "2026-01-29T01:51:40Z",
  "lfg_protocol": "MAXIMUM_EFFICIENCY_ENGAGED",
  "cycle": 4,
  "recommendationsImplemented": 0,
  "departmentsOptimized": 0,
  "status": "BOARD_MEETING_COMPLETE_AZ_IMPLEMENTATION_SUCCESSFUL"
}
{
  "azAuditIntegrated": false,
  "timestamp": "2026-01-29T01:51:44Z",
  "lfg_protocol": "MAXIMUM_EFFICIENCY_ENGAGED",
  "cycle": 5,
  "recommendationsImplemented": 0,
  "departmentsOptimized": 0,
  "status": "BOARD_MEETING_COMPLETE_AZ_IMPLEMENTATION_SUCCESSFUL"
}
{
  "azAuditIntegrated": false,
  "timestamp": "2026-01-29T01:51:48Z",
  "lfg_protocol": "MAXIMUM_EFFICIENCY_ENGAGED",
  "cycle": 6,
  "recommendationsImplemented": 0,
  "departmentsOptimized": 0,
  "status": "BOARD_MEETING_COMPLETE_AZ_IMPLEMENTATION_SUCCESSFUL"
}
{
  "azAuditIntegrated": false,
  "timestamp": "2026-01-29T01:51:53Z",
  "lfg_protocol": "MAXIMUM_EFFICIENCY_ENGAGED",
  "cycle": 7,
  "recommendationsImplemented": 0,
  "departmentsOptimized": 0,
  "status": "BOARD_MEETING_COMPLETE_AZ_IMPLEMENTATION_SUCCESSFUL"
}
{
  "azAuditIntegrated": false,
  "timestamp": "2026-01-29T01:51:57Z",
  "lfg_protocol": "MAXIMUM_EFFICIENCY_ENGAGED",
  "cycle": 8,
  "recommendationsImplemented": 0,
  "departmentsOptimized": 0,
  "status": "BOARD_MEETING_COMPLETE_AZ_IMPLEMENTATION_SUCCESSFUL"
}
{
  "azAuditIntegrated": false,
  "timestamp": "2026-01-29T01:52:01Z",
  "lfg_protocol": "MAXIMUM_EFFICIENCY_ENGAGED",
  "cycle": 9,
  "recommendationsImplemented": 0,
  "departmentsOptimized": 0,
  "status": "BOARD_MEETING_COMPLETE_AZ_IMPLEMENTATION_SUCCESSFUL"
}
{
  "azAuditIntegrated": false,
  "timestamp": "2026-01-29T01:52:05Z",
  "lfg_protocol": "MAXIMUM_EFFICIENCY_ENGAGED",
  "cycle": 10,
  "recommendationsImplemented": 0,
  "departmentsOptimized": 0,
  "status": "BOARD_MEETING_COMPLETE_AZ_IMPLEMENTATION_SUCCESSFUL"
}
{
  "azAuditIntegrated": false,
  "timestamp": "2026-01-29T01:52:09Z",
  "lfg_protocol": "MAXIMUM_EFFICIENCY_ENGAGED",
  "cycle": 11,
  "recommendationsImplemented": 0,
  "departmentsOptimized": 0,
  "status": "BOARD_MEETING_COMPLETE_AZ_IMPLEMENTATION_SUCCESSFUL"
}
{
  "lfg_protocol": "MAXIMUM_EFFICIENCY_ENGAGED",
  "cycle": 1,
  "status": "BOARD_MEETING_COMPLETE_AZ_IMPLEMENTATION_SUCCESSFUL",
  "timestamp": "2026-01-29T01:54:10Z",
  "azAuditIntegrated": false,
  "departmentsOptimized": 0,
  "recommendationsImplemented": 0
}
{
  "azAuditIntegrated": false,
  "departmentsOptimized": 0,
  "cycle": 1,
  "recommendationsImplemented": 0,
  "status": "BOARD_MEETING_COMPLETE_AZ_IMPLEMENTATION_SUCCESSFUL",
  "timestamp": "2026-01-29T02:08:27Z",
  "lfg_protocol": "MAXIMUM_EFFICIENCY_ENGAGED"
}
{
  "azAuditIntegrated": false,
  "departmentsOptimized": 0,
  "cycle": 2,
  "recommendationsImplemented": 0,
  "status": "BOARD_MEETING_COMPLETE_AZ_IMPLEMENTATION_SUCCESSFUL",
  "timestamp": "2026-01-29T02:08:55Z",
  "lfg_protocol": "MAXIMUM_EFFICIENCY_ENGAGED"
}
{
  "azAuditIntegrated": false,
  "departmentsOptimized": 0,
  "cycle": 3,
  "recommendationsImplemented": 0,
  "status": "BOARD_MEETING_COMPLETE_AZ_IMPLEMENTATION_SUCCESSFUL",
  "timestamp": "2026-01-29T02:09:21Z",
  "lfg_protocol": "MAXIMUM_EFFICIENCY_ENGAGED"
}
{
  "cycle": 1,
  "azAuditIntegrated": false,
  "recommendationsImplemented": 0,
  "status": "BOARD_MEETING_COMPLETE_AZ_IMPLEMENTATION_SUCCESSFUL",
  "timestamp": "2026-01-29T02:09:41Z",
  "departmentsOptimized": 0,
  "lfg_protocol": "MAXIMUM_EFFICIENCY_ENGAGED"
}
{
  "azAuditIntegrated": false,
  "departmentsOptimized": 0,
  "cycle": 4,
  "recommendationsImplemented": 0,
  "status": "BOARD_MEETING_COMPLETE_AZ_IMPLEMENTATION_SUCCESSFUL",
  "timestamp": "2026-01-29T02:09:48Z",
  "lfg_protocol": "MAXIMUM_EFFICIENCY_ENGAGED"
}
{
  "cycle": 2,
  "azAuditIntegrated": false,
  "recommendationsImplemented": 0,
  "status": "BOARD_MEETING_COMPLETE_AZ_IMPLEMENTATION_SUCCESSFUL",
  "timestamp": "2026-01-29T02:10:07Z",
  "departmentsOptimized": 0,
  "lfg_protocol": "MAXIMUM_EFFICIENCY_ENGAGED"
}
{
  "azAuditIntegrated": false,
  "departmentsOptimized": 0,
  "cycle": 5,
  "recommendationsImplemented": 0,
  "status": "BOARD_MEETING_COMPLETE_AZ_IMPLEMENTATION_SUCCESSFUL",
  "timestamp": "2026-01-29T02:10:12Z",
  "lfg_protocol": "MAXIMUM_EFFICIENCY_ENGAGED"
}
{
  "cycle": 3,
  "azAuditIntegrated": false,
  "recommendationsImplemented": 0,
  "status": "BOARD_MEETING_COMPLETE_AZ_IMPLEMENTATION_SUCCESSFUL",
  "timestamp": "2026-01-29T02:10:33Z",
  "departmentsOptimized": 0,
  "lfg_protocol": "MAXIMUM_EFFICIENCY_ENGAGED"
}
{
  "azAuditIntegrated": false,
  "departmentsOptimized": 0,
  "cycle": 6,
  "recommendationsImplemented": 0,
  "status": "BOARD_MEETING_COMPLETE_AZ_IMPLEMENTATION_SUCCESSFUL",
  "timestamp": "2026-01-29T02:10:37Z",
  "lfg_protocol": "MAXIMUM_EFFICIENCY_ENGAGED"
}
{
  "cycle": 4,
  "azAuditIntegrated": false,
  "recommendationsImplemented": 0,
  "status": "BOARD_MEETING_COMPLETE_AZ_IMPLEMENTATION_SUCCESSFUL",
  "timestamp": "2026-01-29T02:10:59Z",
  "departmentsOptimized": 0,
  "lfg_protocol": "MAXIMUM_EFFICIENCY_ENGAGED"
}
{
  "azAuditIntegrated": false,
  "departmentsOptimized": 0,
  "cycle": 7,
  "recommendationsImplemented": 0,
  "status": "BOARD_MEETING_COMPLETE_AZ_IMPLEMENTATION_SUCCESSFUL",
  "timestamp": "2026-01-29T02:11:00Z",
  "lfg_protocol": "MAXIMUM_EFFICIENCY_ENGAGED"
}
{
  "azAuditIntegrated": false,
  "departmentsOptimized": 0,
  "cycle": 8,
  "recommendationsImplemented": 0,
  "status": "BOARD_MEETING_COMPLETE_AZ_IMPLEMENTATION_SUCCESSFUL",
  "timestamp": "2026-01-29T02:11:24Z",
  "lfg_protocol": "MAXIMUM_EFFICIENCY_ENGAGED"
}
{
  "cycle": 5,
  "azAuditIntegrated": false,
  "recommendationsImplemented": 0,
  "status": "BOARD_MEETING_COMPLETE_AZ_IMPLEMENTATION_SUCCESSFUL",
  "timestamp": "2026-01-29T02:11:25Z",
  "departmentsOptimized": 0,
  "lfg_protocol": "MAXIMUM_EFFICIENCY_ENGAGED"
}
{
  "cycle": 6,
  "azAuditIntegrated": false,
  "recommendationsImplemented": 0,
  "status": "BOARD_MEETING_COMPLETE_AZ_IMPLEMENTATION_SUCCESSFUL",
  "timestamp": "2026-01-29T02:11:51Z",
  "departmentsOptimized": 0,
  "lfg_protocol": "MAXIMUM_EFFICIENCY_ENGAGED"
}
{
  "azAuditIntegrated": false,
  "departmentsOptimized": 0,
  "cycle": 9,
  "recommendationsImplemented": 0,
  "status": "BOARD_MEETING_COMPLETE_AZ_IMPLEMENTATION_SUCCESSFUL",
  "timestamp": "2026-01-29T02:11:51Z",
  "lfg_protocol": "MAXIMUM_EFFICIENCY_ENGAGED"
}
{
  "cycle": 7,
  "azAuditIntegrated": false,
  "recommendationsImplemented": 0,
  "status": "BOARD_MEETING_COMPLETE_AZ_IMPLEMENTATION_SUCCESSFUL",
  "timestamp": "2026-01-29T02:12:16Z",
  "departmentsOptimized": 0,
  "lfg_protocol": "MAXIMUM_EFFICIENCY_ENGAGED"
}
{
  "azAuditIntegrated": false,
  "departmentsOptimized": 0,
  "cycle": 10,
  "recommendationsImplemented": 0,
  "status": "BOARD_MEETING_COMPLETE_AZ_IMPLEMENTATION_SUCCESSFUL",
  "timestamp": "2026-01-29T02:12:16Z",
  "lfg_protocol": "MAXIMUM_EFFICIENCY_ENGAGED"
}
{
  "azAuditIntegrated": false,
  "departmentsOptimized": 0,
  "cycle": 11,
  "recommendationsImplemented": 0,
  "status": "BOARD_MEETING_COMPLETE_AZ_IMPLEMENTATION_SUCCESSFUL",
  "timestamp": "2026-01-29T02:12:44Z",
  "lfg_protocol": "MAXIMUM_EFFICIENCY_ENGAGED"
}
{
  "cycle": 8,
  "azAuditIntegrated": false,
  "recommendationsImplemented": 0,
  "status": "BOARD_MEETING_COMPLETE_AZ_IMPLEMENTATION_SUCCESSFUL",
  "timestamp": "2026-01-29T02:12:44Z",
  "departmentsOptimized": 0,
  "lfg_protocol": "MAXIMUM_EFFICIENCY_ENGAGED"
}
{
  "azAuditIntegrated": false,
  "departmentsOptimized": 0,
  "cycle": 12,
  "recommendationsImplemented": 0,
  "status": "BOARD_MEETING_COMPLETE_AZ_IMPLEMENTATION_SUCCESSFUL",
  "timestamp": "2026-01-29T02:13:10Z",
  "lfg_protocol": "MAXIMUM_EFFICIENCY_ENGAGED"
}
{
  "cycle": 9,
  "azAuditIntegrated": false,
  "recommendationsImplemented": 0,
  "status": "BOARD_MEETING_COMPLETE_AZ_IMPLEMENTATION_SUCCESSFUL",
  "timestamp": "2026-01-29T02:13:10Z",
  "departmentsOptimized": 0,
  "lfg_protocol": "MAXIMUM_EFFICIENCY_ENGAGED"
}
{
  "cycle": 10,
  "azAuditIntegrated": false,
  "recommendationsImplemented": 0,
  "status": "BOARD_MEETING_COMPLETE_AZ_IMPLEMENTATION_SUCCESSFUL",
  "timestamp": "2026-01-29T02:13:35Z",
  "departmentsOptimized": 0,
  "lfg_protocol": "MAXIMUM_EFFICIENCY_ENGAGED"
}
{
  "azAuditIntegrated": false,
  "departmentsOptimized": 0,
  "cycle": 13,
  "recommendationsImplemented": 0,
  "status": "BOARD_MEETING_COMPLETE_AZ_IMPLEMENTATION_SUCCESSFUL",
  "timestamp": "2026-01-29T02:13:36Z",
  "lfg_protocol": "MAXIMUM_EFFICIENCY_ENGAGED"
}
{
  "azAuditIntegrated": false,
  "departmentsOptimized": 0,
  "cycle": 14,
  "recommendationsImplemented": 0,
  "status": "BOARD_MEETING_COMPLETE_AZ_IMPLEMENTATION_SUCCESSFUL",
  "timestamp": "2026-01-29T02:14:02Z",
  "lfg_protocol": "MAXIMUM_EFFICIENCY_ENGAGED"
}
{
  "cycle": 11,
  "azAuditIntegrated": false,
  "recommendationsImplemented": 0,
  "status": "BOARD_MEETING_COMPLETE_AZ_IMPLEMENTATION_SUCCESSFUL",
  "timestamp": "2026-01-29T02:14:02Z",
  "departmentsOptimized": 0,
  "lfg_protocol": "MAXIMUM_EFFICIENCY_ENGAGED"
}
{
  "azAuditIntegrated": false,
  "departmentsOptimized": 0,
  "cycle": 15,
  "recommendationsImplemented": 0,
  "status": "BOARD_MEETING_COMPLETE_AZ_IMPLEMENTATION_SUCCESSFUL",
  "timestamp": "2026-01-29T02:14:28Z",
  "lfg_protocol": "MAXIMUM_EFFICIENCY_ENGAGED"
}
{
  "cycle": 12,
  "azAuditIntegrated": false,
  "recommendationsImplemented": 0,
  "status": "BOARD_MEETING_COMPLETE_AZ_IMPLEMENTATION_SUCCESSFUL",
  "timestamp": "2026-01-29T02:14:28Z",
  "departmentsOptimized": 0,
  "lfg_protocol": "MAXIMUM_EFFICIENCY_ENGAGED"
}
{
  "recommendationsImplemented": 0,
  "cycle": 1,
  "departmentsOptimized": 0,
  "status": "BOARD_MEETING_COMPLETE_AZ_IMPLEMENTATION_SUCCESSFUL",
  "timestamp": "2026-01-29T02:14:47Z",
  "azAuditIntegrated": false,
  "lfg_protocol": "MAXIMUM_EFFICIENCY_ENGAGED"
}
{
  "azAuditIntegrated": false,
  "departmentsOptimized": 0,
  "cycle": 16,
  "recommendationsImplemented": 0,
  "status": "BOARD_MEETING_COMPLETE_AZ_IMPLEMENTATION_SUCCESSFUL",
  "timestamp": "2026-01-29T02:14:55Z",
  "lfg_protocol": "MAXIMUM_EFFICIENCY_ENGAGED"
}
{
  "cycle": 13,
  "azAuditIntegrated": false,
  "recommendationsImplemented": 0,
  "status": "BOARD_MEETING_COMPLETE_AZ_IMPLEMENTATION_SUCCESSFUL",
  "timestamp": "2026-01-29T02:14:55Z",
  "departmentsOptimized": 0,
  "lfg_protocol": "MAXIMUM_EFFICIENCY_ENGAGED"
}
{
  "azAuditIntegrated": false,
  "departmentsOptimized": 0,
  "cycle": 17,
  "recommendationsImplemented": 0,
  "status": "BOARD_MEETING_COMPLETE_AZ_IMPLEMENTATION_SUCCESSFUL",
  "timestamp": "2026-01-29T02:15:19Z",
  "lfg_protocol": "MAXIMUM_EFFICIENCY_ENGAGED"
}
{
  "cycle": 14,
  "azAuditIntegrated": false,
  "recommendationsImplemented": 0,
  "status": "BOARD_MEETING_COMPLETE_AZ_IMPLEMENTATION_SUCCESSFUL",
  "timestamp": "2026-01-29T02:15:19Z",
  "departmentsOptimized": 0,
  "lfg_protocol": "MAXIMUM_EFFICIENCY_ENGAGED"
}
{
  "cycle": 15,
  "azAuditIntegrated": false,
  "recommendationsImplemented": 0,
  "status": "BOARD_MEETING_COMPLETE_AZ_IMPLEMENTATION_SUCCESSFUL",
  "timestamp": "2026-01-29T02:15:44Z",
  "departmentsOptimized": 0,
  "lfg_protocol": "MAXIMUM_EFFICIENCY_ENGAGED"
}
{
  "azAuditIntegrated": false,
  "departmentsOptimized": 0,
  "cycle": 18,
  "recommendationsImplemented": 0,
  "status": "BOARD_MEETING_COMPLETE_AZ_IMPLEMENTATION_SUCCESSFUL",
  "timestamp": "2026-01-29T02:15:45Z",
  "lfg_protocol": "MAXIMUM_EFFICIENCY_ENGAGED"
}
{
  "azAuditIntegrated": false,
  "departmentsOptimized": 0,
  "cycle": 19,
  "recommendationsImplemented": 0,
  "status": "BOARD_MEETING_COMPLETE_AZ_IMPLEMENTATION_SUCCESSFUL",
  "timestamp": "2026-01-29T02:16:10Z",
  "lfg_protocol": "MAXIMUM_EFFICIENCY_ENGAGED"
}
{
  "cycle": 16,
  "azAuditIntegrated": false,
  "recommendationsImplemented": 0,
  "status": "BOARD_MEETING_COMPLETE_AZ_IMPLEMENTATION_SUCCESSFUL",
  "timestamp": "2026-01-29T02:16:10Z",
  "departmentsOptimized": 0,
  "lfg_protocol": "MAXIMUM_EFFICIENCY_ENGAGED"
}
{
  "azAuditIntegrated": false,
  "departmentsOptimized": 0,
  "cycle": 20,
  "recommendationsImplemented": 0,
  "status": "BOARD_MEETING_COMPLETE_AZ_IMPLEMENTATION_SUCCESSFUL",
  "timestamp": "2026-01-29T02:16:39Z",
  "lfg_protocol": "MAXIMUM_EFFICIENCY_ENGAGED"
}
{
  "cycle": 17,
  "azAuditIntegrated": false,
  "recommendationsImplemented": 0,
  "status": "BOARD_MEETING_COMPLETE_AZ_IMPLEMENTATION_SUCCESSFUL",
  "timestamp": "2026-01-29T02:16:39Z",
  "departmentsOptimized": 0,
  "lfg_protocol": "MAXIMUM_EFFICIENCY_ENGAGED"
}
{
  "cycle": 18,
  "azAuditIntegrated": false,
  "recommendationsImplemented": 0,
  "status": "BOARD_MEETING_COMPLETE_AZ_IMPLEMENTATION_SUCCESSFUL",
  "timestamp": "2026-01-29T02:17:05Z",
  "departmentsOptimized": 0,
  "lfg_protocol": "MAXIMUM_EFFICIENCY_ENGAGED"
}
{
  "azAuditIntegrated": false,
  "departmentsOptimized": 0,
  "cycle": 21,
  "recommendationsImplemented": 0,
  "status": "BOARD_MEETING_COMPLETE_AZ_IMPLEMENTATION_SUCCESSFUL",
  "timestamp": "2026-01-29T02:17:06Z",
  "lfg_protocol": "MAXIMUM_EFFICIENCY_ENGAGED"
}
{
  "azAuditIntegrated": false,
  "departmentsOptimized": 0,
  "cycle": 22,
  "recommendationsImplemented": 0,
  "status": "BOARD_MEETING_COMPLETE_AZ_IMPLEMENTATION_SUCCESSFUL",
  "timestamp": "2026-01-29T02:17:31Z",
  "lfg_protocol": "MAXIMUM_EFFICIENCY_ENGAGED"
}
{
  "cycle": 19,
  "azAuditIntegrated": false,
  "recommendationsImplemented": 0,
  "status": "BOARD_MEETING_COMPLETE_AZ_IMPLEMENTATION_SUCCESSFUL",
  "timestamp": "2026-01-29T02:17:31Z",
  "departmentsOptimized": 0,
  "lfg_protocol": "MAXIMUM_EFFICIENCY_ENGAGED"
}
{
  "azAuditIntegrated": false,
  "departmentsOptimized": 0,
  "cycle": 23,
  "recommendationsImplemented": 0,
  "status": "BOARD_MEETING_COMPLETE_AZ_IMPLEMENTATION_SUCCESSFUL",
  "timestamp": "2026-01-29T02:17:58Z",
  "lfg_protocol": "MAXIMUM_EFFICIENCY_ENGAGED"
}
{
  "cycle": 20,
  "azAuditIntegrated": false,
  "recommendationsImplemented": 0,
  "status": "BOARD_MEETING_COMPLETE_AZ_IMPLEMENTATION_SUCCESSFUL",
  "timestamp": "2026-01-29T02:17:58Z",
  "departmentsOptimized": 0,
  "lfg_protocol": "MAXIMUM_EFFICIENCY_ENGAGED"
}
{
  "azAuditIntegrated": false,
  "departmentsOptimized": 0,
  "cycle": 24,
  "recommendationsImplemented": 0,
  "status": "BOARD_MEETING_COMPLETE_AZ_IMPLEMENTATION_SUCCESSFUL",
  "timestamp": "2026-01-29T02:18:25Z",
  "lfg_protocol": "MAXIMUM_EFFICIENCY_ENGAGED"
}
{
  "cycle": 21,
  "azAuditIntegrated": false,
  "recommendationsImplemented": 0,
  "status": "BOARD_MEETING_COMPLETE_AZ_IMPLEMENTATION_SUCCESSFUL",
  "timestamp": "2026-01-29T02:18:25Z",
  "departmentsOptimized": 0,
  "lfg_protocol": "MAXIMUM_EFFICIENCY_ENGAGED"
}
{
  "cycle": 22,
  "azAuditIntegrated": false,
  "recommendationsImplemented": 0,
  "status": "BOARD_MEETING_COMPLETE_AZ_IMPLEMENTATION_SUCCESSFUL",
  "timestamp": "2026-01-29T02:18:51Z",
  "departmentsOptimized": 0,
  "lfg_protocol": "MAXIMUM_EFFICIENCY_ENGAGED"
}
{
  "azAuditIntegrated": false,
  "departmentsOptimized": 0,
  "cycle": 25,
  "recommendationsImplemented": 0,
  "status": "BOARD_MEETING_COMPLETE_AZ_IMPLEMENTATION_SUCCESSFUL",
  "timestamp": "2026-01-29T02:18:52Z",
  "lfg_protocol": "MAXIMUM_EFFICIENCY_ENGAGED"
}
{
  "cycle": 23,
  "azAuditIntegrated": false,
  "recommendationsImplemented": 0,
  "status": "BOARD_MEETING_COMPLETE_AZ_IMPLEMENTATION_SUCCESSFUL",
  "timestamp": "2026-01-29T02:19:17Z",
  "departmentsOptimized": 0,
  "lfg_protocol": "MAXIMUM_EFFICIENCY_ENGAGED"
}
{
  "azAuditIntegrated": false,
  "departmentsOptimized": 0,
  "cycle": 26,
  "recommendationsImplemented": 0,
  "status": "BOARD_MEETING_COMPLETE_AZ_IMPLEMENTATION_SUCCESSFUL",
  "timestamp": "2026-01-29T02:19:18Z",
  "lfg_protocol": "MAXIMUM_EFFICIENCY_ENGAGED"
}
{
  "cycle": 24,
  "azAuditIntegrated": false,
  "recommendationsImplemented": 0,
  "status": "BOARD_MEETING_COMPLETE_AZ_IMPLEMENTATION_SUCCESSFUL",
  "timestamp": "2026-01-29T02:19:43Z",
  "departmentsOptimized": 0,
  "lfg_protocol": "MAXIMUM_EFFICIENCY_ENGAGED"
}
{
  "azAuditIntegrated": false,
  "departmentsOptimized": 0,
  "cycle": 27,
  "recommendationsImplemented": 0,
  "status": "BOARD_MEETING_COMPLETE_AZ_IMPLEMENTATION_SUCCESSFUL",
  "timestamp": "2026-01-29T02:19:43Z",
  "lfg_protocol": "MAXIMUM_EFFICIENCY_ENGAGED"
}
{
  "cycle": 25,
  "azAuditIntegrated": false,
  "recommendationsImplemented": 0,
  "status": "BOARD_MEETING_COMPLETE_AZ_IMPLEMENTATION_SUCCESSFUL",
  "timestamp": "2026-01-29T02:20:12Z",
  "departmentsOptimized": 0,
  "lfg_protocol": "MAXIMUM_EFFICIENCY_ENGAGED"
}
{
  "azAuditIntegrated": false,
  "departmentsOptimized": 0,
  "cycle": 28,
  "recommendationsImplemented": 0,
  "status": "BOARD_MEETING_COMPLETE_AZ_IMPLEMENTATION_SUCCESSFUL",
  "timestamp": "2026-01-29T02:20:12Z",
  "lfg_protocol": "MAXIMUM_EFFICIENCY_ENGAGED"
}
{
  "azAuditIntegrated": false,
  "departmentsOptimized": 0,
  "cycle": 29,
  "recommendationsImplemented": 0,
  "status": "BOARD_MEETING_COMPLETE_AZ_IMPLEMENTATION_SUCCESSFUL",
  "timestamp": "2026-01-29T02:20:37Z",
  "lfg_protocol": "MAXIMUM_EFFICIENCY_ENGAGED"
}
{
  "cycle": 26,
  "azAuditIntegrated": false,
  "recommendationsImplemented": 0,
  "status": "BOARD_MEETING_COMPLETE_AZ_IMPLEMENTATION_SUCCESSFUL",
  "timestamp": "2026-01-29T02:20:38Z",
  "departmentsOptimized": 0,
  "lfg_protocol": "MAXIMUM_EFFICIENCY_ENGAGED"
}
{
  "cycle": 27,
  "azAuditIntegrated": false,
  "recommendationsImplemented": 0,
  "status": "BOARD_MEETING_COMPLETE_AZ_IMPLEMENTATION_SUCCESSFUL",
  "timestamp": "2026-01-29T02:21:03Z",
  "departmentsOptimized": 0,
  "lfg_protocol": "MAXIMUM_EFFICIENCY_ENGAGED"
}
{
  "azAuditIntegrated": false,
  "departmentsOptimized": 0,
  "cycle": 30,
  "recommendationsImplemented": 0,
  "status": "BOARD_MEETING_COMPLETE_AZ_IMPLEMENTATION_SUCCESSFUL",
  "timestamp": "2026-01-29T02:21:03Z",
  "lfg_protocol": "MAXIMUM_EFFICIENCY_ENGAGED"
}
{
  "cycle": 28,
  "azAuditIntegrated": false,
  "recommendationsImplemented": 0,
  "status": "BOARD_MEETING_COMPLETE_AZ_IMPLEMENTATION_SUCCESSFUL",
  "timestamp": "2026-01-29T02:21:31Z",
  "departmentsOptimized": 0,
  "lfg_protocol": "MAXIMUM_EFFICIENCY_ENGAGED"
}
