{
  "azAnalysisCompleted": 1,
  "lfg_protocol": "ENGAGED",
  "applicationsPlanned": 16,
  "nclCapabilitiesUtilized": 2,
  "cSuiteDecisions": 8,
  "cashFlowOpportunitiesAnalyzed": 10,
  "cycle": 1,
  "status": "INTEGRATION_CYCLE_COMPLETED",
  "timestamp": "2026-01-29T00:56:42Z",
  "axTasksCompleted": 3
}
{
  "azAnalysisCompleted": 1,
  "status": "INTEGRATION_CYCLE_COMPLETED",
  "lfg_protocol": "ENGAGED",
  "cSuiteDecisions": 8,
  "axTasksCompleted": 3,
  "cashFlowOpportunitiesAnalyzed": 10,
  "applicationsPlanned": 16,
  "nclCapabilitiesUtilized": 2,
  "cycle": 1,
  "timestamp": "2026-01-29T00:57:13Z"
}
{
  "cSuiteDecisions": 8,
  "cycle": 1,
  "nclCapabilitiesUtilized": 2,
  "cashFlowOpportunitiesAnalyzed": 10,
  "timestamp": "2026-01-29T00:58:40Z",
  "lfg_protocol": "ENGAGED",
  "applicationsPlanned": 16,
  "axTasksCompleted": 3,
  "status": "INTEGRATION_CYCLE_COMPLETED",
  "azAnalysisCompleted": 1
}
{
  "cSuiteDecisions": 8,
  "cycle": 2,
  "nclCapabilitiesUtilized": 2,
  "cashFlowOpportunitiesAnalyzed": 10,
  "timestamp": "2026-01-29T00:58:50Z",
  "lfg_protocol": "ENGAGED",
  "applicationsPlanned": 16,
  "axTasksCompleted": 3,
  "status": "INTEGRATION_CYCLE_COMPLETED",
  "azAnalysisCompleted": 1
}
{
  "cSuiteDecisions": 8,
  "cycle": 3,
  "nclCapabilitiesUtilized": 2,
  "cashFlowOpportunitiesAnalyzed": 10,
  "timestamp": "2026-01-29T00:59:00Z",
  "lfg_protocol": "ENGAGED",
  "applicationsPlanned": 16,
  "axTasksCompleted": 3,
  "status": "INTEGRATION_CYCLE_COMPLETED",
  "azAnalysisCompleted": 1
}
{
  "cSuiteDecisions": 8,
  "cycle": 4,
  "nclCapabilitiesUtilized": 2,
  "cashFlowOpportunitiesAnalyzed": 10,
  "timestamp": "2026-01-29T00:59:10Z",
  "lfg_protocol": "ENGAGED",
  "applicationsPlanned": 16,
  "axTasksCompleted": 3,
  "status": "INTEGRATION_CYCLE_COMPLETED",
  "azAnalysisCompleted": 1
}
{
  "cSuiteDecisions": 8,
  "cycle": 5,
  "nclCapabilitiesUtilized": 2,
  "cashFlowOpportunitiesAnalyzed": 10,
  "timestamp": "2026-01-29T00:59:18Z",
  "lfg_protocol": "ENGAGED",
  "applicationsPlanned": 16,
  "axTasksCompleted": 3,
  "status": "INTEGRATION_CYCLE_COMPLETED",
  "azAnalysisCompleted": 1
}
{
  "cSuiteDecisions": 8,
  "cycle": 6,
  "nclCapabilitiesUtilized": 2,
  "cashFlowOpportunitiesAnalyzed": 10,
  "timestamp": "2026-01-29T00:59:28Z",
  "lfg_protocol": "ENGAGED",
  "applicationsPlanned": 16,
  "axTasksCompleted": 3,
  "status": "INTEGRATION_CYCLE_COMPLETED",
  "azAnalysisCompleted": 1
}
{
  "cSuiteDecisions": 8,
  "cycle": 7,
  "nclCapabilitiesUtilized": 2,
  "cashFlowOpportunitiesAnalyzed": 10,
  "timestamp": "2026-01-29T00:59:39Z",
  "lfg_protocol": "ENGAGED",
  "applicationsPlanned": 16,
  "axTasksCompleted": 3,
  "status": "INTEGRATION_CYCLE_COMPLETED",
  "azAnalysisCompleted": 1
}
{
  "cSuiteDecisions": 8,
  "cycle": 8,
  "nclCapabilitiesUtilized": 2,
  "cashFlowOpportunitiesAnalyzed": 10,
  "timestamp": "2026-01-29T00:59:49Z",
  "lfg_protocol": "ENGAGED",
  "applicationsPlanned": 16,
  "axTasksCompleted": 3,
  "status": "INTEGRATION_CYCLE_COMPLETED",
  "azAnalysisCompleted": 1
}
{
  "cSuiteDecisions": 8,
  "cycle": 9,
  "nclCapabilitiesUtilized": 2,
  "cashFlowOpportunitiesAnalyzed": 10,
  "timestamp": "2026-01-29T00:59:59Z",
  "lfg_protocol": "ENGAGED",
  "applicationsPlanned": 16,
  "axTasksCompleted": 3,
  "status": "INTEGRATION_CYCLE_COMPLETED",
  "azAnalysisCompleted": 1
}
{
  "cSuiteDecisions": 8,
  "cycle": 10,
  "nclCapabilitiesUtilized": 2,
  "cashFlowOpportunitiesAnalyzed": 10,
  "timestamp": "2026-01-29T01:00:09Z",
  "lfg_protocol": "ENGAGED",
  "applicationsPlanned": 16,
  "axTasksCompleted": 3,
  "status": "INTEGRATION_CYCLE_COMPLETED",
  "azAnalysisCompleted": 1
}
{
  "cSuiteDecisions": 8,
  "cycle": 11,
  "nclCapabilitiesUtilized": 2,
  "cashFlowOpportunitiesAnalyzed": 10,
  "timestamp": "2026-01-29T01:00:19Z",
  "lfg_protocol": "ENGAGED",
  "applicationsPlanned": 16,
  "axTasksCompleted": 3,
  "status": "INTEGRATION_CYCLE_COMPLETED",
  "azAnalysisCompleted": 1
}
{
  "cSuiteDecisions": 8,
  "cycle": 12,
  "nclCapabilitiesUtilized": 2,
  "cashFlowOpportunitiesAnalyzed": 10,
  "timestamp": "2026-01-29T01:00:29Z",
  "lfg_protocol": "ENGAGED",
  "applicationsPlanned": 16,
  "axTasksCompleted": 3,
  "status": "INTEGRATION_CYCLE_COMPLETED",
  "azAnalysisCompleted": 1
}
{
  "cSuiteDecisions": 8,
  "cycle": 13,
  "nclCapabilitiesUtilized": 2,
  "cashFlowOpportunitiesAnalyzed": 10,
  "timestamp": "2026-01-29T01:00:39Z",
  "lfg_protocol": "ENGAGED",
  "applicationsPlanned": 16,
  "axTasksCompleted": 3,
  "status": "INTEGRATION_CYCLE_COMPLETED",
  "azAnalysisCompleted": 1
}
{
  "cSuiteDecisions": 8,
  "cycle": 14,
  "nclCapabilitiesUtilized": 2,
  "cashFlowOpportunitiesAnalyzed": 10,
  "timestamp": "2026-01-29T01:00:48Z",
  "lfg_protocol": "ENGAGED",
  "applicationsPlanned": 16,
  "axTasksCompleted": 3,
  "status": "INTEGRATION_CYCLE_COMPLETED",
  "azAnalysisCompleted": 1
}
{
  "cSuiteDecisions": 8,
  "cycle": 15,
  "nclCapabilitiesUtilized": 2,
  "cashFlowOpportunitiesAnalyzed": 10,
  "timestamp": "2026-01-29T01:00:59Z",
  "lfg_protocol": "ENGAGED",
  "applicationsPlanned": 16,
  "axTasksCompleted": 3,
  "status": "INTEGRATION_CYCLE_COMPLETED",
  "azAnalysisCompleted": 1
}
{
  "cSuiteDecisions": 8,
  "cycle": 16,
  "nclCapabilitiesUtilized": 2,
  "cashFlowOpportunitiesAnalyzed": 10,
  "timestamp": "2026-01-29T01:01:09Z",
  "lfg_protocol": "ENGAGED",
  "applicationsPlanned": 16,
  "axTasksCompleted": 3,
  "status": "INTEGRATION_CYCLE_COMPLETED",
  "azAnalysisCompleted": 1
}
{
  "cSuiteDecisions": 8,
  "cycle": 17,
  "nclCapabilitiesUtilized": 2,
  "cashFlowOpportunitiesAnalyzed": 10,
  "timestamp": "2026-01-29T01:01:19Z",
  "lfg_protocol": "ENGAGED",
  "applicationsPlanned": 16,
  "axTasksCompleted": 3,
  "status": "INTEGRATION_CYCLE_COMPLETED",
  "azAnalysisCompleted": 1
}
{
  "cSuiteDecisions": 8,
  "cycle": 18,
  "nclCapabilitiesUtilized": 2,
  "cashFlowOpportunitiesAnalyzed": 10,
  "timestamp": "2026-01-29T01:01:28Z",
  "lfg_protocol": "ENGAGED",
  "applicationsPlanned": 16,
  "axTasksCompleted": 3,
  "status": "INTEGRATION_CYCLE_COMPLETED",
  "azAnalysisCompleted": 1
}
{
  "cSuiteDecisions": 8,
  "cycle": 19,
  "nclCapabilitiesUtilized": 2,
  "cashFlowOpportunitiesAnalyzed": 10,
  "timestamp": "2026-01-29T01:01:39Z",
  "lfg_protocol": "ENGAGED",
  "applicationsPlanned": 16,
  "axTasksCompleted": 3,
  "status": "INTEGRATION_CYCLE_COMPLETED",
  "azAnalysisCompleted": 1
}
{
  "cSuiteDecisions": 8,
  "cycle": 20,
  "nclCapabilitiesUtilized": 2,
  "cashFlowOpportunitiesAnalyzed": 10,
  "timestamp": "2026-01-29T01:01:49Z",
  "lfg_protocol": "ENGAGED",
  "applicationsPlanned": 16,
  "axTasksCompleted": 3,
  "status": "INTEGRATION_CYCLE_COMPLETED",
  "azAnalysisCompleted": 1
}
{
  "cSuiteDecisions": 8,
  "cycle": 21,
  "nclCapabilitiesUtilized": 2,
  "cashFlowOpportunitiesAnalyzed": 10,
  "timestamp": "2026-01-29T01:01:59Z",
  "lfg_protocol": "ENGAGED",
  "applicationsPlanned": 16,
  "axTasksCompleted": 3,
  "status": "INTEGRATION_CYCLE_COMPLETED",
  "azAnalysisCompleted": 1
}
{
  "cSuiteDecisions": 8,
  "cycle": 22,
  "nclCapabilitiesUtilized": 2,
  "cashFlowOpportunitiesAnalyzed": 10,
  "timestamp": "2026-01-29T01:02:10Z",
  "lfg_protocol": "ENGAGED",
  "applicationsPlanned": 16,
  "axTasksCompleted": 3,
  "status": "INTEGRATION_CYCLE_COMPLETED",
  "azAnalysisCompleted": 1
}
{
  "cSuiteDecisions": 8,
  "cycle": 23,
  "nclCapabilitiesUtilized": 2,
  "cashFlowOpportunitiesAnalyzed": 10,
  "timestamp": "2026-01-29T01:02:19Z",
  "lfg_protocol": "ENGAGED",
  "applicationsPlanned": 16,
  "axTasksCompleted": 3,
  "status": "INTEGRATION_CYCLE_COMPLETED",
  "azAnalysisCompleted": 1
}
{
  "cSuiteDecisions": 8,
  "cycle": 24,
  "nclCapabilitiesUtilized": 2,
  "cashFlowOpportunitiesAnalyzed": 10,
  "timestamp": "2026-01-29T01:02:31Z",
  "lfg_protocol": "ENGAGED",
  "applicationsPlanned": 16,
  "axTasksCompleted": 3,
  "status": "INTEGRATION_CYCLE_COMPLETED",
  "azAnalysisCompleted": 1
}
{
  "cSuiteDecisions": 8,
  "cycle": 25,
  "nclCapabilitiesUtilized": 2,
  "cashFlowOpportunitiesAnalyzed": 10,
  "timestamp": "2026-01-29T01:02:42Z",
  "lfg_protocol": "ENGAGED",
  "applicationsPlanned": 16,
  "axTasksCompleted": 3,
  "status": "INTEGRATION_CYCLE_COMPLETED",
  "azAnalysisCompleted": 1
}
{
  "cSuiteDecisions": 8,
  "cycle": 26,
  "nclCapabilitiesUtilized": 2,
  "cashFlowOpportunitiesAnalyzed": 10,
  "timestamp": "2026-01-29T01:02:53Z",
  "lfg_protocol": "ENGAGED",
  "applicationsPlanned": 16,
  "axTasksCompleted": 3,
  "status": "INTEGRATION_CYCLE_COMPLETED",
  "azAnalysisCompleted": 1
}
{
  "cSuiteDecisions": 8,
  "cycle": 27,
  "nclCapabilitiesUtilized": 2,
  "cashFlowOpportunitiesAnalyzed": 10,
  "timestamp": "2026-01-29T01:03:02Z",
  "lfg_protocol": "ENGAGED",
  "applicationsPlanned": 16,
  "axTasksCompleted": 3,
  "status": "INTEGRATION_CYCLE_COMPLETED",
  "azAnalysisCompleted": 1
}
{
  "cSuiteDecisions": 8,
  "cycle": 28,
  "nclCapabilitiesUtilized": 2,
  "cashFlowOpportunitiesAnalyzed": 10,
  "timestamp": "2026-01-29T01:03:12Z",
  "lfg_protocol": "ENGAGED",
  "applicationsPlanned": 16,
  "axTasksCompleted": 3,
  "status": "INTEGRATION_CYCLE_COMPLETED",
  "azAnalysisCompleted": 1
}
{
  "cSuiteDecisions": 8,
  "cycle": 29,
  "nclCapabilitiesUtilized": 2,
  "cashFlowOpportunitiesAnalyzed": 10,
  "timestamp": "2026-01-29T01:03:23Z",
  "lfg_protocol": "ENGAGED",
  "applicationsPlanned": 16,
  "axTasksCompleted": 3,
  "status": "INTEGRATION_CYCLE_COMPLETED",
  "azAnalysisCompleted": 1
}
{
  "cSuiteDecisions": 8,
  "cycle": 30,
  "nclCapabilitiesUtilized": 2,
  "cashFlowOpportunitiesAnalyzed": 10,
  "timestamp": "2026-01-29T01:03:33Z",
  "lfg_protocol": "ENGAGED",
  "applicationsPlanned": 16,
  "axTasksCompleted": 3,
  "status": "INTEGRATION_CYCLE_COMPLETED",
  "azAnalysisCompleted": 1
}
