[2026-01-29 00:00:35] [MASTER-BRAIN] [ANALYZE] Initiating NAND Log Storage Analysis
[2026-01-29 00:00:36] [MASTER-BRAIN] [INSIGHT] NCC Operations Memory Analysis - Average: 84.26%, Peak: 84.26%
[2026-01-29 00:00:36] [MASTER-BRAIN] [INSIGHT] NCC Operations CPU Analysis - Average: 25.12%
[2026-01-29 00:00:37] [MASTER-BRAIN] [INSIGHT] AX Agent Activity Analysis:
[2026-01-29 00:00:37] [MASTER-BRAIN] [INSIGHT]   Risk assessment processing: 2 occurrences
[2026-01-29 00:00:37] [MASTER-BRAIN] [INSIGHT]   Cross-departmental coordination: 1 occurrences
[2026-01-29 00:00:37] [MASTER-BRAIN] [INSIGHT]   Performance optimization: 1 occurrences
[2026-01-29 00:00:37] [MASTER-BRAIN] [INSIGHT]   Market intelligence gathering: 1 occurrences
[2026-01-29 00:00:37] [MASTER-BRAIN] [INSIGHT]   Executive decision support: 1 occurrences
[2026-01-29 00:00:37] [MASTER-BRAIN] [COMPLETE] NAND Log Analysis Complete
[2026-01-29 00:00:37] [MASTER-BRAIN] [COMPLETE] Master Brain Storage Analysis Engine execution complete
[2026-01-29 00:00:40] [MASTER-BRAIN] [INFO] No specific operation specified. Running full analysis suite...
[2026-01-29 00:00:40] [MASTER-BRAIN] [ANALYZE] Initiating NAND Log Storage Analysis
[2026-01-29 00:00:41] [MASTER-BRAIN] [INSIGHT] NCC Operations Memory Analysis - Average: 84.26%, Peak: 84.26%
[2026-01-29 00:00:41] [MASTER-BRAIN] [INSIGHT] NCC Operations CPU Analysis - Average: 25.12%
[2026-01-29 00:00:42] [MASTER-BRAIN] [INSIGHT] AX Agent Activity Analysis:
[2026-01-29 00:00:42] [MASTER-BRAIN] [INSIGHT]   Risk assessment processing: 2 occurrences
[2026-01-29 00:00:42] [MASTER-BRAIN] [INSIGHT]   Cross-departmental coordination: 1 occurrences
[2026-01-29 00:00:42] [MASTER-BRAIN] [INSIGHT]   Performance optimization: 1 occurrences
[2026-01-29 00:00:42] [MASTER-BRAIN] [INSIGHT]   Market intelligence gathering: 1 occurrences
[2026-01-29 00:00:42] [MASTER-BRAIN] [INSIGHT]   Executive decision support: 1 occurrences
[2026-01-29 00:00:42] [MASTER-BRAIN] [COMPLETE] NAND Log Analysis Complete
[2026-01-29 00:00:42] [MASTER-BRAIN] [MONITOR] Initiating Storage Health Monitoring
[2026-01-29 00:00:42] [MASTER-BRAIN] [HEALTH] Data File: budgets.json - Size: 0.55 KB - Modified: 01/28/2026 23:37:22
[2026-01-29 00:00:42] [MASTER-BRAIN] [HEALTH] Data File: ledger.json - Size: 1.41 KB - Modified: 01/28/2026 23:24:50
[2026-01-29 00:00:42] [MASTER-BRAIN] [HEALTH] Data File: projects.json - Size: 3.65 KB - Modified: 01/28/2026 22:16:08
[2026-01-29 00:00:42] [MASTER-BRAIN] [HEALTH] Data File: settings.json - Size: 0.43 KB - Modified: 01/28/2026 23:41:06
[2026-01-29 00:00:42] [MASTER-BRAIN] [SUMMARY] Storage Health Summary - Files: 4 - Total Size: 0.01 MB
[2026-01-29 00:00:42] [MASTER-BRAIN] [HEALTH] Log File: ASG_Activation.log - Size: 0 MB
[2026-01-29 00:00:42] [MASTER-BRAIN] [HEALTH] Log File: AX_Agent_Log.log - Size: 0.1 MB
[2026-01-29 00:00:42] [MASTER-BRAIN] [HEALTH] Log File: Dashboard_Team.log - Size: 0 MB
[2026-01-29 00:00:42] [MASTER-BRAIN] [HEALTH] Log File: Master_Brain_Storage_Analysis.log - Size: 0 MB
[2026-01-29 00:00:42] [MASTER-BRAIN] [HEALTH] Log File: NCC_Continuous_Operations.log - Size: 0.34 MB
[2026-01-29 00:00:42] [MASTER-BRAIN] [OPTIMIZE] Initiating Storage Performance Optimization
[2026-01-29 00:00:43] [MASTER-BRAIN] [WARNING] Missing required fields in settings: compliance_level, operational_efficiency, ai_performance, security_score
[2026-01-29 00:00:44] [MASTER-BRAIN] [OPTIMIZE] Detected 34 potential duplicate log entries - consider log deduplication
[2026-01-29 00:00:44] [MASTER-BRAIN] [FORTRESS] Activating Faraday Fortress Security Protocols
[2026-01-29 00:00:44] [MASTER-BRAIN] [WARNING] Security Check FAILED: aac_growth_simulation_results.json - Excessive permissions detected
[2026-01-29 00:00:44] [MASTER-BRAIN] [WARNING] Entropy Check: aac_growth_simulation_results.json has low entropy - consider encryption
[2026-01-29 00:00:44] [MASTER-BRAIN] [WARNING] Security Check FAILED: aac_simulation_results.json - Excessive permissions detected
[2026-01-29 00:00:45] [MASTER-BRAIN] [WARNING] Entropy Check: aac_simulation_results.json has low entropy - consider encryption
[2026-01-29 00:00:45] [MASTER-BRAIN] [WARNING] Security Check FAILED: az_ncl_department_scan_report.json - Excessive permissions detected
[2026-01-29 00:00:45] [MASTER-BRAIN] [WARNING] Entropy Check: az_ncl_department_scan_report.json has low entropy - consider encryption
[2026-01-29 00:00:45] [MASTER-BRAIN] [WARNING] Security Check FAILED: budgets.json - Excessive permissions detected
[2026-01-29 00:00:45] [MASTER-BRAIN] [WARNING] Entropy Check: budgets.json has low entropy - consider encryption
[2026-01-29 00:00:45] [MASTER-BRAIN] [WARNING] Security Check FAILED: dashboard_status.json - Excessive permissions detected
[2026-01-29 00:00:45] [MASTER-BRAIN] [WARNING] Entropy Check: dashboard_status.json has low entropy - consider encryption
[2026-01-29 00:00:45] [MASTER-BRAIN] [WARNING] Security Check FAILED: dashboard_team.json - Excessive permissions detected
[2026-01-29 00:00:45] [MASTER-BRAIN] [WARNING] Entropy Check: dashboard_team.json has low entropy - consider encryption
[2026-01-29 00:00:45] [MASTER-BRAIN] [WARNING] Security Check FAILED: ledger.json - Excessive permissions detected
[2026-01-29 00:00:45] [MASTER-BRAIN] [WARNING] Entropy Check: ledger.json has low entropy - consider encryption
[2026-01-29 00:00:45] [MASTER-BRAIN] [WARNING] Security Check FAILED: ncc_employee_database.json - Excessive permissions detected
[2026-01-29 00:00:45] [MASTER-BRAIN] [WARNING] Entropy Check: ncc_employee_database.json has low entropy - consider encryption
[2026-01-29 00:00:45] [MASTER-BRAIN] [WARNING] Security Check FAILED: projects.json - Excessive permissions detected
[2026-01-29 00:00:45] [MASTER-BRAIN] [WARNING] Entropy Check: projects.json has low entropy - consider encryption
[2026-01-29 00:00:45] [MASTER-BRAIN] [WARNING] Security Check FAILED: settings.json - Excessive permissions detected
[2026-01-29 00:00:45] [MASTER-BRAIN] [WARNING] Entropy Check: settings.json has low entropy - consider encryption
[2026-01-29 00:00:45] [MASTER-BRAIN] [SUMMARY] Faraday Fortress Security Score: 0% (0/10 checks passed)
[2026-01-29 00:00:45] [MASTER-BRAIN] [COMPLETE] Master Brain Storage Analysis Engine execution complete
