[2026-01-29 22:36:31] [INFO] === NCC Data Governance System Started ===
[2026-01-29 22:36:31] [INFO] Mode: Audit, TargetUser: , TargetData: , DryRun: False
[2026-01-29 22:36:31] [INFO] Initializing NCC Data Governance System...
[2026-01-29 22:36:31] [INFO] Created directory: _enterprise/governance
[2026-01-29 22:36:31] [INFO] Created directory: _enterprise/governance/policies
[2026-01-29 22:36:31] [INFO] Created directory: _enterprise/governance/access_logs
[2026-01-29 22:36:31] [INFO] Created directory: _enterprise/governance/lineage
[2026-01-29 22:36:31] [INFO] Created directory: _enterprise/governance/compliance
[2026-01-29 22:36:31] [INFO] Governance system initialization completed
[2026-01-29 22:36:31] [INFO] Running governance audit...
[2026-01-29 22:36:31] [INFO] Governance audit completed. Suspicious activities: 0, Violations: 0
[2026-01-29 22:36:31] [INFO] === NCC Data Governance System Completed ===
[2026-01-29 22:36:31] [INFO] Execution result: SUCCESS
[2026-01-29 22:41:15] [INFO] === NCC Data Governance System Started ===
[2026-01-29 22:41:15] [INFO] Mode: Audit, TargetUser: , TargetData: , DryRun: False
[2026-01-29 22:41:15] [INFO] Initializing NCC Data Governance System...
[2026-01-29 22:41:15] [INFO] Loaded 3 governance policies
[2026-01-29 22:41:15] [INFO] Loaded access control list with 2 users
[2026-01-29 22:41:15] [INFO] Governance system initialization completed
[2026-01-29 22:41:15] [INFO] Running governance audit...
[2026-01-29 22:41:15] [INFO] Governance audit completed. Suspicious activities: 0, Violations: 0
[2026-01-29 22:41:15] [INFO] === NCC Data Governance System Completed ===
[2026-01-29 22:41:15] [INFO] Execution result: SUCCESS
