[2026-01-29 22:13:40] [INFO] [AssetManagement] === NCC Asset Management Integration v1.0.0 ===
[2026-01-29 22:13:40] [INFO] [AssetManagement] Action: Status, Provider: Alpaca
[2026-01-29 22:13:41] [INFO] [AssetManagement] Command completed: Status
[2026-01-29 22:14:19] [INFO] [AssetManagement] === NCC Asset Management Integration v1.0.0 ===
[2026-01-29 22:14:19] [INFO] [AssetManagement] Action: Status, Provider: Alpaca
[2026-01-29 22:14:20] [INFO] [AssetManagement] Command completed: Status
[2026-01-29 22:14:20] [INFO] [AssetManagement] === NCC Asset Management Integration v1.0.0 ===
[2026-01-29 22:14:20] [INFO] [AssetManagement] Action: Test, Provider: Alpaca
[2026-01-29 22:14:20] [INFO] [AssetManagement] Running asset management tests
[2026-01-29 22:14:29] [INFO] [AssetManagement] === NCC Asset Management Integration v1.0.0 ===
[2026-01-29 22:14:29] [INFO] [AssetManagement] Action: Status, Provider: Alpaca
[2026-01-29 22:14:29] [INFO] [AssetManagement] Command completed: Status
[2026-01-29 22:14:29] [INFO] [AssetManagement] === NCC Asset Management Integration v1.0.0 ===
[2026-01-29 22:14:29] [INFO] [AssetManagement] Action: Test, Provider: Alpaca
[2026-01-29 22:14:29] [INFO] [AssetManagement] Running asset management tests
[2026-01-29 22:14:33] [INFO] [AssetManagement] === NCC Asset Management Integration v1.0.0 ===
[2026-01-29 22:14:33] [INFO] [AssetManagement] Action: Status, Provider: Alpaca
[2026-01-29 22:14:33] [INFO] [AssetManagement] Command completed: Status
[2026-01-29 22:14:33] [INFO] [AssetManagement] === NCC Asset Management Integration v1.0.0 ===
[2026-01-29 22:14:33] [INFO] [AssetManagement] Action: Test, Provider: Alpaca
[2026-01-29 22:14:33] [INFO] [AssetManagement] Running asset management tests
