[2026-01-29 22:13:52] [INFO] [BusinessOperations] === NCC Business Operations Integration v1.0.0 ===
[2026-01-29 22:13:52] [INFO] [BusinessOperations] Action: Status, System: SAP
[2026-01-29 22:13:53] [INFO] [BusinessOperations] Command completed: Status
[2026-01-29 22:14:21] [INFO] [BusinessOperations] === NCC Business Operations Integration v1.0.0 ===
[2026-01-29 22:14:21] [INFO] [BusinessOperations] Action: Status, System: SAP
[2026-01-29 22:14:22] [INFO] [BusinessOperations] Command completed: Status
[2026-01-29 22:14:22] [INFO] [BusinessOperations] === NCC Business Operations Integration v1.0.0 ===
[2026-01-29 22:14:22] [INFO] [BusinessOperations] Action: Test, System: SAP
[2026-01-29 22:14:22] [INFO] [BusinessOperations] Running business operations tests
[2026-01-29 22:14:27] [INFO] [BusinessOperations] === NCC Business Operations Integration v1.0.0 ===
[2026-01-29 22:14:27] [INFO] [BusinessOperations] Action: GenerateReport, System: SAP
[2026-01-29 22:14:27] [INFO] [BusinessOperations] Generating sales report from 01/22/2026 22:14:26 to 01/29/2026 22:14:26
[2026-01-29 22:14:27] [SALES] [BusinessOperations] Retrieving sales data from 01/22/2026 22:14:26 to 01/29/2026 22:14:26
[2026-01-29 22:14:30] [INFO] [BusinessOperations] === NCC Business Operations Integration v1.0.0 ===
[2026-01-29 22:14:30] [INFO] [BusinessOperations] Action: Status, System: SAP
[2026-01-29 22:14:30] [INFO] [BusinessOperations] Command completed: Status
[2026-01-29 22:14:30] [INFO] [BusinessOperations] === NCC Business Operations Integration v1.0.0 ===
[2026-01-29 22:14:30] [INFO] [BusinessOperations] Action: Test, System: SAP
[2026-01-29 22:14:30] [INFO] [BusinessOperations] Running business operations tests
[2026-01-29 22:14:33] [INFO] [BusinessOperations] === NCC Business Operations Integration v1.0.0 ===
[2026-01-29 22:14:33] [INFO] [BusinessOperations] Action: Status, System: SAP
[2026-01-29 22:14:33] [INFO] [BusinessOperations] Command completed: Status
[2026-01-29 22:14:33] [INFO] [BusinessOperations] === NCC Business Operations Integration v1.0.0 ===
[2026-01-29 22:14:33] [INFO] [BusinessOperations] Action: Test, System: SAP
[2026-01-29 22:14:33] [INFO] [BusinessOperations] Running business operations tests
