[2026-01-29 22:13:28] [INFO] [PaymentProcessor] === NCC Payment Processor Integration v1.0.0 ===
[2026-01-29 22:13:28] [INFO] [PaymentProcessor] Action: Status, Processor: Stripe
[2026-01-29 22:13:29] [INFO] [PaymentProcessor] Command completed: Status
[2026-01-29 22:14:18] [INFO] [PaymentProcessor] === NCC Payment Processor Integration v1.0.0 ===
[2026-01-29 22:14:18] [INFO] [PaymentProcessor] Action: Status, Processor: Stripe
[2026-01-29 22:14:19] [INFO] [PaymentProcessor] Command completed: Status
[2026-01-29 22:14:19] [INFO] [PaymentProcessor] === NCC Payment Processor Integration v1.0.0 ===
[2026-01-29 22:14:19] [INFO] [PaymentProcessor] Action: Test, Processor: Stripe
[2026-01-29 22:14:19] [INFO] [PaymentProcessor] Running payment processor tests
[2026-01-29 22:14:28] [INFO] [PaymentProcessor] === NCC Payment Processor Integration v1.0.0 ===
[2026-01-29 22:14:28] [INFO] [PaymentProcessor] Action: ListPayments, Processor: Stripe
[2026-01-29 22:14:28] [INFO] [PaymentProcessor] Retrieving payment list (limit: 1000)
[2026-01-29 22:14:31] [INFO] [PaymentProcessor] === NCC Payment Processor Integration v1.0.0 ===
[2026-01-29 22:14:31] [INFO] [PaymentProcessor] Action: Status, Processor: Stripe
[2026-01-29 22:14:32] [INFO] [PaymentProcessor] Command completed: Status
[2026-01-29 22:14:32] [INFO] [PaymentProcessor] === NCC Payment Processor Integration v1.0.0 ===
[2026-01-29 22:14:32] [INFO] [PaymentProcessor] Action: Test, Processor: Stripe
[2026-01-29 22:14:32] [INFO] [PaymentProcessor] Running payment processor tests
[2026-01-29 22:14:33] [INFO] [PaymentProcessor] === NCC Payment Processor Integration v1.0.0 ===
[2026-01-29 22:14:33] [INFO] [PaymentProcessor] Action: Status, Processor: Stripe
[2026-01-29 22:14:33] [INFO] [PaymentProcessor] Command completed: Status
[2026-01-29 22:14:33] [INFO] [PaymentProcessor] === NCC Payment Processor Integration v1.0.0 ===
[2026-01-29 22:14:33] [INFO] [PaymentProcessor] Action: Test, Processor: Stripe
[2026-01-29 22:14:33] [INFO] [PaymentProcessor] Running payment processor tests
