[2026-01-29 22:43:57] [MAINTENANCE] [INFO] NCC Daily Maintenance System Status
[2026-01-29 22:43:57] [MAINTENANCE] [INFO] =
[2026-01-29 22:44:00] [MAINTENANCE] [SUCCESS] Scheduled Task: REGISTERED
[2026-01-29 22:44:00] [MAINTENANCE] [INFO]   • Task Name: NCC_Daily_Maintenance
[2026-01-29 22:44:00] [MAINTENANCE] [INFO]   • Schedule: Daily at 02:00
[2026-01-29 22:44:00] [MAINTENANCE] [INFO]   • State: Ready
[2026-01-29 22:44:00] [MAINTENANCE] [INFO]   • Last Run: 
[2026-01-29 22:44:00] [MAINTENANCE] [INFO]   • Next Run: 
[2026-01-29 22:44:00] [MAINTENANCE] [SUCCESS] Maintenance Log: EXISTS
[2026-01-29 22:44:00] [MAINTENANCE] [INFO]   • Location: C:\Users\gripa\OneDrive\Desktop\NCC\NCC-Doctrine\logs\NCC_Daily_Maintenance.log
[2026-01-29 22:44:00] [MAINTENANCE] [INFO]   • Size: 0.53 KB
[2026-01-29 22:44:00] [MAINTENANCE] [INFO]   • Last Modified: 01/29/2026 22:44:00
[2026-01-29 22:44:00] [MAINTENANCE] [SUCCESS] Backup Directory: EXISTS
[2026-01-29 22:44:00] [MAINTENANCE] [INFO]   • Location: C:\Users\gripa\OneDrive\Desktop\NCC\NCC-Doctrine\backups
[2026-01-29 22:44:00] [MAINTENANCE] [INFO]   • Backup Sets: 26
[2026-01-29 22:44:00] [MAINTENANCE] [INFO] 
[2026-01-29 22:44:00] [MAINTENANCE] [INFO] Available Commands:
[2026-01-29 22:44:00] [MAINTENANCE] [INFO]   .\NCC.DailyMaintenance.ps1 -RunDailyMaintenance    # Run full daily maintenance
[2026-01-29 22:44:00] [MAINTENANCE] [INFO]   .\NCC.DailyMaintenance.ps1 -RunSystemAudit        # Run system audit only
[2026-01-29 22:44:00] [MAINTENANCE] [INFO]   .\NCC.DailyMaintenance.ps1 -RunDataBackup         # Run data backup only
[2026-01-29 22:44:00] [MAINTENANCE] [INFO]   .\NCC.DailyMaintenance.ps1 -RunPerformanceOptimization # Run optimization only
[2026-01-29 22:44:00] [MAINTENANCE] [INFO]   .\NCC.DailyMaintenance.ps1 -RunSecurityCheck      # Run security check only
[2026-01-29 22:44:00] [MAINTENANCE] [INFO]   .\NCC.DailyMaintenance.ps1 -RunAll                # Run all maintenance tasks
[2026-01-29 22:44:00] [MAINTENANCE] [INFO]   .\NCC.DailyMaintenance.ps1 -ScheduleTasks         # Register daily scheduled task
[2026-01-29 22:44:00] [MAINTENANCE] [INFO]   .\NCC.DailyMaintenance.ps1 -UnscheduleTasks       # Remove scheduled task
[2026-01-29 22:44:00] [MAINTENANCE] [INFO]   .\NCC.DailyMaintenance.ps1 -ShowStatus            # Show system status
