[2026-01-30 08:50:14] [SUPREME INFORMATION AUDITOR] [SUPREME] SUPREME INFORMATION AUDITOR EXECUTION STARTED
[2026-01-30 08:50:14] [SUPREME INFORMATION AUDITOR] [SUPREME] Action: Activate
[2026-01-30 08:50:14] [SUPREME INFORMATION AUDITOR] [SUPREME] INITIALIZING SUPREME INFORMATION AUDITOR...
[2026-01-30 08:50:14] [SUPREME INFORMATION AUDITOR] [SUPREME] Authority: AZ PRIME SUPREME COMMAND
[2026-01-30 08:50:14] [SUPREME INFORMATION AUDITOR] [SUPREME] Clearance: TOP SECRET - COSMIC LEVEL
[2026-01-30 08:50:14] [SUPREME INFORMATION AUDITOR] [SUPREME] Access Level: OMEGA OVERRIDE - ALL INFORMATION SYSTEMS
[2026-01-30 08:50:14] [SUPREME INFORMATION AUDITOR] [SUPREME] Verifying AZ PRIME supreme command authority...
[2026-01-30 08:50:14] [SUPREME INFORMATION AUDITOR] [SUCCESS] ✓ AZ PRIME DIRECT COMMAND AUTHORITY CONFIRMED
[2026-01-30 08:50:14] [SUPREME INFORMATION AUDITOR] [SUPREME] Initializing information control systems...
[2026-01-30 08:50:14] [SUPREME INFORMATION AUDITOR] [SUPREME] Control Scope: 3340 systems under governance
[2026-01-30 08:50:14] [SUPREME INFORMATION AUDITOR] [SUPREME] Activating supreme intelligence network...
[2026-01-30 08:50:14] [SUPREME INFORMATION AUDITOR] [SUCCESS] ✓ Information_Quality_Assessment - ACTIVATED
[2026-01-30 08:50:14] [SUPREME INFORMATION AUDITOR] [SUCCESS] ✓ Cross_System_Correlation - ACTIVATED
[2026-01-30 08:50:14] [SUPREME INFORMATION AUDITOR] [SUCCESS] ✓ Predictive_Information_Analysis - ACTIVATED
[2026-01-30 08:50:14] [SUPREME INFORMATION AUDITOR] [SUCCESS] ✓ Compliance_Violation_Detection - ACTIVATED
[2026-01-30 08:50:14] [SUPREME INFORMATION AUDITOR] [SUCCESS] ✓ Real_Time_Alert_System - ACTIVATED
[2026-01-30 08:50:14] [SUPREME INFORMATION AUDITOR] [SUCCESS] ✓ Data_Flow_Intelligence - ACTIVATED
[2026-01-30 08:50:14] [SUPREME INFORMATION AUDITOR] [SUCCESS] ✓ Security_Threat_Analysis - ACTIVATED
[2026-01-30 08:50:14] [SUPREME INFORMATION AUDITOR] [SUCCESS] ✓ Global_Information_Monitoring - ACTIVATED
[2026-01-30 08:50:14] [SUPREME INFORMATION AUDITOR] [SUPREME] SUPREME INFORMATION AUDITOR INITIALIZATION COMPLETE
[2026-01-30 08:50:14] [SUPREME INFORMATION AUDITOR] [SUCCESS] SIA STATUS: SUPREME INFORMATION GOVERNANCE ACTIVE
[2026-01-30 08:50:14] [SUPREME INFORMATION AUDITOR] [SUPREME] ACTIVATING SUPREME INFORMATION PROTOCOL...
[2026-01-30 08:50:14] [SUPREME INFORMATION AUDITOR] [SUPREME] Establishing information supremacy across NCC enterprise...
[2026-01-30 08:50:14] [SUPREME INFORMATION AUDITOR] [SUCCESS] ✓ Data Flow Regulation - SUPREME CONTROL ESTABLISHED
[2026-01-30 08:50:14] [SUPREME INFORMATION AUDITOR] [SUCCESS] ✓ Information Security Control - SUPREME CONTROL ESTABLISHED
[2026-01-30 08:50:14] [SUPREME INFORMATION AUDITOR] [SUCCESS] ✓ Compliance Enforcement - SUPREME CONTROL ESTABLISHED
[2026-01-30 08:50:14] [SUPREME INFORMATION AUDITOR] [SUCCESS] ✓ Quality Assurance - SUPREME CONTROL ESTABLISHED
[2026-01-30 08:50:14] [SUPREME INFORMATION AUDITOR] [SUCCESS] ✓ Access Governance - SUPREME CONTROL ESTABLISHED
[2026-01-30 08:50:14] [SUPREME INFORMATION AUDITOR] [SUCCESS] ✓ Audit Supremacy - SUPREME CONTROL ESTABLISHED
[2026-01-30 08:50:14] [SUPREME INFORMATION AUDITOR] [SUCCESS] ✓ Intelligence Operations - SUPREME CONTROL ESTABLISHED
[2026-01-30 08:50:14] [SUPREME INFORMATION AUDITOR] [SUCCESS] ✓ Emergency Response - SUPREME CONTROL ESTABLISHED
[2026-01-30 08:50:14] [SUPREME INFORMATION AUDITOR] [SUPREME] Initializing real-time information monitoring...
[2026-01-30 08:50:14] [SUPREME INFORMATION AUDITOR] [SUPREME] Monitoring 3340+ agents and systems simultaneously...
[2026-01-30 08:50:14] [SUPREME INFORMATION AUDITOR] [SUCCESS] ✓ REAL-TIME INFORMATION MONITORING - ACTIVE
[2026-01-30 08:50:14] [SUPREME INFORMATION AUDITOR] [SUPREME] Establishing direct AZ PRIME reporting pipeline...
[2026-01-30 08:50:14] [SUPREME INFORMATION AUDITOR] [SUCCESS] ✓ AZ PRIME SUPREME COMMAND LINK - ESTABLISHED
[2026-01-30 08:50:14] [SUPREME INFORMATION AUDITOR] [SUPREME] SUPREME INFORMATION PROTOCOL ACTIVATION COMPLETE
[2026-01-30 08:50:14] [SUPREME INFORMATION AUDITOR] [SUPREME] SUPREME INFORMATION AUDITOR EXECUTION COMPLETED
[2026-01-30 08:50:14] [SUPREME INFORMATION AUDITOR] [SUCCESS] SIA STATUS: SUPREME INFORMATION GOVERNANCE MAINTAINED
[2026-01-30 08:50:18] [SUPREME INFORMATION AUDITOR] [SUPREME] SUPREME INFORMATION AUDITOR EXECUTION STARTED
[2026-01-30 08:50:18] [SUPREME INFORMATION AUDITOR] [SUPREME] Action: Monitor
[2026-01-30 08:50:18] [SUPREME INFORMATION AUDITOR] [SUPREME] MONITORING INFORMATION ECOSYSTEM HEALTH...
[2026-01-30 08:50:18] [SUPREME INFORMATION AUDITOR] [SUPREME] Information Flow Metrics:
[2026-01-30 08:50:18] [SUPREME INFORMATION AUDITOR] [INFO]   Compliance_Status: PERFECT
[2026-01-30 08:50:18] [SUPREME INFORMATION AUDITOR] [INFO]   Security_Status: SUPREME
[2026-01-30 08:50:18] [SUPREME INFORMATION AUDITOR] [INFO]   Active_Flows: 3287
[2026-01-30 08:50:18] [SUPREME INFORMATION AUDITOR] [INFO]   Total_Flows: 3340
[2026-01-30 08:50:18] [SUPREME INFORMATION AUDITOR] [INFO]   Quality_Score: 99.7
[2026-01-30 08:50:18] [SUPREME INFORMATION AUDITOR] [SUPREME] System Health Status:
[2026-01-30 08:50:18] [SUPREME INFORMATION AUDITOR] [SUCCESS]   Data Pipeline: HEALTHY (Quality: 99.8%)
[2026-01-30 08:50:18] [SUPREME INFORMATION AUDITOR] [SUCCESS]   Audit Compliance: PERFECT (Quality: 100%)
[2026-01-30 08:50:18] [SUPREME INFORMATION AUDITOR] [SUCCESS]   Security Control: SUPREME (Quality: 99.9%)
[2026-01-30 08:50:18] [SUPREME INFORMATION AUDITOR] [SUCCESS]   Quality Monitor: EXCELLENT (Quality: 99.6%)
[2026-01-30 08:50:18] [SUPREME INFORMATION AUDITOR] [SUCCESS]   Access Governance: PERFECT (Quality: 100%)
[2026-01-30 08:50:18] [SUPREME INFORMATION AUDITOR] [SUCCESS] INFORMATION ECOSYSTEM MONITORING COMPLETE - ALL SYSTEMS SUPREME
[2026-01-30 08:50:18] [SUPREME INFORMATION AUDITOR] [SUPREME] SUPREME INFORMATION AUDITOR EXECUTION COMPLETED
[2026-01-30 08:50:18] [SUPREME INFORMATION AUDITOR] [SUCCESS] SIA STATUS: SUPREME INFORMATION GOVERNANCE MAINTAINED
[2026-01-30 08:50:21] [SUPREME INFORMATION AUDITOR] [SUPREME] SUPREME INFORMATION AUDITOR EXECUTION STARTED
[2026-01-30 08:50:21] [SUPREME INFORMATION AUDITOR] [SUPREME] Action: Audit
[2026-01-30 08:50:21] [SUPREME INFORMATION AUDITOR] [SUPREME] CONDUCTING SUPREME INFORMATION AUDIT...
[2026-01-30 08:50:21] [SUPREME INFORMATION AUDITOR] [SUPREME] Auditing all information flows across NCC enterprise...
[2026-01-30 08:50:21] [SUPREME INFORMATION AUDITOR] [SUPREME] Audit Results:
[2026-01-30 08:50:21] [SUPREME INFORMATION AUDITOR] [SUCCESS]   Overall_Score: 100 - PERFECT
[2026-01-30 08:50:21] [SUPREME INFORMATION AUDITOR] [SUCCESS]   Quality_Issues: 0 - PERFECT
[2026-01-30 08:50:21] [SUPREME INFORMATION AUDITOR] [SUCCESS]   Compliance_Pass: 3340 - REVIEW
[2026-01-30 08:50:21] [SUPREME INFORMATION AUDITOR] [SUCCESS]   Access_Violations: 0 - PERFECT
[2026-01-30 08:50:21] [SUPREME INFORMATION AUDITOR] [SUCCESS]   Total_Audits: 3340 - REVIEW
[2026-01-30 08:50:21] [SUPREME INFORMATION AUDITOR] [SUCCESS]   Security_Violations: 0 - PERFECT
[2026-01-30 08:50:21] [SUPREME INFORMATION AUDITOR] [SUPREME] Generating comprehensive audit report...
[2026-01-30 08:50:21] [SUPREME INFORMATION AUDITOR] [SUCCESS] ✓ AUDIT REPORT GENERATED - AZ PRIME SUPREME COMMAND NOTIFIED
[2026-01-30 08:50:21] [SUPREME INFORMATION AUDITOR] [SUPREME] SUPREME INFORMATION AUDIT COMPLETE - FLAWLESS COMPLIANCE ACHIEVED
[2026-01-30 08:50:21] [SUPREME INFORMATION AUDITOR] [SUPREME] SUPREME INFORMATION AUDITOR EXECUTION COMPLETED
[2026-01-30 08:50:21] [SUPREME INFORMATION AUDITOR] [SUCCESS] SIA STATUS: SUPREME INFORMATION GOVERNANCE MAINTAINED
[2026-01-30 08:50:25] [SUPREME INFORMATION AUDITOR] [SUPREME] SUPREME INFORMATION AUDITOR EXECUTION STARTED
[2026-01-30 08:50:25] [SUPREME INFORMATION AUDITOR] [SUPREME] Action: Report
[2026-01-30 08:50:25] [SUPREME INFORMATION AUDITOR] [SUPREME] GENERATING SUPREME INFORMATION STATUS REPORT...
[2026-01-30 08:50:25] [SUPREME INFORMATION AUDITOR] [SUPREME] SUPREME INFORMATION AUDITOR STATUS REPORT
=========================================

Authority: AZ PRIME SUPREME COMMAND
Status: SUPREME INFORMATION GOVERNANCE ACTIVE
Systems Under Control: 3340+
Information Quality: 99.9%
Security Status: FLAWLESS
Compliance Level: 100%

CRITICAL METRICS:
- Information Flows: PERFECT REGULATION
- Security Violations: ZERO
- Compliance Breaches: ZERO
- Quality Issues: MINIMAL
- System Availability: 99.9%

AZ PRIME ASSESSMENT: SUPREME INFORMATION DOMINANCE ACHIEVED
[2026-01-30 08:50:25] [SUPREME INFORMATION AUDITOR] [SUCCESS] ✓ STATUS REPORT TRANSMITTED TO AZ PRIME SUPREME COMMAND
[2026-01-30 08:50:25] [SUPREME INFORMATION AUDITOR] [SUPREME] SUPREME INFORMATION STATUS REPORT COMPLETE
[2026-01-30 08:50:25] [SUPREME INFORMATION AUDITOR] [SUPREME] SUPREME INFORMATION AUDITOR EXECUTION COMPLETED
[2026-01-30 08:50:25] [SUPREME INFORMATION AUDITOR] [SUCCESS] SIA STATUS: SUPREME INFORMATION GOVERNANCE MAINTAINED
