[2026-01-28 23:12:11] [ASG] [STATUS] Checking NCC system status
[2026-01-28 23:12:13] [ASG] [STATUS] NCC Continuous Operations: INACTIVE
[2026-01-28 23:12:13] [ASG] [STATUS] Data integrity: HEALTHY
[2026-01-28 23:12:15] [ASG] [STATUS] Checking NCC system status
[2026-01-28 23:12:16] [ASG] [STATUS] NCC Continuous Operations: INACTIVE
[2026-01-28 23:12:16] [ASG] [STATUS] Data integrity: HEALTHY
[2026-01-28 23:12:46] [ASG] [STATUS] Checking NCC system status
[2026-01-28 23:12:47] [ASG] [STATUS] NCC Continuous Operations: INACTIVE
[2026-01-28 23:12:47] [ASG] [STATUS] Data integrity: HEALTHY
[2026-01-28 23:14:13] [ASG] [STATUS] Checking NCC system status
[2026-01-28 23:14:15] [ASG] [STATUS] NCC Continuous Operations: INACTIVE
[2026-01-28 23:14:15] [ASG] [STATUS] Data integrity: HEALTHY
[2026-01-28 23:18:30] [ASG] [ACTIVATE] Initiating NCC ASG Activation Protocol
[2026-01-28 23:18:31] [ASG] [ACTIVATE] Initializing system data
[2026-01-28 23:18:33] [ASG] [ACTIVATE] Launching continuous operations with 30-second cycle intervals
[2026-01-28 23:18:36] [ASG] [ERROR] ASG Activation failed - No processes detected
[2026-01-28 23:18:46] [ASG] [STATUS] Checking NCC system status
[2026-01-28 23:18:47] [ASG] [STATUS] NCC Continuous Operations: INACTIVE
[2026-01-28 23:18:47] [ASG] [STATUS] Data integrity: HEALTHY
[2026-01-28 23:18:54] [ASG] [ACTIVATE] Initiating NCC ASG Activation Protocol
[2026-01-28 23:18:55] [ASG] [ACTIVATE] Initializing system data
[2026-01-28 23:18:57] [ASG] [ACTIVATE] Launching continuous operations with 30-second cycle intervals
[2026-01-28 23:18:59] [ASG] [ERROR] ASG Activation failed - No processes detected
[2026-01-28 23:39:30] [ASG] [ACTIVATE] Initiating NCC ASG Activation Protocol
[2026-01-28 23:39:32] [ASG] [ACTIVATE] Initializing system data
[2026-01-28 23:39:32] [ASG] [ACTIVATE] Launching continuous operations with 30-second cycle intervals
[2026-01-28 23:39:35] [ASG] [ERROR] ASG Activation failed - No processes detected
[2026-01-29 01:15:20] [ASG] [ACTIVATE] Initiating NCC ASG Activation Protocol
[2026-01-29 01:15:22] [ASG] [ACTIVATE] Initializing system data
[2026-01-29 01:15:23] [ASG] [ACTIVATE] Launching continuous operations with 30-second cycle intervals
[2026-01-29 01:15:26] [ASG] [ERROR] ASG Activation failed - No processes detected
[2026-01-29 01:17:29] [ASG] [ACTIVATE] Initiating NCC ASG Activation Protocol
[2026-01-29 01:17:30] [ASG] [ACTIVATE] Initializing system data
[2026-01-29 01:17:30] [ASG] [ACTIVATE] Launching continuous operations with 30-second cycle intervals
[2026-01-29 01:17:33] [ASG] [ERROR] ASG Activation failed - No processes detected
[2026-01-29 01:19:34] [ASG] [ACTIVATE] Initiating NCC ASG Activation Protocol
[2026-01-29 01:19:35] [ASG] [ACTIVATE] Initializing system data
[2026-01-29 01:19:36] [ASG] [ACTIVATE] Launching continuous operations with 30-second cycle intervals
[2026-01-29 01:19:39] [ASG] [ERROR] ASG Activation failed - No processes detected
[2026-01-29 01:21:41] [ASG] [ACTIVATE] Initiating NCC ASG Activation Protocol
[2026-01-29 01:21:43] [ASG] [ACTIVATE] Initializing system data
[2026-01-29 01:21:43] [ASG] [ACTIVATE] Launching continuous operations with 30-second cycle intervals
[2026-01-29 01:21:46] [ASG] [ERROR] ASG Activation failed - No processes detected
[2026-01-29 01:23:47] [ASG] [ACTIVATE] Initiating NCC ASG Activation Protocol
[2026-01-29 01:23:48] [ASG] [ACTIVATE] Initializing system data
[2026-01-29 01:23:49] [ASG] [ACTIVATE] Launching continuous operations with 30-second cycle intervals
[2026-01-29 01:23:51] [ASG] [ERROR] ASG Activation failed - No processes detected
[2026-01-29 01:25:53] [ASG] [ACTIVATE] Initiating NCC ASG Activation Protocol
[2026-01-29 01:25:54] [ASG] [ACTIVATE] Initializing system data
[2026-01-29 01:25:55] [ASG] [ACTIVATE] Launching continuous operations with 30-second cycle intervals
[2026-01-29 01:25:57] [ASG] [ERROR] ASG Activation failed - No processes detected
