{
  "timestamp": "2026-01-29T01:28:07Z",
  "recommendationsImplemented": 0,
  "status": "BOARD_MEETING_COMPLETE_AZ_IMPLEMENTATION_SUCCESSFUL",
  "azAuditIntegrated": false,
  "departmentsOptimized": 0,
  "cycle": 1,
  "lfg_protocol": "MAXIMUM_EFFICIENCY_ENGAGED"
}
{
  "timestamp": "2026-01-29T01:28:18Z",
  "recommendationsImplemented": 0,
  "status": "BOARD_MEETING_COMPLETE_AZ_IMPLEMENTATION_SUCCESSFUL",
  "azAuditIntegrated": false,
  "departmentsOptimized": 0,
  "cycle": 2,
  "lfg_protocol": "MAXIMUM_EFFICIENCY_ENGAGED"
}
{
  "timestamp": "2026-01-29T01:28:30Z",
  "recommendationsImplemented": 0,
  "status": "BOARD_MEETING_COMPLETE_AZ_IMPLEMENTATION_SUCCESSFUL",
  "azAuditIntegrated": false,
  "departmentsOptimized": 0,
  "cycle": 3,
  "lfg_protocol": "MAXIMUM_EFFICIENCY_ENGAGED"
}
{
  "timestamp": "2026-01-29T01:28:40Z",
  "recommendationsImplemented": 0,
  "status": "BOARD_MEETING_COMPLETE_AZ_IMPLEMENTATION_SUCCESSFUL",
  "azAuditIntegrated": false,
  "departmentsOptimized": 0,
  "cycle": 4,
  "lfg_protocol": "MAXIMUM_EFFICIENCY_ENGAGED"
}
{
  "timestamp": "2026-01-29T01:28:50Z",
  "recommendationsImplemented": 0,
  "status": "BOARD_MEETING_COMPLETE_AZ_IMPLEMENTATION_SUCCESSFUL",
  "azAuditIntegrated": false,
  "departmentsOptimized": 0,
  "cycle": 5,
  "lfg_protocol": "MAXIMUM_EFFICIENCY_ENGAGED"
}
{
  "timestamp": "2026-01-29T01:29:00Z",
  "recommendationsImplemented": 0,
  "status": "BOARD_MEETING_COMPLETE_AZ_IMPLEMENTATION_SUCCESSFUL",
  "azAuditIntegrated": false,
  "departmentsOptimized": 0,
  "cycle": 6,
  "lfg_protocol": "MAXIMUM_EFFICIENCY_ENGAGED"
}
{
  "timestamp": "2026-01-29T01:29:10Z",
  "recommendationsImplemented": 0,
  "status": "BOARD_MEETING_COMPLETE_AZ_IMPLEMENTATION_SUCCESSFUL",
  "azAuditIntegrated": false,
  "departmentsOptimized": 0,
  "cycle": 7,
  "lfg_protocol": "MAXIMUM_EFFICIENCY_ENGAGED"
}
{
  "timestamp": "2026-01-29T01:29:20Z",
  "recommendationsImplemented": 0,
  "status": "BOARD_MEETING_COMPLETE_AZ_IMPLEMENTATION_SUCCESSFUL",
  "azAuditIntegrated": false,
  "departmentsOptimized": 0,
  "cycle": 8,
  "lfg_protocol": "MAXIMUM_EFFICIENCY_ENGAGED"
}
{
  "timestamp": "2026-01-29T01:29:30Z",
  "recommendationsImplemented": 0,
  "status": "BOARD_MEETING_COMPLETE_AZ_IMPLEMENTATION_SUCCESSFUL",
  "azAuditIntegrated": false,
  "departmentsOptimized": 0,
  "cycle": 9,
  "lfg_protocol": "MAXIMUM_EFFICIENCY_ENGAGED"
}
{
  "timestamp": "2026-01-29T01:29:40Z",
  "recommendationsImplemented": 0,
  "status": "BOARD_MEETING_COMPLETE_AZ_IMPLEMENTATION_SUCCESSFUL",
  "azAuditIntegrated": false,
  "departmentsOptimized": 0,
  "cycle": 10,
  "lfg_protocol": "MAXIMUM_EFFICIENCY_ENGAGED"
}
{
  "timestamp": "2026-01-29T01:29:50Z",
  "recommendationsImplemented": 0,
  "status": "BOARD_MEETING_COMPLETE_AZ_IMPLEMENTATION_SUCCESSFUL",
  "azAuditIntegrated": false,
  "departmentsOptimized": 0,
  "cycle": 11,
  "lfg_protocol": "MAXIMUM_EFFICIENCY_ENGAGED"
}
{
  "timestamp": "2026-01-29T01:30:01Z",
  "recommendationsImplemented": 0,
  "status": "BOARD_MEETING_COMPLETE_AZ_IMPLEMENTATION_SUCCESSFUL",
  "azAuditIntegrated": false,
  "departmentsOptimized": 0,
  "cycle": 12,
  "lfg_protocol": "MAXIMUM_EFFICIENCY_ENGAGED"
}
{
  "recommendationsImplemented": 0,
  "departmentsOptimized": 0,
  "azAuditIntegrated": false,
  "status": "BOARD_MEETING_COMPLETE_AZ_IMPLEMENTATION_SUCCESSFUL",
  "timestamp": "2026-01-29T01:32:13Z",
  "lfg_protocol": "MAXIMUM_EFFICIENCY_ENGAGED",
  "cycle": 1
}
{
  "recommendationsImplemented": 0,
  "azAuditIntegrated": false,
  "timestamp": "2026-01-29T01:36:57Z",
  "departmentsOptimized": 0,
  "lfg_protocol": "MAXIMUM_EFFICIENCY_ENGAGED",
  "status": "BOARD_MEETING_COMPLETE_AZ_IMPLEMENTATION_SUCCESSFUL",
  "cycle": 1
}
{
  "recommendationsImplemented": 0,
  "azAuditIntegrated": false,
  "timestamp": "2026-01-29T01:37:01Z",
  "departmentsOptimized": 0,
  "lfg_protocol": "MAXIMUM_EFFICIENCY_ENGAGED",
  "status": "BOARD_MEETING_COMPLETE_AZ_IMPLEMENTATION_SUCCESSFUL",
  "cycle": 2
}
{
  "recommendationsImplemented": 0,
  "azAuditIntegrated": false,
  "timestamp": "2026-01-29T01:37:04Z",
  "departmentsOptimized": 0,
  "lfg_protocol": "MAXIMUM_EFFICIENCY_ENGAGED",
  "status": "BOARD_MEETING_COMPLETE_AZ_IMPLEMENTATION_SUCCESSFUL",
  "cycle": 3
}
{
  "recommendationsImplemented": 0,
  "azAuditIntegrated": false,
  "timestamp": "2026-01-29T01:37:08Z",
  "departmentsOptimized": 0,
  "lfg_protocol": "MAXIMUM_EFFICIENCY_ENGAGED",
  "status": "BOARD_MEETING_COMPLETE_AZ_IMPLEMENTATION_SUCCESSFUL",
  "cycle": 4
}
{
  "recommendationsImplemented": 0,
  "azAuditIntegrated": false,
  "timestamp": "2026-01-29T01:37:11Z",
  "departmentsOptimized": 0,
  "lfg_protocol": "MAXIMUM_EFFICIENCY_ENGAGED",
  "status": "BOARD_MEETING_COMPLETE_AZ_IMPLEMENTATION_SUCCESSFUL",
  "cycle": 5
}
{
  "recommendationsImplemented": 0,
  "azAuditIntegrated": false,
  "timestamp": "2026-01-29T01:37:14Z",
  "departmentsOptimized": 0,
  "lfg_protocol": "MAXIMUM_EFFICIENCY_ENGAGED",
  "status": "BOARD_MEETING_COMPLETE_AZ_IMPLEMENTATION_SUCCESSFUL",
  "cycle": 6
}
{
  "recommendationsImplemented": 0,
  "azAuditIntegrated": false,
  "timestamp": "2026-01-29T01:37:17Z",
  "departmentsOptimized": 0,
  "lfg_protocol": "MAXIMUM_EFFICIENCY_ENGAGED",
  "status": "BOARD_MEETING_COMPLETE_AZ_IMPLEMENTATION_SUCCESSFUL",
  "cycle": 7
}
{
  "recommendationsImplemented": 0,
  "azAuditIntegrated": false,
  "timestamp": "2026-01-29T01:37:20Z",
  "departmentsOptimized": 0,
  "lfg_protocol": "MAXIMUM_EFFICIENCY_ENGAGED",
  "status": "BOARD_MEETING_COMPLETE_AZ_IMPLEMENTATION_SUCCESSFUL",
  "cycle": 8
}
{
  "recommendationsImplemented": 0,
  "azAuditIntegrated": false,
  "timestamp": "2026-01-29T01:37:23Z",
  "departmentsOptimized": 0,
  "lfg_protocol": "MAXIMUM_EFFICIENCY_ENGAGED",
  "status": "BOARD_MEETING_COMPLETE_AZ_IMPLEMENTATION_SUCCESSFUL",
  "cycle": 9
}
{
  "recommendationsImplemented": 0,
  "azAuditIntegrated": false,
  "timestamp": "2026-01-29T01:37:26Z",
  "departmentsOptimized": 0,
  "lfg_protocol": "MAXIMUM_EFFICIENCY_ENGAGED",
  "status": "BOARD_MEETING_COMPLETE_AZ_IMPLEMENTATION_SUCCESSFUL",
  "cycle": 10
}
{
  "recommendationsImplemented": 0,
  "azAuditIntegrated": false,
  "timestamp": "2026-01-29T01:37:29Z",
  "departmentsOptimized": 0,
  "lfg_protocol": "MAXIMUM_EFFICIENCY_ENGAGED",
  "status": "BOARD_MEETING_COMPLETE_AZ_IMPLEMENTATION_SUCCESSFUL",
  "cycle": 11
}
{
  "recommendationsImplemented": 0,
  "azAuditIntegrated": false,
  "timestamp": "2026-01-29T01:37:32Z",
  "departmentsOptimized": 0,
  "lfg_protocol": "MAXIMUM_EFFICIENCY_ENGAGED",
  "status": "BOARD_MEETING_COMPLETE_AZ_IMPLEMENTATION_SUCCESSFUL",
  "cycle": 12
}
{
  "recommendationsImplemented": 0,
  "azAuditIntegrated": false,
  "timestamp": "2026-01-29T01:37:34Z",
  "departmentsOptimized": 0,
  "lfg_protocol": "MAXIMUM_EFFICIENCY_ENGAGED",
  "status": "BOARD_MEETING_COMPLETE_AZ_IMPLEMENTATION_SUCCESSFUL",
  "cycle": 13
}
{
  "recommendationsImplemented": 0,
  "azAuditIntegrated": false,
  "timestamp": "2026-01-29T01:37:37Z",
  "departmentsOptimized": 0,
  "lfg_protocol": "MAXIMUM_EFFICIENCY_ENGAGED",
  "status": "BOARD_MEETING_COMPLETE_AZ_IMPLEMENTATION_SUCCESSFUL",
  "cycle": 14
}
{
  "recommendationsImplemented": 0,
  "azAuditIntegrated": false,
  "timestamp": "2026-01-29T01:37:40Z",
  "departmentsOptimized": 0,
  "lfg_protocol": "MAXIMUM_EFFICIENCY_ENGAGED",
  "status": "BOARD_MEETING_COMPLETE_AZ_IMPLEMENTATION_SUCCESSFUL",
  "cycle": 15
}
{
  "recommendationsImplemented": 0,
  "azAuditIntegrated": false,
  "timestamp": "2026-01-29T01:37:43Z",
  "departmentsOptimized": 0,
  "lfg_protocol": "MAXIMUM_EFFICIENCY_ENGAGED",
  "status": "BOARD_MEETING_COMPLETE_AZ_IMPLEMENTATION_SUCCESSFUL",
  "cycle": 16
}
{
  "recommendationsImplemented": 0,
  "azAuditIntegrated": false,
  "timestamp": "2026-01-29T01:37:46Z",
  "departmentsOptimized": 0,
  "lfg_protocol": "MAXIMUM_EFFICIENCY_ENGAGED",
  "status": "BOARD_MEETING_COMPLETE_AZ_IMPLEMENTATION_SUCCESSFUL",
  "cycle": 17
}
{
  "recommendationsImplemented": 0,
  "azAuditIntegrated": false,
  "timestamp": "2026-01-29T01:37:49Z",
  "departmentsOptimized": 0,
  "lfg_protocol": "MAXIMUM_EFFICIENCY_ENGAGED",
  "status": "BOARD_MEETING_COMPLETE_AZ_IMPLEMENTATION_SUCCESSFUL",
  "cycle": 18
}
{
  "recommendationsImplemented": 0,
  "azAuditIntegrated": false,
  "timestamp": "2026-01-29T01:37:52Z",
  "departmentsOptimized": 0,
  "lfg_protocol": "MAXIMUM_EFFICIENCY_ENGAGED",
  "status": "BOARD_MEETING_COMPLETE_AZ_IMPLEMENTATION_SUCCESSFUL",
  "cycle": 19
}
{
  "recommendationsImplemented": 0,
  "azAuditIntegrated": false,
  "timestamp": "2026-01-29T01:37:55Z",
  "departmentsOptimized": 0,
  "lfg_protocol": "MAXIMUM_EFFICIENCY_ENGAGED",
  "status": "BOARD_MEETING_COMPLETE_AZ_IMPLEMENTATION_SUCCESSFUL",
  "cycle": 20
}
{
  "recommendationsImplemented": 0,
  "azAuditIntegrated": false,
  "timestamp": "2026-01-29T01:37:58Z",
  "departmentsOptimized": 0,
  "lfg_protocol": "MAXIMUM_EFFICIENCY_ENGAGED",
  "status": "BOARD_MEETING_COMPLETE_AZ_IMPLEMENTATION_SUCCESSFUL",
  "cycle": 21
}
{
  "recommendationsImplemented": 0,
  "azAuditIntegrated": false,
  "timestamp": "2026-01-29T01:38:01Z",
  "departmentsOptimized": 0,
  "lfg_protocol": "MAXIMUM_EFFICIENCY_ENGAGED",
  "status": "BOARD_MEETING_COMPLETE_AZ_IMPLEMENTATION_SUCCESSFUL",
  "cycle": 22
}
{
  "recommendationsImplemented": 0,
  "azAuditIntegrated": false,
  "timestamp": "2026-01-29T01:38:04Z",
  "departmentsOptimized": 0,
  "lfg_protocol": "MAXIMUM_EFFICIENCY_ENGAGED",
  "status": "BOARD_MEETING_COMPLETE_AZ_IMPLEMENTATION_SUCCESSFUL",
  "cycle": 23
}
{
  "recommendationsImplemented": 0,
  "azAuditIntegrated": false,
  "timestamp": "2026-01-29T01:38:07Z",
  "departmentsOptimized": 0,
  "lfg_protocol": "MAXIMUM_EFFICIENCY_ENGAGED",
  "status": "BOARD_MEETING_COMPLETE_AZ_IMPLEMENTATION_SUCCESSFUL",
  "cycle": 24
}
{
  "recommendationsImplemented": 0,
  "azAuditIntegrated": false,
  "timestamp": "2026-01-29T01:38:10Z",
  "departmentsOptimized": 0,
  "lfg_protocol": "MAXIMUM_EFFICIENCY_ENGAGED",
  "status": "BOARD_MEETING_COMPLETE_AZ_IMPLEMENTATION_SUCCESSFUL",
  "cycle": 25
}
{
  "recommendationsImplemented": 0,
  "azAuditIntegrated": false,
  "timestamp": "2026-01-29T01:38:13Z",
  "departmentsOptimized": 0,
  "lfg_protocol": "MAXIMUM_EFFICIENCY_ENGAGED",
  "status": "BOARD_MEETING_COMPLETE_AZ_IMPLEMENTATION_SUCCESSFUL",
  "cycle": 26
}
{
  "recommendationsImplemented": 0,
  "azAuditIntegrated": false,
  "timestamp": "2026-01-29T01:38:16Z",
  "departmentsOptimized": 0,
  "lfg_protocol": "MAXIMUM_EFFICIENCY_ENGAGED",
  "status": "BOARD_MEETING_COMPLETE_AZ_IMPLEMENTATION_SUCCESSFUL",
  "cycle": 27
}
{
  "recommendationsImplemented": 0,
  "azAuditIntegrated": false,
  "timestamp": "2026-01-29T01:38:19Z",
  "departmentsOptimized": 0,
  "lfg_protocol": "MAXIMUM_EFFICIENCY_ENGAGED",
  "status": "BOARD_MEETING_COMPLETE_AZ_IMPLEMENTATION_SUCCESSFUL",
  "cycle": 28
}
{
  "recommendationsImplemented": 0,
  "azAuditIntegrated": false,
  "timestamp": "2026-01-29T01:38:22Z",
  "departmentsOptimized": 0,
  "lfg_protocol": "MAXIMUM_EFFICIENCY_ENGAGED",
  "status": "BOARD_MEETING_COMPLETE_AZ_IMPLEMENTATION_SUCCESSFUL",
  "cycle": 29
}
{
  "recommendationsImplemented": 0,
  "azAuditIntegrated": false,
  "timestamp": "2026-01-29T01:38:25Z",
  "departmentsOptimized": 0,
  "lfg_protocol": "MAXIMUM_EFFICIENCY_ENGAGED",
  "status": "BOARD_MEETING_COMPLETE_AZ_IMPLEMENTATION_SUCCESSFUL",
  "cycle": 30
}
{
  "recommendationsImplemented": 0,
  "azAuditIntegrated": false,
  "timestamp": "2026-01-29T01:38:33Z",
  "departmentsOptimized": 0,
  "lfg_protocol": "MAXIMUM_EFFICIENCY_ENGAGED",
  "status": "BOARD_MEETING_COMPLETE_AZ_IMPLEMENTATION_SUCCESSFUL",
  "cycle": 31
}
{
  "recommendationsImplemented": 0,
  "azAuditIntegrated": false,
  "timestamp": "2026-01-29T01:38:35Z",
  "departmentsOptimized": 0,
  "lfg_protocol": "MAXIMUM_EFFICIENCY_ENGAGED",
  "status": "BOARD_MEETING_COMPLETE_AZ_IMPLEMENTATION_SUCCESSFUL",
  "cycle": 32
}
{
  "recommendationsImplemented": 0,
  "azAuditIntegrated": false,
  "timestamp": "2026-01-29T01:38:38Z",
  "departmentsOptimized": 0,
  "lfg_protocol": "MAXIMUM_EFFICIENCY_ENGAGED",
  "status": "BOARD_MEETING_COMPLETE_AZ_IMPLEMENTATION_SUCCESSFUL",
  "cycle": 33
}
{
  "recommendationsImplemented": 0,
  "azAuditIntegrated": false,
  "timestamp": "2026-01-29T01:38:41Z",
  "departmentsOptimized": 0,
  "lfg_protocol": "MAXIMUM_EFFICIENCY_ENGAGED",
  "status": "BOARD_MEETING_COMPLETE_AZ_IMPLEMENTATION_SUCCESSFUL",
  "cycle": 34
}
{
  "recommendationsImplemented": 0,
  "azAuditIntegrated": false,
  "timestamp": "2026-01-29T01:38:44Z",
  "departmentsOptimized": 0,
  "lfg_protocol": "MAXIMUM_EFFICIENCY_ENGAGED",
  "status": "BOARD_MEETING_COMPLETE_AZ_IMPLEMENTATION_SUCCESSFUL",
  "cycle": 35
}
{
  "recommendationsImplemented": 0,
  "azAuditIntegrated": false,
  "timestamp": "2026-01-29T01:38:47Z",
  "departmentsOptimized": 0,
  "lfg_protocol": "MAXIMUM_EFFICIENCY_ENGAGED",
  "status": "BOARD_MEETING_COMPLETE_AZ_IMPLEMENTATION_SUCCESSFUL",
  "cycle": 36
}
{
  "recommendationsImplemented": 0,
  "azAuditIntegrated": false,
  "timestamp": "2026-01-29T01:38:50Z",
  "departmentsOptimized": 0,
  "lfg_protocol": "MAXIMUM_EFFICIENCY_ENGAGED",
  "status": "BOARD_MEETING_COMPLETE_AZ_IMPLEMENTATION_SUCCESSFUL",
  "cycle": 37
}
{
  "recommendationsImplemented": 0,
  "azAuditIntegrated": false,
  "timestamp": "2026-01-29T01:38:53Z",
  "departmentsOptimized": 0,
  "lfg_protocol": "MAXIMUM_EFFICIENCY_ENGAGED",
  "status": "BOARD_MEETING_COMPLETE_AZ_IMPLEMENTATION_SUCCESSFUL",
  "cycle": 38
}
{
  "recommendationsImplemented": 0,
  "azAuditIntegrated": false,
  "timestamp": "2026-01-29T01:38:56Z",
  "departmentsOptimized": 0,
  "lfg_protocol": "MAXIMUM_EFFICIENCY_ENGAGED",
  "status": "BOARD_MEETING_COMPLETE_AZ_IMPLEMENTATION_SUCCESSFUL",
  "cycle": 39
}
{
  "recommendationsImplemented": 0,
  "azAuditIntegrated": false,
  "timestamp": "2026-01-29T01:38:59Z",
  "departmentsOptimized": 0,
  "lfg_protocol": "MAXIMUM_EFFICIENCY_ENGAGED",
  "status": "BOARD_MEETING_COMPLETE_AZ_IMPLEMENTATION_SUCCESSFUL",
  "cycle": 40
}
{
  "recommendationsImplemented": 0,
  "azAuditIntegrated": false,
  "timestamp": "2026-01-29T01:39:02Z",
  "departmentsOptimized": 0,
  "lfg_protocol": "MAXIMUM_EFFICIENCY_ENGAGED",
  "status": "BOARD_MEETING_COMPLETE_AZ_IMPLEMENTATION_SUCCESSFUL",
  "cycle": 41
}
{
  "recommendationsImplemented": 0,
  "azAuditIntegrated": false,
  "timestamp": "2026-01-29T01:39:05Z",
  "departmentsOptimized": 0,
  "lfg_protocol": "MAXIMUM_EFFICIENCY_ENGAGED",
  "status": "BOARD_MEETING_COMPLETE_AZ_IMPLEMENTATION_SUCCESSFUL",
  "cycle": 42
}
{
  "recommendationsImplemented": 0,
  "azAuditIntegrated": false,
  "timestamp": "2026-01-29T01:39:08Z",
  "departmentsOptimized": 0,
  "lfg_protocol": "MAXIMUM_EFFICIENCY_ENGAGED",
  "status": "BOARD_MEETING_COMPLETE_AZ_IMPLEMENTATION_SUCCESSFUL",
  "cycle": 43
}
{
  "recommendationsImplemented": 0,
  "azAuditIntegrated": false,
  "timestamp": "2026-01-29T01:39:11Z",
  "departmentsOptimized": 0,
  "lfg_protocol": "MAXIMUM_EFFICIENCY_ENGAGED",
  "status": "BOARD_MEETING_COMPLETE_AZ_IMPLEMENTATION_SUCCESSFUL",
  "cycle": 44
}
{
  "recommendationsImplemented": 0,
  "azAuditIntegrated": false,
  "timestamp": "2026-01-29T01:39:14Z",
  "departmentsOptimized": 0,
  "lfg_protocol": "MAXIMUM_EFFICIENCY_ENGAGED",
  "status": "BOARD_MEETING_COMPLETE_AZ_IMPLEMENTATION_SUCCESSFUL",
  "cycle": 45
}
{
  "recommendationsImplemented": 0,
  "azAuditIntegrated": false,
  "timestamp": "2026-01-29T01:39:17Z",
  "departmentsOptimized": 0,
  "lfg_protocol": "MAXIMUM_EFFICIENCY_ENGAGED",
  "status": "BOARD_MEETING_COMPLETE_AZ_IMPLEMENTATION_SUCCESSFUL",
  "cycle": 46
}
{
  "recommendationsImplemented": 0,
  "azAuditIntegrated": false,
  "timestamp": "2026-01-29T01:39:20Z",
  "departmentsOptimized": 0,
  "lfg_protocol": "MAXIMUM_EFFICIENCY_ENGAGED",
  "status": "BOARD_MEETING_COMPLETE_AZ_IMPLEMENTATION_SUCCESSFUL",
  "cycle": 47
}
{
  "recommendationsImplemented": 0,
  "azAuditIntegrated": false,
  "timestamp": "2026-01-29T01:39:23Z",
  "departmentsOptimized": 0,
  "lfg_protocol": "MAXIMUM_EFFICIENCY_ENGAGED",
  "status": "BOARD_MEETING_COMPLETE_AZ_IMPLEMENTATION_SUCCESSFUL",
  "cycle": 48
}
{
  "recommendationsImplemented": 0,
  "azAuditIntegrated": false,
  "timestamp": "2026-01-29T01:39:26Z",
  "departmentsOptimized": 0,
  "lfg_protocol": "MAXIMUM_EFFICIENCY_ENGAGED",
  "status": "BOARD_MEETING_COMPLETE_AZ_IMPLEMENTATION_SUCCESSFUL",
  "cycle": 49
}
{
  "recommendationsImplemented": 0,
  "azAuditIntegrated": false,
  "timestamp": "2026-01-29T01:39:29Z",
  "departmentsOptimized": 0,
  "lfg_protocol": "MAXIMUM_EFFICIENCY_ENGAGED",
  "status": "BOARD_MEETING_COMPLETE_AZ_IMPLEMENTATION_SUCCESSFUL",
  "cycle": 50
}
{
  "recommendationsImplemented": 0,
  "azAuditIntegrated": false,
  "timestamp": "2026-01-29T01:39:32Z",
  "departmentsOptimized": 0,
  "lfg_protocol": "MAXIMUM_EFFICIENCY_ENGAGED",
  "status": "BOARD_MEETING_COMPLETE_AZ_IMPLEMENTATION_SUCCESSFUL",
  "cycle": 51
}
{
  "recommendationsImplemented": 0,
  "azAuditIntegrated": false,
  "timestamp": "2026-01-29T01:39:35Z",
  "departmentsOptimized": 0,
  "lfg_protocol": "MAXIMUM_EFFICIENCY_ENGAGED",
  "status": "BOARD_MEETING_COMPLETE_AZ_IMPLEMENTATION_SUCCESSFUL",
  "cycle": 52
}
{
  "recommendationsImplemented": 0,
  "azAuditIntegrated": false,
  "timestamp": "2026-01-29T01:39:38Z",
  "departmentsOptimized": 0,
  "lfg_protocol": "MAXIMUM_EFFICIENCY_ENGAGED",
  "status": "BOARD_MEETING_COMPLETE_AZ_IMPLEMENTATION_SUCCESSFUL",
  "cycle": 53
}
{
  "recommendationsImplemented": 0,
  "azAuditIntegrated": false,
  "timestamp": "2026-01-29T01:39:41Z",
  "departmentsOptimized": 0,
  "lfg_protocol": "MAXIMUM_EFFICIENCY_ENGAGED",
  "status": "BOARD_MEETING_COMPLETE_AZ_IMPLEMENTATION_SUCCESSFUL",
  "cycle": 54
}
{
  "recommendationsImplemented": 0,
  "azAuditIntegrated": false,
  "timestamp": "2026-01-29T01:39:44Z",
  "departmentsOptimized": 0,
  "lfg_protocol": "MAXIMUM_EFFICIENCY_ENGAGED",
  "status": "BOARD_MEETING_COMPLETE_AZ_IMPLEMENTATION_SUCCESSFUL",
  "cycle": 55
}
{
  "recommendationsImplemented": 0,
  "azAuditIntegrated": false,
  "timestamp": "2026-01-29T01:39:47Z",
  "departmentsOptimized": 0,
  "lfg_protocol": "MAXIMUM_EFFICIENCY_ENGAGED",
  "status": "BOARD_MEETING_COMPLETE_AZ_IMPLEMENTATION_SUCCESSFUL",
  "cycle": 56
}
{
  "recommendationsImplemented": 0,
  "azAuditIntegrated": false,
  "timestamp": "2026-01-29T01:39:50Z",
  "departmentsOptimized": 0,
  "lfg_protocol": "MAXIMUM_EFFICIENCY_ENGAGED",
  "status": "BOARD_MEETING_COMPLETE_AZ_IMPLEMENTATION_SUCCESSFUL",
  "cycle": 57
}
{
  "recommendationsImplemented": 0,
  "azAuditIntegrated": false,
  "timestamp": "2026-01-29T01:39:53Z",
  "departmentsOptimized": 0,
  "lfg_protocol": "MAXIMUM_EFFICIENCY_ENGAGED",
  "status": "BOARD_MEETING_COMPLETE_AZ_IMPLEMENTATION_SUCCESSFUL",
  "cycle": 58
}
{
  "recommendationsImplemented": 0,
  "azAuditIntegrated": false,
  "timestamp": "2026-01-29T01:39:56Z",
  "departmentsOptimized": 0,
  "lfg_protocol": "MAXIMUM_EFFICIENCY_ENGAGED",
  "status": "BOARD_MEETING_COMPLETE_AZ_IMPLEMENTATION_SUCCESSFUL",
  "cycle": 59
}
{
  "recommendationsImplemented": 0,
  "azAuditIntegrated": false,
  "timestamp": "2026-01-29T01:39:59Z",
  "departmentsOptimized": 0,
  "lfg_protocol": "MAXIMUM_EFFICIENCY_ENGAGED",
  "status": "BOARD_MEETING_COMPLETE_AZ_IMPLEMENTATION_SUCCESSFUL",
  "cycle": 60
}
