[2026-01-28 23:16:25] [DASHBOARD-TEAM] [DEPLOY] Deploying NCC Dashboard Operations Team
[2026-01-28 23:16:25] [DASHBOARD-TEAM] [DEPLOY] Team Composition:
[2026-01-28 23:16:25] [DASHBOARD-TEAM] [DEPLOY]   • AZ PRIME Command - Lead Dashboard Engineer - Status: ACTIVE
[2026-01-28 23:16:25] [DASHBOARD-TEAM] [DEPLOY]   • AX Agent v2.1.4 - Real-time Data Integration Specialist - Status: ACTIVE
[2026-01-28 23:16:25] [DASHBOARD-TEAM] [DEPLOY]   • Elite Unit S15 - UI/UX Optimization Lead - Status: ACTIVE
[2026-01-28 23:16:25] [DASHBOARD-TEAM] [DEPLOY]   • NCL Digital OS - Content Management Director - Status: ACTIVE
[2026-01-28 23:16:25] [DASHBOARD-TEAM] [DEPLOY]   • Continuous Ops Framework - Performance Monitoring Chief - Status: ACTIVE
[2026-01-28 23:16:25] [DASHBOARD-TEAM] [DEPLOY]   • Cybersecurity Command Center - Security Oversight Officer - Status: ACTIVE
[2026-01-28 23:16:25] [DASHBOARD-TEAM] [SUCCESS] Dashboard Operations Team successfully deployed
[2026-01-28 23:16:25] [DASHBOARD-TEAM] [SUCCESS] Team coordination file created: C:\Users\gripa\OneDrive\Desktop\NCC\NCC-Doctrine\Scripts\..\data\dashboard_team.json
[2026-01-28 23:16:44] [DASHBOARD-TEAM] [STATUS] Displaying Dashboard Operations Team Status
[2026-01-29 01:15:36] [DASHBOARD-TEAM] [UPDATE] Updating dashboard with latest operational data
[2026-01-29 01:15:36] [DASHBOARD-TEAM] [UPDATE] Operational metrics updated
[2026-01-29 01:15:39] [DASHBOARD-TEAM] [UPDATE] Dashboard rebuilt with latest data
[2026-01-29 01:16:41] [DASHBOARD-TEAM] [UPDATE] Updating dashboard with latest operational data
[2026-01-29 01:16:41] [DASHBOARD-TEAM] [UPDATE] Operational metrics updated
[2026-01-29 01:16:42] [DASHBOARD-TEAM] [UPDATE] Dashboard rebuilt with latest data
[2026-01-29 01:17:43] [DASHBOARD-TEAM] [UPDATE] Updating dashboard with latest operational data
[2026-01-29 01:17:43] [DASHBOARD-TEAM] [UPDATE] Operational metrics updated
[2026-01-29 01:17:44] [DASHBOARD-TEAM] [UPDATE] Dashboard rebuilt with latest data
[2026-01-29 01:18:46] [DASHBOARD-TEAM] [UPDATE] Updating dashboard with latest operational data
[2026-01-29 01:18:46] [DASHBOARD-TEAM] [UPDATE] Operational metrics updated
[2026-01-29 01:18:47] [DASHBOARD-TEAM] [UPDATE] Dashboard rebuilt with latest data
[2026-01-29 01:19:48] [DASHBOARD-TEAM] [UPDATE] Updating dashboard with latest operational data
[2026-01-29 01:19:48] [DASHBOARD-TEAM] [UPDATE] Operational metrics updated
[2026-01-29 01:19:50] [DASHBOARD-TEAM] [UPDATE] Dashboard rebuilt with latest data
[2026-01-29 01:20:53] [DASHBOARD-TEAM] [UPDATE] Updating dashboard with latest operational data
[2026-01-29 01:20:53] [DASHBOARD-TEAM] [UPDATE] Operational metrics updated
[2026-01-29 01:20:54] [DASHBOARD-TEAM] [UPDATE] Dashboard rebuilt with latest data
[2026-01-29 01:21:56] [DASHBOARD-TEAM] [UPDATE] Updating dashboard with latest operational data
[2026-01-29 01:21:56] [DASHBOARD-TEAM] [UPDATE] Operational metrics updated
[2026-01-29 01:21:57] [DASHBOARD-TEAM] [UPDATE] Dashboard rebuilt with latest data
[2026-01-29 01:22:59] [DASHBOARD-TEAM] [UPDATE] Updating dashboard with latest operational data
[2026-01-29 01:22:59] [DASHBOARD-TEAM] [UPDATE] Operational metrics updated
[2026-01-29 01:23:00] [DASHBOARD-TEAM] [UPDATE] Dashboard rebuilt with latest data
[2026-01-29 01:24:02] [DASHBOARD-TEAM] [UPDATE] Updating dashboard with latest operational data
[2026-01-29 01:24:03] [DASHBOARD-TEAM] [UPDATE] Operational metrics updated
[2026-01-29 01:24:05] [DASHBOARD-TEAM] [UPDATE] Dashboard rebuilt with latest data
[2026-01-29 01:25:07] [DASHBOARD-TEAM] [UPDATE] Updating dashboard with latest operational data
[2026-01-29 01:25:07] [DASHBOARD-TEAM] [UPDATE] Operational metrics updated
[2026-01-29 01:25:08] [DASHBOARD-TEAM] [UPDATE] Dashboard rebuilt with latest data
[2026-01-29 01:26:11] [DASHBOARD-TEAM] [UPDATE] Updating dashboard with latest operational data
[2026-01-29 01:26:11] [DASHBOARD-TEAM] [UPDATE] Operational metrics updated
[2026-01-29 01:26:13] [DASHBOARD-TEAM] [UPDATE] Dashboard rebuilt with latest data
[2026-01-29 01:27:15] [DASHBOARD-TEAM] [UPDATE] Updating dashboard with latest operational data
[2026-01-29 01:27:15] [DASHBOARD-TEAM] [UPDATE] Operational metrics updated
[2026-01-29 01:27:17] [DASHBOARD-TEAM] [UPDATE] Dashboard rebuilt with latest data
