[2026-01-29 03:45:33.107] [AZ-PRIME] [AZ-COMMAND] AZ PRIME COMMAND AUTHORITY AUDIT SYSTEM: INITIALIZING
[2026-01-29 03:45:33.129] [AX-INTEL] [AX-INTEL] AX INTELLIGENCE ENGINE AUDIT SYSTEM: ACTIVATING
[2026-01-29 03:45:33.133] [SYSTEM] [EFFICIENCY] CYCLE EFFICIENCY AUDIT PROTOCOLS: ENGAGED
[2026-01-29 03:45:33.137] [SYSTEM] [IMPROVEMENT] CONTINUOUS IMPROVEMENT ENGINE: OPERATIONAL
[2026-01-29 03:45:33.155] [SYSTEM] [OPTIMIZATION] STRATEGIC OPTIMIZATION FRAMEWORK: DEPLOYED
[2026-01-29 03:45:33.157] [EXECUTION] [CRITICAL] EXECUTING SINGLE COMPREHENSIVE AUDIT CYCLE
[2026-01-29 03:45:33.171] [AZ-PRIME] [AZ-COMMAND] EXECUTING AZ PRIME COMMAND AUTHORITY AUDIT
[2026-01-29 03:45:33.191] [AZ-PRIME] [EFFICIENCY] AZ COMMAND EFFICIENCY: 99.8317%
[2026-01-29 03:45:33.197] [AZ-PRIME] [EFFICIENCY] AZ STRATEGIC ALIGNMENT: 99.59%
[2026-01-29 03:45:33.202] [AZ-PRIME] [EFFICIENCY] AZ OPERATIONAL CONTROL: 99.21%
[2026-01-29 03:45:33.208] [AX-INTEL] [AX-INTEL] EXECUTING AX INTELLIGENCE ENGINE AUDIT
[2026-01-29 03:45:33.222] [AX-INTEL] [EFFICIENCY] AX DATA PROCESSING: 96%
[2026-01-29 03:45:33.227] [AX-INTEL] [EFFICIENCY] AX INSIGHT GENERATION: 92%
[2026-01-29 03:45:33.230] [AX-INTEL] [EFFICIENCY] AX PREDICTIVE ACCURACY: 92%
[2026-01-29 03:45:33.238] [ANALYSIS] [EFFICIENCY] ANALYZING CYCLE EFFICIENCY METRICS
[2026-01-29 03:45:35.184] [ANALYSIS] [EFFICIENCY] OVERALL CYCLE EFFICIENCY: 97.9158%
[2026-01-29 03:45:35.189] [ANALYSIS] [EFFICIENCY] EFFICIENCY RATING: REQUIRES IMPROVEMENT
[2026-01-29 03:45:35.194] [PERFORMANCE] [EFFICIENCY] CYCLE TIME: 0.5s
[2026-01-29 03:45:35.198] [PERFORMANCE] [EFFICIENCY] THROUGHPUT: 214 ops/sec
[2026-01-29 03:45:35.204] [SYSTEM] [IMPROVEMENT] GENERATING IMPROVEMENT RECOMMENDATIONS
[2026-01-29 03:45:35.222] [PRIORITY] [IMPROVEMENT] PRIORITY IMPROVEMENT: Implement quantum-accelerated command processing - Expected Gain: 2.5%
[2026-01-29 03:45:35.225] [STRATEGIC] [IMPROVEMENT] STRATEGIC ENHANCEMENT: Deploy predictive optimization framework - Expected Gain: 5.0%
[2026-01-29 03:45:35.228] [STRATEGIC] [IMPROVEMENT] STRATEGIC ENHANCEMENT: Implement autonomous efficiency tuning - Expected Gain: 3.2%
[2026-01-29 03:45:35.239] [SYSTEM] [OPTIMIZATION] APPLYING AUTOMATED IMPROVEMENT OPTIMIZATIONS
[2026-01-29 03:45:35.245] [APPLY] [OPTIMIZATION] APPLYING: Implement quantum-accelerated command processing
[2026-01-29 03:45:36.329] [APPLY] [OPTIMIZATION] APPLYING STRATEGIC: Deploy predictive optimization framework
[2026-01-29 03:45:37.337] [APPLY] [OPTIMIZATION] APPLYING STRATEGIC: Implement autonomous efficiency tuning
[2026-01-29 03:45:38.350] [GAIN] [OPTIMIZATION] TOTAL OPTIMIZATION GAIN APPLIED: 10.7%
[2026-01-29 03:45:38.354] [REPORT] [CRITICAL] GENERATING COMPREHENSIVE CYCLE EFFICIENCY AUDIT REPORT
[2026-01-29 03:45:38.441] [REPORT] [SUCCESS] AUDIT REPORT GENERATED: AZ-AX-AUDIT-20260129-034538
[2026-01-29 03:45:38.445] [REPORT] [EFFICIENCY] OVERALL EFFICIENCY: 97.9158%
[2026-01-29 03:45:38.448] [REPORT] [OPTIMIZATION] OPTIMIZATION GAIN: 10.7%
[2026-01-29 03:45:38.451] [MODE] [SUCCESS] SINGLE AUDIT CYCLE COMPLETE - STANDBY MODE
[2026-01-29 03:45:45.924] [AZ-PRIME] [AZ-COMMAND] AZ PRIME COMMAND AUTHORITY AUDIT SYSTEM: INITIALIZING
[2026-01-29 03:45:45.938] [AX-INTEL] [AX-INTEL] AX INTELLIGENCE ENGINE AUDIT SYSTEM: ACTIVATING
[2026-01-29 03:45:45.940] [SYSTEM] [EFFICIENCY] CYCLE EFFICIENCY AUDIT PROTOCOLS: ENGAGED
[2026-01-29 03:45:45.943] [SYSTEM] [IMPROVEMENT] CONTINUOUS IMPROVEMENT ENGINE: OPERATIONAL
[2026-01-29 03:45:45.981] [SYSTEM] [OPTIMIZATION] STRATEGIC OPTIMIZATION FRAMEWORK: DEPLOYED
[2026-01-29 03:45:45.984] [EXECUTION] [CRITICAL] EXECUTING SINGLE COMPREHENSIVE AUDIT CYCLE
[2026-01-29 03:45:45.989] [AZ-PRIME] [AZ-COMMAND] EXECUTING AZ PRIME COMMAND AUTHORITY AUDIT
[2026-01-29 03:45:46.004] [AZ-PRIME] [EFFICIENCY] AZ COMMAND EFFICIENCY: 99.8082%
[2026-01-29 03:45:46.008] [AZ-PRIME] [EFFICIENCY] AZ STRATEGIC ALIGNMENT: 99.36%
[2026-01-29 03:45:46.013] [AZ-PRIME] [EFFICIENCY] AZ OPERATIONAL CONTROL: 99.23%
[2026-01-29 03:45:46.021] [AX-INTEL] [AX-INTEL] EXECUTING AX INTELLIGENCE ENGINE AUDIT
[2026-01-29 03:45:46.031] [AX-INTEL] [EFFICIENCY] AX DATA PROCESSING: 96%
[2026-01-29 03:45:46.035] [AX-INTEL] [EFFICIENCY] AX INSIGHT GENERATION: 91%
[2026-01-29 03:45:46.039] [AX-INTEL] [EFFICIENCY] AX PREDICTIVE ACCURACY: 95%
[2026-01-29 03:45:46.047] [ANALYSIS] [EFFICIENCY] ANALYZING CYCLE EFFICIENCY METRICS
[2026-01-29 03:45:47.943] [ANALYSIS] [EFFICIENCY] OVERALL CYCLE EFFICIENCY: 97.9041%
[2026-01-29 03:45:47.947] [ANALYSIS] [EFFICIENCY] EFFICIENCY RATING: REQUIRES IMPROVEMENT
[2026-01-29 03:45:47.953] [PERFORMANCE] [EFFICIENCY] CYCLE TIME: 0.5s
[2026-01-29 03:45:47.959] [PERFORMANCE] [EFFICIENCY] THROUGHPUT: 188 ops/sec
[2026-01-29 03:45:47.967] [SYSTEM] [IMPROVEMENT] GENERATING IMPROVEMENT RECOMMENDATIONS
[2026-01-29 03:45:47.986] [PRIORITY] [IMPROVEMENT] PRIORITY IMPROVEMENT: Implement quantum-accelerated command processing - Expected Gain: 2.5%
[2026-01-29 03:45:47.991] [STRATEGIC] [IMPROVEMENT] STRATEGIC ENHANCEMENT: Deploy predictive optimization framework - Expected Gain: 5.0%
[2026-01-29 03:45:47.994] [STRATEGIC] [IMPROVEMENT] STRATEGIC ENHANCEMENT: Implement autonomous efficiency tuning - Expected Gain: 3.2%
[2026-01-29 03:45:48.002] [SYSTEM] [OPTIMIZATION] APPLYING AUTOMATED IMPROVEMENT OPTIMIZATIONS
[2026-01-29 03:45:48.007] [APPLY] [OPTIMIZATION] APPLYING: Implement quantum-accelerated command processing
[2026-01-29 03:45:49.015] [APPLY] [OPTIMIZATION] APPLYING STRATEGIC: Deploy predictive optimization framework
[2026-01-29 03:45:50.035] [APPLY] [OPTIMIZATION] APPLYING STRATEGIC: Implement autonomous efficiency tuning
[2026-01-29 03:45:51.050] [GAIN] [OPTIMIZATION] TOTAL OPTIMIZATION GAIN APPLIED: 10.7%
[2026-01-29 03:45:51.055] [REPORT] [CRITICAL] GENERATING COMPREHENSIVE CYCLE EFFICIENCY AUDIT REPORT
[2026-01-29 03:45:51.119] [REPORT] [SUCCESS] AUDIT REPORT GENERATED: AZ-AX-AUDIT-20260129-034551
[2026-01-29 03:45:51.123] [REPORT] [EFFICIENCY] OVERALL EFFICIENCY: 97.9041%
[2026-01-29 03:45:51.126] [REPORT] [OPTIMIZATION] OPTIMIZATION GAIN: 10.7%
[2026-01-29 03:45:51.130] [MODE] [CRITICAL] CONTINUOUS AUDIT MODE: ACTIVATED - INTERVAL: 30 SECONDS
[2026-01-29 03:45:51.141] [CONTINUOUS] [CRITICAL] INITIATING CONTINUOUS AZ-AX AUDIT CYCLES
[2026-01-29 03:45:51.146] [CYCLE] [CRITICAL] AUDIT CYCLE #1 - EXECUTING FULL SYSTEM AUDIT
[2026-01-29 03:45:51.149] [AZ-PRIME] [AZ-COMMAND] EXECUTING AZ PRIME COMMAND AUTHORITY AUDIT
[2026-01-29 03:45:51.152] [AZ-PRIME] [EFFICIENCY] AZ COMMAND EFFICIENCY: 99.8012%
[2026-01-29 03:45:51.154] [AZ-PRIME] [EFFICIENCY] AZ STRATEGIC ALIGNMENT: 99.57%
[2026-01-29 03:45:51.158] [AZ-PRIME] [EFFICIENCY] AZ OPERATIONAL CONTROL: 99.96%
[2026-01-29 03:45:51.160] [AX-INTEL] [AX-INTEL] EXECUTING AX INTELLIGENCE ENGINE AUDIT
[2026-01-29 03:45:51.162] [AX-INTEL] [EFFICIENCY] AX DATA PROCESSING: 95%
[2026-01-29 03:45:51.165] [AX-INTEL] [EFFICIENCY] AX INSIGHT GENERATION: 94%
[2026-01-29 03:45:51.167] [AX-INTEL] [EFFICIENCY] AX PREDICTIVE ACCURACY: 96%
[2026-01-29 03:45:51.169] [ANALYSIS] [EFFICIENCY] ANALYZING CYCLE EFFICIENCY METRICS
[2026-01-29 03:45:51.172] [ANALYSIS] [EFFICIENCY] OVERALL CYCLE EFFICIENCY: 97.4006%
[2026-01-29 03:45:51.174] [ANALYSIS] [EFFICIENCY] EFFICIENCY RATING: REQUIRES IMPROVEMENT
[2026-01-29 03:45:51.176] [PERFORMANCE] [EFFICIENCY] CYCLE TIME: 0.5s
[2026-01-29 03:45:51.178] [PERFORMANCE] [EFFICIENCY] THROUGHPUT: 215 ops/sec
[2026-01-29 03:45:51.180] [SYSTEM] [IMPROVEMENT] GENERATING IMPROVEMENT RECOMMENDATIONS
[2026-01-29 03:45:51.182] [PRIORITY] [IMPROVEMENT] PRIORITY IMPROVEMENT: Implement quantum-accelerated command processing - Expected Gain: 2.5%
[2026-01-29 03:45:51.184] [PRIORITY] [IMPROVEMENT] PRIORITY IMPROVEMENT: Enhance error correction algorithms - Expected Gain: 1.2%
[2026-01-29 03:45:51.186] [STRATEGIC] [IMPROVEMENT] STRATEGIC ENHANCEMENT: Deploy predictive optimization framework - Expected Gain: 5.0%
[2026-01-29 03:45:51.189] [STRATEGIC] [IMPROVEMENT] STRATEGIC ENHANCEMENT: Implement autonomous efficiency tuning - Expected Gain: 3.2%
[2026-01-29 03:45:51.192] [SYSTEM] [OPTIMIZATION] APPLYING AUTOMATED IMPROVEMENT OPTIMIZATIONS
[2026-01-29 03:45:51.194] [APPLY] [OPTIMIZATION] APPLYING: Implement quantum-accelerated command processing
[2026-01-29 03:45:51.702] [APPLY] [OPTIMIZATION] APPLYING: Enhance error correction algorithms
[2026-01-29 03:45:52.218] [APPLY] [OPTIMIZATION] APPLYING STRATEGIC: Deploy predictive optimization framework
[2026-01-29 03:45:53.234] [APPLY] [OPTIMIZATION] APPLYING STRATEGIC: Implement autonomous efficiency tuning
[2026-01-29 03:45:54.252] [GAIN] [OPTIMIZATION] TOTAL OPTIMIZATION GAIN APPLIED: 11.9%
[2026-01-29 03:45:54.254] [REPORT] [CRITICAL] GENERATING COMPREHENSIVE CYCLE EFFICIENCY AUDIT REPORT
[2026-01-29 03:45:54.260] [REPORT] [SUCCESS] AUDIT REPORT GENERATED: AZ-AX-AUDIT-20260129-034554
[2026-01-29 03:45:54.266] [REPORT] [EFFICIENCY] OVERALL EFFICIENCY: 97.4006%
[2026-01-29 03:45:54.268] [REPORT] [OPTIMIZATION] OPTIMIZATION GAIN: 11.9%
[2026-01-29 03:45:54.279] [CYCLE] [SUCCESS] AUDIT CYCLE #1 COMPLETE - Duration: 3.13s - Total Optimization: 11.9%
[2026-01-29 03:45:54.283] [WAITING] [INFO] WAITING 30 SECONDS FOR NEXT AUDIT CYCLE...
[2026-01-29 03:46:24.300] [CYCLE] [CRITICAL] AUDIT CYCLE #2 - EXECUTING FULL SYSTEM AUDIT
[2026-01-29 03:46:24.304] [AZ-PRIME] [AZ-COMMAND] EXECUTING AZ PRIME COMMAND AUTHORITY AUDIT
[2026-01-29 03:46:24.306] [AZ-PRIME] [EFFICIENCY] AZ COMMAND EFFICIENCY: 99.9658%
[2026-01-29 03:46:24.308] [AZ-PRIME] [EFFICIENCY] AZ STRATEGIC ALIGNMENT: 99.3%
[2026-01-29 03:46:24.310] [AZ-PRIME] [EFFICIENCY] AZ OPERATIONAL CONTROL: 99.06%
[2026-01-29 03:46:24.311] [AX-INTEL] [AX-INTEL] EXECUTING AX INTELLIGENCE ENGINE AUDIT
[2026-01-29 03:46:24.313] [AX-INTEL] [EFFICIENCY] AX DATA PROCESSING: 96%
[2026-01-29 03:46:24.315] [AX-INTEL] [EFFICIENCY] AX INSIGHT GENERATION: 93%
[2026-01-29 03:46:24.316] [AX-INTEL] [EFFICIENCY] AX PREDICTIVE ACCURACY: 96%
[2026-01-29 03:46:24.317] [ANALYSIS] [EFFICIENCY] ANALYZING CYCLE EFFICIENCY METRICS
[2026-01-29 03:46:24.320] [ANALYSIS] [EFFICIENCY] OVERALL CYCLE EFFICIENCY: 97.9829%
[2026-01-29 03:46:24.321] [ANALYSIS] [EFFICIENCY] EFFICIENCY RATING: REQUIRES IMPROVEMENT
[2026-01-29 03:46:24.323] [PERFORMANCE] [EFFICIENCY] CYCLE TIME: 0.5s
[2026-01-29 03:46:24.324] [PERFORMANCE] [EFFICIENCY] THROUGHPUT: 218 ops/sec
[2026-01-29 03:46:24.326] [SYSTEM] [IMPROVEMENT] GENERATING IMPROVEMENT RECOMMENDATIONS
[2026-01-29 03:46:24.327] [PRIORITY] [IMPROVEMENT] PRIORITY IMPROVEMENT: Implement quantum-accelerated command processing - Expected Gain: 2.5%
[2026-01-29 03:46:24.329] [PRIORITY] [IMPROVEMENT] PRIORITY IMPROVEMENT: Enhance error correction algorithms - Expected Gain: 1.2%
[2026-01-29 03:46:24.331] [STRATEGIC] [IMPROVEMENT] STRATEGIC ENHANCEMENT: Deploy predictive optimization framework - Expected Gain: 5.0%
[2026-01-29 03:46:24.333] [STRATEGIC] [IMPROVEMENT] STRATEGIC ENHANCEMENT: Implement autonomous efficiency tuning - Expected Gain: 3.2%
[2026-01-29 03:46:24.335] [SYSTEM] [OPTIMIZATION] APPLYING AUTOMATED IMPROVEMENT OPTIMIZATIONS
[2026-01-29 03:46:24.337] [APPLY] [OPTIMIZATION] APPLYING: Implement quantum-accelerated command processing
[2026-01-29 03:46:24.850] [APPLY] [OPTIMIZATION] APPLYING: Enhance error correction algorithms
[2026-01-29 03:46:25.352] [APPLY] [OPTIMIZATION] APPLYING STRATEGIC: Deploy predictive optimization framework
[2026-01-29 03:46:26.368] [APPLY] [OPTIMIZATION] APPLYING STRATEGIC: Implement autonomous efficiency tuning
[2026-01-29 03:46:27.382] [GAIN] [OPTIMIZATION] TOTAL OPTIMIZATION GAIN APPLIED: 11.9%
[2026-01-29 03:46:27.385] [REPORT] [CRITICAL] GENERATING COMPREHENSIVE CYCLE EFFICIENCY AUDIT REPORT
[2026-01-29 03:46:27.391] [REPORT] [SUCCESS] AUDIT REPORT GENERATED: AZ-AX-AUDIT-20260129-034627
[2026-01-29 03:46:27.392] [REPORT] [EFFICIENCY] OVERALL EFFICIENCY: 97.9829%
[2026-01-29 03:46:27.394] [REPORT] [OPTIMIZATION] OPTIMIZATION GAIN: 11.9%
[2026-01-29 03:46:27.396] [CYCLE] [SUCCESS] AUDIT CYCLE #2 COMPLETE - Duration: 3.1s - Total Optimization: 23.8%
[2026-01-29 03:46:27.398] [WAITING] [INFO] WAITING 30 SECONDS FOR NEXT AUDIT CYCLE...
[2026-01-29 03:46:57.410] [CYCLE] [CRITICAL] AUDIT CYCLE #3 - EXECUTING FULL SYSTEM AUDIT
[2026-01-29 03:46:57.412] [AZ-PRIME] [AZ-COMMAND] EXECUTING AZ PRIME COMMAND AUTHORITY AUDIT
[2026-01-29 03:46:57.415] [AZ-PRIME] [EFFICIENCY] AZ COMMAND EFFICIENCY: 99.5976%
[2026-01-29 03:46:57.417] [AZ-PRIME] [EFFICIENCY] AZ STRATEGIC ALIGNMENT: 99.49%
[2026-01-29 03:46:57.419] [AZ-PRIME] [EFFICIENCY] AZ OPERATIONAL CONTROL: 99.46%
[2026-01-29 03:46:57.422] [AX-INTEL] [AX-INTEL] EXECUTING AX INTELLIGENCE ENGINE AUDIT
[2026-01-29 03:46:57.425] [AX-INTEL] [EFFICIENCY] AX DATA PROCESSING: 95%
[2026-01-29 03:46:57.427] [AX-INTEL] [EFFICIENCY] AX INSIGHT GENERATION: 95%
[2026-01-29 03:46:57.429] [AX-INTEL] [EFFICIENCY] AX PREDICTIVE ACCURACY: 95%
[2026-01-29 03:46:57.431] [ANALYSIS] [EFFICIENCY] ANALYZING CYCLE EFFICIENCY METRICS
[2026-01-29 03:46:57.433] [ANALYSIS] [EFFICIENCY] OVERALL CYCLE EFFICIENCY: 97.2988%
[2026-01-29 03:46:57.436] [ANALYSIS] [EFFICIENCY] EFFICIENCY RATING: REQUIRES IMPROVEMENT
[2026-01-29 03:46:57.439] [PERFORMANCE] [EFFICIENCY] CYCLE TIME: 0.5s
[2026-01-29 03:46:57.441] [PERFORMANCE] [EFFICIENCY] THROUGHPUT: 203 ops/sec
[2026-01-29 03:46:57.443] [SYSTEM] [IMPROVEMENT] GENERATING IMPROVEMENT RECOMMENDATIONS
[2026-01-29 03:46:57.445] [PRIORITY] [IMPROVEMENT] PRIORITY IMPROVEMENT: Implement quantum-accelerated command processing - Expected Gain: 2.5%
[2026-01-29 03:46:57.447] [PRIORITY] [IMPROVEMENT] PRIORITY IMPROVEMENT: Optimize neural network response pathways - Expected Gain: 1.8%
[2026-01-29 03:46:57.449] [PRIORITY] [IMPROVEMENT] PRIORITY IMPROVEMENT: Enhance error correction algorithms - Expected Gain: 1.2%
[2026-01-29 03:46:57.451] [STRATEGIC] [IMPROVEMENT] STRATEGIC ENHANCEMENT: Deploy predictive optimization framework - Expected Gain: 5.0%
[2026-01-29 03:46:57.454] [STRATEGIC] [IMPROVEMENT] STRATEGIC ENHANCEMENT: Implement autonomous efficiency tuning - Expected Gain: 3.2%
[2026-01-29 03:46:57.457] [SYSTEM] [OPTIMIZATION] APPLYING AUTOMATED IMPROVEMENT OPTIMIZATIONS
[2026-01-29 03:46:57.459] [APPLY] [OPTIMIZATION] APPLYING: Implement quantum-accelerated command processing
[2026-01-29 03:46:57.969] [APPLY] [OPTIMIZATION] APPLYING: Optimize neural network response pathways
[2026-01-29 03:46:58.472] [APPLY] [OPTIMIZATION] APPLYING: Enhance error correction algorithms
[2026-01-29 03:46:58.985] [APPLY] [OPTIMIZATION] APPLYING STRATEGIC: Deploy predictive optimization framework
[2026-01-29 03:46:59.987] [APPLY] [OPTIMIZATION] APPLYING STRATEGIC: Implement autonomous efficiency tuning
[2026-01-29 03:47:01.004] [GAIN] [OPTIMIZATION] TOTAL OPTIMIZATION GAIN APPLIED: 13.7%
[2026-01-29 03:47:01.006] [REPORT] [CRITICAL] GENERATING COMPREHENSIVE CYCLE EFFICIENCY AUDIT REPORT
[2026-01-29 03:47:01.011] [REPORT] [SUCCESS] AUDIT REPORT GENERATED: AZ-AX-AUDIT-20260129-034701
[2026-01-29 03:47:01.012] [REPORT] [EFFICIENCY] OVERALL EFFICIENCY: 97.2988%
[2026-01-29 03:47:01.014] [REPORT] [OPTIMIZATION] OPTIMIZATION GAIN: 13.7%
[2026-01-29 03:47:01.015] [CYCLE] [SUCCESS] AUDIT CYCLE #3 COMPLETE - Duration: 3.61s - Total Optimization: 37.5%
[2026-01-29 03:47:01.017] [WAITING] [INFO] WAITING 30 SECONDS FOR NEXT AUDIT CYCLE...
[2026-01-29 03:47:31.020] [CYCLE] [CRITICAL] AUDIT CYCLE #4 - EXECUTING FULL SYSTEM AUDIT
[2026-01-29 03:47:31.026] [AZ-PRIME] [AZ-COMMAND] EXECUTING AZ PRIME COMMAND AUTHORITY AUDIT
[2026-01-29 03:47:31.029] [AZ-PRIME] [EFFICIENCY] AZ COMMAND EFFICIENCY: 99.8661%
[2026-01-29 03:47:31.031] [AZ-PRIME] [EFFICIENCY] AZ STRATEGIC ALIGNMENT: 99.26%
[2026-01-29 03:47:31.033] [AZ-PRIME] [EFFICIENCY] AZ OPERATIONAL CONTROL: 99.8%
[2026-01-29 03:47:31.035] [AX-INTEL] [AX-INTEL] EXECUTING AX INTELLIGENCE ENGINE AUDIT
[2026-01-29 03:47:31.039] [AX-INTEL] [EFFICIENCY] AX DATA PROCESSING: 95%
[2026-01-29 03:47:31.042] [AX-INTEL] [EFFICIENCY] AX INSIGHT GENERATION: 97%
[2026-01-29 03:47:31.044] [AX-INTEL] [EFFICIENCY] AX PREDICTIVE ACCURACY: 93%
[2026-01-29 03:47:31.046] [ANALYSIS] [EFFICIENCY] ANALYZING CYCLE EFFICIENCY METRICS
[2026-01-29 03:47:31.049] [ANALYSIS] [EFFICIENCY] OVERALL CYCLE EFFICIENCY: 97.4330%
[2026-01-29 03:47:31.051] [ANALYSIS] [EFFICIENCY] EFFICIENCY RATING: REQUIRES IMPROVEMENT
[2026-01-29 03:47:31.053] [PERFORMANCE] [EFFICIENCY] CYCLE TIME: 0.5s
[2026-01-29 03:47:31.055] [PERFORMANCE] [EFFICIENCY] THROUGHPUT: 180 ops/sec
[2026-01-29 03:47:31.057] [SYSTEM] [IMPROVEMENT] GENERATING IMPROVEMENT RECOMMENDATIONS
[2026-01-29 03:47:31.060] [PRIORITY] [IMPROVEMENT] PRIORITY IMPROVEMENT: Implement quantum-accelerated command processing - Expected Gain: 2.5%
[2026-01-29 03:47:31.062] [STRATEGIC] [IMPROVEMENT] STRATEGIC ENHANCEMENT: Deploy predictive optimization framework - Expected Gain: 5.0%
[2026-01-29 03:47:31.065] [STRATEGIC] [IMPROVEMENT] STRATEGIC ENHANCEMENT: Implement autonomous efficiency tuning - Expected Gain: 3.2%
[2026-01-29 03:47:31.068] [SYSTEM] [OPTIMIZATION] APPLYING AUTOMATED IMPROVEMENT OPTIMIZATIONS
[2026-01-29 03:47:31.072] [APPLY] [OPTIMIZATION] APPLYING: Implement quantum-accelerated command processing
[2026-01-29 03:47:31.587] [APPLY] [OPTIMIZATION] APPLYING STRATEGIC: Deploy predictive optimization framework
[2026-01-29 03:47:32.604] [APPLY] [OPTIMIZATION] APPLYING STRATEGIC: Implement autonomous efficiency tuning
[2026-01-29 03:47:33.619] [GAIN] [OPTIMIZATION] TOTAL OPTIMIZATION GAIN APPLIED: 10.7%
[2026-01-29 03:47:33.621] [REPORT] [CRITICAL] GENERATING COMPREHENSIVE CYCLE EFFICIENCY AUDIT REPORT
[2026-01-29 03:47:33.626] [REPORT] [SUCCESS] AUDIT REPORT GENERATED: AZ-AX-AUDIT-20260129-034733
[2026-01-29 03:47:33.628] [REPORT] [EFFICIENCY] OVERALL EFFICIENCY: 97.4330%
[2026-01-29 03:47:33.630] [REPORT] [OPTIMIZATION] OPTIMIZATION GAIN: 10.7%
[2026-01-29 03:47:33.632] [CYCLE] [SUCCESS] AUDIT CYCLE #4 COMPLETE - Duration: 2.61s - Total Optimization: 48.2%
[2026-01-29 03:47:33.633] [WAITING] [INFO] WAITING 30 SECONDS FOR NEXT AUDIT CYCLE...
[2026-01-29 03:48:03.637] [CYCLE] [CRITICAL] AUDIT CYCLE #5 - EXECUTING FULL SYSTEM AUDIT
[2026-01-29 03:48:03.639] [AZ-PRIME] [AZ-COMMAND] EXECUTING AZ PRIME COMMAND AUTHORITY AUDIT
[2026-01-29 03:48:03.641] [AZ-PRIME] [EFFICIENCY] AZ COMMAND EFFICIENCY: 99.538%
[2026-01-29 03:48:03.643] [AZ-PRIME] [EFFICIENCY] AZ STRATEGIC ALIGNMENT: 99.32%
[2026-01-29 03:48:03.644] [AZ-PRIME] [EFFICIENCY] AZ OPERATIONAL CONTROL: 99.4%
[2026-01-29 03:48:03.646] [AX-INTEL] [AX-INTEL] EXECUTING AX INTELLIGENCE ENGINE AUDIT
[2026-01-29 03:48:03.648] [AX-INTEL] [EFFICIENCY] AX DATA PROCESSING: 97%
[2026-01-29 03:48:03.649] [AX-INTEL] [EFFICIENCY] AX INSIGHT GENERATION: 92%
[2026-01-29 03:48:03.651] [AX-INTEL] [EFFICIENCY] AX PREDICTIVE ACCURACY: 93%
[2026-01-29 03:48:03.653] [ANALYSIS] [EFFICIENCY] ANALYZING CYCLE EFFICIENCY METRICS
[2026-01-29 03:48:03.655] [ANALYSIS] [EFFICIENCY] OVERALL CYCLE EFFICIENCY: 98.269%
[2026-01-29 03:48:03.657] [ANALYSIS] [EFFICIENCY] EFFICIENCY RATING: ACCEPTABLE
[2026-01-29 03:48:03.659] [PERFORMANCE] [EFFICIENCY] CYCLE TIME: 0.5s
[2026-01-29 03:48:03.661] [PERFORMANCE] [EFFICIENCY] THROUGHPUT: 180 ops/sec
[2026-01-29 03:48:03.663] [SYSTEM] [IMPROVEMENT] GENERATING IMPROVEMENT RECOMMENDATIONS
[2026-01-29 03:48:03.665] [PRIORITY] [IMPROVEMENT] PRIORITY IMPROVEMENT: Implement quantum-accelerated command processing - Expected Gain: 2.5%
[2026-01-29 03:48:03.668] [PRIORITY] [IMPROVEMENT] PRIORITY IMPROVEMENT: Optimize neural network response pathways - Expected Gain: 1.8%
[2026-01-29 03:48:03.670] [STRATEGIC] [IMPROVEMENT] STRATEGIC ENHANCEMENT: Deploy predictive optimization framework - Expected Gain: 5.0%
[2026-01-29 03:48:03.673] [STRATEGIC] [IMPROVEMENT] STRATEGIC ENHANCEMENT: Implement autonomous efficiency tuning - Expected Gain: 3.2%
[2026-01-29 03:48:03.675] [SYSTEM] [OPTIMIZATION] APPLYING AUTOMATED IMPROVEMENT OPTIMIZATIONS
[2026-01-29 03:48:03.677] [APPLY] [OPTIMIZATION] APPLYING: Implement quantum-accelerated command processing
[2026-01-29 03:48:04.187] [APPLY] [OPTIMIZATION] APPLYING: Optimize neural network response pathways
[2026-01-29 03:48:04.692] [APPLY] [OPTIMIZATION] APPLYING STRATEGIC: Deploy predictive optimization framework
[2026-01-29 03:48:05.704] [APPLY] [OPTIMIZATION] APPLYING STRATEGIC: Implement autonomous efficiency tuning
[2026-01-29 03:48:06.721] [GAIN] [OPTIMIZATION] TOTAL OPTIMIZATION GAIN APPLIED: 12.5%
[2026-01-29 03:48:06.725] [REPORT] [CRITICAL] GENERATING COMPREHENSIVE CYCLE EFFICIENCY AUDIT REPORT
[2026-01-29 03:48:06.737] [REPORT] [SUCCESS] AUDIT REPORT GENERATED: AZ-AX-AUDIT-20260129-034806
[2026-01-29 03:48:06.740] [REPORT] [EFFICIENCY] OVERALL EFFICIENCY: 98.269%
[2026-01-29 03:48:06.743] [REPORT] [OPTIMIZATION] OPTIMIZATION GAIN: 12.5%
[2026-01-29 03:48:06.748] [CYCLE] [SUCCESS] AUDIT CYCLE #5 COMPLETE - Duration: 3.11s - Total Optimization: 60.7%
[2026-01-29 03:48:06.750] [WAITING] [INFO] WAITING 30 SECONDS FOR NEXT AUDIT CYCLE...
[2026-01-29 03:48:36.755] [CYCLE] [CRITICAL] AUDIT CYCLE #6 - EXECUTING FULL SYSTEM AUDIT
[2026-01-29 03:48:36.758] [AZ-PRIME] [AZ-COMMAND] EXECUTING AZ PRIME COMMAND AUTHORITY AUDIT
[2026-01-29 03:48:36.760] [AZ-PRIME] [EFFICIENCY] AZ COMMAND EFFICIENCY: 99.568%
[2026-01-29 03:48:36.762] [AZ-PRIME] [EFFICIENCY] AZ STRATEGIC ALIGNMENT: 99.03%
[2026-01-29 03:48:36.763] [AZ-PRIME] [EFFICIENCY] AZ OPERATIONAL CONTROL: 99.96%
[2026-01-29 03:48:36.764] [AX-INTEL] [AX-INTEL] EXECUTING AX INTELLIGENCE ENGINE AUDIT
[2026-01-29 03:48:36.766] [AX-INTEL] [EFFICIENCY] AX DATA PROCESSING: 96%
[2026-01-29 03:48:36.767] [AX-INTEL] [EFFICIENCY] AX INSIGHT GENERATION: 96%
[2026-01-29 03:48:36.768] [AX-INTEL] [EFFICIENCY] AX PREDICTIVE ACCURACY: 93%
[2026-01-29 03:48:36.770] [ANALYSIS] [EFFICIENCY] ANALYZING CYCLE EFFICIENCY METRICS
[2026-01-29 03:48:36.772] [ANALYSIS] [EFFICIENCY] OVERALL CYCLE EFFICIENCY: 97.784%
[2026-01-29 03:48:36.773] [ANALYSIS] [EFFICIENCY] EFFICIENCY RATING: REQUIRES IMPROVEMENT
[2026-01-29 03:48:36.775] [PERFORMANCE] [EFFICIENCY] CYCLE TIME: 0.5s
[2026-01-29 03:48:36.778] [PERFORMANCE] [EFFICIENCY] THROUGHPUT: 181 ops/sec
[2026-01-29 03:48:36.779] [SYSTEM] [IMPROVEMENT] GENERATING IMPROVEMENT RECOMMENDATIONS
[2026-01-29 03:48:36.781] [PRIORITY] [IMPROVEMENT] PRIORITY IMPROVEMENT: Implement quantum-accelerated command processing - Expected Gain: 2.5%
[2026-01-29 03:48:36.782] [PRIORITY] [IMPROVEMENT] PRIORITY IMPROVEMENT: Optimize neural network response pathways - Expected Gain: 1.8%
[2026-01-29 03:48:36.784] [STRATEGIC] [IMPROVEMENT] STRATEGIC ENHANCEMENT: Deploy predictive optimization framework - Expected Gain: 5.0%
[2026-01-29 03:48:36.785] [STRATEGIC] [IMPROVEMENT] STRATEGIC ENHANCEMENT: Implement autonomous efficiency tuning - Expected Gain: 3.2%
[2026-01-29 03:48:36.787] [SYSTEM] [OPTIMIZATION] APPLYING AUTOMATED IMPROVEMENT OPTIMIZATIONS
[2026-01-29 03:48:36.788] [APPLY] [OPTIMIZATION] APPLYING: Implement quantum-accelerated command processing
[2026-01-29 03:48:37.303] [APPLY] [OPTIMIZATION] APPLYING: Optimize neural network response pathways
[2026-01-29 03:48:37.806] [APPLY] [OPTIMIZATION] APPLYING STRATEGIC: Deploy predictive optimization framework
[2026-01-29 03:48:38.808] [APPLY] [OPTIMIZATION] APPLYING STRATEGIC: Implement autonomous efficiency tuning
[2026-01-29 03:48:39.822] [GAIN] [OPTIMIZATION] TOTAL OPTIMIZATION GAIN APPLIED: 12.5%
[2026-01-29 03:48:39.825] [REPORT] [CRITICAL] GENERATING COMPREHENSIVE CYCLE EFFICIENCY AUDIT REPORT
[2026-01-29 03:48:39.829] [REPORT] [SUCCESS] AUDIT REPORT GENERATED: AZ-AX-AUDIT-20260129-034839
[2026-01-29 03:48:39.831] [REPORT] [EFFICIENCY] OVERALL EFFICIENCY: 97.784%
[2026-01-29 03:48:39.832] [REPORT] [OPTIMIZATION] OPTIMIZATION GAIN: 12.5%
[2026-01-29 03:48:39.834] [CYCLE] [SUCCESS] AUDIT CYCLE #6 COMPLETE - Duration: 3.08s - Total Optimization: 73.2%
[2026-01-29 03:48:39.835] [WAITING] [INFO] WAITING 30 SECONDS FOR NEXT AUDIT CYCLE...
[2026-01-29 03:49:09.839] [CYCLE] [CRITICAL] AUDIT CYCLE #7 - EXECUTING FULL SYSTEM AUDIT
[2026-01-29 03:49:09.841] [AZ-PRIME] [AZ-COMMAND] EXECUTING AZ PRIME COMMAND AUTHORITY AUDIT
[2026-01-29 03:49:09.844] [AZ-PRIME] [EFFICIENCY] AZ COMMAND EFFICIENCY: 99.8561%
[2026-01-29 03:49:09.846] [AZ-PRIME] [EFFICIENCY] AZ STRATEGIC ALIGNMENT: 99.25%
[2026-01-29 03:49:09.848] [AZ-PRIME] [EFFICIENCY] AZ OPERATIONAL CONTROL: 99.7%
[2026-01-29 03:49:09.851] [AX-INTEL] [AX-INTEL] EXECUTING AX INTELLIGENCE ENGINE AUDIT
[2026-01-29 03:49:09.854] [AX-INTEL] [EFFICIENCY] AX DATA PROCESSING: 96%
[2026-01-29 03:49:09.856] [AX-INTEL] [EFFICIENCY] AX INSIGHT GENERATION: 90%
[2026-01-29 03:49:09.858] [AX-INTEL] [EFFICIENCY] AX PREDICTIVE ACCURACY: 96%
[2026-01-29 03:49:09.860] [ANALYSIS] [EFFICIENCY] ANALYZING CYCLE EFFICIENCY METRICS
[2026-01-29 03:49:09.863] [ANALYSIS] [EFFICIENCY] OVERALL CYCLE EFFICIENCY: 97.9280%
[2026-01-29 03:49:09.865] [ANALYSIS] [EFFICIENCY] EFFICIENCY RATING: REQUIRES IMPROVEMENT
[2026-01-29 03:49:09.868] [PERFORMANCE] [EFFICIENCY] CYCLE TIME: 0.5s
[2026-01-29 03:49:09.870] [PERFORMANCE] [EFFICIENCY] THROUGHPUT: 184 ops/sec
[2026-01-29 03:49:09.872] [SYSTEM] [IMPROVEMENT] GENERATING IMPROVEMENT RECOMMENDATIONS
[2026-01-29 03:49:09.874] [PRIORITY] [IMPROVEMENT] PRIORITY IMPROVEMENT: Implement quantum-accelerated command processing - Expected Gain: 2.5%
[2026-01-29 03:49:09.877] [PRIORITY] [IMPROVEMENT] PRIORITY IMPROVEMENT: Enhance error correction algorithms - Expected Gain: 1.2%
[2026-01-29 03:49:09.879] [STRATEGIC] [IMPROVEMENT] STRATEGIC ENHANCEMENT: Deploy predictive optimization framework - Expected Gain: 5.0%
[2026-01-29 03:49:09.882] [STRATEGIC] [IMPROVEMENT] STRATEGIC ENHANCEMENT: Implement autonomous efficiency tuning - Expected Gain: 3.2%
[2026-01-29 03:49:09.884] [SYSTEM] [OPTIMIZATION] APPLYING AUTOMATED IMPROVEMENT OPTIMIZATIONS
[2026-01-29 03:49:09.886] [APPLY] [OPTIMIZATION] APPLYING: Implement quantum-accelerated command processing
[2026-01-29 03:49:10.392] [APPLY] [OPTIMIZATION] APPLYING: Enhance error correction algorithms
[2026-01-29 03:49:10.905] [APPLY] [OPTIMIZATION] APPLYING STRATEGIC: Deploy predictive optimization framework
[2026-01-29 03:49:11.908] [APPLY] [OPTIMIZATION] APPLYING STRATEGIC: Implement autonomous efficiency tuning
[2026-01-29 03:49:12.908] [GAIN] [OPTIMIZATION] TOTAL OPTIMIZATION GAIN APPLIED: 11.9%
[2026-01-29 03:49:12.911] [REPORT] [CRITICAL] GENERATING COMPREHENSIVE CYCLE EFFICIENCY AUDIT REPORT
[2026-01-29 03:49:12.918] [REPORT] [SUCCESS] AUDIT REPORT GENERATED: AZ-AX-AUDIT-20260129-034912
[2026-01-29 03:49:12.921] [REPORT] [EFFICIENCY] OVERALL EFFICIENCY: 97.9280%
[2026-01-29 03:49:12.923] [REPORT] [OPTIMIZATION] OPTIMIZATION GAIN: 11.9%
[2026-01-29 03:49:12.926] [CYCLE] [SUCCESS] AUDIT CYCLE #7 COMPLETE - Duration: 3.09s - Total Optimization: 85.1%
[2026-01-29 03:49:12.928] [WAITING] [INFO] WAITING 30 SECONDS FOR NEXT AUDIT CYCLE...
[2026-01-29 03:49:42.942] [CYCLE] [CRITICAL] AUDIT CYCLE #8 - EXECUTING FULL SYSTEM AUDIT
[2026-01-29 03:49:42.945] [AZ-PRIME] [AZ-COMMAND] EXECUTING AZ PRIME COMMAND AUTHORITY AUDIT
[2026-01-29 03:49:42.947] [AZ-PRIME] [EFFICIENCY] AZ COMMAND EFFICIENCY: 99.5354%
[2026-01-29 03:49:42.949] [AZ-PRIME] [EFFICIENCY] AZ STRATEGIC ALIGNMENT: 99.52%
[2026-01-29 03:49:42.951] [AZ-PRIME] [EFFICIENCY] AZ OPERATIONAL CONTROL: 99.43%
[2026-01-29 03:49:42.952] [AX-INTEL] [AX-INTEL] EXECUTING AX INTELLIGENCE ENGINE AUDIT
[2026-01-29 03:49:42.954] [AX-INTEL] [EFFICIENCY] AX DATA PROCESSING: 96%
[2026-01-29 03:49:42.956] [AX-INTEL] [EFFICIENCY] AX INSIGHT GENERATION: 91%
[2026-01-29 03:49:42.959] [AX-INTEL] [EFFICIENCY] AX PREDICTIVE ACCURACY: 97%
[2026-01-29 03:49:42.961] [ANALYSIS] [EFFICIENCY] ANALYZING CYCLE EFFICIENCY METRICS
[2026-01-29 03:49:42.965] [ANALYSIS] [EFFICIENCY] OVERALL CYCLE EFFICIENCY: 97.7677%
[2026-01-29 03:49:42.967] [ANALYSIS] [EFFICIENCY] EFFICIENCY RATING: REQUIRES IMPROVEMENT
[2026-01-29 03:49:42.969] [PERFORMANCE] [EFFICIENCY] CYCLE TIME: 0.5s
[2026-01-29 03:49:42.971] [PERFORMANCE] [EFFICIENCY] THROUGHPUT: 181 ops/sec
[2026-01-29 03:49:42.973] [SYSTEM] [IMPROVEMENT] GENERATING IMPROVEMENT RECOMMENDATIONS
[2026-01-29 03:49:42.975] [PRIORITY] [IMPROVEMENT] PRIORITY IMPROVEMENT: Implement quantum-accelerated command processing - Expected Gain: 2.5%
[2026-01-29 03:49:42.978] [PRIORITY] [IMPROVEMENT] PRIORITY IMPROVEMENT: Enhance error correction algorithms - Expected Gain: 1.2%
[2026-01-29 03:49:42.980] [STRATEGIC] [IMPROVEMENT] STRATEGIC ENHANCEMENT: Deploy predictive optimization framework - Expected Gain: 5.0%
[2026-01-29 03:49:42.982] [STRATEGIC] [IMPROVEMENT] STRATEGIC ENHANCEMENT: Implement autonomous efficiency tuning - Expected Gain: 3.2%
[2026-01-29 03:49:42.984] [SYSTEM] [OPTIMIZATION] APPLYING AUTOMATED IMPROVEMENT OPTIMIZATIONS
[2026-01-29 03:49:42.986] [APPLY] [OPTIMIZATION] APPLYING: Implement quantum-accelerated command processing
[2026-01-29 03:49:43.490] [APPLY] [OPTIMIZATION] APPLYING: Enhance error correction algorithms
[2026-01-29 03:49:44.006] [APPLY] [OPTIMIZATION] APPLYING STRATEGIC: Deploy predictive optimization framework
[2026-01-29 03:49:45.022] [APPLY] [OPTIMIZATION] APPLYING STRATEGIC: Implement autonomous efficiency tuning
[2026-01-29 03:49:46.039] [GAIN] [OPTIMIZATION] TOTAL OPTIMIZATION GAIN APPLIED: 11.9%
[2026-01-29 03:49:46.042] [REPORT] [CRITICAL] GENERATING COMPREHENSIVE CYCLE EFFICIENCY AUDIT REPORT
[2026-01-29 03:49:46.050] [REPORT] [SUCCESS] AUDIT REPORT GENERATED: AZ-AX-AUDIT-20260129-034946
[2026-01-29 03:49:46.052] [REPORT] [EFFICIENCY] OVERALL EFFICIENCY: 97.7677%
[2026-01-29 03:49:46.055] [REPORT] [OPTIMIZATION] OPTIMIZATION GAIN: 11.9%
[2026-01-29 03:49:46.057] [CYCLE] [SUCCESS] AUDIT CYCLE #8 COMPLETE - Duration: 3.12s - Total Optimization: 97%
[2026-01-29 03:49:46.060] [WAITING] [INFO] WAITING 30 SECONDS FOR NEXT AUDIT CYCLE...
[2026-01-29 03:50:16.067] [CYCLE] [CRITICAL] AUDIT CYCLE #9 - EXECUTING FULL SYSTEM AUDIT
[2026-01-29 03:50:16.070] [AZ-PRIME] [AZ-COMMAND] EXECUTING AZ PRIME COMMAND AUTHORITY AUDIT
[2026-01-29 03:50:16.074] [AZ-PRIME] [EFFICIENCY] AZ COMMAND EFFICIENCY: 99.8045%
[2026-01-29 03:50:16.076] [AZ-PRIME] [EFFICIENCY] AZ STRATEGIC ALIGNMENT: 98.7%
[2026-01-29 03:50:16.079] [AZ-PRIME] [EFFICIENCY] AZ OPERATIONAL CONTROL: 99.19%
[2026-01-29 03:50:16.081] [AX-INTEL] [AX-INTEL] EXECUTING AX INTELLIGENCE ENGINE AUDIT
[2026-01-29 03:50:16.083] [AX-INTEL] [EFFICIENCY] AX DATA PROCESSING: 95%
[2026-01-29 03:50:16.086] [AX-INTEL] [EFFICIENCY] AX INSIGHT GENERATION: 97%
[2026-01-29 03:50:16.088] [AX-INTEL] [EFFICIENCY] AX PREDICTIVE ACCURACY: 96%
[2026-01-29 03:50:16.090] [ANALYSIS] [EFFICIENCY] ANALYZING CYCLE EFFICIENCY METRICS
[2026-01-29 03:50:16.095] [ANALYSIS] [EFFICIENCY] OVERALL CYCLE EFFICIENCY: 97.4022%
[2026-01-29 03:50:16.098] [ANALYSIS] [EFFICIENCY] EFFICIENCY RATING: REQUIRES IMPROVEMENT
[2026-01-29 03:50:16.103] [PERFORMANCE] [EFFICIENCY] CYCLE TIME: 0.5s
[2026-01-29 03:50:16.110] [PERFORMANCE] [EFFICIENCY] THROUGHPUT: 182 ops/sec
[2026-01-29 03:50:16.112] [SYSTEM] [IMPROVEMENT] GENERATING IMPROVEMENT RECOMMENDATIONS
[2026-01-29 03:50:16.115] [PRIORITY] [IMPROVEMENT] PRIORITY IMPROVEMENT: Implement quantum-accelerated command processing - Expected Gain: 2.5%
[2026-01-29 03:50:16.119] [PRIORITY] [IMPROVEMENT] PRIORITY IMPROVEMENT: Enhance error correction algorithms - Expected Gain: 1.2%
[2026-01-29 03:50:16.122] [STRATEGIC] [IMPROVEMENT] STRATEGIC ENHANCEMENT: Deploy predictive optimization framework - Expected Gain: 5.0%
[2026-01-29 03:50:16.124] [STRATEGIC] [IMPROVEMENT] STRATEGIC ENHANCEMENT: Implement autonomous efficiency tuning - Expected Gain: 3.2%
[2026-01-29 03:50:16.127] [SYSTEM] [OPTIMIZATION] APPLYING AUTOMATED IMPROVEMENT OPTIMIZATIONS
[2026-01-29 03:50:16.129] [APPLY] [OPTIMIZATION] APPLYING: Implement quantum-accelerated command processing
[2026-01-29 03:50:16.642] [APPLY] [OPTIMIZATION] APPLYING: Enhance error correction algorithms
[2026-01-29 03:50:17.156] [APPLY] [OPTIMIZATION] APPLYING STRATEGIC: Deploy predictive optimization framework
[2026-01-29 03:50:18.159] [APPLY] [OPTIMIZATION] APPLYING STRATEGIC: Implement autonomous efficiency tuning
[2026-01-29 03:50:19.176] [GAIN] [OPTIMIZATION] TOTAL OPTIMIZATION GAIN APPLIED: 11.9%
[2026-01-29 03:50:19.180] [REPORT] [CRITICAL] GENERATING COMPREHENSIVE CYCLE EFFICIENCY AUDIT REPORT
[2026-01-29 03:50:19.211] [REPORT] [SUCCESS] AUDIT REPORT GENERATED: AZ-AX-AUDIT-20260129-035019
[2026-01-29 03:50:19.215] [REPORT] [EFFICIENCY] OVERALL EFFICIENCY: 97.4022%
[2026-01-29 03:50:19.220] [REPORT] [OPTIMIZATION] OPTIMIZATION GAIN: 11.9%
[2026-01-29 03:50:19.227] [CYCLE] [SUCCESS] AUDIT CYCLE #9 COMPLETE - Duration: 3.16s - Total Optimization: 108.9%
[2026-01-29 03:50:19.231] [WAITING] [INFO] WAITING 30 SECONDS FOR NEXT AUDIT CYCLE...
[2026-01-29 03:50:49.247] [CYCLE] [CRITICAL] AUDIT CYCLE #10 - EXECUTING FULL SYSTEM AUDIT
[2026-01-29 03:50:49.250] [AZ-PRIME] [AZ-COMMAND] EXECUTING AZ PRIME COMMAND AUTHORITY AUDIT
[2026-01-29 03:50:49.253] [AZ-PRIME] [EFFICIENCY] AZ COMMAND EFFICIENCY: 99.5043%
[2026-01-29 03:50:49.255] [AZ-PRIME] [EFFICIENCY] AZ STRATEGIC ALIGNMENT: 98.54%
[2026-01-29 03:50:49.258] [AZ-PRIME] [EFFICIENCY] AZ OPERATIONAL CONTROL: 99.44%
[2026-01-29 03:50:49.260] [AX-INTEL] [AX-INTEL] EXECUTING AX INTELLIGENCE ENGINE AUDIT
[2026-01-29 03:50:49.262] [AX-INTEL] [EFFICIENCY] AX DATA PROCESSING: 98%
[2026-01-29 03:50:49.265] [AX-INTEL] [EFFICIENCY] AX INSIGHT GENERATION: 92%
[2026-01-29 03:50:49.267] [AX-INTEL] [EFFICIENCY] AX PREDICTIVE ACCURACY: 97%
[2026-01-29 03:50:49.269] [ANALYSIS] [EFFICIENCY] ANALYZING CYCLE EFFICIENCY METRICS
[2026-01-29 03:50:49.273] [ANALYSIS] [EFFICIENCY] OVERALL CYCLE EFFICIENCY: 98.7522%
[2026-01-29 03:50:49.276] [ANALYSIS] [EFFICIENCY] EFFICIENCY RATING: ACCEPTABLE
[2026-01-29 03:50:49.279] [PERFORMANCE] [EFFICIENCY] CYCLE TIME: 0.5s
[2026-01-29 03:50:49.281] [PERFORMANCE] [EFFICIENCY] THROUGHPUT: 196 ops/sec
[2026-01-29 03:50:49.283] [SYSTEM] [IMPROVEMENT] GENERATING IMPROVEMENT RECOMMENDATIONS
[2026-01-29 03:50:49.285] [PRIORITY] [IMPROVEMENT] PRIORITY IMPROVEMENT: Implement quantum-accelerated command processing - Expected Gain: 2.5%
[2026-01-29 03:50:49.288] [STRATEGIC] [IMPROVEMENT] STRATEGIC ENHANCEMENT: Deploy predictive optimization framework - Expected Gain: 5.0%
[2026-01-29 03:50:49.290] [STRATEGIC] [IMPROVEMENT] STRATEGIC ENHANCEMENT: Implement autonomous efficiency tuning - Expected Gain: 3.2%
[2026-01-29 03:50:49.293] [SYSTEM] [OPTIMIZATION] APPLYING AUTOMATED IMPROVEMENT OPTIMIZATIONS
[2026-01-29 03:50:49.296] [APPLY] [OPTIMIZATION] APPLYING: Implement quantum-accelerated command processing
[2026-01-29 03:50:49.809] [APPLY] [OPTIMIZATION] APPLYING STRATEGIC: Deploy predictive optimization framework
[2026-01-29 03:50:50.824] [APPLY] [OPTIMIZATION] APPLYING STRATEGIC: Implement autonomous efficiency tuning
[2026-01-29 03:50:51.841] [GAIN] [OPTIMIZATION] TOTAL OPTIMIZATION GAIN APPLIED: 10.7%
[2026-01-29 03:50:51.844] [REPORT] [CRITICAL] GENERATING COMPREHENSIVE CYCLE EFFICIENCY AUDIT REPORT
[2026-01-29 03:50:51.853] [REPORT] [SUCCESS] AUDIT REPORT GENERATED: AZ-AX-AUDIT-20260129-035051
[2026-01-29 03:50:51.856] [REPORT] [EFFICIENCY] OVERALL EFFICIENCY: 98.7522%
[2026-01-29 03:50:51.858] [REPORT] [OPTIMIZATION] OPTIMIZATION GAIN: 10.7%
[2026-01-29 03:50:51.861] [CYCLE] [SUCCESS] AUDIT CYCLE #10 COMPLETE - Duration: 2.61s - Total Optimization: 119.6%
[2026-01-29 03:50:51.864] [WAITING] [INFO] WAITING 30 SECONDS FOR NEXT AUDIT CYCLE...
[2026-01-29 03:51:21.877] [CYCLE] [CRITICAL] AUDIT CYCLE #11 - EXECUTING FULL SYSTEM AUDIT
[2026-01-29 03:51:21.880] [AZ-PRIME] [AZ-COMMAND] EXECUTING AZ PRIME COMMAND AUTHORITY AUDIT
[2026-01-29 03:51:21.883] [AZ-PRIME] [EFFICIENCY] AZ COMMAND EFFICIENCY: 99.8803%
[2026-01-29 03:51:21.885] [AZ-PRIME] [EFFICIENCY] AZ STRATEGIC ALIGNMENT: 99.13%
[2026-01-29 03:51:21.887] [AZ-PRIME] [EFFICIENCY] AZ OPERATIONAL CONTROL: 99.04%
[2026-01-29 03:51:21.889] [AX-INTEL] [AX-INTEL] EXECUTING AX INTELLIGENCE ENGINE AUDIT
[2026-01-29 03:51:21.892] [AX-INTEL] [EFFICIENCY] AX DATA PROCESSING: 98%
[2026-01-29 03:51:21.894] [AX-INTEL] [EFFICIENCY] AX INSIGHT GENERATION: 93%
[2026-01-29 03:51:21.897] [AX-INTEL] [EFFICIENCY] AX PREDICTIVE ACCURACY: 97%
[2026-01-29 03:51:21.899] [ANALYSIS] [EFFICIENCY] ANALYZING CYCLE EFFICIENCY METRICS
[2026-01-29 03:51:21.902] [ANALYSIS] [EFFICIENCY] OVERALL CYCLE EFFICIENCY: 98.9402%
[2026-01-29 03:51:21.905] [ANALYSIS] [EFFICIENCY] EFFICIENCY RATING: ACCEPTABLE
[2026-01-29 03:51:21.907] [PERFORMANCE] [EFFICIENCY] CYCLE TIME: 0.5s
[2026-01-29 03:51:21.910] [PERFORMANCE] [EFFICIENCY] THROUGHPUT: 217 ops/sec
[2026-01-29 03:51:21.913] [SYSTEM] [IMPROVEMENT] GENERATING IMPROVEMENT RECOMMENDATIONS
[2026-01-29 03:51:21.915] [PRIORITY] [IMPROVEMENT] PRIORITY IMPROVEMENT: Implement quantum-accelerated command processing - Expected Gain: 2.5%
[2026-01-29 03:51:21.918] [PRIORITY] [IMPROVEMENT] PRIORITY IMPROVEMENT: Enhance error correction algorithms - Expected Gain: 1.2%
[2026-01-29 03:51:21.921] [STRATEGIC] [IMPROVEMENT] STRATEGIC ENHANCEMENT: Deploy predictive optimization framework - Expected Gain: 5.0%
[2026-01-29 03:51:21.923] [STRATEGIC] [IMPROVEMENT] STRATEGIC ENHANCEMENT: Implement autonomous efficiency tuning - Expected Gain: 3.2%
[2026-01-29 03:51:21.926] [SYSTEM] [OPTIMIZATION] APPLYING AUTOMATED IMPROVEMENT OPTIMIZATIONS
[2026-01-29 03:51:21.928] [APPLY] [OPTIMIZATION] APPLYING: Implement quantum-accelerated command processing
[2026-01-29 03:51:22.440] [APPLY] [OPTIMIZATION] APPLYING: Enhance error correction algorithms
[2026-01-29 03:51:22.952] [APPLY] [OPTIMIZATION] APPLYING STRATEGIC: Deploy predictive optimization framework
[2026-01-29 03:51:23.964] [APPLY] [OPTIMIZATION] APPLYING STRATEGIC: Implement autonomous efficiency tuning
[2026-01-29 03:51:24.968] [GAIN] [OPTIMIZATION] TOTAL OPTIMIZATION GAIN APPLIED: 11.9%
[2026-01-29 03:51:24.970] [REPORT] [CRITICAL] GENERATING COMPREHENSIVE CYCLE EFFICIENCY AUDIT REPORT
[2026-01-29 03:51:24.979] [REPORT] [SUCCESS] AUDIT REPORT GENERATED: AZ-AX-AUDIT-20260129-035124
[2026-01-29 03:51:24.982] [REPORT] [EFFICIENCY] OVERALL EFFICIENCY: 98.9402%
[2026-01-29 03:51:24.984] [REPORT] [OPTIMIZATION] OPTIMIZATION GAIN: 11.9%
[2026-01-29 03:51:24.986] [CYCLE] [SUCCESS] AUDIT CYCLE #11 COMPLETE - Duration: 3.11s - Total Optimization: 131.5%
[2026-01-29 03:51:24.989] [WAITING] [INFO] WAITING 30 SECONDS FOR NEXT AUDIT CYCLE...
