[2026-01-29 03:32:22.625] [INIT] [CRITICAL] INITIALIZING AX INTELLIGENCE DISTRIBUTION SYSTEM
[2026-01-29 03:32:22.647] [COLLECTION] [STRATEGIC] COLLECTING INTELLIGENCE DATA FROM ALL NCC SYSTEMS
[2026-01-29 03:32:25.388] [ANALYSIS] [OPTIMIZATION] ANALYZING OPTIMIZATION OPPORTUNITIES ACROSS NCC ENTERPRISE
[2026-01-29 03:32:25.469] [ANALYSIS] [OPTIMIZATION] Optimization Analysis Complete - Opportunities Identified: 1
[2026-01-29 03:32:25.474] [PREDICTIVE] [STRATEGIC] GENERATING PREDICTIVE ANALYTICS FOR STRATEGIC PLANNING
[2026-01-29 03:32:25.497] [PREDICTIVE] [STRATEGIC] Predictive Analytics Generated - Strategic Insights: 4
[2026-01-29 03:32:25.502] [DISTRIBUTION] [CRITICAL] DISTRIBUTING INTELLIGENCE ACROSS NCC ENTERPRISE NETWORK
[2026-01-29 03:32:25.904] [GLOBAL] [STRATEGIC] UPDATING GLOBAL SYNCHRONIZATION STATUS
[2026-01-29 03:32:50.920] [INIT] [CRITICAL] INITIALIZING AX INTELLIGENCE DISTRIBUTION SYSTEM
[2026-01-29 03:32:50.949] [COLLECTION] [STRATEGIC] COLLECTING INTELLIGENCE DATA FROM ALL NCC SYSTEMS
[2026-01-29 03:32:53.679] [ANALYSIS] [OPTIMIZATION] ANALYZING OPTIMIZATION OPPORTUNITIES ACROSS NCC ENTERPRISE
[2026-01-29 03:32:53.725] [ANALYSIS] [OPTIMIZATION] Optimization Analysis Complete - Opportunities Identified: 1
[2026-01-29 03:32:53.730] [PREDICTIVE] [STRATEGIC] GENERATING PREDICTIVE ANALYTICS FOR STRATEGIC PLANNING
[2026-01-29 03:32:53.748] [PREDICTIVE] [STRATEGIC] Predictive Analytics Generated - Strategic Insights: 4
[2026-01-29 03:32:53.753] [DISTRIBUTION] [CRITICAL] DISTRIBUTING INTELLIGENCE ACROSS NCC ENTERPRISE NETWORK
[2026-01-29 03:32:54.148] [GLOBAL] [STRATEGIC] UPDATING GLOBAL SYNCHRONIZATION STATUS
[2026-01-29 03:33:13.507] [INIT] [CRITICAL] INITIALIZING AX INTELLIGENCE DISTRIBUTION SYSTEM
[2026-01-29 03:33:13.528] [COLLECTION] [STRATEGIC] COLLECTING INTELLIGENCE DATA FROM ALL NCC SYSTEMS
[2026-01-29 03:33:16.238] [ANALYSIS] [OPTIMIZATION] ANALYZING OPTIMIZATION OPPORTUNITIES ACROSS NCC ENTERPRISE
[2026-01-29 03:33:16.296] [ANALYSIS] [OPTIMIZATION] Optimization Analysis Complete - Opportunities Identified: 1
[2026-01-29 03:33:16.300] [PREDICTIVE] [STRATEGIC] GENERATING PREDICTIVE ANALYTICS FOR STRATEGIC PLANNING
[2026-01-29 03:33:16.326] [PREDICTIVE] [STRATEGIC] Predictive Analytics Generated - Strategic Insights: 4
[2026-01-29 03:33:16.331] [DISTRIBUTION] [CRITICAL] DISTRIBUTING INTELLIGENCE ACROSS NCC ENTERPRISE NETWORK
[2026-01-29 03:33:16.996] [GLOBAL] [STRATEGIC] UPDATING GLOBAL SYNCHRONIZATION STATUS
[2026-01-29 03:33:53.018] [INIT] [CRITICAL] INITIALIZING AX INTELLIGENCE DISTRIBUTION SYSTEM
[2026-01-29 03:33:53.033] [COLLECTION] [STRATEGIC] COLLECTING INTELLIGENCE DATA FROM ALL NCC SYSTEMS
[2026-01-29 03:34:47.972] [INIT] [CRITICAL] INITIALIZING AX INTELLIGENCE DISTRIBUTION SYSTEM
[2026-01-29 03:34:47.994] [COLLECTION] [STRATEGIC] COLLECTING INTELLIGENCE DATA FROM ALL NCC SYSTEMS
[2026-01-29 03:37:10.323] [INIT] [CRITICAL] INITIALIZING AX INTELLIGENCE DISTRIBUTION SYSTEM
[2026-01-29 03:37:10.346] [COLLECTION] [STRATEGIC] COLLECTING INTELLIGENCE DATA FROM ALL NCC SYSTEMS
[2026-01-29 03:39:19.897] [INIT] [CRITICAL] INITIALIZING AX INTELLIGENCE DISTRIBUTION SYSTEM
[2026-01-29 03:39:19.938] [COLLECTION] [STRATEGIC] COLLECTING INTELLIGENCE DATA FROM ALL NCC SYSTEMS
[2026-01-29 03:41:09.299] [INIT] [CRITICAL] INITIALIZING AX INTELLIGENCE DISTRIBUTION SYSTEM
[2026-01-29 03:41:09.325] [COLLECTION] [STRATEGIC] COLLECTING INTELLIGENCE DATA FROM ALL NCC SYSTEMS
