[2026-01-29 00:43:31] [START] === STARTING NCC COMPREHENSIVE ORGANIZATIONAL AUDIT ===
[2026-01-29 00:43:31] [DEPARTMENTS] AUDITING ALL DEPARTMENT HEADS
[2026-01-29 00:43:31] [DEPARTMENT] AUDITING DEPARTMENT: AIGovernanceCouncil (Head: AI-001)
[2026-01-29 00:43:31] [DEPARTMENT] AUDITING DEPARTMENT: BigBrainIntelligence (Head: BBI-001)
[2026-01-29 00:43:31] [DEPARTMENT] AUDITING DEPARTMENT: BiotechCorporation (Head: BTC-001)
[2026-01-29 00:43:31] [DEPARTMENT] AUDITING DEPARTMENT: CybersecurityCommandCenter (Head: CCC-001)
[2026-01-29 00:43:31] [DEPARTMENT] AUDITING DEPARTMENT: GlobalTalentAcquisition (Head: GTA-001)
[2026-01-29 00:43:31] [DEPARTMENT] AUDITING DEPARTMENT: InnovationLabsDivision (Head: ILD-001)
[2026-01-29 00:43:31] [DEPARTMENT] AUDITING DEPARTMENT: InternationalOperationsDivision (Head: IOD-001)
[2026-01-29 00:43:31] [DEPARTMENT] AUDITING DEPARTMENT: MediaCorp (Head: MMC-001)
[2026-01-29 00:43:31] [DEPARTMENT] AUDITING DEPARTMENT: QuantumComputingDivision (Head: QCD-001)
[2026-01-29 00:43:31] [DEPARTMENT] AUDITING DEPARTMENT: RoboticsAutomationDivision (Head: RAD-001)
[2026-01-29 00:43:31] [DEPARTMENT] AUDITING DEPARTMENT: SpaceOperationsDivision (Head: SOD-001)
[2026-01-29 00:43:31] [DEPARTMENT] AUDITING DEPARTMENT: ResonanceEnergyCorp (Head: REC-001)
[2026-01-29 00:43:31] [DEPARTMENT] AUDITING DEPARTMENT: CommandCenter (Head: CC-001)
[2026-01-29 00:43:31] [DEPARTMENT] AUDITING DEPARTMENT: CSuite (Head: CS-001)
[2026-01-29 00:43:31] [DEPARTMENT] AUDITING DEPARTMENT: Doctrine (Head: DOC-001)
[2026-01-29 00:43:31] [DEPARTMENT] AUDITING DEPARTMENT: OpsPackets (Head: OP-001)
[2026-01-29 00:43:31] [DEPARTMENT] AUDITING DEPARTMENT: Playbooks (Head: PB-001)
[2026-01-29 00:43:31] [DEPARTMENT] AUDITING DEPARTMENT: Projects (Head: PRJ-001)
[2026-01-29 00:43:31] [DEPARTMENT] AUDITING DEPARTMENT: Public (Head: PUB-001)
[2026-01-29 00:43:31] [DEPARTMENT] AUDITING DEPARTMENT: Scripts (Head: SCR-001)
[2026-01-29 00:43:31] [DEPARTMENT] AUDITING DEPARTMENT: Templates (Head: TMP-001)
[2026-01-29 00:43:31] [DEPARTMENT] AUDITING DEPARTMENT: Console (Head: CON-001)
[2026-01-29 00:43:31] [DEPARTMENT] AUDITING DEPARTMENT: CCD_VS_EDITION (Head: CCD-001)
[2026-01-29 00:43:31] [DEPARTMENT] AUDITING DEPARTMENT: Collab (Head: COL-001)
[2026-01-29 00:43:31] [DEPARTMENT] AUDITING DEPARTMENT: Dashboard (Head: DB-001)
[2026-01-29 00:43:31] [DEPARTMENT] AUDITING DEPARTMENT: OffshoreOperationsDivision (Head: OOD-001)
[2026-01-29 00:43:31] [DEPARTMENT] AUDITING DEPARTMENT: EliteTraderDesk (Head: ETD-001)
[2026-01-29 00:43:31] [EXECUTIVES] AUDITING EXECUTIVE LEADERSHIP
[2026-01-29 00:43:31] [EXECUTIVE] AUDITING EXECUTIVE: AZ PRIME Orchestrator (AZ-001)
[2026-01-29 00:43:31] [EXECUTIVE] AUDITING EXECUTIVE: NCL Digital OS Command (NCL-001)
[2026-01-29 00:43:31] [EXECUTIVE] AUDITING EXECUTIVE: CEO10 Board Member (CEO10-@{description=Chief Executive Officers Board; total_agents=10; specializations=System.Object[]; reporting_structure=Direct to AZ PRIME; clearance_level=TOP SECRET})
[2026-01-29 00:43:31] [ELITE] AUDITING ELITE UNITS
[2026-01-29 00:43:31] [ELITE] AUDITING ELITE UNIT: S15
[2026-01-29 00:43:31] [ELITE] AUDITING ELITE UNIT: C33
[2026-01-29 00:43:31] [ELITE] AUDITING ELITE UNIT: FIN25
[2026-01-29 00:43:31] [ELITE] AUDITING ELITE UNIT: SC-ELITE
[2026-01-29 00:43:31] [ELITE] AUDITING ELITE UNIT: MMC-CEO
[2026-01-29 00:43:31] [REPORT] GENERATING COMPREHENSIVE NCC ORGANIZATIONAL AUDIT REPORT
[2026-01-29 00:43:42] [REPORT] Comprehensive audit report saved: C:\Users\gripa\OneDrive\Desktop\NCC\NCC-Doctrine\data\ncc_comprehensive_audit_report_2026-01-29_00-43-31.md
[2026-01-29 00:43:42] [COMPLETE] === NCC COMPREHENSIVE ORGANIZATIONAL AUDIT COMPLETE ===
[2026-01-29 00:43:42] [METRICS] Total responses collected: 350
[2026-01-29 00:43:42] [REPORT] Report generated: C:\Users\gripa\OneDrive\Desktop\NCC\NCC-Doctrine\data\ncc_comprehensive_audit_report_2026-01-29_00-43-31.md
[2026-01-29 01:15:36] [START] === STARTING NCC COMPREHENSIVE ORGANIZATIONAL AUDIT ===
[2026-01-29 01:15:36] [REPORT] GENERATING COMPREHENSIVE NCC ORGANIZATIONAL AUDIT REPORT
[2026-01-29 01:15:36] [REPORT] Comprehensive audit report saved: C:\Users\gripa\OneDrive\Desktop\NCC\NCC-Doctrine\data\ncc_comprehensive_audit_report_2026-01-29_01-15-36.md
[2026-01-29 01:15:36] [COMPLETE] === NCC COMPREHENSIVE ORGANIZATIONAL AUDIT COMPLETE ===
[2026-01-29 01:15:36] [METRICS] Total responses collected: 0
[2026-01-29 01:15:36] [REPORT] Report generated: C:\Users\gripa\OneDrive\Desktop\NCC\NCC-Doctrine\data\ncc_comprehensive_audit_report_2026-01-29_01-15-36.md
[2026-01-29 01:20:57] [START] === STARTING NCC COMPREHENSIVE ORGANIZATIONAL AUDIT ===
[2026-01-29 01:20:57] [REPORT] GENERATING COMPREHENSIVE NCC ORGANIZATIONAL AUDIT REPORT
[2026-01-29 01:20:57] [REPORT] Comprehensive audit report saved: C:\Users\gripa\OneDrive\Desktop\NCC\NCC-Doctrine\data\ncc_comprehensive_audit_report_2026-01-29_01-20-57.md
[2026-01-29 01:20:57] [COMPLETE] === NCC COMPREHENSIVE ORGANIZATIONAL AUDIT COMPLETE ===
[2026-01-29 01:20:57] [METRICS] Total responses collected: 0
[2026-01-29 01:20:57] [REPORT] Report generated: C:\Users\gripa\OneDrive\Desktop\NCC\NCC-Doctrine\data\ncc_comprehensive_audit_report_2026-01-29_01-20-57.md
[2026-01-29 01:26:18] [START] === STARTING NCC COMPREHENSIVE ORGANIZATIONAL AUDIT ===
[2026-01-29 01:26:18] [REPORT] GENERATING COMPREHENSIVE NCC ORGANIZATIONAL AUDIT REPORT
[2026-01-29 01:26:18] [REPORT] Comprehensive audit report saved: C:\Users\gripa\OneDrive\Desktop\NCC\NCC-Doctrine\data\ncc_comprehensive_audit_report_2026-01-29_01-26-18.md
[2026-01-29 01:26:18] [COMPLETE] === NCC COMPREHENSIVE ORGANIZATIONAL AUDIT COMPLETE ===
[2026-01-29 01:26:18] [METRICS] Total responses collected: 0
[2026-01-29 01:26:18] [REPORT] Report generated: C:\Users\gripa\OneDrive\Desktop\NCC\NCC-Doctrine\data\ncc_comprehensive_audit_report_2026-01-29_01-26-18.md
[2026-01-29 03:19:33] [START] === STARTING NCC COMPREHENSIVE ORGANIZATIONAL AUDIT ===
[2026-01-29 03:19:33] [REPORT] GENERATING COMPREHENSIVE NCC ORGANIZATIONAL AUDIT REPORT
[2026-01-29 03:19:33] [REPORT] Comprehensive audit report saved: C:\Users\gripa\OneDrive\Desktop\NCC\NCC-Doctrine\data\ncc_comprehensive_audit_report_2026-01-29_03-19-33.md
[2026-01-29 03:19:33] [COMPLETE] === NCC COMPREHENSIVE ORGANIZATIONAL AUDIT COMPLETE ===
[2026-01-29 03:19:33] [METRICS] Total responses collected: 0
[2026-01-29 03:19:33] [REPORT] Report generated: C:\Users\gripa\OneDrive\Desktop\NCC\NCC-Doctrine\data\ncc_comprehensive_audit_report_2026-01-29_03-19-33.md
[2026-01-29 03:21:25] [START] === STARTING NCC COMPREHENSIVE ORGANIZATIONAL AUDIT ===
[2026-01-29 03:21:25] [REPORT] GENERATING COMPREHENSIVE NCC ORGANIZATIONAL AUDIT REPORT
[2026-01-29 03:21:25] [REPORT] Comprehensive audit report saved: C:\Users\gripa\OneDrive\Desktop\NCC\NCC-Doctrine\data\ncc_comprehensive_audit_report_2026-01-29_03-21-25.md
[2026-01-29 03:21:25] [COMPLETE] === NCC COMPREHENSIVE ORGANIZATIONAL AUDIT COMPLETE ===
[2026-01-29 03:21:25] [METRICS] Total responses collected: 0
[2026-01-29 03:21:25] [REPORT] Report generated: C:\Users\gripa\OneDrive\Desktop\NCC\NCC-Doctrine\data\ncc_comprehensive_audit_report_2026-01-29_03-21-25.md
