{
  "timestamp": "2026-01-29T01:28:07Z",
  "recommendationsImplemented": 0,
  "status": "BOARD_MEETING_COMPLETE_AZ_IMPLEMENTATION_SUCCESSFUL",
  "azAuditIntegrated": false,
  "departmentsOptimized": 0,
  "cycle": 1,
  "lfg_protocol": "MAXIMUM_EFFICIENCY_ENGAGED"
}
{
  "timestamp": "2026-01-29T01:28:18Z",
  "recommendationsImplemented": 0,
  "status": "BOARD_MEETING_COMPLETE_AZ_IMPLEMENTATION_SUCCESSFUL",
  "azAuditIntegrated": false,
  "departmentsOptimized": 0,
  "cycle": 2,
  "lfg_protocol": "MAXIMUM_EFFICIENCY_ENGAGED"
}
{
  "timestamp": "2026-01-29T01:28:30Z",
  "recommendationsImplemented": 0,
  "status": "BOARD_MEETING_COMPLETE_AZ_IMPLEMENTATION_SUCCESSFUL",
  "azAuditIntegrated": false,
  "departmentsOptimized": 0,
  "cycle": 3,
  "lfg_protocol": "MAXIMUM_EFFICIENCY_ENGAGED"
}
{
  "timestamp": "2026-01-29T01:28:40Z",
  "recommendationsImplemented": 0,
  "status": "BOARD_MEETING_COMPLETE_AZ_IMPLEMENTATION_SUCCESSFUL",
  "azAuditIntegrated": false,
  "departmentsOptimized": 0,
  "cycle": 4,
  "lfg_protocol": "MAXIMUM_EFFICIENCY_ENGAGED"
}
{
  "timestamp": "2026-01-29T01:28:50Z",
  "recommendationsImplemented": 0,
  "status": "BOARD_MEETING_COMPLETE_AZ_IMPLEMENTATION_SUCCESSFUL",
  "azAuditIntegrated": false,
  "departmentsOptimized": 0,
  "cycle": 5,
  "lfg_protocol": "MAXIMUM_EFFICIENCY_ENGAGED"
}
{
  "timestamp": "2026-01-29T01:29:00Z",
  "recommendationsImplemented": 0,
  "status": "BOARD_MEETING_COMPLETE_AZ_IMPLEMENTATION_SUCCESSFUL",
  "azAuditIntegrated": false,
  "departmentsOptimized": 0,
  "cycle": 6,
  "lfg_protocol": "MAXIMUM_EFFICIENCY_ENGAGED"
}
{
  "timestamp": "2026-01-29T01:29:10Z",
  "recommendationsImplemented": 0,
  "status": "BOARD_MEETING_COMPLETE_AZ_IMPLEMENTATION_SUCCESSFUL",
  "azAuditIntegrated": false,
  "departmentsOptimized": 0,
  "cycle": 7,
  "lfg_protocol": "MAXIMUM_EFFICIENCY_ENGAGED"
}
{
  "timestamp": "2026-01-29T01:29:20Z",
  "recommendationsImplemented": 0,
  "status": "BOARD_MEETING_COMPLETE_AZ_IMPLEMENTATION_SUCCESSFUL",
  "azAuditIntegrated": false,
  "departmentsOptimized": 0,
  "cycle": 8,
  "lfg_protocol": "MAXIMUM_EFFICIENCY_ENGAGED"
}
{
  "timestamp": "2026-01-29T01:29:30Z",
  "recommendationsImplemented": 0,
  "status": "BOARD_MEETING_COMPLETE_AZ_IMPLEMENTATION_SUCCESSFUL",
  "azAuditIntegrated": false,
  "departmentsOptimized": 0,
  "cycle": 9,
  "lfg_protocol": "MAXIMUM_EFFICIENCY_ENGAGED"
}
{
  "timestamp": "2026-01-29T01:29:40Z",
  "recommendationsImplemented": 0,
  "status": "BOARD_MEETING_COMPLETE_AZ_IMPLEMENTATION_SUCCESSFUL",
  "azAuditIntegrated": false,
  "departmentsOptimized": 0,
  "cycle": 10,
  "lfg_protocol": "MAXIMUM_EFFICIENCY_ENGAGED"
}
{
  "timestamp": "2026-01-29T01:29:50Z",
  "recommendationsImplemented": 0,
  "status": "BOARD_MEETING_COMPLETE_AZ_IMPLEMENTATION_SUCCESSFUL",
  "azAuditIntegrated": false,
  "departmentsOptimized": 0,
  "cycle": 11,
  "lfg_protocol": "MAXIMUM_EFFICIENCY_ENGAGED"
}
{
  "timestamp": "2026-01-29T01:30:01Z",
  "recommendationsImplemented": 0,
  "status": "BOARD_MEETING_COMPLETE_AZ_IMPLEMENTATION_SUCCESSFUL",
  "azAuditIntegrated": false,
  "departmentsOptimized": 0,
  "cycle": 12,
  "lfg_protocol": "MAXIMUM_EFFICIENCY_ENGAGED"
}
{
  "recommendationsImplemented": 0,
  "departmentsOptimized": 0,
  "azAuditIntegrated": false,
  "status": "BOARD_MEETING_COMPLETE_AZ_IMPLEMENTATION_SUCCESSFUL",
  "timestamp": "2026-01-29T01:32:13Z",
  "lfg_protocol": "MAXIMUM_EFFICIENCY_ENGAGED",
  "cycle": 1
}
{
  "recommendationsImplemented": 0,
  "azAuditIntegrated": false,
  "timestamp": "2026-01-29T01:36:57Z",
  "departmentsOptimized": 0,
  "lfg_protocol": "MAXIMUM_EFFICIENCY_ENGAGED",
  "status": "BOARD_MEETING_COMPLETE_AZ_IMPLEMENTATION_SUCCESSFUL",
  "cycle": 1
}
{
  "recommendationsImplemented": 0,
  "azAuditIntegrated": false,
  "timestamp": "2026-01-29T01:37:01Z",
  "departmentsOptimized": 0,
  "lfg_protocol": "MAXIMUM_EFFICIENCY_ENGAGED",
  "status": "BOARD_MEETING_COMPLETE_AZ_IMPLEMENTATION_SUCCESSFUL",
  "cycle": 2
}
{
  "recommendationsImplemented": 0,
  "azAuditIntegrated": false,
  "timestamp": "2026-01-29T01:37:04Z",
  "departmentsOptimized": 0,
  "lfg_protocol": "MAXIMUM_EFFICIENCY_ENGAGED",
  "status": "BOARD_MEETING_COMPLETE_AZ_IMPLEMENTATION_SUCCESSFUL",
  "cycle": 3
}
{
  "recommendationsImplemented": 0,
  "azAuditIntegrated": false,
  "timestamp": "2026-01-29T01:37:08Z",
  "departmentsOptimized": 0,
  "lfg_protocol": "MAXIMUM_EFFICIENCY_ENGAGED",
  "status": "BOARD_MEETING_COMPLETE_AZ_IMPLEMENTATION_SUCCESSFUL",
  "cycle": 4
}
{
  "recommendationsImplemented": 0,
  "azAuditIntegrated": false,
  "timestamp": "2026-01-29T01:37:11Z",
  "departmentsOptimized": 0,
  "lfg_protocol": "MAXIMUM_EFFICIENCY_ENGAGED",
  "status": "BOARD_MEETING_COMPLETE_AZ_IMPLEMENTATION_SUCCESSFUL",
  "cycle": 5
}
{
  "recommendationsImplemented": 0,
  "azAuditIntegrated": false,
  "timestamp": "2026-01-29T01:37:14Z",
  "departmentsOptimized": 0,
  "lfg_protocol": "MAXIMUM_EFFICIENCY_ENGAGED",
  "status": "BOARD_MEETING_COMPLETE_AZ_IMPLEMENTATION_SUCCESSFUL",
  "cycle": 6
}
{
  "recommendationsImplemented": 0,
  "azAuditIntegrated": false,
  "timestamp": "2026-01-29T01:37:17Z",
  "departmentsOptimized": 0,
  "lfg_protocol": "MAXIMUM_EFFICIENCY_ENGAGED",
  "status": "BOARD_MEETING_COMPLETE_AZ_IMPLEMENTATION_SUCCESSFUL",
  "cycle": 7
}
{
  "recommendationsImplemented": 0,
  "azAuditIntegrated": false,
  "timestamp": "2026-01-29T01:37:20Z",
  "departmentsOptimized": 0,
  "lfg_protocol": "MAXIMUM_EFFICIENCY_ENGAGED",
  "status": "BOARD_MEETING_COMPLETE_AZ_IMPLEMENTATION_SUCCESSFUL",
  "cycle": 8
}
{
  "recommendationsImplemented": 0,
  "azAuditIntegrated": false,
  "timestamp": "2026-01-29T01:37:23Z",
  "departmentsOptimized": 0,
  "lfg_protocol": "MAXIMUM_EFFICIENCY_ENGAGED",
  "status": "BOARD_MEETING_COMPLETE_AZ_IMPLEMENTATION_SUCCESSFUL",
  "cycle": 9
}
{
  "recommendationsImplemented": 0,
  "azAuditIntegrated": false,
  "timestamp": "2026-01-29T01:37:26Z",
  "departmentsOptimized": 0,
  "lfg_protocol": "MAXIMUM_EFFICIENCY_ENGAGED",
  "status": "BOARD_MEETING_COMPLETE_AZ_IMPLEMENTATION_SUCCESSFUL",
  "cycle": 10
}
{
  "recommendationsImplemented": 0,
  "azAuditIntegrated": false,
  "timestamp": "2026-01-29T01:37:29Z",
  "departmentsOptimized": 0,
  "lfg_protocol": "MAXIMUM_EFFICIENCY_ENGAGED",
  "status": "BOARD_MEETING_COMPLETE_AZ_IMPLEMENTATION_SUCCESSFUL",
  "cycle": 11
}
{
  "recommendationsImplemented": 0,
  "azAuditIntegrated": false,
  "timestamp": "2026-01-29T01:37:32Z",
  "departmentsOptimized": 0,
  "lfg_protocol": "MAXIMUM_EFFICIENCY_ENGAGED",
  "status": "BOARD_MEETING_COMPLETE_AZ_IMPLEMENTATION_SUCCESSFUL",
  "cycle": 12
}
{
  "recommendationsImplemented": 0,
  "azAuditIntegrated": false,
  "timestamp": "2026-01-29T01:37:34Z",
  "departmentsOptimized": 0,
  "lfg_protocol": "MAXIMUM_EFFICIENCY_ENGAGED",
  "status": "BOARD_MEETING_COMPLETE_AZ_IMPLEMENTATION_SUCCESSFUL",
  "cycle": 13
}
{
  "recommendationsImplemented": 0,
  "azAuditIntegrated": false,
  "timestamp": "2026-01-29T01:37:37Z",
  "departmentsOptimized": 0,
  "lfg_protocol": "MAXIMUM_EFFICIENCY_ENGAGED",
  "status": "BOARD_MEETING_COMPLETE_AZ_IMPLEMENTATION_SUCCESSFUL",
  "cycle": 14
}
{
  "recommendationsImplemented": 0,
  "azAuditIntegrated": false,
  "timestamp": "2026-01-29T01:37:40Z",
  "departmentsOptimized": 0,
  "lfg_protocol": "MAXIMUM_EFFICIENCY_ENGAGED",
  "status": "BOARD_MEETING_COMPLETE_AZ_IMPLEMENTATION_SUCCESSFUL",
  "cycle": 15
}
{
  "recommendationsImplemented": 0,
  "azAuditIntegrated": false,
  "timestamp": "2026-01-29T01:37:43Z",
  "departmentsOptimized": 0,
  "lfg_protocol": "MAXIMUM_EFFICIENCY_ENGAGED",
  "status": "BOARD_MEETING_COMPLETE_AZ_IMPLEMENTATION_SUCCESSFUL",
  "cycle": 16
}
{
  "recommendationsImplemented": 0,
  "azAuditIntegrated": false,
  "timestamp": "2026-01-29T01:37:46Z",
  "departmentsOptimized": 0,
  "lfg_protocol": "MAXIMUM_EFFICIENCY_ENGAGED",
  "status": "BOARD_MEETING_COMPLETE_AZ_IMPLEMENTATION_SUCCESSFUL",
  "cycle": 17
}
{
  "recommendationsImplemented": 0,
  "azAuditIntegrated": false,
  "timestamp": "2026-01-29T01:37:49Z",
  "departmentsOptimized": 0,
  "lfg_protocol": "MAXIMUM_EFFICIENCY_ENGAGED",
  "status": "BOARD_MEETING_COMPLETE_AZ_IMPLEMENTATION_SUCCESSFUL",
  "cycle": 18
}
{
  "recommendationsImplemented": 0,
  "azAuditIntegrated": false,
  "timestamp": "2026-01-29T01:37:52Z",
  "departmentsOptimized": 0,
  "lfg_protocol": "MAXIMUM_EFFICIENCY_ENGAGED",
  "status": "BOARD_MEETING_COMPLETE_AZ_IMPLEMENTATION_SUCCESSFUL",
  "cycle": 19
}
{
  "recommendationsImplemented": 0,
  "azAuditIntegrated": false,
  "timestamp": "2026-01-29T01:37:55Z",
  "departmentsOptimized": 0,
  "lfg_protocol": "MAXIMUM_EFFICIENCY_ENGAGED",
  "status": "BOARD_MEETING_COMPLETE_AZ_IMPLEMENTATION_SUCCESSFUL",
  "cycle": 20
}
{
  "recommendationsImplemented": 0,
  "azAuditIntegrated": false,
  "timestamp": "2026-01-29T01:37:58Z",
  "departmentsOptimized": 0,
  "lfg_protocol": "MAXIMUM_EFFICIENCY_ENGAGED",
  "status": "BOARD_MEETING_COMPLETE_AZ_IMPLEMENTATION_SUCCESSFUL",
  "cycle": 21
}
{
  "recommendationsImplemented": 0,
  "azAuditIntegrated": false,
  "timestamp": "2026-01-29T01:38:01Z",
  "departmentsOptimized": 0,
  "lfg_protocol": "MAXIMUM_EFFICIENCY_ENGAGED",
  "status": "BOARD_MEETING_COMPLETE_AZ_IMPLEMENTATION_SUCCESSFUL",
  "cycle": 22
}
{
  "recommendationsImplemented": 0,
  "azAuditIntegrated": false,
  "timestamp": "2026-01-29T01:38:04Z",
  "departmentsOptimized": 0,
  "lfg_protocol": "MAXIMUM_EFFICIENCY_ENGAGED",
  "status": "BOARD_MEETING_COMPLETE_AZ_IMPLEMENTATION_SUCCESSFUL",
  "cycle": 23
}
{
  "recommendationsImplemented": 0,
  "azAuditIntegrated": false,
  "timestamp": "2026-01-29T01:38:07Z",
  "departmentsOptimized": 0,
  "lfg_protocol": "MAXIMUM_EFFICIENCY_ENGAGED",
  "status": "BOARD_MEETING_COMPLETE_AZ_IMPLEMENTATION_SUCCESSFUL",
  "cycle": 24
}
{
  "recommendationsImplemented": 0,
  "azAuditIntegrated": false,
  "timestamp": "2026-01-29T01:38:10Z",
  "departmentsOptimized": 0,
  "lfg_protocol": "MAXIMUM_EFFICIENCY_ENGAGED",
  "status": "BOARD_MEETING_COMPLETE_AZ_IMPLEMENTATION_SUCCESSFUL",
  "cycle": 25
}
{
  "recommendationsImplemented": 0,
  "azAuditIntegrated": false,
  "timestamp": "2026-01-29T01:38:13Z",
  "departmentsOptimized": 0,
  "lfg_protocol": "MAXIMUM_EFFICIENCY_ENGAGED",
  "status": "BOARD_MEETING_COMPLETE_AZ_IMPLEMENTATION_SUCCESSFUL",
  "cycle": 26
}
{
  "recommendationsImplemented": 0,
  "azAuditIntegrated": false,
  "timestamp": "2026-01-29T01:38:16Z",
  "departmentsOptimized": 0,
  "lfg_protocol": "MAXIMUM_EFFICIENCY_ENGAGED",
  "status": "BOARD_MEETING_COMPLETE_AZ_IMPLEMENTATION_SUCCESSFUL",
  "cycle": 27
}
{
  "recommendationsImplemented": 0,
  "azAuditIntegrated": false,
  "timestamp": "2026-01-29T01:38:19Z",
  "departmentsOptimized": 0,
  "lfg_protocol": "MAXIMUM_EFFICIENCY_ENGAGED",
  "status": "BOARD_MEETING_COMPLETE_AZ_IMPLEMENTATION_SUCCESSFUL",
  "cycle": 28
}
{
  "recommendationsImplemented": 0,
  "azAuditIntegrated": false,
  "timestamp": "2026-01-29T01:38:22Z",
  "departmentsOptimized": 0,
  "lfg_protocol": "MAXIMUM_EFFICIENCY_ENGAGED",
  "status": "BOARD_MEETING_COMPLETE_AZ_IMPLEMENTATION_SUCCESSFUL",
  "cycle": 29
}
{
  "recommendationsImplemented": 0,
  "azAuditIntegrated": false,
  "timestamp": "2026-01-29T01:38:25Z",
  "departmentsOptimized": 0,
  "lfg_protocol": "MAXIMUM_EFFICIENCY_ENGAGED",
  "status": "BOARD_MEETING_COMPLETE_AZ_IMPLEMENTATION_SUCCESSFUL",
  "cycle": 30
}
