{
  "azAnalysisCompleted": 1,
  "lfg_protocol": "ENGAGED",
  "applicationsPlanned": 16,
  "nclCapabilitiesUtilized": 2,
  "cSuiteDecisions": 8,
  "cashFlowOpportunitiesAnalyzed": 10,
  "cycle": 1,
  "status": "INTEGRATION_CYCLE_COMPLETED",
  "timestamp": "2026-01-29T00:56:42Z",
  "axTasksCompleted": 3
}
{
  "azAnalysisCompleted": 1,
  "status": "INTEGRATION_CYCLE_COMPLETED",
  "lfg_protocol": "ENGAGED",
  "cSuiteDecisions": 8,
  "axTasksCompleted": 3,
  "cashFlowOpportunitiesAnalyzed": 10,
  "applicationsPlanned": 16,
  "nclCapabilitiesUtilized": 2,
  "cycle": 1,
  "timestamp": "2026-01-29T00:57:13Z"
}
{
  "cSuiteDecisions": 8,
  "cycle": 1,
  "nclCapabilitiesUtilized": 2,
  "cashFlowOpportunitiesAnalyzed": 10,
  "timestamp": "2026-01-29T00:58:40Z",
  "lfg_protocol": "ENGAGED",
  "applicationsPlanned": 16,
  "axTasksCompleted": 3,
  "status": "INTEGRATION_CYCLE_COMPLETED",
  "azAnalysisCompleted": 1
}
{
  "cSuiteDecisions": 8,
  "cycle": 2,
  "nclCapabilitiesUtilized": 2,
  "cashFlowOpportunitiesAnalyzed": 10,
  "timestamp": "2026-01-29T00:58:50Z",
  "lfg_protocol": "ENGAGED",
  "applicationsPlanned": 16,
  "axTasksCompleted": 3,
  "status": "INTEGRATION_CYCLE_COMPLETED",
  "azAnalysisCompleted": 1
}
{
  "cSuiteDecisions": 8,
  "cycle": 3,
  "nclCapabilitiesUtilized": 2,
  "cashFlowOpportunitiesAnalyzed": 10,
  "timestamp": "2026-01-29T00:59:00Z",
  "lfg_protocol": "ENGAGED",
  "applicationsPlanned": 16,
  "axTasksCompleted": 3,
  "status": "INTEGRATION_CYCLE_COMPLETED",
  "azAnalysisCompleted": 1
}
{
  "cSuiteDecisions": 8,
  "cycle": 4,
  "nclCapabilitiesUtilized": 2,
  "cashFlowOpportunitiesAnalyzed": 10,
  "timestamp": "2026-01-29T00:59:10Z",
  "lfg_protocol": "ENGAGED",
  "applicationsPlanned": 16,
  "axTasksCompleted": 3,
  "status": "INTEGRATION_CYCLE_COMPLETED",
  "azAnalysisCompleted": 1
}
{
  "cSuiteDecisions": 8,
  "cycle": 5,
  "nclCapabilitiesUtilized": 2,
  "cashFlowOpportunitiesAnalyzed": 10,
  "timestamp": "2026-01-29T00:59:18Z",
  "lfg_protocol": "ENGAGED",
  "applicationsPlanned": 16,
  "axTasksCompleted": 3,
  "status": "INTEGRATION_CYCLE_COMPLETED",
  "azAnalysisCompleted": 1
}
{
  "cSuiteDecisions": 8,
  "cycle": 6,
  "nclCapabilitiesUtilized": 2,
  "cashFlowOpportunitiesAnalyzed": 10,
  "timestamp": "2026-01-29T00:59:28Z",
  "lfg_protocol": "ENGAGED",
  "applicationsPlanned": 16,
  "axTasksCompleted": 3,
  "status": "INTEGRATION_CYCLE_COMPLETED",
  "azAnalysisCompleted": 1
}
{
  "cSuiteDecisions": 8,
  "cycle": 7,
  "nclCapabilitiesUtilized": 2,
  "cashFlowOpportunitiesAnalyzed": 10,
  "timestamp": "2026-01-29T00:59:39Z",
  "lfg_protocol": "ENGAGED",
  "applicationsPlanned": 16,
  "axTasksCompleted": 3,
  "status": "INTEGRATION_CYCLE_COMPLETED",
  "azAnalysisCompleted": 1
}
{
  "cSuiteDecisions": 8,
  "cycle": 8,
  "nclCapabilitiesUtilized": 2,
  "cashFlowOpportunitiesAnalyzed": 10,
  "timestamp": "2026-01-29T00:59:49Z",
  "lfg_protocol": "ENGAGED",
  "applicationsPlanned": 16,
  "axTasksCompleted": 3,
  "status": "INTEGRATION_CYCLE_COMPLETED",
  "azAnalysisCompleted": 1
}
{
  "cSuiteDecisions": 8,
  "cycle": 9,
  "nclCapabilitiesUtilized": 2,
  "cashFlowOpportunitiesAnalyzed": 10,
  "timestamp": "2026-01-29T00:59:59Z",
  "lfg_protocol": "ENGAGED",
  "applicationsPlanned": 16,
  "axTasksCompleted": 3,
  "status": "INTEGRATION_CYCLE_COMPLETED",
  "azAnalysisCompleted": 1
}
{
  "cSuiteDecisions": 8,
  "cycle": 10,
  "nclCapabilitiesUtilized": 2,
  "cashFlowOpportunitiesAnalyzed": 10,
  "timestamp": "2026-01-29T01:00:09Z",
  "lfg_protocol": "ENGAGED",
  "applicationsPlanned": 16,
  "axTasksCompleted": 3,
  "status": "INTEGRATION_CYCLE_COMPLETED",
  "azAnalysisCompleted": 1
}
{
  "cSuiteDecisions": 8,
  "cycle": 11,
  "nclCapabilitiesUtilized": 2,
  "cashFlowOpportunitiesAnalyzed": 10,
  "timestamp": "2026-01-29T01:00:19Z",
  "lfg_protocol": "ENGAGED",
  "applicationsPlanned": 16,
  "axTasksCompleted": 3,
  "status": "INTEGRATION_CYCLE_COMPLETED",
  "azAnalysisCompleted": 1
}
{
  "cSuiteDecisions": 8,
  "cycle": 12,
  "nclCapabilitiesUtilized": 2,
  "cashFlowOpportunitiesAnalyzed": 10,
  "timestamp": "2026-01-29T01:00:29Z",
  "lfg_protocol": "ENGAGED",
  "applicationsPlanned": 16,
  "axTasksCompleted": 3,
  "status": "INTEGRATION_CYCLE_COMPLETED",
  "azAnalysisCompleted": 1
}
{
  "cSuiteDecisions": 8,
  "cycle": 13,
  "nclCapabilitiesUtilized": 2,
  "cashFlowOpportunitiesAnalyzed": 10,
  "timestamp": "2026-01-29T01:00:39Z",
  "lfg_protocol": "ENGAGED",
  "applicationsPlanned": 16,
  "axTasksCompleted": 3,
  "status": "INTEGRATION_CYCLE_COMPLETED",
  "azAnalysisCompleted": 1
}
{
  "cSuiteDecisions": 8,
  "cycle": 14,
  "nclCapabilitiesUtilized": 2,
  "cashFlowOpportunitiesAnalyzed": 10,
  "timestamp": "2026-01-29T01:00:48Z",
  "lfg_protocol": "ENGAGED",
  "applicationsPlanned": 16,
  "axTasksCompleted": 3,
  "status": "INTEGRATION_CYCLE_COMPLETED",
  "azAnalysisCompleted": 1
}
{
  "cSuiteDecisions": 8,
  "cycle": 15,
  "nclCapabilitiesUtilized": 2,
  "cashFlowOpportunitiesAnalyzed": 10,
  "timestamp": "2026-01-29T01:00:59Z",
  "lfg_protocol": "ENGAGED",
  "applicationsPlanned": 16,
  "axTasksCompleted": 3,
  "status": "INTEGRATION_CYCLE_COMPLETED",
  "azAnalysisCompleted": 1
}
{
  "cSuiteDecisions": 8,
  "cycle": 16,
  "nclCapabilitiesUtilized": 2,
  "cashFlowOpportunitiesAnalyzed": 10,
  "timestamp": "2026-01-29T01:01:09Z",
  "lfg_protocol": "ENGAGED",
  "applicationsPlanned": 16,
  "axTasksCompleted": 3,
  "status": "INTEGRATION_CYCLE_COMPLETED",
  "azAnalysisCompleted": 1
}
{
  "cSuiteDecisions": 8,
  "cycle": 17,
  "nclCapabilitiesUtilized": 2,
  "cashFlowOpportunitiesAnalyzed": 10,
  "timestamp": "2026-01-29T01:01:19Z",
  "lfg_protocol": "ENGAGED",
  "applicationsPlanned": 16,
  "axTasksCompleted": 3,
  "status": "INTEGRATION_CYCLE_COMPLETED",
  "azAnalysisCompleted": 1
}
{
  "cSuiteDecisions": 8,
  "cycle": 18,
  "nclCapabilitiesUtilized": 2,
  "cashFlowOpportunitiesAnalyzed": 10,
  "timestamp": "2026-01-29T01:01:28Z",
  "lfg_protocol": "ENGAGED",
  "applicationsPlanned": 16,
  "axTasksCompleted": 3,
  "status": "INTEGRATION_CYCLE_COMPLETED",
  "azAnalysisCompleted": 1
}
{
  "cSuiteDecisions": 8,
  "cycle": 19,
  "nclCapabilitiesUtilized": 2,
  "cashFlowOpportunitiesAnalyzed": 10,
  "timestamp": "2026-01-29T01:01:39Z",
  "lfg_protocol": "ENGAGED",
  "applicationsPlanned": 16,
  "axTasksCompleted": 3,
  "status": "INTEGRATION_CYCLE_COMPLETED",
  "azAnalysisCompleted": 1
}
{
  "cSuiteDecisions": 8,
  "cycle": 20,
  "nclCapabilitiesUtilized": 2,
  "cashFlowOpportunitiesAnalyzed": 10,
  "timestamp": "2026-01-29T01:01:49Z",
  "lfg_protocol": "ENGAGED",
  "applicationsPlanned": 16,
  "axTasksCompleted": 3,
  "status": "INTEGRATION_CYCLE_COMPLETED",
  "azAnalysisCompleted": 1
}
{
  "cSuiteDecisions": 8,
  "cycle": 21,
  "nclCapabilitiesUtilized": 2,
  "cashFlowOpportunitiesAnalyzed": 10,
  "timestamp": "2026-01-29T01:01:59Z",
  "lfg_protocol": "ENGAGED",
  "applicationsPlanned": 16,
  "axTasksCompleted": 3,
  "status": "INTEGRATION_CYCLE_COMPLETED",
  "azAnalysisCompleted": 1
}
{
  "cSuiteDecisions": 8,
  "cycle": 22,
  "nclCapabilitiesUtilized": 2,
  "cashFlowOpportunitiesAnalyzed": 10,
  "timestamp": "2026-01-29T01:02:10Z",
  "lfg_protocol": "ENGAGED",
  "applicationsPlanned": 16,
  "axTasksCompleted": 3,
  "status": "INTEGRATION_CYCLE_COMPLETED",
  "azAnalysisCompleted": 1
}
{
  "cSuiteDecisions": 8,
  "cycle": 23,
  "nclCapabilitiesUtilized": 2,
  "cashFlowOpportunitiesAnalyzed": 10,
  "timestamp": "2026-01-29T01:02:19Z",
  "lfg_protocol": "ENGAGED",
  "applicationsPlanned": 16,
  "axTasksCompleted": 3,
  "status": "INTEGRATION_CYCLE_COMPLETED",
  "azAnalysisCompleted": 1
}
{
  "cSuiteDecisions": 8,
  "cycle": 24,
  "nclCapabilitiesUtilized": 2,
  "cashFlowOpportunitiesAnalyzed": 10,
  "timestamp": "2026-01-29T01:02:31Z",
  "lfg_protocol": "ENGAGED",
  "applicationsPlanned": 16,
  "axTasksCompleted": 3,
  "status": "INTEGRATION_CYCLE_COMPLETED",
  "azAnalysisCompleted": 1
}
{
  "cSuiteDecisions": 8,
  "cycle": 25,
  "nclCapabilitiesUtilized": 2,
  "cashFlowOpportunitiesAnalyzed": 10,
  "timestamp": "2026-01-29T01:02:42Z",
  "lfg_protocol": "ENGAGED",
  "applicationsPlanned": 16,
  "axTasksCompleted": 3,
  "status": "INTEGRATION_CYCLE_COMPLETED",
  "azAnalysisCompleted": 1
}
{
  "cSuiteDecisions": 8,
  "cycle": 26,
  "nclCapabilitiesUtilized": 2,
  "cashFlowOpportunitiesAnalyzed": 10,
  "timestamp": "2026-01-29T01:02:53Z",
  "lfg_protocol": "ENGAGED",
  "applicationsPlanned": 16,
  "axTasksCompleted": 3,
  "status": "INTEGRATION_CYCLE_COMPLETED",
  "azAnalysisCompleted": 1
}
{
  "cSuiteDecisions": 8,
  "cycle": 27,
  "nclCapabilitiesUtilized": 2,
  "cashFlowOpportunitiesAnalyzed": 10,
  "timestamp": "2026-01-29T01:03:02Z",
  "lfg_protocol": "ENGAGED",
  "applicationsPlanned": 16,
  "axTasksCompleted": 3,
  "status": "INTEGRATION_CYCLE_COMPLETED",
  "azAnalysisCompleted": 1
}
{
  "cSuiteDecisions": 8,
  "cycle": 28,
  "nclCapabilitiesUtilized": 2,
  "cashFlowOpportunitiesAnalyzed": 10,
  "timestamp": "2026-01-29T01:03:12Z",
  "lfg_protocol": "ENGAGED",
  "applicationsPlanned": 16,
  "axTasksCompleted": 3,
  "status": "INTEGRATION_CYCLE_COMPLETED",
  "azAnalysisCompleted": 1
}
{
  "cSuiteDecisions": 8,
  "cycle": 29,
  "nclCapabilitiesUtilized": 2,
  "cashFlowOpportunitiesAnalyzed": 10,
  "timestamp": "2026-01-29T01:03:23Z",
  "lfg_protocol": "ENGAGED",
  "applicationsPlanned": 16,
  "axTasksCompleted": 3,
  "status": "INTEGRATION_CYCLE_COMPLETED",
  "azAnalysisCompleted": 1
}
{
  "cSuiteDecisions": 8,
  "cycle": 30,
  "nclCapabilitiesUtilized": 2,
  "cashFlowOpportunitiesAnalyzed": 10,
  "timestamp": "2026-01-29T01:03:33Z",
  "lfg_protocol": "ENGAGED",
  "applicationsPlanned": 16,
  "axTasksCompleted": 3,
  "status": "INTEGRATION_CYCLE_COMPLETED",
  "azAnalysisCompleted": 1
}
{
  "cSuiteDecisions": 8,
  "cycle": 31,
  "nclCapabilitiesUtilized": 2,
  "cashFlowOpportunitiesAnalyzed": 10,
  "timestamp": "2026-01-29T01:03:49Z",
  "lfg_protocol": "ENGAGED",
  "applicationsPlanned": 16,
  "axTasksCompleted": 3,
  "status": "INTEGRATION_CYCLE_COMPLETED",
  "azAnalysisCompleted": 1
}
{
  "cSuiteDecisions": 8,
  "cycle": 32,
  "nclCapabilitiesUtilized": 2,
  "cashFlowOpportunitiesAnalyzed": 10,
  "timestamp": "2026-01-29T01:04:00Z",
  "lfg_protocol": "ENGAGED",
  "applicationsPlanned": 16,
  "axTasksCompleted": 3,
  "status": "INTEGRATION_CYCLE_COMPLETED",
  "azAnalysisCompleted": 1
}
{
  "cSuiteDecisions": 8,
  "cycle": 33,
  "nclCapabilitiesUtilized": 2,
  "cashFlowOpportunitiesAnalyzed": 10,
  "timestamp": "2026-01-29T01:04:10Z",
  "lfg_protocol": "ENGAGED",
  "applicationsPlanned": 16,
  "axTasksCompleted": 3,
  "status": "INTEGRATION_CYCLE_COMPLETED",
  "azAnalysisCompleted": 1
}
{
  "cSuiteDecisions": 8,
  "cycle": 34,
  "nclCapabilitiesUtilized": 2,
  "cashFlowOpportunitiesAnalyzed": 10,
  "timestamp": "2026-01-29T01:04:21Z",
  "lfg_protocol": "ENGAGED",
  "applicationsPlanned": 16,
  "axTasksCompleted": 3,
  "status": "INTEGRATION_CYCLE_COMPLETED",
  "azAnalysisCompleted": 1
}
{
  "cSuiteDecisions": 8,
  "cycle": 35,
  "nclCapabilitiesUtilized": 2,
  "cashFlowOpportunitiesAnalyzed": 10,
  "timestamp": "2026-01-29T01:04:30Z",
  "lfg_protocol": "ENGAGED",
  "applicationsPlanned": 16,
  "axTasksCompleted": 3,
  "status": "INTEGRATION_CYCLE_COMPLETED",
  "azAnalysisCompleted": 1
}
{
  "cSuiteDecisions": 8,
  "cycle": 36,
  "nclCapabilitiesUtilized": 2,
  "cashFlowOpportunitiesAnalyzed": 10,
  "timestamp": "2026-01-29T01:04:38Z",
  "lfg_protocol": "ENGAGED",
  "applicationsPlanned": 16,
  "axTasksCompleted": 3,
  "status": "INTEGRATION_CYCLE_COMPLETED",
  "azAnalysisCompleted": 1
}
{
  "cSuiteDecisions": 8,
  "cycle": 37,
  "nclCapabilitiesUtilized": 2,
  "cashFlowOpportunitiesAnalyzed": 10,
  "timestamp": "2026-01-29T01:04:48Z",
  "lfg_protocol": "ENGAGED",
  "applicationsPlanned": 16,
  "axTasksCompleted": 3,
  "status": "INTEGRATION_CYCLE_COMPLETED",
  "azAnalysisCompleted": 1
}
{
  "cSuiteDecisions": 8,
  "cycle": 38,
  "nclCapabilitiesUtilized": 2,
  "cashFlowOpportunitiesAnalyzed": 10,
  "timestamp": "2026-01-29T01:04:58Z",
  "lfg_protocol": "ENGAGED",
  "applicationsPlanned": 16,
  "axTasksCompleted": 3,
  "status": "INTEGRATION_CYCLE_COMPLETED",
  "azAnalysisCompleted": 1
}
{
  "cSuiteDecisions": 8,
  "cycle": 39,
  "nclCapabilitiesUtilized": 2,
  "cashFlowOpportunitiesAnalyzed": 10,
  "timestamp": "2026-01-29T01:05:07Z",
  "lfg_protocol": "ENGAGED",
  "applicationsPlanned": 16,
  "axTasksCompleted": 3,
  "status": "INTEGRATION_CYCLE_COMPLETED",
  "azAnalysisCompleted": 1
}
{
  "cSuiteDecisions": 8,
  "cycle": 40,
  "nclCapabilitiesUtilized": 2,
  "cashFlowOpportunitiesAnalyzed": 10,
  "timestamp": "2026-01-29T01:05:18Z",
  "lfg_protocol": "ENGAGED",
  "applicationsPlanned": 16,
  "axTasksCompleted": 3,
  "status": "INTEGRATION_CYCLE_COMPLETED",
  "azAnalysisCompleted": 1
}
{
  "cSuiteDecisions": 8,
  "cycle": 41,
  "nclCapabilitiesUtilized": 2,
  "cashFlowOpportunitiesAnalyzed": 10,
  "timestamp": "2026-01-29T01:05:28Z",
  "lfg_protocol": "ENGAGED",
  "applicationsPlanned": 16,
  "axTasksCompleted": 3,
  "status": "INTEGRATION_CYCLE_COMPLETED",
  "azAnalysisCompleted": 1
}
{
  "cSuiteDecisions": 8,
  "cycle": 42,
  "nclCapabilitiesUtilized": 2,
  "cashFlowOpportunitiesAnalyzed": 10,
  "timestamp": "2026-01-29T01:05:39Z",
  "lfg_protocol": "ENGAGED",
  "applicationsPlanned": 16,
  "axTasksCompleted": 3,
  "status": "INTEGRATION_CYCLE_COMPLETED",
  "azAnalysisCompleted": 1
}
{
  "cSuiteDecisions": 8,
  "cycle": 43,
  "nclCapabilitiesUtilized": 2,
  "cashFlowOpportunitiesAnalyzed": 10,
  "timestamp": "2026-01-29T01:05:48Z",
  "lfg_protocol": "ENGAGED",
  "applicationsPlanned": 16,
  "axTasksCompleted": 3,
  "status": "INTEGRATION_CYCLE_COMPLETED",
  "azAnalysisCompleted": 1
}
{
  "cSuiteDecisions": 8,
  "cycle": 44,
  "nclCapabilitiesUtilized": 2,
  "cashFlowOpportunitiesAnalyzed": 10,
  "timestamp": "2026-01-29T01:05:58Z",
  "lfg_protocol": "ENGAGED",
  "applicationsPlanned": 16,
  "axTasksCompleted": 3,
  "status": "INTEGRATION_CYCLE_COMPLETED",
  "azAnalysisCompleted": 1
}
{
  "cSuiteDecisions": 8,
  "cycle": 45,
  "nclCapabilitiesUtilized": 2,
  "cashFlowOpportunitiesAnalyzed": 10,
  "timestamp": "2026-01-29T01:06:08Z",
  "lfg_protocol": "ENGAGED",
  "applicationsPlanned": 16,
  "axTasksCompleted": 3,
  "status": "INTEGRATION_CYCLE_COMPLETED",
  "azAnalysisCompleted": 1
}
{
  "cSuiteDecisions": 8,
  "cycle": 46,
  "nclCapabilitiesUtilized": 2,
  "cashFlowOpportunitiesAnalyzed": 10,
  "timestamp": "2026-01-29T01:06:18Z",
  "lfg_protocol": "ENGAGED",
  "applicationsPlanned": 16,
  "axTasksCompleted": 3,
  "status": "INTEGRATION_CYCLE_COMPLETED",
  "azAnalysisCompleted": 1
}
{
  "cSuiteDecisions": 8,
  "cycle": 47,
  "nclCapabilitiesUtilized": 2,
  "cashFlowOpportunitiesAnalyzed": 10,
  "timestamp": "2026-01-29T01:06:29Z",
  "lfg_protocol": "ENGAGED",
  "applicationsPlanned": 16,
  "axTasksCompleted": 3,
  "status": "INTEGRATION_CYCLE_COMPLETED",
  "azAnalysisCompleted": 1
}
{
  "cSuiteDecisions": 8,
  "cycle": 48,
  "nclCapabilitiesUtilized": 2,
  "cashFlowOpportunitiesAnalyzed": 10,
  "timestamp": "2026-01-29T01:06:40Z",
  "lfg_protocol": "ENGAGED",
  "applicationsPlanned": 16,
  "axTasksCompleted": 3,
  "status": "INTEGRATION_CYCLE_COMPLETED",
  "azAnalysisCompleted": 1
}
{
  "cSuiteDecisions": 8,
  "cycle": 49,
  "nclCapabilitiesUtilized": 2,
  "cashFlowOpportunitiesAnalyzed": 10,
  "timestamp": "2026-01-29T01:06:52Z",
  "lfg_protocol": "ENGAGED",
  "applicationsPlanned": 16,
  "axTasksCompleted": 3,
  "status": "INTEGRATION_CYCLE_COMPLETED",
  "azAnalysisCompleted": 1
}
{
  "cSuiteDecisions": 8,
  "cycle": 50,
  "nclCapabilitiesUtilized": 2,
  "cashFlowOpportunitiesAnalyzed": 10,
  "timestamp": "2026-01-29T01:07:02Z",
  "lfg_protocol": "ENGAGED",
  "applicationsPlanned": 16,
  "axTasksCompleted": 3,
  "status": "INTEGRATION_CYCLE_COMPLETED",
  "azAnalysisCompleted": 1
}
{
  "cSuiteDecisions": 8,
  "cycle": 51,
  "nclCapabilitiesUtilized": 2,
  "cashFlowOpportunitiesAnalyzed": 10,
  "timestamp": "2026-01-29T01:07:13Z",
  "lfg_protocol": "ENGAGED",
  "applicationsPlanned": 16,
  "axTasksCompleted": 3,
  "status": "INTEGRATION_CYCLE_COMPLETED",
  "azAnalysisCompleted": 1
}
{
  "cSuiteDecisions": 8,
  "cycle": 52,
  "nclCapabilitiesUtilized": 2,
  "cashFlowOpportunitiesAnalyzed": 10,
  "timestamp": "2026-01-29T01:07:24Z",
  "lfg_protocol": "ENGAGED",
  "applicationsPlanned": 16,
  "axTasksCompleted": 3,
  "status": "INTEGRATION_CYCLE_COMPLETED",
  "azAnalysisCompleted": 1
}
{
  "cSuiteDecisions": 8,
  "cycle": 53,
  "nclCapabilitiesUtilized": 2,
  "cashFlowOpportunitiesAnalyzed": 10,
  "timestamp": "2026-01-29T01:07:35Z",
  "lfg_protocol": "ENGAGED",
  "applicationsPlanned": 16,
  "axTasksCompleted": 3,
  "status": "INTEGRATION_CYCLE_COMPLETED",
  "azAnalysisCompleted": 1
}
{
  "cSuiteDecisions": 8,
  "cycle": 54,
  "nclCapabilitiesUtilized": 2,
  "cashFlowOpportunitiesAnalyzed": 10,
  "timestamp": "2026-01-29T01:07:45Z",
  "lfg_protocol": "ENGAGED",
  "applicationsPlanned": 16,
  "axTasksCompleted": 3,
  "status": "INTEGRATION_CYCLE_COMPLETED",
  "azAnalysisCompleted": 1
}
{
  "lfg_protocol": "ENGAGED",
  "axTasksCompleted": 3,
  "azAnalysisCompleted": 1,
  "cashFlowOpportunitiesAnalyzed": 10,
  "applicationsPlanned": 16,
  "status": "INTEGRATION_CYCLE_COMPLETED",
  "nclCapabilitiesUtilized": 2,
  "cycle": 1,
  "timestamp": "2026-01-29T01:15:23Z",
  "cSuiteDecisions": 8
}
{
  "cSuiteDecisions": 8,
  "cycle": 1,
  "cashFlowOpportunitiesAnalyzed": 10,
  "status": "INTEGRATION_CYCLE_COMPLETED",
  "lfg_protocol": "ENGAGED",
  "applicationsPlanned": 16,
  "nclCapabilitiesUtilized": 2,
  "timestamp": "2026-01-29T01:15:36Z",
  "azAnalysisCompleted": 1,
  "axTasksCompleted": 3
}
{
  "axTasksCompleted": 3,
  "cashFlowOpportunitiesAnalyzed": 10,
  "cycle": 1,
  "timestamp": "2026-01-29T01:16:15Z",
  "applicationsPlanned": 16,
  "cSuiteDecisions": 8,
  "nclCapabilitiesUtilized": 2,
  "lfg_protocol": "ENGAGED",
  "status": "INTEGRATION_CYCLE_COMPLETED",
  "azAnalysisCompleted": 1
}
{
  "status": "INTEGRATION_CYCLE_COMPLETED",
  "axTasksCompleted": 3,
  "azAnalysisCompleted": 1,
  "cashFlowOpportunitiesAnalyzed": 10,
  "timestamp": "2026-01-29T01:17:01Z",
  "applicationsPlanned": 16,
  "nclCapabilitiesUtilized": 2,
  "cycle": 1,
  "lfg_protocol": "ENGAGED",
  "cSuiteDecisions": 8
}
{
  "cSuiteDecisions": 8,
  "cycle": 1,
  "axTasksCompleted": 3,
  "applicationsPlanned": 16,
  "status": "INTEGRATION_CYCLE_COMPLETED",
  "timestamp": "2026-01-29T01:17:47Z",
  "cashFlowOpportunitiesAnalyzed": 10,
  "nclCapabilitiesUtilized": 2,
  "azAnalysisCompleted": 1,
  "lfg_protocol": "ENGAGED"
}
{
  "azAnalysisCompleted": 1,
  "applicationsPlanned": 16,
  "nclCapabilitiesUtilized": 2,
  "timestamp": "2026-01-29T01:18:32Z",
  "status": "INTEGRATION_CYCLE_COMPLETED",
  "cashFlowOpportunitiesAnalyzed": 10,
  "cycle": 1,
  "cSuiteDecisions": 8,
  "axTasksCompleted": 3,
  "lfg_protocol": "ENGAGED"
}
{
  "nclCapabilitiesUtilized": 2,
  "cSuiteDecisions": 8,
  "azAnalysisCompleted": 1,
  "status": "INTEGRATION_CYCLE_COMPLETED",
  "timestamp": "2026-01-29T01:19:19Z",
  "cashFlowOpportunitiesAnalyzed": 10,
  "cycle": 1,
  "applicationsPlanned": 16,
  "axTasksCompleted": 3,
  "lfg_protocol": "ENGAGED"
}
{
  "cSuiteDecisions": 8,
  "cashFlowOpportunitiesAnalyzed": 10,
  "nclCapabilitiesUtilized": 2,
  "applicationsPlanned": 16,
  "timestamp": "2026-01-29T01:20:06Z",
  "cycle": 1,
  "azAnalysisCompleted": 1,
  "lfg_protocol": "ENGAGED",
  "status": "INTEGRATION_CYCLE_COMPLETED",
  "axTasksCompleted": 3
}
{
  "nclCapabilitiesUtilized": 2,
  "cycle": 1,
  "lfg_protocol": "ENGAGED",
  "cashFlowOpportunitiesAnalyzed": 10,
  "status": "INTEGRATION_CYCLE_COMPLETED",
  "axTasksCompleted": 3,
  "applicationsPlanned": 16,
  "timestamp": "2026-01-29T01:20:54Z",
  "cSuiteDecisions": 8,
  "azAnalysisCompleted": 1
}
{
  "axTasksCompleted": 3,
  "lfg_protocol": "ENGAGED",
  "status": "INTEGRATION_CYCLE_COMPLETED",
  "cycle": 1,
  "applicationsPlanned": 16,
  "timestamp": "2026-01-29T01:20:57Z",
  "azAnalysisCompleted": 1,
  "cSuiteDecisions": 8,
  "nclCapabilitiesUtilized": 2,
  "cashFlowOpportunitiesAnalyzed": 10
}
{
  "cashFlowOpportunitiesAnalyzed": 10,
  "azAnalysisCompleted": 1,
  "lfg_protocol": "ENGAGED",
  "cSuiteDecisions": 8,
  "cycle": 1,
  "timestamp": "2026-01-29T01:21:45Z",
  "applicationsPlanned": 16,
  "nclCapabilitiesUtilized": 2,
  "axTasksCompleted": 3,
  "status": "INTEGRATION_CYCLE_COMPLETED"
}
{
  "timestamp": "2026-01-29T01:22:31Z",
  "cycle": 1,
  "status": "INTEGRATION_CYCLE_COMPLETED",
  "cSuiteDecisions": 8,
  "nclCapabilitiesUtilized": 2,
  "cashFlowOpportunitiesAnalyzed": 10,
  "applicationsPlanned": 16,
  "azAnalysisCompleted": 1,
  "lfg_protocol": "ENGAGED",
  "axTasksCompleted": 3
}
{
  "status": "INTEGRATION_CYCLE_COMPLETED",
  "azAnalysisCompleted": 1,
  "timestamp": "2026-01-29T01:23:16Z",
  "cycle": 1,
  "axTasksCompleted": 3,
  "nclCapabilitiesUtilized": 2,
  "cSuiteDecisions": 8,
  "lfg_protocol": "ENGAGED",
  "applicationsPlanned": 16,
  "cashFlowOpportunitiesAnalyzed": 10
}
{
  "lfg_protocol": "ENGAGED",
  "cSuiteDecisions": 8,
  "cashFlowOpportunitiesAnalyzed": 10,
  "cycle": 1,
  "applicationsPlanned": 16,
  "nclCapabilitiesUtilized": 2,
  "axTasksCompleted": 3,
  "status": "INTEGRATION_CYCLE_COMPLETED",
  "timestamp": "2026-01-29T01:24:03Z",
  "azAnalysisCompleted": 1
}
{
  "cycle": 1,
  "timestamp": "2026-01-29T01:24:52Z",
  "azAnalysisCompleted": 1,
  "cSuiteDecisions": 8,
  "cashFlowOpportunitiesAnalyzed": 10,
  "status": "INTEGRATION_CYCLE_COMPLETED",
  "applicationsPlanned": 16,
  "axTasksCompleted": 3,
  "nclCapabilitiesUtilized": 2,
  "lfg_protocol": "ENGAGED"
}
{
  "azAnalysisCompleted": 1,
  "status": "INTEGRATION_CYCLE_COMPLETED",
  "cashFlowOpportunitiesAnalyzed": 10,
  "axTasksCompleted": 3,
  "timestamp": "2026-01-29T01:25:38Z",
  "lfg_protocol": "ENGAGED",
  "cSuiteDecisions": 8,
  "nclCapabilitiesUtilized": 2,
  "applicationsPlanned": 16,
  "cycle": 1
}
{
  "cSuiteDecisions": 8,
  "cycle": 1,
  "axTasksCompleted": 3,
  "status": "INTEGRATION_CYCLE_COMPLETED",
  "timestamp": "2026-01-29T01:26:18Z",
  "lfg_protocol": "ENGAGED",
  "azAnalysisCompleted": 1,
  "applicationsPlanned": 16,
  "cashFlowOpportunitiesAnalyzed": 10,
  "nclCapabilitiesUtilized": 2
}
{
  "cashFlowOpportunitiesAnalyzed": 10,
  "status": "INTEGRATION_CYCLE_COMPLETED",
  "lfg_protocol": "ENGAGED",
  "axTasksCompleted": 3,
  "applicationsPlanned": 16,
  "azAnalysisCompleted": 1,
  "nclCapabilitiesUtilized": 2,
  "cycle": 1,
  "cSuiteDecisions": 8,
  "timestamp": "2026-01-29T01:26:28Z"
}
{
  "status": "INTEGRATION_CYCLE_COMPLETED",
  "nclCapabilitiesUtilized": 2,
  "cashFlowOpportunitiesAnalyzed": 10,
  "cycle": 1,
  "cSuiteDecisions": 8,
  "applicationsPlanned": 16,
  "lfg_protocol": "ENGAGED",
  "timestamp": "2026-01-29T01:27:15Z",
  "axTasksCompleted": 3,
  "azAnalysisCompleted": 1
}
{
  "cSuiteDecisions": 8,
  "cycle": 1,
  "axTasksCompleted": 3,
  "nclCapabilitiesUtilized": 2,
  "applicationsPlanned": 16,
  "timestamp": "2026-01-29T01:28:13Z",
  "cashFlowOpportunitiesAnalyzed": 10,
  "azAnalysisCompleted": 1,
  "status": "INTEGRATION_CYCLE_COMPLETED",
  "lfg_protocol": "ENGAGED"
}
{
  "cSuiteDecisions": 8,
  "cycle": 2,
  "axTasksCompleted": 3,
  "nclCapabilitiesUtilized": 2,
  "applicationsPlanned": 16,
  "timestamp": "2026-01-29T01:28:23Z",
  "cashFlowOpportunitiesAnalyzed": 10,
  "azAnalysisCompleted": 1,
  "status": "INTEGRATION_CYCLE_COMPLETED",
  "lfg_protocol": "ENGAGED"
}
{
  "cSuiteDecisions": 8,
  "cycle": 3,
  "axTasksCompleted": 3,
  "nclCapabilitiesUtilized": 2,
  "applicationsPlanned": 16,
  "timestamp": "2026-01-29T01:28:34Z",
  "cashFlowOpportunitiesAnalyzed": 10,
  "azAnalysisCompleted": 1,
  "status": "INTEGRATION_CYCLE_COMPLETED",
  "lfg_protocol": "ENGAGED"
}
{
  "cSuiteDecisions": 8,
  "cycle": 4,
  "axTasksCompleted": 3,
  "nclCapabilitiesUtilized": 2,
  "applicationsPlanned": 16,
  "timestamp": "2026-01-29T01:28:44Z",
  "cashFlowOpportunitiesAnalyzed": 10,
  "azAnalysisCompleted": 1,
  "status": "INTEGRATION_CYCLE_COMPLETED",
  "lfg_protocol": "ENGAGED"
}
{
  "cSuiteDecisions": 8,
  "cycle": 5,
  "axTasksCompleted": 3,
  "nclCapabilitiesUtilized": 2,
  "applicationsPlanned": 16,
  "timestamp": "2026-01-29T01:28:55Z",
  "cashFlowOpportunitiesAnalyzed": 10,
  "azAnalysisCompleted": 1,
  "status": "INTEGRATION_CYCLE_COMPLETED",
  "lfg_protocol": "ENGAGED"
}
{
  "cSuiteDecisions": 8,
  "cycle": 6,
  "axTasksCompleted": 3,
  "nclCapabilitiesUtilized": 2,
  "applicationsPlanned": 16,
  "timestamp": "2026-01-29T01:29:04Z",
  "cashFlowOpportunitiesAnalyzed": 10,
  "azAnalysisCompleted": 1,
  "status": "INTEGRATION_CYCLE_COMPLETED",
  "lfg_protocol": "ENGAGED"
}
{
  "cSuiteDecisions": 8,
  "cycle": 7,
  "axTasksCompleted": 3,
  "nclCapabilitiesUtilized": 2,
  "applicationsPlanned": 16,
  "timestamp": "2026-01-29T01:29:15Z",
  "cashFlowOpportunitiesAnalyzed": 10,
  "azAnalysisCompleted": 1,
  "status": "INTEGRATION_CYCLE_COMPLETED",
  "lfg_protocol": "ENGAGED"
}
{
  "cSuiteDecisions": 8,
  "cycle": 8,
  "axTasksCompleted": 3,
  "nclCapabilitiesUtilized": 2,
  "applicationsPlanned": 16,
  "timestamp": "2026-01-29T01:29:24Z",
  "cashFlowOpportunitiesAnalyzed": 10,
  "azAnalysisCompleted": 1,
  "status": "INTEGRATION_CYCLE_COMPLETED",
  "lfg_protocol": "ENGAGED"
}
{
  "cSuiteDecisions": 8,
  "cycle": 9,
  "axTasksCompleted": 3,
  "nclCapabilitiesUtilized": 2,
  "applicationsPlanned": 16,
  "timestamp": "2026-01-29T01:29:34Z",
  "cashFlowOpportunitiesAnalyzed": 10,
  "azAnalysisCompleted": 1,
  "status": "INTEGRATION_CYCLE_COMPLETED",
  "lfg_protocol": "ENGAGED"
}
{
  "cSuiteDecisions": 8,
  "cycle": 10,
  "axTasksCompleted": 3,
  "nclCapabilitiesUtilized": 2,
  "applicationsPlanned": 16,
  "timestamp": "2026-01-29T01:29:44Z",
  "cashFlowOpportunitiesAnalyzed": 10,
  "azAnalysisCompleted": 1,
  "status": "INTEGRATION_CYCLE_COMPLETED",
  "lfg_protocol": "ENGAGED"
}
{
  "cSuiteDecisions": 8,
  "cycle": 11,
  "axTasksCompleted": 3,
  "nclCapabilitiesUtilized": 2,
  "applicationsPlanned": 16,
  "timestamp": "2026-01-29T01:29:54Z",
  "cashFlowOpportunitiesAnalyzed": 10,
  "azAnalysisCompleted": 1,
  "status": "INTEGRATION_CYCLE_COMPLETED",
  "lfg_protocol": "ENGAGED"
}
{
  "timestamp": "2026-01-29T01:32:18Z",
  "applicationsPlanned": 16,
  "axTasksCompleted": 3,
  "cashFlowOpportunitiesAnalyzed": 10,
  "cycle": 1,
  "nclCapabilitiesUtilized": 2,
  "lfg_protocol": "ENGAGED",
  "cSuiteDecisions": 8,
  "azAnalysisCompleted": 1,
  "status": "INTEGRATION_CYCLE_COMPLETED"
}
{
  "nclCapabilitiesUtilized": 2,
  "cashFlowOpportunitiesAnalyzed": 10,
  "timestamp": "2026-01-29T01:37:01Z",
  "cycle": 1,
  "status": "INTEGRATION_CYCLE_COMPLETED",
  "lfg_protocol": "ENGAGED",
  "azAnalysisCompleted": 1,
  "applicationsPlanned": 16,
  "cSuiteDecisions": 8,
  "axTasksCompleted": 3
}
{
  "nclCapabilitiesUtilized": 2,
  "cashFlowOpportunitiesAnalyzed": 10,
  "timestamp": "2026-01-29T01:37:04Z",
  "cycle": 2,
  "status": "INTEGRATION_CYCLE_COMPLETED",
  "lfg_protocol": "ENGAGED",
  "azAnalysisCompleted": 1,
  "applicationsPlanned": 16,
  "cSuiteDecisions": 8,
  "axTasksCompleted": 3
}
{
  "nclCapabilitiesUtilized": 2,
  "cashFlowOpportunitiesAnalyzed": 10,
  "timestamp": "2026-01-29T01:37:07Z",
  "cycle": 3,
  "status": "INTEGRATION_CYCLE_COMPLETED",
  "lfg_protocol": "ENGAGED",
  "azAnalysisCompleted": 1,
  "applicationsPlanned": 16,
  "cSuiteDecisions": 8,
  "axTasksCompleted": 3
}
{
  "nclCapabilitiesUtilized": 2,
  "cashFlowOpportunitiesAnalyzed": 10,
  "timestamp": "2026-01-29T01:37:10Z",
  "cycle": 4,
  "status": "INTEGRATION_CYCLE_COMPLETED",
  "lfg_protocol": "ENGAGED",
  "azAnalysisCompleted": 1,
  "applicationsPlanned": 16,
  "cSuiteDecisions": 8,
  "axTasksCompleted": 3
}
{
  "nclCapabilitiesUtilized": 2,
  "cashFlowOpportunitiesAnalyzed": 10,
  "timestamp": "2026-01-29T01:37:13Z",
  "cycle": 5,
  "status": "INTEGRATION_CYCLE_COMPLETED",
  "lfg_protocol": "ENGAGED",
  "azAnalysisCompleted": 1,
  "applicationsPlanned": 16,
  "cSuiteDecisions": 8,
  "axTasksCompleted": 3
}
{
  "nclCapabilitiesUtilized": 2,
  "cashFlowOpportunitiesAnalyzed": 10,
  "timestamp": "2026-01-29T01:37:16Z",
  "cycle": 6,
  "status": "INTEGRATION_CYCLE_COMPLETED",
  "lfg_protocol": "ENGAGED",
  "azAnalysisCompleted": 1,
  "applicationsPlanned": 16,
  "cSuiteDecisions": 8,
  "axTasksCompleted": 3
}
{
  "nclCapabilitiesUtilized": 2,
  "cashFlowOpportunitiesAnalyzed": 10,
  "timestamp": "2026-01-29T01:37:19Z",
  "cycle": 7,
  "status": "INTEGRATION_CYCLE_COMPLETED",
  "lfg_protocol": "ENGAGED",
  "azAnalysisCompleted": 1,
  "applicationsPlanned": 16,
  "cSuiteDecisions": 8,
  "axTasksCompleted": 3
}
{
  "nclCapabilitiesUtilized": 2,
  "cashFlowOpportunitiesAnalyzed": 10,
  "timestamp": "2026-01-29T01:37:22Z",
  "cycle": 8,
  "status": "INTEGRATION_CYCLE_COMPLETED",
  "lfg_protocol": "ENGAGED",
  "azAnalysisCompleted": 1,
  "applicationsPlanned": 16,
  "cSuiteDecisions": 8,
  "axTasksCompleted": 3
}
{
  "nclCapabilitiesUtilized": 2,
  "cashFlowOpportunitiesAnalyzed": 10,
  "timestamp": "2026-01-29T01:37:25Z",
  "cycle": 9,
  "status": "INTEGRATION_CYCLE_COMPLETED",
  "lfg_protocol": "ENGAGED",
  "azAnalysisCompleted": 1,
  "applicationsPlanned": 16,
  "cSuiteDecisions": 8,
  "axTasksCompleted": 3
}
{
  "nclCapabilitiesUtilized": 2,
  "cashFlowOpportunitiesAnalyzed": 10,
  "timestamp": "2026-01-29T01:37:28Z",
  "cycle": 10,
  "status": "INTEGRATION_CYCLE_COMPLETED",
  "lfg_protocol": "ENGAGED",
  "azAnalysisCompleted": 1,
  "applicationsPlanned": 16,
  "cSuiteDecisions": 8,
  "axTasksCompleted": 3
}
{
  "nclCapabilitiesUtilized": 2,
  "cashFlowOpportunitiesAnalyzed": 10,
  "timestamp": "2026-01-29T01:37:31Z",
  "cycle": 11,
  "status": "INTEGRATION_CYCLE_COMPLETED",
  "lfg_protocol": "ENGAGED",
  "azAnalysisCompleted": 1,
  "applicationsPlanned": 16,
  "cSuiteDecisions": 8,
  "axTasksCompleted": 3
}
{
  "nclCapabilitiesUtilized": 2,
  "cashFlowOpportunitiesAnalyzed": 10,
  "timestamp": "2026-01-29T01:37:34Z",
  "cycle": 12,
  "status": "INTEGRATION_CYCLE_COMPLETED",
  "lfg_protocol": "ENGAGED",
  "azAnalysisCompleted": 1,
  "applicationsPlanned": 16,
  "cSuiteDecisions": 8,
  "axTasksCompleted": 3
}
{
  "nclCapabilitiesUtilized": 2,
  "cashFlowOpportunitiesAnalyzed": 10,
  "timestamp": "2026-01-29T01:37:37Z",
  "cycle": 13,
  "status": "INTEGRATION_CYCLE_COMPLETED",
  "lfg_protocol": "ENGAGED",
  "azAnalysisCompleted": 1,
  "applicationsPlanned": 16,
  "cSuiteDecisions": 8,
  "axTasksCompleted": 3
}
{
  "nclCapabilitiesUtilized": 2,
  "cashFlowOpportunitiesAnalyzed": 10,
  "timestamp": "2026-01-29T01:37:40Z",
  "cycle": 14,
  "status": "INTEGRATION_CYCLE_COMPLETED",
  "lfg_protocol": "ENGAGED",
  "azAnalysisCompleted": 1,
  "applicationsPlanned": 16,
  "cSuiteDecisions": 8,
  "axTasksCompleted": 3
}
{
  "nclCapabilitiesUtilized": 2,
  "cashFlowOpportunitiesAnalyzed": 10,
  "timestamp": "2026-01-29T01:37:43Z",
  "cycle": 15,
  "status": "INTEGRATION_CYCLE_COMPLETED",
  "lfg_protocol": "ENGAGED",
  "azAnalysisCompleted": 1,
  "applicationsPlanned": 16,
  "cSuiteDecisions": 8,
  "axTasksCompleted": 3
}
{
  "nclCapabilitiesUtilized": 2,
  "cashFlowOpportunitiesAnalyzed": 10,
  "timestamp": "2026-01-29T01:37:46Z",
  "cycle": 16,
  "status": "INTEGRATION_CYCLE_COMPLETED",
  "lfg_protocol": "ENGAGED",
  "azAnalysisCompleted": 1,
  "applicationsPlanned": 16,
  "cSuiteDecisions": 8,
  "axTasksCompleted": 3
}
{
  "nclCapabilitiesUtilized": 2,
  "cashFlowOpportunitiesAnalyzed": 10,
  "timestamp": "2026-01-29T01:37:49Z",
  "cycle": 17,
  "status": "INTEGRATION_CYCLE_COMPLETED",
  "lfg_protocol": "ENGAGED",
  "azAnalysisCompleted": 1,
  "applicationsPlanned": 16,
  "cSuiteDecisions": 8,
  "axTasksCompleted": 3
}
{
  "nclCapabilitiesUtilized": 2,
  "cashFlowOpportunitiesAnalyzed": 10,
  "timestamp": "2026-01-29T01:37:52Z",
  "cycle": 18,
  "status": "INTEGRATION_CYCLE_COMPLETED",
  "lfg_protocol": "ENGAGED",
  "azAnalysisCompleted": 1,
  "applicationsPlanned": 16,
  "cSuiteDecisions": 8,
  "axTasksCompleted": 3
}
{
  "nclCapabilitiesUtilized": 2,
  "cashFlowOpportunitiesAnalyzed": 10,
  "timestamp": "2026-01-29T01:37:55Z",
  "cycle": 19,
  "status": "INTEGRATION_CYCLE_COMPLETED",
  "lfg_protocol": "ENGAGED",
  "azAnalysisCompleted": 1,
  "applicationsPlanned": 16,
  "cSuiteDecisions": 8,
  "axTasksCompleted": 3
}
{
  "nclCapabilitiesUtilized": 2,
  "cashFlowOpportunitiesAnalyzed": 10,
  "timestamp": "2026-01-29T01:37:58Z",
  "cycle": 20,
  "status": "INTEGRATION_CYCLE_COMPLETED",
  "lfg_protocol": "ENGAGED",
  "azAnalysisCompleted": 1,
  "applicationsPlanned": 16,
  "cSuiteDecisions": 8,
  "axTasksCompleted": 3
}
{
  "nclCapabilitiesUtilized": 2,
  "cashFlowOpportunitiesAnalyzed": 10,
  "timestamp": "2026-01-29T01:38:01Z",
  "cycle": 21,
  "status": "INTEGRATION_CYCLE_COMPLETED",
  "lfg_protocol": "ENGAGED",
  "azAnalysisCompleted": 1,
  "applicationsPlanned": 16,
  "cSuiteDecisions": 8,
  "axTasksCompleted": 3
}
{
  "nclCapabilitiesUtilized": 2,
  "cashFlowOpportunitiesAnalyzed": 10,
  "timestamp": "2026-01-29T01:38:04Z",
  "cycle": 22,
  "status": "INTEGRATION_CYCLE_COMPLETED",
  "lfg_protocol": "ENGAGED",
  "azAnalysisCompleted": 1,
  "applicationsPlanned": 16,
  "cSuiteDecisions": 8,
  "axTasksCompleted": 3
}
{
  "nclCapabilitiesUtilized": 2,
  "cashFlowOpportunitiesAnalyzed": 10,
  "timestamp": "2026-01-29T01:38:06Z",
  "cycle": 23,
  "status": "INTEGRATION_CYCLE_COMPLETED",
  "lfg_protocol": "ENGAGED",
  "azAnalysisCompleted": 1,
  "applicationsPlanned": 16,
  "cSuiteDecisions": 8,
  "axTasksCompleted": 3
}
{
  "nclCapabilitiesUtilized": 2,
  "cashFlowOpportunitiesAnalyzed": 10,
  "timestamp": "2026-01-29T01:38:09Z",
  "cycle": 24,
  "status": "INTEGRATION_CYCLE_COMPLETED",
  "lfg_protocol": "ENGAGED",
  "azAnalysisCompleted": 1,
  "applicationsPlanned": 16,
  "cSuiteDecisions": 8,
  "axTasksCompleted": 3
}
{
  "nclCapabilitiesUtilized": 2,
  "cashFlowOpportunitiesAnalyzed": 10,
  "timestamp": "2026-01-29T01:38:12Z",
  "cycle": 25,
  "status": "INTEGRATION_CYCLE_COMPLETED",
  "lfg_protocol": "ENGAGED",
  "azAnalysisCompleted": 1,
  "applicationsPlanned": 16,
  "cSuiteDecisions": 8,
  "axTasksCompleted": 3
}
{
  "nclCapabilitiesUtilized": 2,
  "cashFlowOpportunitiesAnalyzed": 10,
  "timestamp": "2026-01-29T01:38:15Z",
  "cycle": 26,
  "status": "INTEGRATION_CYCLE_COMPLETED",
  "lfg_protocol": "ENGAGED",
  "azAnalysisCompleted": 1,
  "applicationsPlanned": 16,
  "cSuiteDecisions": 8,
  "axTasksCompleted": 3
}
{
  "nclCapabilitiesUtilized": 2,
  "cashFlowOpportunitiesAnalyzed": 10,
  "timestamp": "2026-01-29T01:38:18Z",
  "cycle": 27,
  "status": "INTEGRATION_CYCLE_COMPLETED",
  "lfg_protocol": "ENGAGED",
  "azAnalysisCompleted": 1,
  "applicationsPlanned": 16,
  "cSuiteDecisions": 8,
  "axTasksCompleted": 3
}
{
  "nclCapabilitiesUtilized": 2,
  "cashFlowOpportunitiesAnalyzed": 10,
  "timestamp": "2026-01-29T01:38:21Z",
  "cycle": 28,
  "status": "INTEGRATION_CYCLE_COMPLETED",
  "lfg_protocol": "ENGAGED",
  "azAnalysisCompleted": 1,
  "applicationsPlanned": 16,
  "cSuiteDecisions": 8,
  "axTasksCompleted": 3
}
{
  "nclCapabilitiesUtilized": 2,
  "cashFlowOpportunitiesAnalyzed": 10,
  "timestamp": "2026-01-29T01:38:24Z",
  "cycle": 29,
  "status": "INTEGRATION_CYCLE_COMPLETED",
  "lfg_protocol": "ENGAGED",
  "azAnalysisCompleted": 1,
  "applicationsPlanned": 16,
  "cSuiteDecisions": 8,
  "axTasksCompleted": 3
}
{
  "nclCapabilitiesUtilized": 2,
  "cashFlowOpportunitiesAnalyzed": 10,
  "timestamp": "2026-01-29T01:38:27Z",
  "cycle": 30,
  "status": "INTEGRATION_CYCLE_COMPLETED",
  "lfg_protocol": "ENGAGED",
  "azAnalysisCompleted": 1,
  "applicationsPlanned": 16,
  "cSuiteDecisions": 8,
  "axTasksCompleted": 3
}
