[2026-01-29 01:23:30] [LFG-AUDIT-ACTIVATION] [LFG] ACTIVATING LFG! MAXIMUM EFFICIENCY & PRODUCTION PROTOCOLS
[2026-01-29 01:23:30] [LFG-AUDIT-AUDIT] [LFG] === LFG! LAUNCH PROCEDURES AUDIT INITIATED ===
[2026-01-29 01:23:30] [LFG-AUDIT-PHASE_4_DOMINATION_PROTOCOLS] [INFO] Auditing phase: PHASE_4_DOMINATION_PROTOCOLS
[2026-01-29 01:23:30] [LFG-AUDIT-AUDIT] [INFO] Phase PHASE_4_DOMINATION_PROTOCOLS: FULL_COMPLIANCE (5/5 directives)
[2026-01-29 01:23:30] [LFG-AUDIT-PHASE_1_ACTIVATION] [INFO] Auditing phase: PHASE_1_ACTIVATION
[2026-01-29 01:23:30] [LFG-AUDIT-AUDIT] [INFO] Phase PHASE_1_ACTIVATION: MODERATE_COMPLIANCE (3/4 directives)
[2026-01-29 01:23:30] [LFG-AUDIT-PHASE_3_OPERATIONAL_MAXIMIZATION] [INFO] Auditing phase: PHASE_3_OPERATIONAL_MAXIMIZATION
[2026-01-29 01:23:30] [LFG-AUDIT-AUDIT] [INFO] Phase PHASE_3_OPERATIONAL_MAXIMIZATION: HIGH_COMPLIANCE (4/5 directives)
[2026-01-29 01:23:30] [LFG-AUDIT-PHASE_2_SYSTEMS_INTEGRATION] [INFO] Auditing phase: PHASE_2_SYSTEMS_INTEGRATION
[2026-01-29 01:23:30] [LFG-AUDIT-AUDIT] [INFO] Phase PHASE_2_SYSTEMS_INTEGRATION: NON_COMPLIANT (1/5 directives)
[2026-01-29 01:23:30] [LFG-AUDIT-AUDIT] [LFG] Audit completed: MODERATE_COMPLIANCE
[2026-01-29 01:23:30] [LFG-AUDIT-OPTIMIZATION] [LFG] Initiating LFG! compliance optimization protocols
[2026-01-29 01:23:30] [LFG-AUDIT-OPTIMIZATION] [LFG] Activating critical system: NCC_Full_Stream
[2026-01-29 01:23:31] [LFG-AUDIT-OPTIMIZATION] [SUCCESS] Successfully activated: NCC_Full_Stream
[2026-01-29 01:23:32] [LFG-AUDIT-OPTIMIZATION] [LFG] Activating critical system: BBIC_Intelligence_Stream
[2026-01-29 01:23:32] [LFG-AUDIT-OPTIMIZATION] [SUCCESS] Successfully activated: BBIC_Intelligence_Stream
[2026-01-29 01:23:32] [LFG-AUDIT-OPTIMIZATION] [LFG] Activating critical system: BBIC_Active_Trends
[2026-01-29 01:23:32] [LFG-AUDIT-OPTIMIZATION] [SUCCESS] Successfully activated: BBIC_Active_Trends
[2026-01-29 01:23:32] [LFG-AUDIT-OPTIMIZATION] [LFG] Activating critical system: RES_Full_Steam
[2026-01-29 01:23:33] [LFG-AUDIT-OPTIMIZATION] [SUCCESS] Successfully activated: RES_Full_Steam
[2026-01-29 01:23:33] [LFG-AUDIT-OPTIMIZATION] [LFG] Activating critical system: AAC_Simulation
[2026-01-29 01:23:33] [LFG-AUDIT-OPTIMIZATION] [SUCCESS] Successfully activated: AAC_Simulation
[2026-01-29 01:23:39] [LFG-AUDIT-OPTIMIZATION] [SUCCESS] Settings optimized for maximum LFG! efficiency
[2026-01-29 01:23:39] [LFG-AUDIT-OPTIMIZATION] [LFG] LFG! compliance optimization completed
[2026-01-29 01:24:28] [LFG-AUDIT-ACTIVATION] [LFG] ACTIVATING LFG! MAXIMUM EFFICIENCY & PRODUCTION PROTOCOLS
[2026-01-29 01:24:28] [LFG-AUDIT-AUDIT] [LFG] === LFG! LAUNCH PROCEDURES AUDIT INITIATED ===
[2026-01-29 01:24:28] [LFG-AUDIT-PHASE_1_ACTIVATION] [INFO] Auditing phase: PHASE_1_ACTIVATION
[2026-01-29 01:24:28] [LFG-AUDIT-AUDIT] [INFO] Phase PHASE_1_ACTIVATION: MODERATE_COMPLIANCE (3/4 directives)
[2026-01-29 01:24:28] [LFG-AUDIT-PHASE_3_OPERATIONAL_MAXIMIZATION] [INFO] Auditing phase: PHASE_3_OPERATIONAL_MAXIMIZATION
[2026-01-29 01:24:28] [LFG-AUDIT-AUDIT] [INFO] Phase PHASE_3_OPERATIONAL_MAXIMIZATION: HIGH_COMPLIANCE (4/5 directives)
[2026-01-29 01:24:28] [LFG-AUDIT-PHASE_4_DOMINATION_PROTOCOLS] [INFO] Auditing phase: PHASE_4_DOMINATION_PROTOCOLS
[2026-01-29 01:24:28] [LFG-AUDIT-AUDIT] [INFO] Phase PHASE_4_DOMINATION_PROTOCOLS: FULL_COMPLIANCE (5/5 directives)
[2026-01-29 01:24:28] [LFG-AUDIT-PHASE_2_SYSTEMS_INTEGRATION] [INFO] Auditing phase: PHASE_2_SYSTEMS_INTEGRATION
[2026-01-29 01:24:28] [LFG-AUDIT-AUDIT] [INFO] Phase PHASE_2_SYSTEMS_INTEGRATION: NON_COMPLIANT (1/5 directives)
[2026-01-29 01:24:28] [LFG-AUDIT-AUDIT] [LFG] Audit completed: MODERATE_COMPLIANCE
[2026-01-29 01:24:28] [LFG-AUDIT-OPTIMIZATION] [LFG] Initiating LFG! compliance optimization protocols
[2026-01-29 01:24:28] [LFG-AUDIT-OPTIMIZATION] [LFG] Activating critical system: NCC_Full_Stream
[2026-01-29 01:24:29] [LFG-AUDIT-OPTIMIZATION] [SUCCESS] Successfully activated: NCC_Full_Stream
[2026-01-29 01:24:30] [LFG-AUDIT-OPTIMIZATION] [LFG] Activating critical system: BBIC_Intelligence_Stream
[2026-01-29 01:24:30] [LFG-AUDIT-OPTIMIZATION] [SUCCESS] Successfully activated: BBIC_Intelligence_Stream
[2026-01-29 01:24:30] [LFG-AUDIT-OPTIMIZATION] [LFG] Activating critical system: BBIC_Active_Trends
[2026-01-29 01:24:30] [LFG-AUDIT-OPTIMIZATION] [SUCCESS] Successfully activated: BBIC_Active_Trends
[2026-01-29 01:24:30] [LFG-AUDIT-OPTIMIZATION] [LFG] Activating critical system: RES_Full_Steam
[2026-01-29 01:24:31] [LFG-AUDIT-OPTIMIZATION] [SUCCESS] Successfully activated: RES_Full_Steam
[2026-01-29 01:24:31] [LFG-AUDIT-OPTIMIZATION] [LFG] Activating critical system: AAC_Simulation
[2026-01-29 01:24:31] [LFG-AUDIT-OPTIMIZATION] [SUCCESS] Successfully activated: AAC_Simulation
[2026-01-29 01:24:31] [LFG-AUDIT-OPTIMIZATION] [SUCCESS] Settings optimized for maximum LFG! efficiency
[2026-01-29 01:24:31] [LFG-AUDIT-OPTIMIZATION] [LFG] LFG! compliance optimization completed
[2026-01-29 01:26:13] [LFG-AUDIT-ACTIVATION] [LFG] ACTIVATING LFG! MAXIMUM EFFICIENCY & PRODUCTION PROTOCOLS
[2026-01-29 01:26:13] [LFG-AUDIT-AUDIT] [LFG] === LFG! LAUNCH PROCEDURES AUDIT INITIATED ===
[2026-01-29 01:26:13] [LFG-AUDIT-PHASE_2_SYSTEMS_INTEGRATION] [INFO] Auditing phase: PHASE_2_SYSTEMS_INTEGRATION
[2026-01-29 01:26:13] [LFG-AUDIT-AUDIT] [INFO] Phase PHASE_2_SYSTEMS_INTEGRATION: NON_COMPLIANT (1/5 directives)
[2026-01-29 01:26:13] [LFG-AUDIT-PHASE_1_ACTIVATION] [INFO] Auditing phase: PHASE_1_ACTIVATION
[2026-01-29 01:26:13] [LFG-AUDIT-AUDIT] [INFO] Phase PHASE_1_ACTIVATION: MODERATE_COMPLIANCE (3/4 directives)
[2026-01-29 01:26:13] [LFG-AUDIT-PHASE_4_DOMINATION_PROTOCOLS] [INFO] Auditing phase: PHASE_4_DOMINATION_PROTOCOLS
[2026-01-29 01:26:13] [LFG-AUDIT-AUDIT] [INFO] Phase PHASE_4_DOMINATION_PROTOCOLS: FULL_COMPLIANCE (5/5 directives)
[2026-01-29 01:26:13] [LFG-AUDIT-PHASE_3_OPERATIONAL_MAXIMIZATION] [INFO] Auditing phase: PHASE_3_OPERATIONAL_MAXIMIZATION
[2026-01-29 01:26:13] [LFG-AUDIT-AUDIT] [INFO] Phase PHASE_3_OPERATIONAL_MAXIMIZATION: HIGH_COMPLIANCE (4/5 directives)
[2026-01-29 01:26:13] [LFG-AUDIT-AUDIT] [LFG] Audit completed: MODERATE_COMPLIANCE
[2026-01-29 01:26:13] [LFG-AUDIT-OPTIMIZATION] [LFG] Initiating LFG! compliance optimization protocols
[2026-01-29 01:26:13] [LFG-AUDIT-OPTIMIZATION] [LFG] Activating critical system: NCC_Full_Stream
[2026-01-29 01:26:14] [LFG-AUDIT-OPTIMIZATION] [SUCCESS] Successfully activated: NCC_Full_Stream
[2026-01-29 01:26:15] [LFG-AUDIT-OPTIMIZATION] [LFG] Activating critical system: BBIC_Intelligence_Stream
[2026-01-29 01:26:15] [LFG-AUDIT-OPTIMIZATION] [SUCCESS] Successfully activated: BBIC_Intelligence_Stream
[2026-01-29 01:26:15] [LFG-AUDIT-OPTIMIZATION] [LFG] Activating critical system: BBIC_Active_Trends
[2026-01-29 01:26:16] [LFG-AUDIT-OPTIMIZATION] [SUCCESS] Successfully activated: BBIC_Active_Trends
[2026-01-29 01:26:16] [LFG-AUDIT-OPTIMIZATION] [LFG] Activating critical system: RES_Full_Steam
[2026-01-29 01:26:16] [LFG-AUDIT-OPTIMIZATION] [SUCCESS] Successfully activated: RES_Full_Steam
[2026-01-29 01:26:16] [LFG-AUDIT-OPTIMIZATION] [LFG] Activating critical system: AAC_Simulation
[2026-01-29 01:26:16] [LFG-AUDIT-OPTIMIZATION] [SUCCESS] Successfully activated: AAC_Simulation
[2026-01-29 01:26:16] [LFG-AUDIT-OPTIMIZATION] [SUCCESS] Settings optimized for maximum LFG! efficiency
[2026-01-29 01:26:16] [LFG-AUDIT-OPTIMIZATION] [LFG] LFG! compliance optimization completed
