[2026-01-28 23:12:11] [ASG] [STATUS] Checking NCC system status
[2026-01-28 23:12:13] [ASG] [STATUS] NCC Continuous Operations: INACTIVE
[2026-01-28 23:12:13] [ASG] [STATUS] Data integrity: HEALTHY
[2026-01-28 23:12:15] [ASG] [STATUS] Checking NCC system status
[2026-01-28 23:12:16] [ASG] [STATUS] NCC Continuous Operations: INACTIVE
[2026-01-28 23:12:16] [ASG] [STATUS] Data integrity: HEALTHY
[2026-01-28 23:12:46] [ASG] [STATUS] Checking NCC system status
[2026-01-28 23:12:47] [ASG] [STATUS] NCC Continuous Operations: INACTIVE
[2026-01-28 23:12:47] [ASG] [STATUS] Data integrity: HEALTHY
[2026-01-28 23:14:13] [ASG] [STATUS] Checking NCC system status
[2026-01-28 23:14:15] [ASG] [STATUS] NCC Continuous Operations: INACTIVE
[2026-01-28 23:14:15] [ASG] [STATUS] Data integrity: HEALTHY
[2026-01-28 23:18:30] [ASG] [ACTIVATE] Initiating NCC ASG Activation Protocol
[2026-01-28 23:18:31] [ASG] [ACTIVATE] Initializing system data
[2026-01-28 23:18:33] [ASG] [ACTIVATE] Launching continuous operations with 30-second cycle intervals
[2026-01-28 23:18:36] [ASG] [ERROR] ASG Activation failed - No processes detected
[2026-01-28 23:18:46] [ASG] [STATUS] Checking NCC system status
[2026-01-28 23:18:47] [ASG] [STATUS] NCC Continuous Operations: INACTIVE
[2026-01-28 23:18:47] [ASG] [STATUS] Data integrity: HEALTHY
[2026-01-28 23:18:54] [ASG] [ACTIVATE] Initiating NCC ASG Activation Protocol
[2026-01-28 23:18:55] [ASG] [ACTIVATE] Initializing system data
[2026-01-28 23:18:57] [ASG] [ACTIVATE] Launching continuous operations with 30-second cycle intervals
[2026-01-28 23:18:59] [ASG] [ERROR] ASG Activation failed - No processes detected
[2026-01-28 23:39:30] [ASG] [ACTIVATE] Initiating NCC ASG Activation Protocol
[2026-01-28 23:39:32] [ASG] [ACTIVATE] Initializing system data
[2026-01-28 23:39:32] [ASG] [ACTIVATE] Launching continuous operations with 30-second cycle intervals
[2026-01-28 23:39:35] [ASG] [ERROR] ASG Activation failed - No processes detected
[2026-01-29 01:15:20] [ASG] [ACTIVATE] Initiating NCC ASG Activation Protocol
[2026-01-29 01:15:22] [ASG] [ACTIVATE] Initializing system data
[2026-01-29 01:15:23] [ASG] [ACTIVATE] Launching continuous operations with 30-second cycle intervals
[2026-01-29 01:15:26] [ASG] [ERROR] ASG Activation failed - No processes detected
[2026-01-29 01:17:29] [ASG] [ACTIVATE] Initiating NCC ASG Activation Protocol
[2026-01-29 01:17:30] [ASG] [ACTIVATE] Initializing system data
[2026-01-29 01:17:30] [ASG] [ACTIVATE] Launching continuous operations with 30-second cycle intervals
[2026-01-29 01:17:33] [ASG] [ERROR] ASG Activation failed - No processes detected
[2026-01-29 01:19:34] [ASG] [ACTIVATE] Initiating NCC ASG Activation Protocol
[2026-01-29 01:19:35] [ASG] [ACTIVATE] Initializing system data
[2026-01-29 01:19:36] [ASG] [ACTIVATE] Launching continuous operations with 30-second cycle intervals
[2026-01-29 01:19:39] [ASG] [ERROR] ASG Activation failed - No processes detected
[2026-01-29 01:21:41] [ASG] [ACTIVATE] Initiating NCC ASG Activation Protocol
[2026-01-29 01:21:43] [ASG] [ACTIVATE] Initializing system data
[2026-01-29 01:21:43] [ASG] [ACTIVATE] Launching continuous operations with 30-second cycle intervals
[2026-01-29 01:21:46] [ASG] [ERROR] ASG Activation failed - No processes detected
[2026-01-29 01:23:47] [ASG] [ACTIVATE] Initiating NCC ASG Activation Protocol
[2026-01-29 01:23:48] [ASG] [ACTIVATE] Initializing system data
[2026-01-29 01:23:49] [ASG] [ACTIVATE] Launching continuous operations with 30-second cycle intervals
[2026-01-29 01:23:51] [ASG] [ERROR] ASG Activation failed - No processes detected
[2026-01-29 01:25:53] [ASG] [ACTIVATE] Initiating NCC ASG Activation Protocol
[2026-01-29 01:25:54] [ASG] [ACTIVATE] Initializing system data
[2026-01-29 01:25:55] [ASG] [ACTIVATE] Launching continuous operations with 30-second cycle intervals
[2026-01-29 01:25:57] [ASG] [ERROR] ASG Activation failed - No processes detected
[2026-01-29 11:44:01] [ASG] [IIC] Initiating IIC Launch Protocol - Most Efficient Insurance Company
[2026-01-29 11:44:01] [ASG] [IIC] Launching Integrated Insurance Corp with full operational capacity
[2026-01-29 11:44:01] [ASG] [IIC] Target: 1,920 agents, 12 products, 50+ markets,  premiums
[2026-01-29 11:44:10] [ASG] [ERROR] IIC Launch failed: Cannot bind parameter 'ForegroundColor'. Cannot convert value "Green</content>" to type "System.ConsoleColor". Error: "Unable to match the identifier name Green</content> to a valid enumerator name. Specify one of the following enumerator names and try again:
Black, DarkBlue, DarkGreen, DarkCyan, DarkRed, DarkMagenta, DarkYellow, Gray, DarkGray, Blue, Green, Cyan, Red, Magenta, Yellow, White"
[2026-01-29 11:44:38] [ASG] [IIC] Initiating IIC Launch Protocol - Most Efficient Insurance Company
[2026-01-29 11:44:38] [ASG] [IIC] Launching Integrated Insurance Corp with full operational capacity
[2026-01-29 11:44:38] [ASG] [IIC] Target: 1,920 agents, 12 products, 50+ markets,  premiums
[2026-01-29 11:44:46] [ASG] [SUCCESS] IIC Launch Protocol completed successfully
[2026-01-29 11:44:46] [ASG] [SUCCESS] Integrated Insurance Corp is now fully operational
[2026-01-29 11:44:49] [ASG] [ACTIVATE] Initiating NCC ASG Activation Protocol
[2026-01-29 11:44:50] [ASG] [ACTIVATE] Initializing system data
[2026-01-29 11:44:51] [ASG] [ACTIVATE] Launching continuous operations with 30-second cycle intervals
[2026-01-29 11:44:54] [ASG] [ERROR] ASG Activation failed - No processes detected
[2026-01-29 11:45:21] [ASG] [ACTIVATE] Initiating NCC ASG Activation Protocol
[2026-01-29 11:45:21] [ASG] [ACTIVATE] Initializing system data
[2026-01-29 11:45:22] [ASG] [ACTIVATE] Launching continuous operations with 30-second cycle intervals
[2026-01-29 11:45:25] [ASG] [ERROR] ASG Activation failed - No processes detected
[2026-01-29 11:45:36] [ASG] [ACTIVATE] Initiating NCC ASG Activation Protocol
[2026-01-29 11:45:36] [ASG] [ACTIVATE] Initializing system data
[2026-01-29 11:45:37] [ASG] [ACTIVATE] Launching continuous operations with 30-second cycle intervals
[2026-01-29 11:45:40] [ASG] [ERROR] ASG Activation failed - No processes detected
[2026-01-29 11:45:49] [ASG] [ACTIVATE] Initiating NCC ASG Activation Protocol
[2026-01-29 11:45:50] [ASG] [ACTIVATE] Initializing system data
[2026-01-29 11:45:51] [ASG] [ACTIVATE] Launching continuous operations with 30-second cycle intervals
[2026-01-29 11:45:53] [ASG] [ERROR] ASG Activation failed - No processes detected
[2026-01-29 11:45:58] [ASG] [ACTIVATE] Initiating NCC ASG Activation Protocol
[2026-01-29 11:45:59] [ASG] [ACTIVATE] Initializing system data
[2026-01-29 11:45:59] [ASG] [ACTIVATE] Launching continuous operations with 30-second cycle intervals
[2026-01-29 11:46:02] [ASG] [ERROR] ASG Activation failed - No processes detected
[2026-01-29 11:46:08] [ASG] [ACTIVATE] Initiating NCC ASG Activation Protocol
[2026-01-29 11:46:08] [ASG] [ACTIVATE] Initializing system data
[2026-01-29 11:46:09] [ASG] [ACTIVATE] Launching continuous operations with 30-second cycle intervals
[2026-01-29 11:46:11] [ASG] [ERROR] ASG Activation failed - No processes detected
[2026-01-29 11:46:18] [ASG] [ACTIVATE] Initiating NCC ASG Activation Protocol
[2026-01-29 11:46:18] [ASG] [ACTIVATE] Initializing system data
[2026-01-29 11:46:19] [ASG] [ACTIVATE] Launching continuous operations with 30-second cycle intervals
[2026-01-29 11:46:21] [ASG] [ERROR] ASG Activation failed - No processes detected
[2026-01-29 11:46:33] [ASG] [ACTIVATE] Initiating NCC ASG Activation Protocol
[2026-01-29 11:46:33] [ASG] [ACTIVATE] Initializing system data
[2026-01-29 11:46:34] [ASG] [ACTIVATE] Launching continuous operations with 30-second cycle intervals
[2026-01-29 11:46:36] [ASG] [ERROR] ASG Activation failed - No processes detected
[2026-01-29 11:46:43] [ASG] [ACTIVATE] Initiating NCC ASG Activation Protocol
[2026-01-29 11:46:43] [ASG] [ACTIVATE] Initializing system data
[2026-01-29 11:46:44] [ASG] [ACTIVATE] Launching continuous operations with 30-second cycle intervals
[2026-01-29 11:46:46] [ASG] [ERROR] ASG Activation failed - No processes detected
[2026-01-29 11:46:52] [ASG] [ACTIVATE] Initiating NCC ASG Activation Protocol
[2026-01-29 11:46:52] [ASG] [ACTIVATE] Initializing system data
[2026-01-29 11:46:53] [ASG] [ACTIVATE] Launching continuous operations with 30-second cycle intervals
[2026-01-29 11:46:55] [ASG] [ERROR] ASG Activation failed - No processes detected
[2026-01-29 11:47:03] [ASG] [ACTIVATE] Initiating NCC ASG Activation Protocol
[2026-01-29 11:47:03] [ASG] [ACTIVATE] Initializing system data
[2026-01-29 11:47:04] [ASG] [ACTIVATE] Launching continuous operations with 30-second cycle intervals
[2026-01-29 11:47:07] [ASG] [ERROR] ASG Activation failed - No processes detected
[2026-01-29 11:47:11] [ASG] [ACTIVATE] Initiating NCC ASG Activation Protocol
[2026-01-29 11:47:12] [ASG] [ACTIVATE] Initializing system data
[2026-01-29 11:47:12] [ASG] [ACTIVATE] Launching continuous operations with 30-second cycle intervals
[2026-01-29 11:47:15] [ASG] [ERROR] ASG Activation failed - No processes detected
[2026-01-29 11:47:57] [ASG] [STATUS] Checking NCC system status
[2026-01-29 11:47:57] [ASG] [STATUS] NCC Continuous Operations: INACTIVE
[2026-01-29 11:47:57] [ASG] [STATUS] Data integrity: HEALTHY
[2026-01-29 11:49:43] [ASG] [INNOVATION] 🚀 INITIATING NCC INNOVATION PROTOCOLS ACROSS ALL COMPANIES 🚀
[2026-01-29 11:49:43] [ASG] [INNOVATION] EVERY AGENT WILL SHARE AN INNOVATION INSIGHT WITH EVERY OTHER AGENT EVERY CYCLE
[2026-01-29 11:49:43] [ASG] [INNOVATION] [NCC Command Center] Innovation database initialized with 53 agents
[2026-01-29 11:49:43] [ASG] [INNOVATION] [AZ PRIME] Innovation database initialized with 147 agents
[2026-01-29 11:49:43] [ASG] [INNOVATION] [C-Suite Executive Council] Innovation database initialized with 96 agents
[2026-01-29 11:49:43] [ASG] [INNOVATION] [Elite Unit S15] Innovation database initialized with 125 agents
[2026-01-29 11:49:43] [ASG] [INNOVATION] [NCL Digital OS] Innovation database initialized with 85 agents
[2026-01-29 11:49:43] [ASG] [INNOVATION] [MediaCorp] Innovation database initialized with 180 agents
[2026-01-29 11:49:43] [ASG] [INNOVATION] [BigBrain Intelligence] Innovation database initialized with 192 agents
[2026-01-29 11:49:43] [ASG] [INNOVATION] [Biotech Corporation] Innovation database initialized with 122 agents
[2026-01-29 11:49:43] [ASG] [INNOVATION] [Cybersecurity Command Center] Innovation database initialized with 122 agents
[2026-01-29 11:49:43] [ASG] [INNOVATION] [Quantum Computing Division] Innovation database initialized with 103 agents
[2026-01-29 11:49:43] [ASG] [INNOVATION] [Resonance Energy Corp] Innovation database initialized with 106 agents
[2026-01-29 11:49:43] [ASG] [INNOVATION] [Global Talent Acquisition] Innovation database initialized with 174 agents
[2026-01-29 11:49:43] [ASG] [INNOVATION] [AI Governance Council] Innovation database initialized with 90 agents
[2026-01-29 11:49:43] [ASG] [INNOVATION] [International Operations Division] Innovation database initialized with 80 agents
[2026-01-29 11:49:43] [ASG] [INNOVATION] [Space Operations Division] Innovation database initialized with 135 agents
[2026-01-29 11:49:43] [ASG] [INNOVATION] [Innovation Labs Division] Innovation database initialized with 163 agents
[2026-01-29 11:49:43] [ASG] [INNOVATION] [Faraday Financial Corp] Innovation database initialized with 125 agents
[2026-01-29 11:49:43] [ASG] [INNOVATION] [Ludwig Law Corp] Innovation database initialized with 81 agents
[2026-01-29 11:49:43] [ASG] [INNOVATION] [Augmented Arbitrage Corp] Innovation database initialized with 136 agents
[2026-01-29 11:49:43] [ASG] [INNOVATION] [Integrated Insurance Corp] Innovation database initialized with 126 agents
[2026-01-29 11:49:43] [ASG] [INNOVATION] TOTAL AGENTS ACROSS ALL NCC COMPANIES: 2441
[2026-01-29 11:49:43] [ASG] [INNOVATION] INNOVATION PROTOCOLS: ACTIVATED - EVERY AGENT SHARES WITH EVERY OTHER AGENT
[2026-01-29 11:49:43] [ASG] [SUCCESS] Innovation database saved: C:\Users\gripa\OneDrive\Desktop\NCC\NCC-Doctrine\scripts\..\data\ncc_innovation_database.json
[2026-01-29 11:49:43] [ASG] [SUCCESS] NCC INNOVATION PROTOCOLS FULLY OPERATIONAL - LFG!
